2024-05-28 12:01:22,018 - main.py - INFO - Main function started
2024-05-28 12:01:23,355 - ugotcamera.py - INFO - camera opened
2024-05-28 12:01:23,410 - CommandPlanner.py - INFO - CommandPlanner initiated
2024-05-28 12:01:23,410 - control_thread.py - INFO - Control thread started
2024-05-28 12:01:24,996 - control_thread.py - INFO - Updating command planner with distance: 0, angle: 0
2024-05-28 12:01:24,996 - CommandPlanner.py - INFO - Executing command: LocateBallCommand
2024-05-28 12:01:25,024 - CommandPlanner.py - INFO - Command Planner Update completed
2024-05-28 12:01:25,230 - control_thread.py - INFO - Updating command planner with distance: 0, angle: 0
2024-05-28 12:01:25,230 - CommandPlanner.py - INFO - Executing command: LocateBallCommand
2024-05-28 12:01:25,259 - CommandPlanner.py - INFO - Command Planner Update completed
2024-05-28 12:01:25,415 - control_thread.py - INFO - Updating command planner with distance: 0, angle: 0
2024-05-28 12:01:25,415 - CommandPlanner.py - INFO - Executing command: LocateBallCommand
2024-05-28 12:01:25,531 - CommandPlanner.py - INFO - Command Planner Update completed
2024-05-28 12:01:25,751 - control_thread.py - INFO - Updating command planner with distance: 0, angle: 0
2024-05-28 12:01:25,751 - CommandPlanner.py - INFO - Executing command: LocateBallCommand
2024-05-28 12:01:25,771 - CommandPlanner.py - INFO - Command Planner Update completed
2024-05-28 12:01:25,969 - control_thread.py - INFO - Updating command planner with distance: 34.47269074495022, angle: 39.14579483213257
2024-05-28 12:01:25,969 - CommandPlanner.py - INFO - Executing command: LocateBallCommand
2024-05-28 12:01:26,281 - CommandPlanner.py - INFO - Command LocateBallCommand is finished
2024-05-28 12:01:26,281 - CommandPlanner.py - INFO - Command Planner Update completed
2024-05-28 12:01:26,418 - control_thread.py - INFO - Updating command planner with distance: 50.35140692632642, angle: 24.073485885132982
2024-05-28 12:01:26,418 - CommandPlanner.py - INFO - Starting command planning
2024-05-28 12:01:26,418 - CommandPlanner.py - INFO - Switching to TranslateToBallCommand with distance: 50.35140692632642, angle: 24.073485885132982
2024-05-28 12:01:26,418 - CommandPlanner.py - INFO - Command updated
2024-05-28 12:01:26,418 - CommandPlanner.py - INFO - Executing command: TranslateToBallCommand
2024-05-28 12:01:26,419 - TranslateToBallCommand.py - INFO - shared data: distance - 50.35140692632642, angle: 24.073485885132982
2024-05-28 12:01:26,435 - CommandPlanner.py - INFO - Command Planner Update completed
2024-05-28 12:01:26,572 - control_thread.py - INFO - Updating command planner with distance: 50.868517667844095, angle: 23.90043342147701
2024-05-28 12:01:26,572 - CommandPlanner.py - INFO - Executing command: TranslateToBallCommand
2024-05-28 12:01:26,572 - TranslateToBallCommand.py - INFO - shared data: distance - 50.868517667844095, angle: 23.90043342147701
2024-05-28 12:01:26,589 - CommandPlanner.py - INFO - Command Planner Update completed
2024-05-28 12:01:26,744 - control_thread.py - INFO - Updating command planner with distance: 49.3096620764854, angle: 22.342032596895663
2024-05-28 12:01:26,744 - CommandPlanner.py - INFO - Executing command: TranslateToBallCommand
2024-05-28 12:01:26,744 - TranslateToBallCommand.py - INFO - shared data: distance - 49.3096620764854, angle: 22.342032596895663
2024-05-28 12:01:26,792 - CommandPlanner.py - INFO - Command Planner Update completed
2024-05-28 12:01:26,967 - control_thread.py - INFO - Updating command planner with distance: 40.99900616713461, angle: 23.3811504302944
2024-05-28 12:01:26,967 - CommandPlanner.py - INFO - Executing command: TranslateToBallCommand
2024-05-28 12:01:26,967 - TranslateToBallCommand.py - INFO - shared data: distance - 40.99900616713461, angle: 23.3811504302944
2024-05-28 12:01:26,995 - CommandPlanner.py - INFO - Command Planner Update completed
2024-05-28 12:01:27,177 - control_thread.py - INFO - Updating command planner with distance: 27.829931680358953, angle: 25.39950688504521
2024-05-28 12:01:27,178 - CommandPlanner.py - INFO - Executing command: TranslateToBallCommand
2024-05-28 12:01:27,178 - TranslateToBallCommand.py - INFO - shared data: distance - 27.829931680358953, angle: 25.39950688504521
2024-05-28 12:01:27,209 - CommandPlanner.py - INFO - Command Planner Update completed
2024-05-28 12:01:27,345 - control_thread.py - INFO - Updating command planner with distance: 17.630899843567782, angle: 28.450018640333905
2024-05-28 12:01:27,345 - CommandPlanner.py - INFO - Executing command: TranslateToBallCommand
2024-05-28 12:01:27,345 - TranslateToBallCommand.py - INFO - shared data: distance - 17.630899843567782, angle: 28.450018640333905
2024-05-28 12:01:27,362 - CommandPlanner.py - INFO - Command Planner Update completed
2024-05-28 12:01:27,596 - control_thread.py - INFO - Updating command planner with distance: 12.185910071032259, angle: 27.0120168987652
2024-05-28 12:01:27,596 - CommandPlanner.py - INFO - Executing command: TranslateToBallCommand
2024-05-28 12:01:27,596 - TranslateToBallCommand.py - INFO - shared data: distance - 12.185910071032259, angle: 27.0120168987652
2024-05-28 12:01:27,633 - CommandPlanner.py - INFO - Command Planner Update completed
2024-05-28 12:01:27,771 - control_thread.py - INFO - Updating command planner with distance: 5.934817824231175, angle: 18.178794123228904
2024-05-28 12:01:27,771 - CommandPlanner.py - INFO - Executing command: TranslateToBallCommand
2024-05-28 12:01:27,771 - TranslateToBallCommand.py - INFO - shared data: distance - 5.934817824231175, angle: 18.178794123228904
2024-05-28 12:01:28,022 - CommandPlanner.py - INFO - Command TranslateToBallCommand is finished
2024-05-28 12:01:28,022 - CommandPlanner.py - INFO - Command Planner Update completed
2024-05-28 12:01:28,167 - control_thread.py - INFO - Updating command planner with distance: 7.395569049680364, angle: 7.386018163823682
2024-05-28 12:01:28,167 - CommandPlanner.py - INFO - Starting command planning
2024-05-28 12:01:28,168 - CommandPlanner.py - INFO - Switching to AlignWithBallCommand with angle: 7.386018163823682
2024-05-28 12:01:28,168 - CommandPlanner.py - INFO - Command updated
2024-05-28 12:01:28,168 - CommandPlanner.py - INFO - Executing command: AlignWithBallCommand
2024-05-28 12:01:28,209 - CommandPlanner.py - INFO - Command Planner Update completed
2024-05-28 12:01:28,394 - control_thread.py - INFO - Updating command planner with distance: 13.47988583380032, angle: 6.514039476604156
2024-05-28 12:01:28,394 - CommandPlanner.py - INFO - Executing command: AlignWithBallCommand
2024-05-28 12:01:28,422 - CommandPlanner.py - INFO - Command Planner Update completed
2024-05-28 12:01:28,573 - control_thread.py - INFO - Updating command planner with distance: 17.821407867738788, angle: 6.1070652286527976
2024-05-28 12:01:28,573 - CommandPlanner.py - INFO - Executing command: AlignWithBallCommand
2024-05-28 12:01:28,614 - CommandPlanner.py - INFO - Command Planner Update completed
2024-05-28 12:01:28,757 - control_thread.py - INFO - Updating command planner with distance: 21.05433121787266, angle: 7.211634970737846
2024-05-28 12:01:28,757 - CommandPlanner.py - INFO - Executing command: AlignWithBallCommand
2024-05-28 12:01:28,782 - CommandPlanner.py - INFO - Command Planner Update completed
2024-05-28 12:01:28,922 - control_thread.py - INFO - Updating command planner with distance: 23.712880507904675, angle: 8.315946913708846
2024-05-28 12:01:28,922 - CommandPlanner.py - INFO - Executing command: AlignWithBallCommand
2024-05-28 12:01:28,947 - CommandPlanner.py - INFO - Command Planner Update completed
2024-05-28 12:01:29,106 - control_thread.py - INFO - Updating command planner with distance: 25.060901068696396, angle: 8.025365711957104
2024-05-28 12:01:29,106 - CommandPlanner.py - INFO - Executing command: AlignWithBallCommand
2024-05-28 12:01:29,123 - CommandPlanner.py - INFO - Command Planner Update completed
2024-05-28 12:01:29,259 - control_thread.py - INFO - Updating command planner with distance: 26.874625391184647, angle: 8.432173672507753
2024-05-28 12:01:29,259 - CommandPlanner.py - INFO - Executing command: AlignWithBallCommand
2024-05-28 12:01:29,281 - CommandPlanner.py - INFO - Command Planner Update completed
2024-05-28 12:01:29,405 - control_thread.py - INFO - Updating command planner with distance: 28.94296269294832, angle: 9.187564181330824
2024-05-28 12:01:29,405 - CommandPlanner.py - INFO - Executing command: AlignWithBallCommand
2024-05-28 12:01:29,420 - CommandPlanner.py - INFO - Command Planner Update completed
2024-05-28 12:01:29,571 - control_thread.py - INFO - Updating command planner with distance: 29.12816874803734, angle: 9.187564181330824
2024-05-28 12:01:29,571 - CommandPlanner.py - INFO - Executing command: AlignWithBallCommand
2024-05-28 12:01:29,584 - CommandPlanner.py - INFO - Command Planner Update completed
2024-05-28 12:01:29,726 - control_thread.py - INFO - Updating command planner with distance: 29.49615766475288, angle: 6.804716126705255
2024-05-28 12:01:29,726 - CommandPlanner.py - INFO - Executing command: AlignWithBallCommand
2024-05-28 12:01:29,758 - CommandPlanner.py - INFO - Command Planner Update completed
2024-05-28 12:01:29,919 - control_thread.py - INFO - Updating command planner with distance: 29.87876710760512, angle: 5.700061337039638
2024-05-28 12:01:29,919 - CommandPlanner.py - INFO - Executing command: AlignWithBallCommand
2024-05-28 12:01:29,934 - CommandPlanner.py - INFO - Command Planner Update completed
2024-05-28 12:01:30,075 - control_thread.py - INFO - Updating command planner with distance: 29.113910644387534, angle: 4.827819493004057
2024-05-28 12:01:30,076 - CommandPlanner.py - INFO - Executing command: AlignWithBallCommand
2024-05-28 12:01:30,092 - CommandPlanner.py - INFO - Command Planner Update completed
2024-05-28 12:01:30,235 - control_thread.py - INFO - Updating command planner with distance: 28.56442225892535, angle: 4.59520268635128
2024-05-28 12:01:30,235 - CommandPlanner.py - INFO - Executing command: AlignWithBallCommand
2024-05-28 12:01:30,259 - CommandPlanner.py - INFO - Command Planner Update completed
2024-05-28 12:01:30,403 - control_thread.py - INFO - Updating command planner with distance: 28.744936454013327, angle: 4.420735279651957
2024-05-28 12:01:30,403 - CommandPlanner.py - INFO - Executing command: AlignWithBallCommand
2024-05-28 12:01:30,441 - CommandPlanner.py - INFO - Command Planner Update completed
2024-05-28 12:01:30,682 - control_thread.py - INFO - Updating command planner with distance: 29.11212349407688, angle: 3.9554700070780395
2024-05-28 12:01:30,682 - CommandPlanner.py - INFO - Executing command: AlignWithBallCommand
2024-05-28 12:01:30,704 - CommandPlanner.py - INFO - Command Planner Update completed
2024-05-28 12:01:30,883 - control_thread.py - INFO - Updating command planner with distance: 29.2978901343143, angle: 3.0248671397991074
2024-05-28 12:01:30,883 - CommandPlanner.py - INFO - Executing command: AlignWithBallCommand
2024-05-28 12:01:30,949 - CommandPlanner.py - INFO - Command Planner Update completed
2024-05-28 12:01:31,124 - control_thread.py - INFO - Updating command planner with distance: 29.29683048693542, angle: 2.152356789978585
2024-05-28 12:01:31,124 - CommandPlanner.py - INFO - Executing command: AlignWithBallCommand
2024-05-28 12:01:31,154 - CommandPlanner.py - INFO - Command Planner Update completed
2024-05-28 12:01:31,304 - control_thread.py - INFO - Updating command planner with distance: 29.108525218286633, angle: 0.465384476896806
2024-05-28 12:01:31,304 - CommandPlanner.py - INFO - Executing command: AlignWithBallCommand
2024-05-28 12:01:31,410 - CommandPlanner.py - INFO - Command AlignWithBallCommand is finished
2024-05-28 12:01:31,410 - CommandPlanner.py - INFO - Command Planner Update completed
2024-05-28 12:01:31,572 - control_thread.py - INFO - Updating command planner with distance: 28.381023334291413, angle: -0.9889383363706531
2024-05-28 12:01:31,572 - CommandPlanner.py - INFO - Starting command planning
2024-05-28 12:01:31,572 - CommandPlanner.py - INFO - Switching to TranslateToBallCommand with distance: 28.381023334291413, angle: -0.9889383363706531
2024-05-28 12:01:31,572 - CommandPlanner.py - INFO - Command updated
2024-05-28 12:01:31,573 - CommandPlanner.py - INFO - Executing command: TranslateToBallCommand
2024-05-28 12:01:31,573 - TranslateToBallCommand.py - INFO - shared data: distance - 28.381023334291413, angle: -0.9889383363706531
2024-05-28 12:01:31,603 - CommandPlanner.py - INFO - Command Planner Update completed
2024-05-28 12:01:31,766 - control_thread.py - INFO - Updating command planner with distance: 28.20429848721139, angle: -1.0471105740619537
2024-05-28 12:01:31,766 - CommandPlanner.py - INFO - Executing command: TranslateToBallCommand
2024-05-28 12:01:31,766 - TranslateToBallCommand.py - INFO - shared data: distance - 28.20429848721139, angle: -1.0471105740619537
2024-05-28 12:01:31,785 - CommandPlanner.py - INFO - Command Planner Update completed
2024-05-28 12:01:31,931 - control_thread.py - INFO - Updating command planner with distance: 22.36044275587392, angle: -1.745167678986996
2024-05-28 12:01:31,932 - CommandPlanner.py - INFO - Executing command: TranslateToBallCommand
2024-05-28 12:01:31,932 - TranslateToBallCommand.py - INFO - shared data: distance - 22.36044275587392, angle: -1.745167678986996
2024-05-28 12:01:31,953 - CommandPlanner.py - INFO - Command Planner Update completed
2024-05-28 12:01:32,117 - control_thread.py - INFO - Updating command planner with distance: 13.429801757828411, angle: -5.0604286450431735
2024-05-28 12:01:32,117 - CommandPlanner.py - INFO - Executing command: TranslateToBallCommand
2024-05-28 12:01:32,117 - TranslateToBallCommand.py - INFO - shared data: distance - 13.429801757828411, angle: -5.0604286450431735
2024-05-28 12:01:32,131 - CommandPlanner.py - INFO - Command Planner Update completed
2024-05-28 12:01:32,259 - control_thread.py - INFO - Updating command planner with distance: 7.875024644042674, angle: -11.917218223031151
2024-05-28 12:01:32,259 - CommandPlanner.py - INFO - Executing command: TranslateToBallCommand
2024-05-28 12:01:32,259 - TranslateToBallCommand.py - INFO - shared data: distance - 7.875024644042674, angle: -11.917218223031151
2024-05-28 12:01:32,602 - CommandPlanner.py - INFO - Command TranslateToBallCommand is finished
2024-05-28 12:01:32,603 - CommandPlanner.py - INFO - Command Planner Update completed
2024-05-28 12:01:32,780 - control_thread.py - INFO - Updating command planner with distance: 7.325736471163787, angle: -10.988236608760166
2024-05-28 12:01:32,780 - CommandPlanner.py - INFO - Starting command planning
2024-05-28 12:01:32,780 - CommandPlanner.py - INFO - Switching to AlignWithBallCommand with angle: -10.988236608760166
2024-05-28 12:01:32,780 - CommandPlanner.py - INFO - Command updated
2024-05-28 12:01:32,780 - CommandPlanner.py - INFO - Executing command: AlignWithBallCommand
2024-05-28 12:01:32,799 - CommandPlanner.py - INFO - Command Planner Update completed
2024-05-28 12:01:32,926 - control_thread.py - INFO - Updating command planner with distance: 7.143709308151269, angle: -11.04630634928584
2024-05-28 12:01:32,926 - CommandPlanner.py - INFO - Executing command: AlignWithBallCommand
2024-05-28 12:01:32,944 - CommandPlanner.py - INFO - Command Planner Update completed
2024-05-28 12:01:33,075 - control_thread.py - INFO - Updating command planner with distance: 7.033787427649396, angle: -8.315946913708846
2024-05-28 12:01:33,075 - CommandPlanner.py - INFO - Executing command: AlignWithBallCommand
2024-05-28 12:01:33,100 - CommandPlanner.py - INFO - Command Planner Update completed
2024-05-28 12:01:33,241 - control_thread.py - INFO - Updating command planner with distance: 6.998588101316465, angle: -8.025365711957104
2024-05-28 12:01:33,241 - CommandPlanner.py - INFO - Executing command: AlignWithBallCommand
2024-05-28 12:01:33,325 - CommandPlanner.py - INFO - Command Planner Update completed
2024-05-28 12:01:33,464 - control_thread.py - INFO - Updating command planner with distance: 6.998588101316465, angle: -8.025365711957104
2024-05-28 12:01:33,464 - CommandPlanner.py - INFO - Executing command: AlignWithBallCommand
2024-05-28 12:01:33,509 - CommandPlanner.py - INFO - Command Planner Update completed
2024-05-28 12:01:33,653 - control_thread.py - INFO - Updating command planner with distance: 7.284111233443811, angle: -7.560394774666301
2024-05-28 12:01:33,653 - CommandPlanner.py - INFO - Executing command: AlignWithBallCommand
2024-05-28 12:01:33,674 - CommandPlanner.py - INFO - Command Planner Update completed
2024-05-28 12:01:33,830 - control_thread.py - INFO - Updating command planner with distance: 7.3206128540315705, angle: -7.153505803778784
2024-05-28 12:01:33,830 - CommandPlanner.py - INFO - Executing command: AlignWithBallCommand
2024-05-28 12:01:33,864 - CommandPlanner.py - INFO - Command Planner Update completed
2024-05-28 12:01:34,031 - control_thread.py - INFO - Updating command planner with distance: 6.99531961389224, angle: -4.30442147502016
2024-05-28 12:01:34,031 - CommandPlanner.py - INFO - Executing command: AlignWithBallCommand
2024-05-28 12:01:34,075 - CommandPlanner.py - INFO - Command Planner Update completed
2024-05-28 12:01:34,213 - control_thread.py - INFO - Updating command planner with distance: 7.171787122591588, angle: -3.780988902794471
2024-05-28 12:01:34,213 - CommandPlanner.py - INFO - Executing command: AlignWithBallCommand
2024-05-28 12:01:34,254 - CommandPlanner.py - INFO - Command Planner Update completed
2024-05-28 12:01:34,407 - control_thread.py - INFO - Updating command planner with distance: 6.724099736358715, angle: -1.3961416181358839
2024-05-28 12:01:34,407 - CommandPlanner.py - INFO - Executing command: AlignWithBallCommand
2024-05-28 12:01:34,451 - CommandPlanner.py - INFO - Command Planner Update completed
2024-05-28 12:01:34,611 - control_thread.py - INFO - Updating command planner with distance: 6.994034851508284, angle: -0.6980757924775274
2024-05-28 12:01:34,612 - CommandPlanner.py - INFO - Executing command: AlignWithBallCommand
2024-05-28 12:01:34,685 - CommandPlanner.py - INFO - Command AlignWithBallCommand is finished
2024-05-28 12:01:34,685 - CommandPlanner.py - INFO - Command Planner Update completed
2024-05-28 12:01:34,840 - control_thread.py - INFO - Updating command planner with distance: 7.02884560036592, angle: -0.17451933745482198
2024-05-28 12:01:34,840 - CommandPlanner.py - INFO - Starting command planning
2024-05-28 12:01:34,840 - CommandPlanner.py - INFO - Command updated
2024-05-28 12:01:34,840 - CommandPlanner.py - INFO - Executing command: AlignWithBallCommand
2024-05-28 12:01:34,895 - CommandPlanner.py - INFO - Command AlignWithBallCommand is finished
2024-05-28 12:01:34,895 - CommandPlanner.py - INFO - Command Planner Update completed
2024-05-28 12:01:35,061 - control_thread.py - INFO - Updating command planner with distance: 7.063938337667137, angle: -0.11634623458314212
2024-05-28 12:01:35,061 - CommandPlanner.py - INFO - Starting command planning
2024-05-28 12:01:35,061 - CommandPlanner.py - INFO - Command updated
2024-05-28 12:01:35,061 - CommandPlanner.py - INFO - Executing command: AlignWithBallCommand
2024-05-28 12:01:35,119 - CommandPlanner.py - INFO - Command AlignWithBallCommand is finished
2024-05-28 12:01:35,119 - CommandPlanner.py - INFO - Command Planner Update completed
2024-05-28 12:01:35,306 - control_thread.py - INFO - Updating command planner with distance: 6.994001115774712, angle: -0.11634623458314212
2024-05-28 12:01:35,307 - CommandPlanner.py - INFO - Starting command planning
2024-05-28 12:01:35,307 - CommandPlanner.py - INFO - Command updated
2024-05-28 12:01:35,307 - CommandPlanner.py - INFO - Executing command: AlignWithBallCommand
2024-05-28 12:01:35,366 - CommandPlanner.py - INFO - Command AlignWithBallCommand is finished
2024-05-28 12:01:35,366 - CommandPlanner.py - INFO - Command Planner Update completed
2024-05-28 12:01:35,489 - control_thread.py - INFO - Updating command planner with distance: 6.959407035756391, angle: -0.17451933745482198
2024-05-28 12:01:35,489 - CommandPlanner.py - INFO - Starting command planning
2024-05-28 12:01:35,489 - CommandPlanner.py - INFO - Command updated
2024-05-28 12:01:35,490 - CommandPlanner.py - INFO - Executing command: AlignWithBallCommand
2024-05-28 12:01:35,544 - CommandPlanner.py - INFO - Command AlignWithBallCommand is finished
2024-05-28 12:01:35,544 - CommandPlanner.py - INFO - Command Planner Update completed
2024-05-28 12:01:35,668 - control_thread.py - INFO - Updating command planner with distance: 7.02884560036592, angle: -0.17451933745482198
2024-05-28 12:01:35,669 - CommandPlanner.py - INFO - Starting command planning
2024-05-28 12:01:35,669 - CommandPlanner.py - INFO - Command updated
2024-05-28 12:01:35,669 - CommandPlanner.py - INFO - Executing command: AlignWithBallCommand
2024-05-28 12:01:35,729 - CommandPlanner.py - INFO - Command AlignWithBallCommand is finished
2024-05-28 12:01:35,729 - CommandPlanner.py - INFO - Command Planner Update completed
2024-05-28 12:01:35,937 - control_thread.py - INFO - Updating command planner with distance: 7.02884560036592, angle: -0.17451933745482198
2024-05-28 12:01:35,937 - CommandPlanner.py - INFO - Starting command planning
2024-05-28 12:01:35,937 - CommandPlanner.py - INFO - Command updated
2024-05-28 12:01:35,937 - CommandPlanner.py - INFO - Executing command: AlignWithBallCommand
2024-05-28 12:01:36,005 - CommandPlanner.py - INFO - Command AlignWithBallCommand is finished
2024-05-28 12:01:36,005 - CommandPlanner.py - INFO - Command Planner Update completed
2024-05-28 12:01:36,134 - control_thread.py - INFO - Updating command planner with distance: 6.994001115774712, angle: -0.11634623458314212
2024-05-28 12:01:36,134 - CommandPlanner.py - INFO - Starting command planning
2024-05-28 12:01:36,134 - CommandPlanner.py - INFO - Command updated
2024-05-28 12:01:36,134 - CommandPlanner.py - INFO - Executing command: AlignWithBallCommand
2024-05-28 12:01:36,193 - CommandPlanner.py - INFO - Command AlignWithBallCommand is finished
2024-05-28 12:01:36,193 - CommandPlanner.py - INFO - Command Planner Update completed
2024-05-28 12:01:36,349 - control_thread.py - INFO - Updating command planner with distance: 6.994001115774712, angle: -0.11634623458314212
2024-05-28 12:01:36,349 - CommandPlanner.py - INFO - Starting command planning
2024-05-28 12:01:36,349 - CommandPlanner.py - INFO - Command updated
2024-05-28 12:01:36,349 - CommandPlanner.py - INFO - Executing command: AlignWithBallCommand
2024-05-28 12:01:36,400 - CommandPlanner.py - INFO - Command AlignWithBallCommand is finished
2024-05-28 12:01:36,400 - CommandPlanner.py - INFO - Command Planner Update completed
2024-05-28 12:01:36,575 - control_thread.py - INFO - Updating command planner with distance: 7.02884560036592, angle: -0.17451933745482198
2024-05-28 12:01:36,575 - CommandPlanner.py - INFO - Starting command planning
2024-05-28 12:01:36,576 - CommandPlanner.py - INFO - Command updated
2024-05-28 12:01:36,576 - CommandPlanner.py - INFO - Executing command: AlignWithBallCommand
2024-05-28 12:01:36,629 - CommandPlanner.py - INFO - Command AlignWithBallCommand is finished
2024-05-28 12:01:36,629 - CommandPlanner.py - INFO - Command Planner Update completed
2024-05-28 12:01:36,765 - control_thread.py - INFO - Updating command planner with distance: 7.02884560036592, angle: -0.17451933745482198
2024-05-28 12:01:36,765 - CommandPlanner.py - INFO - Starting command planning
2024-05-28 12:01:36,765 - CommandPlanner.py - INFO - Command updated
2024-05-28 12:01:36,765 - CommandPlanner.py - INFO - Executing command: AlignWithBallCommand
2024-05-28 12:01:36,920 - CommandPlanner.py - INFO - Command AlignWithBallCommand is finished
2024-05-28 12:01:36,920 - CommandPlanner.py - INFO - Command Planner Update completed
2024-05-28 12:01:37,086 - control_thread.py - INFO - Updating command planner with distance: 6.994001115774712, angle: -0.11634623458314212
2024-05-28 12:01:37,086 - CommandPlanner.py - INFO - Starting command planning
2024-05-28 12:01:37,086 - CommandPlanner.py - INFO - Command updated
2024-05-28 12:01:37,086 - CommandPlanner.py - INFO - Executing command: AlignWithBallCommand
2024-05-28 12:01:37,138 - CommandPlanner.py - INFO - Command AlignWithBallCommand is finished
2024-05-28 12:01:37,138 - CommandPlanner.py - INFO - Command Planner Update completed
2024-05-28 12:01:37,287 - control_thread.py - INFO - Updating command planner with distance: 6.994004007413603, angle: -0.23269242302264212
2024-05-28 12:01:37,287 - CommandPlanner.py - INFO - Starting command planning
2024-05-28 12:01:37,287 - CommandPlanner.py - INFO - Command updated
2024-05-28 12:01:37,287 - CommandPlanner.py - INFO - Executing command: AlignWithBallCommand
2024-05-28 12:01:37,331 - CommandPlanner.py - INFO - Command AlignWithBallCommand is finished
2024-05-28 12:01:37,331 - CommandPlanner.py - INFO - Command Planner Update completed
2024-05-28 12:01:37,462 - control_thread.py - INFO - Updating command planner with distance: 7.02884560036592, angle: -0.17451933745482198
2024-05-28 12:01:37,462 - CommandPlanner.py - INFO - Starting command planning
2024-05-28 12:01:37,462 - CommandPlanner.py - INFO - Command updated
2024-05-28 12:01:37,462 - CommandPlanner.py - INFO - Executing command: AlignWithBallCommand
2024-05-28 12:01:37,509 - CommandPlanner.py - INFO - Command AlignWithBallCommand is finished
2024-05-28 12:01:37,509 - CommandPlanner.py - INFO - Command Planner Update completed
2024-05-28 12:01:37,625 - control_thread.py - INFO - Updating command planner with distance: 7.028843665696887, angle: -0.05817312017554997
2024-05-28 12:01:37,625 - CommandPlanner.py - INFO - Starting command planning
2024-05-28 12:01:37,625 - CommandPlanner.py - INFO - Command updated
2024-05-28 12:01:37,625 - CommandPlanner.py - INFO - Executing command: AlignWithBallCommand
2024-05-28 12:01:37,680 - CommandPlanner.py - INFO - Command AlignWithBallCommand is finished
2024-05-28 12:01:37,680 - CommandPlanner.py - INFO - Command Planner Update completed
2024-05-28 12:01:37,854 - control_thread.py - INFO - Updating command planner with distance: 6.959405114857243, angle: -0.05817312017554997
2024-05-28 12:01:37,854 - CommandPlanner.py - INFO - Starting command planning
2024-05-28 12:01:37,854 - CommandPlanner.py - INFO - Command updated
2024-05-28 12:01:37,854 - CommandPlanner.py - INFO - Executing command: AlignWithBallCommand
2024-05-28 12:01:37,908 - CommandPlanner.py - INFO - Command AlignWithBallCommand is finished
2024-05-28 12:01:37,908 - CommandPlanner.py - INFO - Command Planner Update completed
2024-05-28 12:01:38,106 - control_thread.py - INFO - Updating command planner with distance: 7.063938337667137, angle: -0.11634623458314212
2024-05-28 12:01:38,106 - CommandPlanner.py - INFO - Starting command planning
2024-05-28 12:01:38,106 - CommandPlanner.py - INFO - Command updated
2024-05-28 12:01:38,106 - CommandPlanner.py - INFO - Executing command: AlignWithBallCommand
2024-05-28 12:01:38,188 - CommandPlanner.py - INFO - Command AlignWithBallCommand is finished
2024-05-28 12:01:38,188 - CommandPlanner.py - INFO - Command Planner Update completed
2024-05-28 12:01:38,323 - control_thread.py - INFO - Updating command planner with distance: 7.02884560036592, angle: -0.17451933745482198
2024-05-28 12:01:38,323 - CommandPlanner.py - INFO - Starting command planning
2024-05-28 12:01:38,323 - CommandPlanner.py - INFO - Command updated
2024-05-28 12:01:38,323 - CommandPlanner.py - INFO - Executing command: AlignWithBallCommand
2024-05-28 12:01:38,380 - CommandPlanner.py - INFO - Command AlignWithBallCommand is finished
2024-05-28 12:01:38,380 - CommandPlanner.py - INFO - Command Planner Update completed
2024-05-28 12:01:38,557 - control_thread.py - INFO - Updating command planner with distance: 7.1707527760406675, angle: -0.17451933745482198
2024-05-28 12:01:38,557 - CommandPlanner.py - INFO - Starting command planning
2024-05-28 12:01:38,557 - CommandPlanner.py - INFO - Command updated
2024-05-28 12:01:38,557 - CommandPlanner.py - INFO - Executing command: AlignWithBallCommand
2024-05-28 12:01:38,617 - CommandPlanner.py - INFO - Command AlignWithBallCommand is finished
2024-05-28 12:01:38,617 - CommandPlanner.py - INFO - Command Planner Update completed
2024-05-28 12:01:38,773 - control_thread.py - INFO - Updating command planner with distance: 7.5056552243931405, angle: -0.34903851917496764
2024-05-28 12:01:38,773 - CommandPlanner.py - INFO - Starting command planning
2024-05-28 12:01:38,773 - CommandPlanner.py - INFO - Command updated
2024-05-28 12:01:38,773 - CommandPlanner.py - INFO - Executing command: AlignWithBallCommand
2024-05-28 12:01:38,824 - CommandPlanner.py - INFO - Command AlignWithBallCommand is finished
2024-05-28 12:01:38,824 - CommandPlanner.py - INFO - Command Planner Update completed
2024-05-28 12:01:38,956 - control_thread.py - INFO - Updating command planner with distance: 7.701679279005137, angle: -0.05817312017554997
2024-05-28 12:01:38,956 - CommandPlanner.py - INFO - Starting command planning
2024-05-28 12:01:38,956 - CommandPlanner.py - INFO - Command updated
2024-05-28 12:01:38,956 - CommandPlanner.py - INFO - Executing command: AlignWithBallCommand
2024-05-28 12:01:39,012 - CommandPlanner.py - INFO - Command AlignWithBallCommand is finished
2024-05-28 12:01:39,012 - CommandPlanner.py - INFO - Command Planner Update completed
2024-05-28 12:01:39,150 - control_thread.py - INFO - Updating command planner with distance: 7.86399969845172, angle: -0.17451933745482198
2024-05-28 12:01:39,150 - CommandPlanner.py - INFO - Starting command planning
2024-05-28 12:01:39,150 - CommandPlanner.py - INFO - Command updated
2024-05-28 12:01:39,150 - CommandPlanner.py - INFO - Executing command: AlignWithBallCommand
2024-05-28 12:01:39,210 - CommandPlanner.py - INFO - Command AlignWithBallCommand is finished
2024-05-28 12:01:39,210 - CommandPlanner.py - INFO - Command Planner Update completed
2024-05-28 12:01:39,381 - control_thread.py - INFO - Updating command planner with distance: 8.382799961877936, angle: 0.7562484627558008
2024-05-28 12:01:39,381 - CommandPlanner.py - INFO - Starting command planning
2024-05-28 12:01:39,381 - CommandPlanner.py - INFO - Command updated
2024-05-28 12:01:39,381 - CommandPlanner.py - INFO - Executing command: AlignWithBallCommand
2024-05-28 12:01:39,430 - CommandPlanner.py - INFO - Command AlignWithBallCommand is finished
2024-05-28 12:01:39,430 - CommandPlanner.py - INFO - Command Planner Update completed
2024-05-28 12:01:39,587 - control_thread.py - INFO - Updating command planner with distance: 8.181994228433199, angle: -16.383312529661545
2024-05-28 12:01:39,587 - CommandPlanner.py - INFO - Starting command planning
2024-05-28 12:01:39,587 - CommandPlanner.py - INFO - Command updated
2024-05-28 12:01:39,587 - CommandPlanner.py - INFO - Executing command: AlignWithBallCommand
2024-05-28 12:01:39,607 - CommandPlanner.py - INFO - Command AlignWithBallCommand is finished
2024-05-28 12:01:39,607 - CommandPlanner.py - INFO - Command Planner Update completed
2024-05-28 12:01:39,725 - control_thread.py - INFO - Updating command planner with distance: 10.643043084076988, angle: -30.74719152229589
2024-05-28 12:01:39,725 - CommandPlanner.py - INFO - Starting command planning
2024-05-28 12:01:39,725 - CommandPlanner.py - INFO - Command updated
2024-05-28 12:01:39,725 - CommandPlanner.py - INFO - Executing command: AlignWithBallCommand
2024-05-28 12:01:39,740 - CommandPlanner.py - INFO - Command AlignWithBallCommand is finished
2024-05-28 12:01:39,740 - CommandPlanner.py - INFO - Command Planner Update completed
2024-05-28 12:01:39,870 - control_thread.py - INFO - Updating command planner with distance: 14.6711021874705, angle: -36.639662338770854
2024-05-28 12:01:39,871 - CommandPlanner.py - INFO - Starting command planning
2024-05-28 12:01:39,871 - CommandPlanner.py - INFO - Command updated
2024-05-28 12:01:39,871 - CommandPlanner.py - INFO - Executing command: AlignWithBallCommand
2024-05-28 12:01:39,887 - CommandPlanner.py - INFO - Command AlignWithBallCommand is finished
2024-05-28 12:01:39,888 - CommandPlanner.py - INFO - Command Planner Update completed
2024-05-28 12:01:40,017 - control_thread.py - INFO - Updating command planner with distance: 17.010583623366866, angle: -32.81058189973264
2024-05-28 12:01:40,018 - CommandPlanner.py - INFO - Starting command planning
2024-05-28 12:01:40,018 - CommandPlanner.py - INFO - Switching to TranslateToBallCommand with distance: 17.010583623366866, angle: -32.81058189973264
2024-05-28 12:01:40,018 - CommandPlanner.py - INFO - Command updated
2024-05-28 12:01:40,018 - CommandPlanner.py - INFO - Executing command: TranslateToBallCommand
2024-05-28 12:01:40,018 - TranslateToBallCommand.py - INFO - shared data: distance - 17.010583623366866, angle: -32.81058189973264
2024-05-28 12:01:40,032 - CommandPlanner.py - INFO - Command Planner Update completed
2024-05-28 12:01:40,179 - control_thread.py - INFO - Updating command planner with distance: 18.504041101163057, angle: -29.024740069475545
2024-05-28 12:01:40,179 - CommandPlanner.py - INFO - Executing command: TranslateToBallCommand
2024-05-28 12:01:40,179 - TranslateToBallCommand.py - INFO - shared data: distance - 18.504041101163057, angle: -29.024740069475545
2024-05-28 12:01:40,204 - CommandPlanner.py - INFO - Command Planner Update completed
2024-05-28 12:01:40,382 - control_thread.py - INFO - Updating command planner with distance: 17.543146251597886, angle: -26.95446206604077
2024-05-28 12:01:40,382 - CommandPlanner.py - INFO - Executing command: TranslateToBallCommand
2024-05-28 12:01:40,382 - TranslateToBallCommand.py - INFO - shared data: distance - 17.543146251597886, angle: -26.95446206604077
2024-05-28 12:01:40,397 - CommandPlanner.py - INFO - Command Planner Update completed
2024-05-28 12:01:40,539 - control_thread.py - INFO - Updating command planner with distance: 10.793109960307174, angle: -33.611915967264274
2024-05-28 12:01:40,539 - CommandPlanner.py - INFO - Executing command: TranslateToBallCommand
2024-05-28 12:01:40,539 - TranslateToBallCommand.py - INFO - shared data: distance - 10.793109960307174, angle: -33.611915967264274
2024-05-28 12:01:40,663 - CommandPlanner.py - INFO - Command Planner Update completed
2024-05-28 12:01:40,846 - control_thread.py - INFO - Updating command planner with distance: 7.3988560030597945, angle: 9.94280105592035
2024-05-28 12:01:40,846 - CommandPlanner.py - INFO - Executing command: TranslateToBallCommand
2024-05-28 12:01:40,846 - TranslateToBallCommand.py - INFO - shared data: distance - 7.3988560030597945, angle: 9.94280105592035
2024-05-28 12:01:41,158 - CommandPlanner.py - INFO - Command TranslateToBallCommand is finished
2024-05-28 12:01:41,159 - CommandPlanner.py - INFO - Command Planner Update completed
2024-05-28 12:01:41,290 - control_thread.py - INFO - Updating command planner with distance: 10.994717291744552, angle: 9.652344317870519
2024-05-28 12:01:41,290 - CommandPlanner.py - INFO - Starting command planning
2024-05-28 12:01:41,291 - CommandPlanner.py - INFO - Switching to AlignWithBallCommand with angle: 9.652344317870519
2024-05-28 12:01:41,291 - CommandPlanner.py - INFO - Command updated
2024-05-28 12:01:41,291 - CommandPlanner.py - INFO - Executing command: AlignWithBallCommand
2024-05-28 12:01:41,319 - CommandPlanner.py - INFO - Command Planner Update completed
2024-05-28 12:01:41,482 - control_thread.py - INFO - Updating command planner with distance: 15.78974779368137, angle: 1.512484253624852
2024-05-28 12:01:41,482 - CommandPlanner.py - INFO - Executing command: AlignWithBallCommand
2024-05-28 12:01:41,512 - CommandPlanner.py - INFO - Command Planner Update completed
2024-05-28 12:01:41,646 - control_thread.py - INFO - Updating command planner with distance: 18.62414810742617, angle: -4.1881059639995435
2024-05-28 12:01:41,646 - CommandPlanner.py - INFO - Executing command: AlignWithBallCommand
2024-05-28 12:01:41,663 - CommandPlanner.py - INFO - Command Planner Update completed
2024-05-28 12:01:41,802 - control_thread.py - INFO - Updating command planner with distance: 19.68067187501435, angle: -5.525622511931558
2024-05-28 12:01:41,802 - CommandPlanner.py - INFO - Executing command: AlignWithBallCommand
2024-05-28 12:01:41,819 - CommandPlanner.py - INFO - Command Planner Update completed
2024-05-28 12:01:41,957 - control_thread.py - INFO - Updating command planner with distance: 21.47787366768585, angle: -7.502269978645989
2024-05-28 12:01:41,957 - CommandPlanner.py - INFO - Executing command: AlignWithBallCommand
2024-05-28 12:01:41,979 - CommandPlanner.py - INFO - Command Planner Update completed
2024-05-28 12:01:42,124 - control_thread.py - INFO - Updating command planner with distance: 22.845829532450963, angle: -8.897046864703027
2024-05-28 12:01:42,124 - CommandPlanner.py - INFO - Executing command: AlignWithBallCommand
2024-05-28 12:01:42,143 - CommandPlanner.py - INFO - Command Planner Update completed
2024-05-28 12:01:42,293 - control_thread.py - INFO - Updating command planner with distance: 23.087078073701207, angle: -8.548397092854453
2024-05-28 12:01:42,293 - CommandPlanner.py - INFO - Executing command: AlignWithBallCommand
2024-05-28 12:01:42,324 - CommandPlanner.py - INFO - Command Planner Update completed
2024-05-28 12:01:42,479 - control_thread.py - INFO - Updating command planner with distance: 22.140097067553437, angle: -7.153505803778784
2024-05-28 12:01:42,479 - CommandPlanner.py - INFO - Executing command: AlignWithBallCommand
2024-05-28 12:01:42,496 - CommandPlanner.py - INFO - Command Planner Update completed
2024-05-28 12:01:42,641 - control_thread.py - INFO - Updating command planner with distance: 21.910984519942975, angle: -5.351178759631041
2024-05-28 12:01:42,641 - CommandPlanner.py - INFO - Executing command: AlignWithBallCommand
2024-05-28 12:01:42,661 - CommandPlanner.py - INFO - Command Planner Update completed
2024-05-28 12:01:42,815 - control_thread.py - INFO - Updating command planner with distance: 20.946052873472425, angle: -4.885972513024056
2024-05-28 12:01:42,816 - CommandPlanner.py - INFO - Executing command: AlignWithBallCommand
2024-05-28 12:01:42,831 - CommandPlanner.py - INFO - Command Planner Update completed
2024-05-28 12:01:42,999 - control_thread.py - INFO - Updating command planner with distance: 20.639837804275697, angle: -3.9554700070780395
2024-05-28 12:01:43,000 - CommandPlanner.py - INFO - Executing command: AlignWithBallCommand
2024-05-28 12:01:43,018 - CommandPlanner.py - INFO - Command Planner Update completed
2024-05-28 12:01:43,173 - control_thread.py - INFO - Updating command planner with distance: 20.943819555676498, angle: -3.3156898910762784
2024-05-28 12:01:43,173 - CommandPlanner.py - INFO - Executing command: AlignWithBallCommand
2024-05-28 12:01:43,192 - CommandPlanner.py - INFO - Command Planner Update completed
2024-05-28 12:01:43,354 - control_thread.py - INFO - Updating command planner with distance: 20.841090279375948, angle: -3.0830323128137946
2024-05-28 12:01:43,354 - CommandPlanner.py - INFO - Executing command: AlignWithBallCommand
2024-05-28 12:01:43,371 - CommandPlanner.py - INFO - Command Planner Update completed
2024-05-28 12:01:43,530 - control_thread.py - INFO - Updating command planner with distance: 21.04636184285581, angle: -2.501367780907117
2024-05-28 12:01:43,530 - CommandPlanner.py - INFO - Executing command: AlignWithBallCommand
2024-05-28 12:01:43,554 - CommandPlanner.py - INFO - Command Planner Update completed
2024-05-28 12:01:43,696 - control_thread.py - INFO - Updating command planner with distance: 21.04573428914837, angle: -1.6288262892864394
2024-05-28 12:01:43,697 - CommandPlanner.py - INFO - Executing command: AlignWithBallCommand
2024-05-28 12:01:43,717 - CommandPlanner.py - INFO - Command Planner Update completed
2024-05-28 12:01:43,863 - control_thread.py - INFO - Updating command planner with distance: 21.045404890478828, angle: -0.8725935725980932
2024-05-28 12:01:43,863 - CommandPlanner.py - INFO - Executing command: AlignWithBallCommand
2024-05-28 12:01:43,941 - CommandPlanner.py - INFO - Command AlignWithBallCommand is finished
2024-05-28 12:01:43,941 - CommandPlanner.py - INFO - Command Planner Update completed
2024-05-28 12:01:44,110 - control_thread.py - INFO - Updating command planner with distance: 21.149689367809742, angle: 0.9307660006268693
2024-05-28 12:01:44,110 - CommandPlanner.py - INFO - Starting command planning
2024-05-28 12:01:44,110 - CommandPlanner.py - INFO - Switching to TranslateToBallCommand with distance: 21.149689367809742, angle: 0.9307660006268693
2024-05-28 12:01:44,110 - CommandPlanner.py - INFO - Command updated
2024-05-28 12:01:44,110 - CommandPlanner.py - INFO - Executing command: TranslateToBallCommand
2024-05-28 12:01:44,110 - TranslateToBallCommand.py - INFO - shared data: distance - 21.149689367809742, angle: 0.9307660006268693
2024-05-28 12:01:44,143 - CommandPlanner.py - INFO - Command Planner Update completed
2024-05-28 12:01:44,285 - control_thread.py - INFO - Updating command planner with distance: 21.25487422285416, angle: 0.9307660006268693
2024-05-28 12:01:44,285 - CommandPlanner.py - INFO - Executing command: TranslateToBallCommand
2024-05-28 12:01:44,285 - TranslateToBallCommand.py - INFO - shared data: distance - 21.25487422285416, angle: 0.9307660006268693
2024-05-28 12:01:44,302 - CommandPlanner.py - INFO - Command Planner Update completed
2024-05-28 12:01:44,457 - control_thread.py - INFO - Updating command planner with distance: 18.96181702015574, angle: 1.105282707933338
2024-05-28 12:01:44,457 - CommandPlanner.py - INFO - Executing command: TranslateToBallCommand
2024-05-28 12:01:44,457 - TranslateToBallCommand.py - INFO - shared data: distance - 18.96181702015574, angle: 1.105282707933338
2024-05-28 12:01:44,471 - CommandPlanner.py - INFO - Command Planner Update completed
2024-05-28 12:01:44,604 - control_thread.py - INFO - Updating command planner with distance: 10.178649782647705, angle: 7.734764648294276
2024-05-28 12:01:44,604 - CommandPlanner.py - INFO - Executing command: TranslateToBallCommand
2024-05-28 12:01:44,604 - TranslateToBallCommand.py - INFO - shared data: distance - 10.178649782647705, angle: 7.734764648294276
2024-05-28 12:01:44,630 - CommandPlanner.py - INFO - Command Planner Update completed
2024-05-28 12:01:44,746 - control_thread.py - INFO - Updating command planner with distance: 0, angle: 0
2024-05-28 12:01:44,746 - CommandPlanner.py - INFO - Executing command: TranslateToBallCommand
2024-05-28 12:01:44,746 - TranslateToBallCommand.py - INFO - shared data: distance - 0, angle: 0
2024-05-28 12:01:45,144 - CommandPlanner.py - INFO - Command TranslateToBallCommand is finished
2024-05-28 12:01:45,144 - CommandPlanner.py - INFO - Command Planner Update completed
2024-05-28 12:01:45,285 - control_thread.py - INFO - Control thread exited
2024-05-28 12:01:45,288 - main.py - INFO - Main thread exited
2024-05-28 12:01:45,353 - camera_thread.py - INFO - Camera thread exited
