2024-05-27 12:12:22,789 - main.py - INFO - Main function started
2024-05-27 12:12:24,463 - ugotcamera.py - INFO - camera opened
2024-05-27 12:12:24,510 - ugotcamera.py - INFO - reading camera data
2024-05-27 12:12:24,631 - camera_thread.py - INFO - frame read from camera
2024-05-27 12:12:25,809 - camera_thread.py - INFO - detections processed from camera frame
2024-05-27 12:12:25,810 - camera_thread.py - INFO - Frame processed and added to queue
2024-05-27 12:12:25,810 - ugotcamera.py - INFO - reading camera data
2024-05-27 12:12:25,929 - camera_thread.py - INFO - frame read from camera
2024-05-27 12:12:26,004 - camera_thread.py - INFO - detections processed from camera frame
2024-05-27 12:12:26,116 - main.py - INFO - Frame displayed. FPS: 3.2647738992694877
2024-05-27 12:12:26,116 - camera_thread.py - INFO - Frame processed and added to queue
2024-05-27 12:12:26,116 - ugotcamera.py - INFO - reading camera data
2024-05-27 12:12:26,133 - main.py - INFO - Frame displayed. FPS: 60.642877797698226
2024-05-27 12:12:26,156 - camera_thread.py - INFO - frame read from camera
2024-05-27 12:12:26,252 - camera_thread.py - INFO - detections processed from camera frame
2024-05-27 12:12:26,252 - camera_thread.py - INFO - Frame processed and added to queue
2024-05-27 12:12:26,252 - ugotcamera.py - INFO - reading camera data
2024-05-27 12:12:26,271 - main.py - INFO - Frame displayed. FPS: 53.20560178607672
2024-05-27 12:12:26,293 - camera_thread.py - INFO - frame read from camera
2024-05-27 12:12:26,375 - camera_thread.py - INFO - detections processed from camera frame
2024-05-27 12:12:26,375 - camera_thread.py - INFO - Frame processed and added to queue
2024-05-27 12:12:26,375 - ugotcamera.py - INFO - reading camera data
2024-05-27 12:12:26,389 - main.py - INFO - Frame displayed. FPS: 73.01934158527881
2024-05-27 12:12:26,445 - camera_thread.py - INFO - frame read from camera
2024-05-27 12:12:26,587 - camera_thread.py - INFO - detections processed from camera frame
2024-05-27 12:12:26,587 - camera_thread.py - INFO - Frame processed and added to queue
2024-05-27 12:12:26,587 - ugotcamera.py - INFO - reading camera data
2024-05-27 12:12:26,615 - main.py - INFO - Frame displayed. FPS: 36.15187167619097
2024-05-27 12:12:26,645 - camera_thread.py - INFO - frame read from camera
2024-05-27 12:12:26,716 - camera_thread.py - INFO - detections processed from camera frame
2024-05-27 12:12:26,717 - camera_thread.py - INFO - Frame processed and added to queue
2024-05-27 12:12:26,717 - ugotcamera.py - INFO - reading camera data
2024-05-27 12:12:26,736 - main.py - INFO - Frame displayed. FPS: 52.91295352475148
2024-05-27 12:12:26,809 - camera_thread.py - INFO - frame read from camera
2024-05-27 12:12:26,879 - camera_thread.py - INFO - detections processed from camera frame
2024-05-27 12:12:26,880 - camera_thread.py - INFO - Frame processed and added to queue
2024-05-27 12:12:26,880 - ugotcamera.py - INFO - reading camera data
2024-05-27 12:12:26,895 - main.py - INFO - Frame displayed. FPS: 66.84469377022009
2024-05-27 12:12:26,945 - camera_thread.py - INFO - frame read from camera
2024-05-27 12:12:27,042 - camera_thread.py - INFO - detections processed from camera frame
2024-05-27 12:12:27,042 - camera_thread.py - INFO - Frame processed and added to queue
2024-05-27 12:12:27,042 - ugotcamera.py - INFO - reading camera data
2024-05-27 12:12:27,056 - main.py - INFO - Frame displayed. FPS: 73.08168385837747
2024-05-27 12:12:27,077 - camera_thread.py - INFO - frame read from camera
2024-05-27 12:12:27,165 - camera_thread.py - INFO - detections processed from camera frame
2024-05-27 12:12:27,165 - camera_thread.py - INFO - Frame processed and added to queue
2024-05-27 12:12:27,166 - ugotcamera.py - INFO - reading camera data
2024-05-27 12:12:27,179 - main.py - INFO - Frame displayed. FPS: 73.60494173803173
2024-05-27 12:12:27,221 - camera_thread.py - INFO - frame read from camera
2024-05-27 12:12:27,285 - camera_thread.py - INFO - detections processed from camera frame
2024-05-27 12:12:27,285 - camera_thread.py - INFO - Frame processed and added to queue
2024-05-27 12:12:27,285 - ugotcamera.py - INFO - reading camera data
2024-05-27 12:12:27,299 - main.py - INFO - Frame displayed. FPS: 74.22233233056096
2024-05-27 12:12:27,368 - camera_thread.py - INFO - frame read from camera
2024-05-27 12:12:27,450 - camera_thread.py - INFO - detections processed from camera frame
2024-05-27 12:12:27,450 - camera_thread.py - INFO - Frame processed and added to queue
2024-05-27 12:12:27,450 - ugotcamera.py - INFO - reading camera data
2024-05-27 12:12:27,464 - main.py - INFO - Frame displayed. FPS: 73.74211470164211
2024-05-27 12:12:27,500 - camera_thread.py - INFO - frame read from camera
2024-05-27 12:12:27,573 - camera_thread.py - INFO - detections processed from camera frame
2024-05-27 12:12:27,573 - camera_thread.py - INFO - Frame processed and added to queue
2024-05-27 12:12:27,573 - ugotcamera.py - INFO - reading camera data
2024-05-27 12:12:27,587 - main.py - INFO - Frame displayed. FPS: 71.38268831478267
2024-05-27 12:12:27,641 - camera_thread.py - INFO - frame read from camera
2024-05-27 12:12:27,701 - camera_thread.py - INFO - detections processed from camera frame
2024-05-27 12:12:27,701 - camera_thread.py - INFO - Frame processed and added to queue
2024-05-27 12:12:27,701 - ugotcamera.py - INFO - reading camera data
2024-05-27 12:12:27,715 - main.py - INFO - Frame displayed. FPS: 71.87442593735005
2024-05-27 12:12:27,822 - camera_thread.py - INFO - frame read from camera
2024-05-27 12:12:27,876 - camera_thread.py - INFO - detections processed from camera frame
2024-05-27 12:12:27,877 - camera_thread.py - INFO - Frame processed and added to queue
2024-05-27 12:12:27,877 - ugotcamera.py - INFO - reading camera data
2024-05-27 12:12:27,890 - main.py - INFO - Frame displayed. FPS: 75.75868795607254
2024-05-27 12:12:27,948 - camera_thread.py - INFO - frame read from camera
2024-05-27 12:12:28,019 - camera_thread.py - INFO - detections processed from camera frame
2024-05-27 12:12:28,019 - camera_thread.py - INFO - Frame processed and added to queue
2024-05-27 12:12:28,019 - ugotcamera.py - INFO - reading camera data
2024-05-27 12:12:28,033 - main.py - INFO - Frame displayed. FPS: 74.20657443119494
2024-05-27 12:12:28,133 - camera_thread.py - INFO - frame read from camera
2024-05-27 12:12:28,192 - camera_thread.py - INFO - detections processed from camera frame
2024-05-27 12:12:28,192 - camera_thread.py - INFO - Frame processed and added to queue
2024-05-27 12:12:28,192 - ugotcamera.py - INFO - reading camera data
2024-05-27 12:12:28,205 - main.py - INFO - Frame displayed. FPS: 74.59855935971542
2024-05-27 12:12:28,434 - camera_thread.py - INFO - frame read from camera
2024-05-27 12:12:28,500 - camera_thread.py - INFO - detections processed from camera frame
2024-05-27 12:12:28,500 - camera_thread.py - INFO - Frame processed and added to queue
2024-05-27 12:12:28,500 - ugotcamera.py - INFO - reading camera data
2024-05-27 12:12:28,513 - main.py - INFO - Frame displayed. FPS: 76.67551460641293
2024-05-27 12:12:28,660 - camera_thread.py - INFO - frame read from camera
2024-05-27 12:12:28,720 - camera_thread.py - INFO - detections processed from camera frame
2024-05-27 12:12:28,721 - camera_thread.py - INFO - Frame processed and added to queue
2024-05-27 12:12:28,721 - ugotcamera.py - INFO - reading camera data
2024-05-27 12:12:28,734 - main.py - INFO - Frame displayed. FPS: 75.54582132564842
2024-05-27 12:12:28,765 - camera_thread.py - INFO - frame read from camera
2024-05-27 12:12:28,817 - camera_thread.py - INFO - detections processed from camera frame
2024-05-27 12:12:28,817 - camera_thread.py - INFO - Frame processed and added to queue
2024-05-27 12:12:28,817 - ugotcamera.py - INFO - reading camera data
2024-05-27 12:12:28,830 - main.py - INFO - Frame displayed. FPS: 76.36003495484998
2024-05-27 12:12:28,854 - camera_thread.py - INFO - frame read from camera
2024-05-27 12:12:28,906 - camera_thread.py - INFO - detections processed from camera frame
2024-05-27 12:12:28,906 - camera_thread.py - INFO - Frame processed and added to queue
2024-05-27 12:12:28,906 - ugotcamera.py - INFO - reading camera data
2024-05-27 12:12:28,919 - main.py - INFO - Frame displayed. FPS: 76.84690362770246
2024-05-27 12:12:28,971 - camera_thread.py - INFO - frame read from camera
2024-05-27 12:12:29,023 - camera_thread.py - INFO - detections processed from camera frame
2024-05-27 12:12:29,023 - camera_thread.py - INFO - Frame processed and added to queue
2024-05-27 12:12:29,023 - ugotcamera.py - INFO - reading camera data
2024-05-27 12:12:29,036 - main.py - INFO - Frame displayed. FPS: 76.61109081610287
2024-05-27 12:12:29,054 - camera_thread.py - INFO - frame read from camera
2024-05-27 12:12:29,114 - camera_thread.py - INFO - detections processed from camera frame
2024-05-27 12:12:29,117 - camera_thread.py - INFO - Frame processed and added to queue
2024-05-27 12:12:29,117 - ugotcamera.py - INFO - reading camera data
2024-05-27 12:12:29,130 - main.py - INFO - Frame displayed. FPS: 77.07142463387295
2024-05-27 12:12:29,157 - camera_thread.py - INFO - frame read from camera
2024-05-27 12:12:29,213 - camera_thread.py - INFO - detections processed from camera frame
2024-05-27 12:12:29,213 - camera_thread.py - INFO - Frame processed and added to queue
2024-05-27 12:12:29,213 - ugotcamera.py - INFO - reading camera data
2024-05-27 12:12:29,226 - main.py - INFO - Frame displayed. FPS: 77.20193635075191
2024-05-27 12:12:29,256 - camera_thread.py - INFO - frame read from camera
2024-05-27 12:12:29,309 - camera_thread.py - INFO - detections processed from camera frame
2024-05-27 12:12:29,309 - camera_thread.py - INFO - Frame processed and added to queue
2024-05-27 12:12:29,309 - ugotcamera.py - INFO - reading camera data
2024-05-27 12:12:29,322 - main.py - INFO - Frame displayed. FPS: 76.50070220876576
2024-05-27 12:12:29,347 - camera_thread.py - INFO - frame read from camera
2024-05-27 12:12:29,400 - camera_thread.py - INFO - detections processed from camera frame
2024-05-27 12:12:29,400 - camera_thread.py - INFO - Frame processed and added to queue
2024-05-27 12:12:29,400 - ugotcamera.py - INFO - reading camera data
2024-05-27 12:12:29,413 - main.py - INFO - Frame displayed. FPS: 76.98089382398825
2024-05-27 12:12:29,471 - camera_thread.py - INFO - frame read from camera
2024-05-27 12:12:29,525 - camera_thread.py - INFO - detections processed from camera frame
2024-05-27 12:12:29,526 - camera_thread.py - INFO - Frame processed and added to queue
2024-05-27 12:12:29,526 - ugotcamera.py - INFO - reading camera data
2024-05-27 12:12:29,539 - main.py - INFO - Frame displayed. FPS: 75.61391743284658
2024-05-27 12:12:29,592 - camera_thread.py - INFO - frame read from camera
2024-05-27 12:12:29,646 - camera_thread.py - INFO - detections processed from camera frame
2024-05-27 12:12:29,646 - camera_thread.py - INFO - Frame processed and added to queue
2024-05-27 12:12:29,646 - ugotcamera.py - INFO - reading camera data
2024-05-27 12:12:29,659 - main.py - INFO - Frame displayed. FPS: 76.16175482558879
2024-05-27 12:12:29,683 - camera_thread.py - INFO - frame read from camera
2024-05-27 12:12:29,735 - camera_thread.py - INFO - detections processed from camera frame
2024-05-27 12:12:29,735 - camera_thread.py - INFO - Frame processed and added to queue
2024-05-27 12:12:29,736 - ugotcamera.py - INFO - reading camera data
2024-05-27 12:12:29,749 - main.py - INFO - Frame displayed. FPS: 76.81734766762513
2024-05-27 12:12:29,843 - camera_thread.py - INFO - frame read from camera
2024-05-27 12:12:29,906 - camera_thread.py - INFO - detections processed from camera frame
2024-05-27 12:12:29,907 - camera_thread.py - INFO - Frame processed and added to queue
2024-05-27 12:12:29,907 - ugotcamera.py - INFO - reading camera data
2024-05-27 12:12:29,920 - main.py - INFO - Frame displayed. FPS: 76.91031447694141
2024-05-27 12:12:29,940 - camera_thread.py - INFO - frame read from camera
2024-05-27 12:12:30,000 - camera_thread.py - INFO - detections processed from camera frame
2024-05-27 12:12:30,001 - camera_thread.py - INFO - Frame processed and added to queue
2024-05-27 12:12:30,001 - ugotcamera.py - INFO - reading camera data
2024-05-27 12:12:30,014 - main.py - INFO - Frame displayed. FPS: 76.11476272570548
2024-05-27 12:12:30,085 - camera_thread.py - INFO - frame read from camera
2024-05-27 12:12:30,138 - camera_thread.py - INFO - detections processed from camera frame
2024-05-27 12:12:30,139 - camera_thread.py - INFO - Frame processed and added to queue
2024-05-27 12:12:30,139 - ugotcamera.py - INFO - reading camera data
2024-05-27 12:12:30,152 - main.py - INFO - Frame displayed. FPS: 77.20762080073631
2024-05-27 12:12:30,163 - camera_thread.py - INFO - frame read from camera
2024-05-27 12:12:30,224 - camera_thread.py - INFO - detections processed from camera frame
2024-05-27 12:12:30,225 - camera_thread.py - INFO - Frame processed and added to queue
2024-05-27 12:12:30,225 - ugotcamera.py - INFO - reading camera data
2024-05-27 12:12:30,238 - main.py - INFO - Frame displayed. FPS: 77.31578462275802
2024-05-27 12:12:30,308 - camera_thread.py - INFO - frame read from camera
2024-05-27 12:12:30,361 - camera_thread.py - INFO - detections processed from camera frame
2024-05-27 12:12:30,362 - camera_thread.py - INFO - Frame processed and added to queue
2024-05-27 12:12:30,362 - ugotcamera.py - INFO - reading camera data
2024-05-27 12:12:30,375 - main.py - INFO - Frame displayed. FPS: 76.96535525543159
2024-05-27 12:12:30,627 - camera_thread.py - INFO - frame read from camera
2024-05-27 12:12:30,677 - camera_thread.py - INFO - detections processed from camera frame
2024-05-27 12:12:30,677 - camera_thread.py - INFO - Frame processed and added to queue
2024-05-27 12:12:30,678 - ugotcamera.py - INFO - reading camera data
2024-05-27 12:12:30,690 - main.py - INFO - Frame displayed. FPS: 81.35275520297922
2024-05-27 12:12:30,782 - camera_thread.py - INFO - frame read from camera
2024-05-27 12:12:30,831 - camera_thread.py - INFO - detections processed from camera frame
2024-05-27 12:12:30,831 - camera_thread.py - INFO - Frame processed and added to queue
2024-05-27 12:12:30,832 - ugotcamera.py - INFO - reading camera data
2024-05-27 12:12:30,845 - main.py - INFO - Frame displayed. FPS: 76.50628385896431
2024-05-27 12:12:30,888 - camera_thread.py - INFO - frame read from camera
2024-05-27 12:12:30,938 - camera_thread.py - INFO - detections processed from camera frame
2024-05-27 12:12:30,938 - camera_thread.py - INFO - Frame processed and added to queue
2024-05-27 12:12:30,938 - ugotcamera.py - INFO - reading camera data
2024-05-27 12:12:30,951 - main.py - INFO - Frame displayed. FPS: 76.3934139589101
2024-05-27 12:12:31,033 - camera_thread.py - INFO - frame read from camera
2024-05-27 12:12:31,082 - camera_thread.py - INFO - detections processed from camera frame
2024-05-27 12:12:31,082 - camera_thread.py - INFO - Frame processed and added to queue
2024-05-27 12:12:31,082 - ugotcamera.py - INFO - reading camera data
2024-05-27 12:12:31,096 - main.py - INFO - Frame displayed. FPS: 73.09951549374324
2024-05-27 12:12:31,224 - camera_thread.py - INFO - frame read from camera
2024-05-27 12:12:31,273 - camera_thread.py - INFO - detections processed from camera frame
2024-05-27 12:12:31,274 - camera_thread.py - INFO - Frame processed and added to queue
2024-05-27 12:12:31,274 - ugotcamera.py - INFO - reading camera data
2024-05-27 12:12:31,286 - main.py - INFO - Frame displayed. FPS: 77.5975727077629
2024-05-27 12:12:31,391 - camera_thread.py - INFO - frame read from camera
2024-05-27 12:12:31,443 - camera_thread.py - INFO - detections processed from camera frame
2024-05-27 12:12:31,444 - camera_thread.py - INFO - Frame processed and added to queue
2024-05-27 12:12:31,444 - ugotcamera.py - INFO - reading camera data
2024-05-27 12:12:31,457 - main.py - INFO - Frame displayed. FPS: 76.28920133141744
2024-05-27 12:12:31,509 - camera_thread.py - INFO - frame read from camera
2024-05-27 12:12:31,558 - camera_thread.py - INFO - detections processed from camera frame
2024-05-27 12:12:31,559 - camera_thread.py - INFO - Frame processed and added to queue
2024-05-27 12:12:31,559 - ugotcamera.py - INFO - reading camera data
2024-05-27 12:12:31,572 - main.py - INFO - Frame displayed. FPS: 76.85253591322193
2024-05-27 12:12:31,612 - camera_thread.py - INFO - frame read from camera
2024-05-27 12:12:31,665 - camera_thread.py - INFO - detections processed from camera frame
2024-05-27 12:12:31,665 - camera_thread.py - INFO - Frame processed and added to queue
2024-05-27 12:12:31,665 - ugotcamera.py - INFO - reading camera data
2024-05-27 12:12:31,679 - main.py - INFO - Frame displayed. FPS: 76.21988406113141
2024-05-27 12:12:31,971 - camera_thread.py - INFO - frame read from camera
2024-05-27 12:12:32,025 - camera_thread.py - INFO - detections processed from camera frame
2024-05-27 12:12:32,026 - camera_thread.py - INFO - Frame processed and added to queue
2024-05-27 12:12:32,026 - ugotcamera.py - INFO - reading camera data
2024-05-27 12:12:32,039 - main.py - INFO - Frame displayed. FPS: 76.4644413249959
2024-05-27 12:12:32,088 - camera_thread.py - INFO - frame read from camera
2024-05-27 12:12:32,139 - camera_thread.py - INFO - detections processed from camera frame
2024-05-27 12:12:32,140 - camera_thread.py - INFO - Frame processed and added to queue
2024-05-27 12:12:32,140 - ugotcamera.py - INFO - reading camera data
2024-05-27 12:12:32,153 - main.py - INFO - Frame displayed. FPS: 77.16642749383671
2024-05-27 12:12:32,234 - camera_thread.py - INFO - frame read from camera
2024-05-27 12:12:32,284 - camera_thread.py - INFO - detections processed from camera frame
2024-05-27 12:12:32,284 - camera_thread.py - INFO - Frame processed and added to queue
2024-05-27 12:12:32,284 - ugotcamera.py - INFO - reading camera data
2024-05-27 12:12:32,298 - main.py - INFO - Frame displayed. FPS: 75.33414756807242
2024-05-27 12:12:32,354 - camera_thread.py - INFO - frame read from camera
2024-05-27 12:12:32,406 - camera_thread.py - INFO - detections processed from camera frame
2024-05-27 12:12:32,406 - camera_thread.py - INFO - Frame processed and added to queue
2024-05-27 12:12:32,406 - ugotcamera.py - INFO - reading camera data
2024-05-27 12:12:32,419 - main.py - INFO - Frame displayed. FPS: 76.14378040810399
2024-05-27 12:12:32,463 - camera_thread.py - INFO - frame read from camera
2024-05-27 12:12:32,519 - camera_thread.py - INFO - detections processed from camera frame
2024-05-27 12:12:32,520 - camera_thread.py - INFO - Frame processed and added to queue
2024-05-27 12:12:32,520 - ugotcamera.py - INFO - reading camera data
2024-05-27 12:12:32,533 - main.py - INFO - Frame displayed. FPS: 76.26145929925998
2024-05-27 12:12:32,609 - camera_thread.py - INFO - frame read from camera
2024-05-27 12:12:32,657 - camera_thread.py - INFO - detections processed from camera frame
2024-05-27 12:12:32,657 - camera_thread.py - INFO - Frame processed and added to queue
2024-05-27 12:12:32,658 - ugotcamera.py - INFO - reading camera data
2024-05-27 12:12:32,671 - main.py - INFO - Frame displayed. FPS: 75.14249883550109
2024-05-27 12:12:32,728 - camera_thread.py - INFO - frame read from camera
2024-05-27 12:12:32,780 - camera_thread.py - INFO - detections processed from camera frame
2024-05-27 12:12:32,781 - camera_thread.py - INFO - Frame processed and added to queue
2024-05-27 12:12:32,782 - ugotcamera.py - INFO - reading camera data
2024-05-27 12:12:32,794 - main.py - INFO - Frame displayed. FPS: 77.00774795285132
2024-05-27 12:12:32,904 - camera_thread.py - INFO - frame read from camera
2024-05-27 12:12:32,960 - camera_thread.py - INFO - detections processed from camera frame
2024-05-27 12:12:32,960 - camera_thread.py - INFO - Frame processed and added to queue
2024-05-27 12:12:32,960 - ugotcamera.py - INFO - reading camera data
2024-05-27 12:12:32,973 - main.py - INFO - Frame displayed. FPS: 76.4937262912168
2024-05-27 12:12:33,012 - camera_thread.py - INFO - frame read from camera
2024-05-27 12:12:33,061 - camera_thread.py - INFO - detections processed from camera frame
2024-05-27 12:12:33,062 - camera_thread.py - INFO - Frame processed and added to queue
2024-05-27 12:12:33,062 - ugotcamera.py - INFO - reading camera data
2024-05-27 12:12:33,075 - main.py - INFO - Frame displayed. FPS: 75.43305217344388
2024-05-27 12:12:33,239 - camera_thread.py - INFO - frame read from camera
2024-05-27 12:12:33,291 - camera_thread.py - INFO - detections processed from camera frame
2024-05-27 12:12:33,291 - camera_thread.py - INFO - Frame processed and added to queue
2024-05-27 12:12:33,291 - ugotcamera.py - INFO - reading camera data
2024-05-27 12:12:33,304 - main.py - INFO - Frame displayed. FPS: 76.7049615039959
2024-05-27 12:12:33,393 - camera_thread.py - INFO - frame read from camera
2024-05-27 12:12:33,440 - camera_thread.py - INFO - detections processed from camera frame
2024-05-27 12:12:33,440 - camera_thread.py - INFO - Frame processed and added to queue
2024-05-27 12:12:33,441 - ugotcamera.py - INFO - reading camera data
2024-05-27 12:12:33,454 - main.py - INFO - Frame displayed. FPS: 77.26735810474734
2024-05-27 12:12:33,496 - camera_thread.py - INFO - frame read from camera
2024-05-27 12:12:33,549 - camera_thread.py - INFO - detections processed from camera frame
2024-05-27 12:12:33,550 - camera_thread.py - INFO - Frame processed and added to queue
2024-05-27 12:12:33,550 - ugotcamera.py - INFO - reading camera data
2024-05-27 12:12:33,563 - main.py - INFO - Frame displayed. FPS: 76.36003495484998
2024-05-27 12:12:33,606 - camera_thread.py - INFO - frame read from camera
2024-05-27 12:12:33,657 - camera_thread.py - INFO - detections processed from camera frame
2024-05-27 12:12:33,658 - camera_thread.py - INFO - Frame processed and added to queue
2024-05-27 12:12:33,658 - ugotcamera.py - INFO - reading camera data
2024-05-27 12:12:33,670 - main.py - INFO - Frame displayed. FPS: 80.78708733002041
2024-05-27 12:12:33,732 - camera_thread.py - INFO - frame read from camera
2024-05-27 12:12:33,782 - camera_thread.py - INFO - detections processed from camera frame
2024-05-27 12:12:33,782 - camera_thread.py - INFO - Frame processed and added to queue
2024-05-27 12:12:33,783 - ugotcamera.py - INFO - reading camera data
2024-05-27 12:12:33,796 - main.py - INFO - Frame displayed. FPS: 76.60549386323787
2024-05-27 12:12:34,083 - camera_thread.py - INFO - frame read from camera
2024-05-27 12:12:34,137 - camera_thread.py - INFO - detections processed from camera frame
2024-05-27 12:12:34,138 - camera_thread.py - INFO - Frame processed and added to queue
2024-05-27 12:12:34,138 - ugotcamera.py - INFO - reading camera data
2024-05-27 12:12:34,151 - main.py - INFO - Frame displayed. FPS: 77.12953291651343
2024-05-27 12:12:34,165 - camera_thread.py - INFO - frame read from camera
2024-05-27 12:12:34,216 - camera_thread.py - INFO - detections processed from camera frame
2024-05-27 12:12:34,216 - camera_thread.py - INFO - Frame processed and added to queue
2024-05-27 12:12:34,217 - ugotcamera.py - INFO - reading camera data
2024-05-27 12:12:34,230 - main.py - INFO - Frame displayed. FPS: 76.69233863594808
2024-05-27 12:12:34,254 - camera_thread.py - INFO - frame read from camera
2024-05-27 12:12:34,306 - camera_thread.py - INFO - detections processed from camera frame
2024-05-27 12:12:34,306 - camera_thread.py - INFO - Frame processed and added to queue
2024-05-27 12:12:34,306 - ugotcamera.py - INFO - reading camera data
2024-05-27 12:12:34,319 - main.py - INFO - Frame displayed. FPS: 76.66430268689453
2024-05-27 12:12:34,334 - camera_thread.py - INFO - frame read from camera
2024-05-27 12:12:34,387 - camera_thread.py - INFO - detections processed from camera frame
2024-05-27 12:12:34,388 - camera_thread.py - INFO - Frame processed and added to queue
2024-05-27 12:12:34,388 - ugotcamera.py - INFO - reading camera data
2024-05-27 12:12:34,401 - main.py - INFO - Frame displayed. FPS: 76.7470677572231
2024-05-27 12:12:34,409 - camera_thread.py - INFO - frame read from camera
2024-05-27 12:12:34,590 - camera_thread.py - INFO - detections processed from camera frame
2024-05-27 12:12:34,591 - camera_thread.py - INFO - Frame processed and added to queue
2024-05-27 12:12:34,591 - ugotcamera.py - INFO - reading camera data
2024-05-27 12:12:34,605 - main.py - INFO - Frame displayed. FPS: 75.28411681295209
2024-05-27 12:12:34,646 - camera_thread.py - INFO - frame read from camera
2024-05-27 12:12:34,711 - camera_thread.py - INFO - detections processed from camera frame
2024-05-27 12:12:34,712 - camera_thread.py - INFO - Frame processed and added to queue
2024-05-27 12:12:34,712 - ugotcamera.py - INFO - reading camera data
2024-05-27 12:12:34,725 - main.py - INFO - Frame displayed. FPS: 75.88478795773628
2024-05-27 12:12:34,747 - camera_thread.py - INFO - frame read from camera
2024-05-27 12:12:34,800 - camera_thread.py - INFO - detections processed from camera frame
2024-05-27 12:12:34,800 - camera_thread.py - INFO - Frame processed and added to queue
2024-05-27 12:12:34,800 - ugotcamera.py - INFO - reading camera data
2024-05-27 12:12:34,814 - main.py - INFO - Frame displayed. FPS: 75.44797812634911
2024-05-27 12:12:34,831 - camera_thread.py - INFO - frame read from camera
2024-05-27 12:12:34,886 - camera_thread.py - INFO - detections processed from camera frame
2024-05-27 12:12:34,886 - camera_thread.py - INFO - Frame processed and added to queue
2024-05-27 12:12:34,887 - ugotcamera.py - INFO - reading camera data
2024-05-27 12:12:34,900 - main.py - INFO - Frame displayed. FPS: 76.23096635829955
2024-05-27 12:12:34,922 - camera_thread.py - INFO - frame read from camera
2024-05-27 12:12:34,996 - camera_thread.py - INFO - detections processed from camera frame
2024-05-27 12:12:34,996 - camera_thread.py - INFO - Frame processed and added to queue
2024-05-27 12:12:34,996 - ugotcamera.py - INFO - reading camera data
2024-05-27 12:12:35,010 - main.py - INFO - Frame displayed. FPS: 73.35648949752523
2024-05-27 12:12:35,026 - camera_thread.py - INFO - frame read from camera
2024-05-27 12:12:35,096 - camera_thread.py - INFO - detections processed from camera frame
2024-05-27 12:12:35,097 - camera_thread.py - INFO - Frame processed and added to queue
2024-05-27 12:12:35,097 - ugotcamera.py - INFO - reading camera data
2024-05-27 12:12:35,110 - main.py - INFO - Frame displayed. FPS: 73.37959026574993
2024-05-27 12:12:35,327 - camera_thread.py - INFO - frame read from camera
2024-05-27 12:12:35,380 - camera_thread.py - INFO - detections processed from camera frame
2024-05-27 12:12:35,380 - camera_thread.py - INFO - Frame processed and added to queue
2024-05-27 12:12:35,380 - ugotcamera.py - INFO - reading camera data
2024-05-27 12:12:35,393 - main.py - INFO - Frame displayed. FPS: 73.687702037948
2024-05-27 12:12:35,448 - camera_thread.py - INFO - frame read from camera
2024-05-27 12:12:35,501 - camera_thread.py - INFO - detections processed from camera frame
2024-05-27 12:12:35,502 - camera_thread.py - INFO - Frame processed and added to queue
2024-05-27 12:12:35,502 - ugotcamera.py - INFO - reading camera data
2024-05-27 12:12:35,515 - main.py - INFO - Frame displayed. FPS: 74.42251321906384
2024-05-27 12:12:35,548 - camera_thread.py - INFO - frame read from camera
2024-05-27 12:12:35,602 - camera_thread.py - INFO - detections processed from camera frame
2024-05-27 12:12:35,602 - camera_thread.py - INFO - Frame processed and added to queue
2024-05-27 12:12:35,602 - ugotcamera.py - INFO - reading camera data
2024-05-27 12:12:35,614 - main.py - INFO - Frame displayed. FPS: 80.8680831373154
2024-05-27 12:12:35,631 - camera_thread.py - INFO - frame read from camera
2024-05-27 12:12:35,680 - camera_thread.py - INFO - detections processed from camera frame
2024-05-27 12:12:35,680 - camera_thread.py - INFO - Frame processed and added to queue
2024-05-27 12:12:35,680 - ugotcamera.py - INFO - reading camera data
2024-05-27 12:12:35,694 - main.py - INFO - Frame displayed. FPS: 75.38424486421395
2024-05-27 12:12:35,734 - camera_thread.py - INFO - frame read from camera
2024-05-27 12:12:35,788 - camera_thread.py - INFO - detections processed from camera frame
2024-05-27 12:12:35,788 - camera_thread.py - INFO - Frame processed and added to queue
2024-05-27 12:12:35,788 - ugotcamera.py - INFO - reading camera data
2024-05-27 12:12:35,801 - main.py - INFO - Frame displayed. FPS: 73.99188512154677
2024-05-27 12:12:35,932 - camera_thread.py - INFO - frame read from camera
2024-05-27 12:12:35,987 - camera_thread.py - INFO - detections processed from camera frame
2024-05-27 12:12:35,987 - camera_thread.py - INFO - Frame processed and added to queue
2024-05-27 12:12:35,987 - ugotcamera.py - INFO - reading camera data
2024-05-27 12:12:36,000 - main.py - INFO - Frame displayed. FPS: 80.59304805641489
2024-05-27 12:12:36,023 - camera_thread.py - INFO - frame read from camera
2024-05-27 12:12:36,082 - camera_thread.py - INFO - detections processed from camera frame
2024-05-27 12:12:36,082 - camera_thread.py - INFO - Frame processed and added to queue
2024-05-27 12:12:36,082 - ugotcamera.py - INFO - reading camera data
2024-05-27 12:12:36,095 - main.py - INFO - Frame displayed. FPS: 75.6616577974204
2024-05-27 12:12:36,125 - camera_thread.py - INFO - frame read from camera
2024-05-27 12:12:36,177 - camera_thread.py - INFO - detections processed from camera frame
2024-05-27 12:12:36,177 - camera_thread.py - INFO - Frame processed and added to queue
2024-05-27 12:12:36,177 - ugotcamera.py - INFO - reading camera data
2024-05-27 12:12:36,191 - main.py - INFO - Frame displayed. FPS: 76.0857671516163
2024-05-27 12:12:36,210 - camera_thread.py - INFO - frame read from camera
2024-05-27 12:12:36,259 - camera_thread.py - INFO - detections processed from camera frame
2024-05-27 12:12:36,260 - camera_thread.py - INFO - Frame processed and added to queue
2024-05-27 12:12:36,260 - ugotcamera.py - INFO - reading camera data
2024-05-27 12:12:36,273 - main.py - INFO - Frame displayed. FPS: 75.93149643361454
2024-05-27 12:12:36,295 - camera_thread.py - INFO - frame read from camera
2024-05-27 12:12:36,348 - camera_thread.py - INFO - detections processed from camera frame
2024-05-27 12:12:36,348 - camera_thread.py - INFO - Frame processed and added to queue
2024-05-27 12:12:36,348 - ugotcamera.py - INFO - reading camera data
2024-05-27 12:12:36,363 - main.py - INFO - Frame displayed. FPS: 65.32064599523446
2024-05-27 12:12:36,392 - camera_thread.py - INFO - frame read from camera
2024-05-27 12:12:36,450 - camera_thread.py - INFO - detections processed from camera frame
2024-05-27 12:12:36,451 - camera_thread.py - INFO - Frame processed and added to queue
2024-05-27 12:12:36,451 - ugotcamera.py - INFO - reading camera data
2024-05-27 12:12:36,464 - main.py - INFO - Frame displayed. FPS: 76.12719616669087
2024-05-27 12:12:36,488 - camera_thread.py - INFO - frame read from camera
2024-05-27 12:12:36,539 - camera_thread.py - INFO - detections processed from camera frame
2024-05-27 12:12:36,540 - camera_thread.py - INFO - Frame processed and added to queue
2024-05-27 12:12:36,540 - ugotcamera.py - INFO - reading camera data
2024-05-27 12:12:36,553 - main.py - INFO - Frame displayed. FPS: 76.28365131040503
2024-05-27 12:12:36,569 - camera_thread.py - INFO - frame read from camera
2024-05-27 12:12:36,625 - camera_thread.py - INFO - detections processed from camera frame
2024-05-27 12:12:36,625 - camera_thread.py - INFO - Frame processed and added to queue
2024-05-27 12:12:36,625 - ugotcamera.py - INFO - reading camera data
2024-05-27 12:12:36,638 - main.py - INFO - Frame displayed. FPS: 75.40457356536747
2024-05-27 12:12:36,666 - camera_thread.py - INFO - frame read from camera
2024-05-27 12:12:36,729 - camera_thread.py - INFO - detections processed from camera frame
2024-05-27 12:12:36,729 - camera_thread.py - INFO - Frame processed and added to queue
2024-05-27 12:12:36,729 - ugotcamera.py - INFO - reading camera data
2024-05-27 12:12:36,742 - main.py - INFO - Frame displayed. FPS: 75.63709808306133
2024-05-27 12:12:36,809 - camera_thread.py - INFO - frame read from camera
2024-05-27 12:12:36,863 - camera_thread.py - INFO - detections processed from camera frame
2024-05-27 12:12:36,864 - camera_thread.py - INFO - Frame processed and added to queue
2024-05-27 12:12:36,864 - ugotcamera.py - INFO - reading camera data
2024-05-27 12:12:36,877 - main.py - INFO - Frame displayed. FPS: 75.65074040005051
2024-05-27 12:12:36,905 - camera_thread.py - INFO - frame read from camera
2024-05-27 12:12:36,961 - camera_thread.py - INFO - detections processed from camera frame
2024-05-27 12:12:36,962 - camera_thread.py - INFO - Frame processed and added to queue
2024-05-27 12:12:36,962 - ugotcamera.py - INFO - reading camera data
2024-05-27 12:12:36,975 - main.py - INFO - Frame displayed. FPS: 76.59849882206841
2024-05-27 12:12:37,015 - camera_thread.py - INFO - frame read from camera
2024-05-27 12:12:37,074 - camera_thread.py - INFO - detections processed from camera frame
2024-05-27 12:12:37,074 - camera_thread.py - INFO - Frame processed and added to queue
2024-05-27 12:12:37,074 - ugotcamera.py - INFO - reading camera data
2024-05-27 12:12:37,087 - main.py - INFO - Frame displayed. FPS: 76.19219241039801
2024-05-27 12:12:37,110 - camera_thread.py - INFO - frame read from camera
2024-05-27 12:12:37,162 - camera_thread.py - INFO - detections processed from camera frame
2024-05-27 12:12:37,163 - camera_thread.py - INFO - Frame processed and added to queue
2024-05-27 12:12:37,163 - ugotcamera.py - INFO - reading camera data
2024-05-27 12:12:37,175 - main.py - INFO - Frame displayed. FPS: 80.80265084380056
2024-05-27 12:12:37,190 - camera_thread.py - INFO - frame read from camera
2024-05-27 12:12:37,242 - camera_thread.py - INFO - detections processed from camera frame
2024-05-27 12:12:37,242 - camera_thread.py - INFO - Frame processed and added to queue
2024-05-27 12:12:37,242 - ugotcamera.py - INFO - reading camera data
2024-05-27 12:12:37,255 - main.py - INFO - Frame displayed. FPS: 76.38228438228438
2024-05-27 12:12:37,280 - camera_thread.py - INFO - frame read from camera
2024-05-27 12:12:37,334 - camera_thread.py - INFO - detections processed from camera frame
2024-05-27 12:12:37,334 - camera_thread.py - INFO - Frame processed and added to queue
2024-05-27 12:12:37,334 - ugotcamera.py - INFO - reading camera data
2024-05-27 12:12:37,348 - main.py - INFO - Frame displayed. FPS: 77.79619393849464
2024-05-27 12:12:37,417 - camera_thread.py - INFO - frame read from camera
2024-05-27 12:12:37,468 - camera_thread.py - INFO - detections processed from camera frame
2024-05-27 12:12:37,468 - camera_thread.py - INFO - Frame processed and added to queue
2024-05-27 12:12:37,468 - ugotcamera.py - INFO - reading camera data
2024-05-27 12:12:37,481 - main.py - INFO - Frame displayed. FPS: 75.25980154671548
2024-05-27 12:12:37,542 - camera_thread.py - INFO - frame read from camera
2024-05-27 12:12:37,591 - camera_thread.py - INFO - detections processed from camera frame
2024-05-27 12:12:37,591 - camera_thread.py - INFO - Frame processed and added to queue
2024-05-27 12:12:37,591 - ugotcamera.py - INFO - reading camera data
2024-05-27 12:12:37,604 - main.py - INFO - Frame displayed. FPS: 76.96394296933777
2024-05-27 12:12:37,627 - camera_thread.py - INFO - frame read from camera
2024-05-27 12:12:37,678 - camera_thread.py - INFO - detections processed from camera frame
2024-05-27 12:12:37,679 - camera_thread.py - INFO - Frame processed and added to queue
2024-05-27 12:12:37,679 - ugotcamera.py - INFO - reading camera data
2024-05-27 12:12:37,697 - main.py - INFO - Main thread exited
2024-05-27 12:12:37,716 - camera_thread.py - INFO - frame read from camera
2024-05-27 12:12:37,768 - camera_thread.py - INFO - detections processed from camera frame
2024-05-27 12:12:37,768 - camera_thread.py - INFO - Frame processed and added to queue
2024-05-27 12:12:37,768 - camera_thread.py - INFO - Camera thread exited
