2024-05-27 12:36:24,551 - main.py - INFO - Main function started
2024-05-27 12:36:25,919 - ugotcamera.py - INFO - camera opened
2024-05-27 12:36:29,049 - main.py - INFO - Frame displayed. FPS: 0.32607509912151134
2024-05-27 12:36:29,099 - main.py - INFO - Frame displayed. FPS: 20.002403548094808
2024-05-27 12:36:29,504 - main.py - INFO - Frame displayed. FPS: 2.4746426512747264
2024-05-27 12:36:29,610 - main.py - INFO - Frame displayed. FPS: 9.493886235541773
2024-05-27 12:36:29,749 - main.py - INFO - Frame displayed. FPS: 7.211986780702026
2024-05-27 12:36:29,864 - main.py - INFO - Frame displayed. FPS: 8.683643470555596
2024-05-27 12:36:29,958 - main.py - INFO - Frame displayed. FPS: 10.660864702742547
2024-05-27 12:36:30,076 - main.py - INFO - Frame displayed. FPS: 8.501094482188316
2024-05-27 12:36:30,186 - main.py - INFO - Frame displayed. FPS: 9.114010308471896
2024-05-27 12:36:30,277 - main.py - INFO - Frame displayed. FPS: 10.945726804648334
2024-05-27 12:36:30,414 - main.py - INFO - Frame displayed. FPS: 7.315433853667044
2024-05-27 12:36:30,519 - main.py - INFO - Frame displayed. FPS: 9.555572768819287
2024-05-27 12:36:30,643 - main.py - INFO - Frame displayed. FPS: 8.09265944412823
2024-05-27 12:36:30,754 - main.py - INFO - Frame displayed. FPS: 8.973040044155967
2024-05-27 12:36:30,854 - main.py - INFO - Frame displayed. FPS: 10.015148186706654
2024-05-27 12:36:30,951 - main.py - INFO - Frame displayed. FPS: 10.305111397206963
2024-05-27 12:36:31,045 - main.py - INFO - Frame displayed. FPS: 10.693589920097088
2024-05-27 12:36:31,147 - main.py - INFO - Frame displayed. FPS: 9.828296130359595
2024-05-27 12:36:31,342 - main.py - INFO - Frame displayed. FPS: 5.1352892706679185
2024-05-27 12:36:31,437 - main.py - INFO - Frame displayed. FPS: 10.530197433167968
2024-05-27 12:36:31,544 - main.py - INFO - Frame displayed. FPS: 9.34089340038216
2024-05-27 12:36:31,656 - main.py - INFO - Frame displayed. FPS: 8.956714486446318
2024-05-27 12:36:31,766 - main.py - INFO - Frame displayed. FPS: 9.076222626157708
2024-05-27 12:36:31,870 - main.py - INFO - Frame displayed. FPS: 9.650730540024389
2024-05-27 12:36:31,963 - main.py - INFO - Frame displayed. FPS: 10.732719884543343
2024-05-27 12:36:32,063 - main.py - INFO - Frame displayed. FPS: 10.074953760418918
2024-05-27 12:36:32,176 - main.py - INFO - Frame displayed. FPS: 8.862822162633888
2024-05-27 12:36:32,273 - main.py - INFO - Frame displayed. FPS: 10.260064236947741
2024-05-27 12:36:32,384 - main.py - INFO - Frame displayed. FPS: 9.09139068254185
2024-05-27 12:36:32,475 - main.py - INFO - Frame displayed. FPS: 10.980227075790538
2024-05-27 12:36:32,594 - main.py - INFO - Frame displayed. FPS: 8.36645363078568
2024-05-27 12:36:32,714 - main.py - INFO - Frame displayed. FPS: 8.3412629912616
2024-05-27 12:36:32,844 - main.py - INFO - Frame displayed. FPS: 7.75205569838298
2024-05-27 12:36:32,949 - main.py - INFO - Frame displayed. FPS: 9.48208165664421
2024-05-27 12:36:33,076 - main.py - INFO - Frame displayed. FPS: 7.895145609137677
2024-05-27 12:36:33,228 - main.py - INFO - Frame displayed. FPS: 6.594568758411632
2024-05-27 12:36:33,369 - main.py - INFO - Frame displayed. FPS: 7.089883196132456
2024-05-27 12:36:33,473 - main.py - INFO - Main thread exited
2024-05-27 12:36:33,544 - camera_thread.py - INFO - Camera thread exited
