2024-05-28 11:53:05,922 - main.py - INFO - Main function started
2024-05-28 11:53:07,342 - ugotcamera.py - INFO - camera opened
2024-05-28 11:53:07,389 - CommandPlanner.py - INFO - CommandPlanner initiated
2024-05-28 11:53:07,389 - control_thread.py - INFO - Control thread started
2024-05-28 11:53:09,214 - control_thread.py - INFO - Updating command planner with distance: 0, angle: 0
2024-05-28 11:53:09,214 - CommandPlanner.py - INFO - Executing command: LocateBallCommand
2024-05-28 11:53:09,253 - CommandPlanner.py - INFO - Command Planner Update completed
2024-05-28 11:53:09,454 - control_thread.py - INFO - Updating command planner with distance: 0, angle: 0
2024-05-28 11:53:09,454 - CommandPlanner.py - INFO - Executing command: LocateBallCommand
2024-05-28 11:53:09,469 - CommandPlanner.py - INFO - Command Planner Update completed
2024-05-28 11:53:09,626 - control_thread.py - INFO - Updating command planner with distance: 0, angle: 0
2024-05-28 11:53:09,626 - CommandPlanner.py - INFO - Executing command: LocateBallCommand
2024-05-28 11:53:09,646 - CommandPlanner.py - INFO - Command Planner Update completed
2024-05-28 11:53:09,838 - control_thread.py - INFO - Updating command planner with distance: 0, angle: 0
2024-05-28 11:53:09,838 - CommandPlanner.py - INFO - Executing command: LocateBallCommand
2024-05-28 11:53:09,854 - CommandPlanner.py - INFO - Command Planner Update completed
2024-05-28 11:53:09,998 - control_thread.py - INFO - Updating command planner with distance: 0, angle: 0
2024-05-28 11:53:09,998 - CommandPlanner.py - INFO - Executing command: LocateBallCommand
2024-05-28 11:53:10,032 - CommandPlanner.py - INFO - Command Planner Update completed
2024-05-28 11:53:10,160 - control_thread.py - INFO - Updating command planner with distance: 0, angle: 0
2024-05-28 11:53:10,160 - CommandPlanner.py - INFO - Executing command: LocateBallCommand
2024-05-28 11:53:10,174 - CommandPlanner.py - INFO - Command Planner Update completed
2024-05-28 11:53:10,353 - control_thread.py - INFO - Updating command planner with distance: 0, angle: 0
2024-05-28 11:53:10,353 - CommandPlanner.py - INFO - Executing command: LocateBallCommand
2024-05-28 11:53:10,366 - CommandPlanner.py - INFO - Command Planner Update completed
2024-05-28 11:53:10,487 - control_thread.py - INFO - Updating command planner with distance: 0, angle: 0
2024-05-28 11:53:10,487 - CommandPlanner.py - INFO - Executing command: LocateBallCommand
2024-05-28 11:53:10,539 - CommandPlanner.py - INFO - Command Planner Update completed
2024-05-28 11:53:10,674 - control_thread.py - INFO - Updating command planner with distance: 0, angle: 0
2024-05-28 11:53:10,674 - CommandPlanner.py - INFO - Executing command: LocateBallCommand
2024-05-28 11:53:10,698 - CommandPlanner.py - INFO - Command Planner Update completed
2024-05-28 11:53:10,871 - control_thread.py - INFO - Updating command planner with distance: 0, angle: 0
2024-05-28 11:53:10,871 - CommandPlanner.py - INFO - Executing command: LocateBallCommand
2024-05-28 11:53:10,888 - CommandPlanner.py - INFO - Command Planner Update completed
2024-05-28 11:53:11,014 - control_thread.py - INFO - Updating command planner with distance: 0, angle: 0
2024-05-28 11:53:11,014 - CommandPlanner.py - INFO - Executing command: LocateBallCommand
2024-05-28 11:53:11,028 - CommandPlanner.py - INFO - Command Planner Update completed
2024-05-28 11:53:11,182 - control_thread.py - INFO - Updating command planner with distance: 0, angle: 0
2024-05-28 11:53:11,182 - CommandPlanner.py - INFO - Executing command: LocateBallCommand
2024-05-28 11:53:11,199 - CommandPlanner.py - INFO - Command Planner Update completed
2024-05-28 11:53:11,402 - control_thread.py - INFO - Updating command planner with distance: 0, angle: 0
2024-05-28 11:53:11,402 - CommandPlanner.py - INFO - Executing command: LocateBallCommand
2024-05-28 11:53:11,426 - CommandPlanner.py - INFO - Command Planner Update completed
2024-05-28 11:53:11,572 - control_thread.py - INFO - Updating command planner with distance: 0, angle: 0
2024-05-28 11:53:11,572 - CommandPlanner.py - INFO - Executing command: LocateBallCommand
2024-05-28 11:53:11,595 - CommandPlanner.py - INFO - Command Planner Update completed
2024-05-28 11:53:11,739 - control_thread.py - INFO - Updating command planner with distance: 0, angle: 0
2024-05-28 11:53:11,739 - CommandPlanner.py - INFO - Executing command: LocateBallCommand
2024-05-28 11:53:11,848 - CommandPlanner.py - INFO - Command Planner Update completed
2024-05-28 11:53:11,987 - control_thread.py - INFO - Updating command planner with distance: 0, angle: 0
2024-05-28 11:53:11,988 - CommandPlanner.py - INFO - Executing command: LocateBallCommand
2024-05-28 11:53:12,015 - CommandPlanner.py - INFO - Command Planner Update completed
2024-05-28 11:53:12,159 - control_thread.py - INFO - Updating command planner with distance: 0, angle: 0
2024-05-28 11:53:12,159 - CommandPlanner.py - INFO - Executing command: LocateBallCommand
2024-05-28 11:53:12,181 - CommandPlanner.py - INFO - Command Planner Update completed
2024-05-28 11:53:12,308 - control_thread.py - INFO - Updating command planner with distance: 0, angle: 0
2024-05-28 11:53:12,308 - CommandPlanner.py - INFO - Executing command: LocateBallCommand
2024-05-28 11:53:12,390 - CommandPlanner.py - INFO - Command Planner Update completed
2024-05-28 11:53:12,538 - control_thread.py - INFO - Updating command planner with distance: 0, angle: 0
2024-05-28 11:53:12,538 - CommandPlanner.py - INFO - Executing command: LocateBallCommand
2024-05-28 11:53:12,559 - CommandPlanner.py - INFO - Command Planner Update completed
2024-05-28 11:53:12,705 - control_thread.py - INFO - Updating command planner with distance: 0, angle: 0
2024-05-28 11:53:12,705 - CommandPlanner.py - INFO - Executing command: LocateBallCommand
2024-05-28 11:53:12,724 - CommandPlanner.py - INFO - Command Planner Update completed
2024-05-28 11:53:12,965 - control_thread.py - INFO - Updating command planner with distance: 0, angle: 0
2024-05-28 11:53:12,965 - CommandPlanner.py - INFO - Executing command: LocateBallCommand
2024-05-28 11:53:12,992 - CommandPlanner.py - INFO - Command Planner Update completed
2024-05-28 11:53:13,149 - control_thread.py - INFO - Updating command planner with distance: 22.306539489190428, angle: 18.352461890800576
2024-05-28 11:53:13,149 - CommandPlanner.py - INFO - Executing command: LocateBallCommand
2024-05-28 11:53:13,462 - CommandPlanner.py - INFO - Command LocateBallCommand is finished
2024-05-28 11:53:13,462 - CommandPlanner.py - INFO - Command Planner Update completed
2024-05-28 11:53:13,613 - control_thread.py - INFO - Updating command planner with distance: 34.6780716909322, angle: 20.782036496919957
2024-05-28 11:53:13,613 - CommandPlanner.py - INFO - Starting command planning
2024-05-28 11:53:13,613 - CommandPlanner.py - INFO - Switching to TranslateToBallCommand with distance: 34.6780716909322, angle: 20.782036496919957
2024-05-28 11:53:13,613 - CommandPlanner.py - INFO - Command updated
2024-05-28 11:53:13,613 - CommandPlanner.py - INFO - Executing command: TranslateToBallCommand
2024-05-28 11:53:13,613 - TranslateToBallCommand.py - INFO - shared data: distance - 34.6780716909322, angle: 20.782036496919957
2024-05-28 11:53:13,646 - CommandPlanner.py - INFO - Command Planner Update completed
2024-05-28 11:53:13,796 - control_thread.py - INFO - Updating command planner with distance: 35.20163685256332, angle: 21.128834591259203
2024-05-28 11:53:13,796 - CommandPlanner.py - INFO - Executing command: TranslateToBallCommand
2024-05-28 11:53:13,796 - TranslateToBallCommand.py - INFO - shared data: distance - 35.20163685256332, angle: 21.128834591259203
2024-05-28 11:53:13,827 - CommandPlanner.py - INFO - Command Planner Update completed
2024-05-28 11:53:14,052 - control_thread.py - INFO - Updating command planner with distance: 34.19862655019176, angle: 22.977135354474363
2024-05-28 11:53:14,052 - CommandPlanner.py - INFO - Executing command: TranslateToBallCommand
2024-05-28 11:53:14,052 - TranslateToBallCommand.py - INFO - shared data: distance - 34.19862655019176, angle: 22.977135354474363
2024-05-28 11:53:14,096 - CommandPlanner.py - INFO - Command Planner Update completed
2024-05-28 11:53:14,271 - control_thread.py - INFO - Updating command planner with distance: 33.22341226064178, angle: 22.688485577299513
2024-05-28 11:53:14,271 - CommandPlanner.py - INFO - Executing command: TranslateToBallCommand
2024-05-28 11:53:14,271 - TranslateToBallCommand.py - INFO - shared data: distance - 33.22341226064178, angle: 22.688485577299513
2024-05-28 11:53:14,314 - CommandPlanner.py - INFO - Command Planner Update completed
2024-05-28 11:53:14,561 - control_thread.py - INFO - Updating command planner with distance: 33.46359285343614, angle: 22.861682152083965
2024-05-28 11:53:14,561 - CommandPlanner.py - INFO - Executing command: TranslateToBallCommand
2024-05-28 11:53:14,561 - TranslateToBallCommand.py - INFO - shared data: distance - 33.46359285343614, angle: 22.861682152083965
2024-05-28 11:53:14,611 - CommandPlanner.py - INFO - Command Planner Update completed
2024-05-28 11:53:14,766 - control_thread.py - INFO - Updating command planner with distance: 31.435921326526135, angle: 23.554265545913957
2024-05-28 11:53:14,767 - CommandPlanner.py - INFO - Executing command: TranslateToBallCommand
2024-05-28 11:53:14,767 - TranslateToBallCommand.py - INFO - shared data: distance - 31.435921326526135, angle: 23.554265545913957
2024-05-28 11:53:15,057 - CommandPlanner.py - INFO - Command Planner Update completed
2024-05-28 11:53:15,223 - control_thread.py - INFO - Updating command planner with distance: 29.622455108944497, angle: 24.073485885132982
2024-05-28 11:53:15,223 - CommandPlanner.py - INFO - Executing command: TranslateToBallCommand
2024-05-28 11:53:15,224 - TranslateToBallCommand.py - INFO - shared data: distance - 29.622455108944497, angle: 24.073485885132982
2024-05-28 11:53:15,250 - CommandPlanner.py - INFO - Command Planner Update completed
2024-05-28 11:53:15,427 - control_thread.py - INFO - Updating command planner with distance: 29.24344428925574, angle: 24.015804076619286
2024-05-28 11:53:15,427 - CommandPlanner.py - INFO - Executing command: TranslateToBallCommand
2024-05-28 11:53:15,427 - TranslateToBallCommand.py - INFO - shared data: distance - 29.24344428925574, angle: 24.015804076619286
2024-05-28 11:53:15,456 - CommandPlanner.py - INFO - Command Planner Update completed
2024-05-28 11:53:15,612 - control_thread.py - INFO - Updating command planner with distance: 28.87969115532142, angle: 24.534855172859352
2024-05-28 11:53:15,612 - CommandPlanner.py - INFO - Executing command: TranslateToBallCommand
2024-05-28 11:53:15,612 - TranslateToBallCommand.py - INFO - shared data: distance - 28.87969115532142, angle: 24.534855172859352
2024-05-28 11:53:15,629 - CommandPlanner.py - INFO - Command Planner Update completed
2024-05-28 11:53:15,775 - control_thread.py - INFO - Updating command planner with distance: 27.818341649604132, angle: 24.361859517993647
2024-05-28 11:53:15,775 - CommandPlanner.py - INFO - Executing command: TranslateToBallCommand
2024-05-28 11:53:15,775 - TranslateToBallCommand.py - INFO - shared data: distance - 27.818341649604132, angle: 24.361859517993647
2024-05-28 11:53:15,793 - CommandPlanner.py - INFO - Command Planner Update completed
2024-05-28 11:53:15,927 - control_thread.py - INFO - Updating command planner with distance: 27.156917920211395, angle: 24.938427546315452
2024-05-28 11:53:15,927 - CommandPlanner.py - INFO - Executing command: TranslateToBallCommand
2024-05-28 11:53:15,927 - TranslateToBallCommand.py - INFO - shared data: distance - 27.156917920211395, angle: 24.938427546315452
2024-05-28 11:53:15,949 - CommandPlanner.py - INFO - Command Planner Update completed
2024-05-28 11:53:16,116 - control_thread.py - INFO - Updating command planner with distance: 26.052898863298214, angle: 24.650173632902398
2024-05-28 11:53:16,116 - CommandPlanner.py - INFO - Executing command: TranslateToBallCommand
2024-05-28 11:53:16,116 - TranslateToBallCommand.py - INFO - shared data: distance - 26.052898863298214, angle: 24.650173632902398
2024-05-28 11:53:16,133 - CommandPlanner.py - INFO - Command Planner Update completed
2024-05-28 11:53:16,264 - control_thread.py - INFO - Updating command planner with distance: 25.172456491751685, angle: 24.707829253562792
2024-05-28 11:53:16,264 - CommandPlanner.py - INFO - Executing command: TranslateToBallCommand
2024-05-28 11:53:16,264 - TranslateToBallCommand.py - INFO - shared data: distance - 25.172456491751685, angle: 24.707829253562792
2024-05-28 11:53:16,281 - CommandPlanner.py - INFO - Command Planner Update completed
2024-05-28 11:53:16,428 - control_thread.py - INFO - Updating command planner with distance: 24.347750317296388, angle: 25.111350713617203
2024-05-28 11:53:16,428 - CommandPlanner.py - INFO - Executing command: TranslateToBallCommand
2024-05-28 11:53:16,428 - TranslateToBallCommand.py - INFO - shared data: distance - 24.347750317296388, angle: 25.111350713617203
2024-05-28 11:53:16,445 - CommandPlanner.py - INFO - Command Planner Update completed
2024-05-28 11:53:16,578 - control_thread.py - INFO - Updating command planner with distance: 23.5741182277163, angle: 25.86042756907938
2024-05-28 11:53:16,578 - CommandPlanner.py - INFO - Executing command: TranslateToBallCommand
2024-05-28 11:53:16,578 - TranslateToBallCommand.py - INFO - shared data: distance - 23.5741182277163, angle: 25.86042756907938
2024-05-28 11:53:16,623 - CommandPlanner.py - INFO - Command Planner Update completed
2024-05-28 11:53:16,774 - control_thread.py - INFO - Updating command planner with distance: 22.59999263679078, angle: 25.86042756907938
2024-05-28 11:53:16,774 - CommandPlanner.py - INFO - Executing command: TranslateToBallCommand
2024-05-28 11:53:16,774 - TranslateToBallCommand.py - INFO - shared data: distance - 22.59999263679078, angle: 25.86042756907938
2024-05-28 11:53:16,804 - CommandPlanner.py - INFO - Command Planner Update completed
2024-05-28 11:53:16,935 - control_thread.py - INFO - Updating command planner with distance: 21.47720658999776, angle: 25.62998723314099
2024-05-28 11:53:16,935 - CommandPlanner.py - INFO - Executing command: TranslateToBallCommand
2024-05-28 11:53:16,935 - TranslateToBallCommand.py - INFO - shared data: distance - 21.47720658999776, angle: 25.62998723314099
2024-05-28 11:53:16,955 - CommandPlanner.py - INFO - Command Planner Update completed
2024-05-28 11:53:17,089 - control_thread.py - INFO - Updating command planner with distance: 20.9492255823818, angle: 25.168986873183798
2024-05-28 11:53:17,089 - CommandPlanner.py - INFO - Executing command: TranslateToBallCommand
2024-05-28 11:53:17,089 - TranslateToBallCommand.py - INFO - shared data: distance - 20.9492255823818, angle: 25.168986873183798
2024-05-28 11:53:17,106 - CommandPlanner.py - INFO - Command Planner Update completed
2024-05-28 11:53:17,267 - control_thread.py - INFO - Updating command planner with distance: 19.7762125687305, angle: 24.707829253562792
2024-05-28 11:53:17,268 - CommandPlanner.py - INFO - Executing command: TranslateToBallCommand
2024-05-28 11:53:17,268 - TranslateToBallCommand.py - INFO - shared data: distance - 19.7762125687305, angle: 24.707829253562792
2024-05-28 11:53:17,305 - CommandPlanner.py - INFO - Command Planner Update completed
2024-05-28 11:53:17,431 - control_thread.py - INFO - Updating command planner with distance: 18.646860509763485, angle: 26.378770228450094
2024-05-28 11:53:17,431 - CommandPlanner.py - INFO - Executing command: TranslateToBallCommand
2024-05-28 11:53:17,431 - TranslateToBallCommand.py - INFO - shared data: distance - 18.646860509763485, angle: 26.378770228450094
2024-05-28 11:53:17,448 - CommandPlanner.py - INFO - Command Planner Update completed
2024-05-28 11:53:17,575 - control_thread.py - INFO - Updating command planner with distance: 18.070216204157198, angle: 25.39950688504521
2024-05-28 11:53:17,575 - CommandPlanner.py - INFO - Executing command: TranslateToBallCommand
2024-05-28 11:53:17,575 - TranslateToBallCommand.py - INFO - shared data: distance - 18.070216204157198, angle: 25.39950688504521
2024-05-28 11:53:17,590 - CommandPlanner.py - INFO - Command Planner Update completed
2024-05-28 11:53:17,738 - control_thread.py - INFO - Updating command planner with distance: 17.379486341265796, angle: 25.05371210231382
2024-05-28 11:53:17,738 - CommandPlanner.py - INFO - Executing command: TranslateToBallCommand
2024-05-28 11:53:17,738 - TranslateToBallCommand.py - INFO - shared data: distance - 17.379486341265796, angle: 25.05371210231382
2024-05-28 11:53:17,761 - CommandPlanner.py - INFO - Command Planner Update completed
2024-05-28 11:53:17,894 - control_thread.py - INFO - Updating command planner with distance: 16.192374215661186, angle: 24.41952712429743
2024-05-28 11:53:17,894 - CommandPlanner.py - INFO - Executing command: TranslateToBallCommand
2024-05-28 11:53:17,894 - TranslateToBallCommand.py - INFO - shared data: distance - 16.192374215661186, angle: 24.41952712429743
2024-05-28 11:53:17,906 - CommandPlanner.py - INFO - Command Planner Update completed
2024-05-28 11:53:18,049 - control_thread.py - INFO - Updating command planner with distance: 15.564603893229602, angle: 25.168986873183798
2024-05-28 11:53:18,049 - CommandPlanner.py - INFO - Executing command: TranslateToBallCommand
2024-05-28 11:53:18,049 - TranslateToBallCommand.py - INFO - shared data: distance - 15.564603893229602, angle: 25.168986873183798
2024-05-28 11:53:18,079 - CommandPlanner.py - INFO - Command Planner Update completed
2024-05-28 11:53:18,204 - control_thread.py - INFO - Updating command planner with distance: 14.747558167111343, angle: 25.341880586940743
2024-05-28 11:53:18,204 - CommandPlanner.py - INFO - Executing command: TranslateToBallCommand
2024-05-28 11:53:18,204 - TranslateToBallCommand.py - INFO - shared data: distance - 14.747558167111343, angle: 25.341880586940743
2024-05-28 11:53:18,224 - CommandPlanner.py - INFO - Command Planner Update completed
2024-05-28 11:53:18,355 - control_thread.py - INFO - Updating command planner with distance: 13.597869196505531, angle: 24.996071044727987
2024-05-28 11:53:18,355 - CommandPlanner.py - INFO - Executing command: TranslateToBallCommand
2024-05-28 11:53:18,355 - TranslateToBallCommand.py - INFO - shared data: distance - 13.597869196505531, angle: 24.996071044727987
2024-05-28 11:53:18,377 - CommandPlanner.py - INFO - Command Planner Update completed
2024-05-28 11:53:18,522 - control_thread.py - INFO - Updating command planner with distance: 12.457281814169058, angle: 23.72735992570759
2024-05-28 11:53:18,522 - CommandPlanner.py - INFO - Executing command: TranslateToBallCommand
2024-05-28 11:53:18,522 - TranslateToBallCommand.py - INFO - shared data: distance - 12.457281814169058, angle: 23.72735992570759
2024-05-28 11:53:18,559 - CommandPlanner.py - INFO - Command Planner Update completed
2024-05-28 11:53:18,687 - control_thread.py - INFO - Updating command planner with distance: 11.925150005603346, angle: 23.150298276753787
2024-05-28 11:53:18,687 - CommandPlanner.py - INFO - Executing command: TranslateToBallCommand
2024-05-28 11:53:18,687 - TranslateToBallCommand.py - INFO - shared data: distance - 11.925150005603346, angle: 23.150298276753787
2024-05-28 11:53:18,721 - CommandPlanner.py - INFO - Command Planner Update completed
2024-05-28 11:53:18,865 - control_thread.py - INFO - Updating command planner with distance: 10.737679539480759, angle: 23.90043342147701
2024-05-28 11:53:18,866 - CommandPlanner.py - INFO - Executing command: TranslateToBallCommand
2024-05-28 11:53:18,866 - TranslateToBallCommand.py - INFO - shared data: distance - 10.737679539480759, angle: 23.90043342147701
2024-05-28 11:53:18,887 - CommandPlanner.py - INFO - Command Planner Update completed
2024-05-28 11:53:19,009 - control_thread.py - INFO - Updating command planner with distance: 10.706516576900201, angle: 24.304189530969033
2024-05-28 11:53:19,010 - CommandPlanner.py - INFO - Executing command: TranslateToBallCommand
2024-05-28 11:53:19,010 - TranslateToBallCommand.py - INFO - shared data: distance - 10.706516576900201, angle: 24.304189530969033
2024-05-28 11:53:19,028 - CommandPlanner.py - INFO - Command Planner Update completed
2024-05-28 11:53:19,190 - control_thread.py - INFO - Updating command planner with distance: 10.038315205324285, angle: 22.226530704186377
2024-05-28 11:53:19,190 - CommandPlanner.py - INFO - Executing command: TranslateToBallCommand
2024-05-28 11:53:19,190 - TranslateToBallCommand.py - INFO - shared data: distance - 10.038315205324285, angle: 22.226530704186377
2024-05-28 11:53:19,208 - CommandPlanner.py - INFO - Command Planner Update completed
2024-05-28 11:53:19,346 - control_thread.py - INFO - Updating command planner with distance: 8.512346509916464, angle: 21.5333379978889
2024-05-28 11:53:19,347 - CommandPlanner.py - INFO - Executing command: TranslateToBallCommand
2024-05-28 11:53:19,347 - TranslateToBallCommand.py - INFO - shared data: distance - 8.512346509916464, angle: 21.5333379978889
2024-05-28 11:53:19,465 - CommandPlanner.py - INFO - Command TranslateToBallCommand is finished
2024-05-28 11:53:19,465 - CommandPlanner.py - INFO - Command Planner Update completed
2024-05-28 11:53:19,599 - control_thread.py - INFO - Updating command planner with distance: 7.578496960969252, angle: 21.3022057382851
2024-05-28 11:53:19,599 - CommandPlanner.py - INFO - Starting command planning
2024-05-28 11:53:19,599 - CommandPlanner.py - INFO - Switching to AlignWithBallCommand with angle: 21.3022057382851
2024-05-28 11:53:19,599 - CommandPlanner.py - INFO - Command updated
2024-05-28 11:53:19,599 - CommandPlanner.py - INFO - Executing command: AlignWithBallCommand
2024-05-28 11:53:19,627 - CommandPlanner.py - INFO - Command Planner Update completed
2024-05-28 11:53:19,776 - control_thread.py - INFO - Updating command planner with distance: 7.5013001842783025, angle: 21.3022057382851
2024-05-28 11:53:19,776 - CommandPlanner.py - INFO - Executing command: AlignWithBallCommand
2024-05-28 11:53:19,805 - CommandPlanner.py - INFO - Command Planner Update completed
2024-05-28 11:53:19,980 - control_thread.py - INFO - Updating command planner with distance: 7.615871752003636, angle: 20.782036496919957
2024-05-28 11:53:19,980 - CommandPlanner.py - INFO - Executing command: AlignWithBallCommand
2024-05-28 11:53:20,009 - CommandPlanner.py - INFO - Command Planner Update completed
2024-05-28 11:53:20,158 - control_thread.py - INFO - Updating command planner with distance: 7.654652266379907, angle: 20.608609849194693
2024-05-28 11:53:20,158 - CommandPlanner.py - INFO - Executing command: AlignWithBallCommand
2024-05-28 11:53:20,174 - CommandPlanner.py - INFO - Command Planner Update completed
2024-05-28 11:53:20,309 - control_thread.py - INFO - Updating command planner with distance: 7.734207247174178, angle: 20.608609849194693
2024-05-28 11:53:20,309 - CommandPlanner.py - INFO - Executing command: AlignWithBallCommand
2024-05-28 11:53:20,332 - CommandPlanner.py - INFO - Command Planner Update completed
2024-05-28 11:53:20,470 - control_thread.py - INFO - Updating command planner with distance: 7.774260289260012, angle: 20.550796914660477
2024-05-28 11:53:20,470 - CommandPlanner.py - INFO - Executing command: AlignWithBallCommand
2024-05-28 11:53:20,497 - CommandPlanner.py - INFO - Command Planner Update completed
2024-05-28 11:53:20,634 - control_thread.py - INFO - Updating command planner with distance: 7.9357935969943565, angle: 19.741206605422004
2024-05-28 11:53:20,634 - CommandPlanner.py - INFO - Executing command: AlignWithBallCommand
2024-05-28 11:53:20,666 - CommandPlanner.py - INFO - Command Planner Update completed
2024-05-28 11:53:20,791 - control_thread.py - INFO - Updating command planner with distance: 7.976016097866831, angle: 19.220554064743407
2024-05-28 11:53:20,791 - CommandPlanner.py - INFO - Executing command: AlignWithBallCommand
2024-05-28 11:53:20,817 - CommandPlanner.py - INFO - Command Planner Update completed
2024-05-28 11:53:20,960 - control_thread.py - INFO - Updating command planner with distance: 7.976016097866831, angle: 19.220554064743407
2024-05-28 11:53:20,961 - CommandPlanner.py - INFO - Executing command: AlignWithBallCommand
2024-05-28 11:53:20,990 - CommandPlanner.py - INFO - Command Planner Update completed
2024-05-28 11:53:21,128 - control_thread.py - INFO - Updating command planner with distance: 7.974295469750914, angle: 18.641872000230826
2024-05-28 11:53:21,128 - CommandPlanner.py - INFO - Executing command: AlignWithBallCommand
2024-05-28 11:53:21,147 - CommandPlanner.py - INFO - Command Planner Update completed
2024-05-28 11:53:21,273 - control_thread.py - INFO - Updating command planner with distance: 7.890346476829765, angle: 18.41034754460005
2024-05-28 11:53:21,273 - CommandPlanner.py - INFO - Executing command: AlignWithBallCommand
2024-05-28 11:53:21,302 - CommandPlanner.py - INFO - Command Planner Update completed
2024-05-28 11:53:21,442 - control_thread.py - INFO - Updating command planner with distance: 7.80673547825191, angle: 17.83141046445248
2024-05-28 11:53:21,442 - CommandPlanner.py - INFO - Executing command: AlignWithBallCommand
2024-05-28 11:53:21,467 - CommandPlanner.py - INFO - Command Planner Update completed
2024-05-28 11:53:21,606 - control_thread.py - INFO - Updating command planner with distance: 7.415136660202666, angle: 17.83141046445248
2024-05-28 11:53:21,606 - CommandPlanner.py - INFO - Executing command: AlignWithBallCommand
2024-05-28 11:53:21,625 - CommandPlanner.py - INFO - Command Planner Update completed
2024-05-28 11:53:21,767 - control_thread.py - INFO - Updating command planner with distance: 7.5660956679229905, angle: 17.020605083111963
2024-05-28 11:53:21,767 - CommandPlanner.py - INFO - Executing command: AlignWithBallCommand
2024-05-28 11:53:21,787 - CommandPlanner.py - INFO - Command Planner Update completed
2024-05-28 11:53:21,929 - control_thread.py - INFO - Updating command planner with distance: 7.802470149434793, angle: 16.209471264248574
2024-05-28 11:53:21,929 - CommandPlanner.py - INFO - Executing command: AlignWithBallCommand
2024-05-28 11:53:21,950 - CommandPlanner.py - INFO - Command Planner Update completed
2024-05-28 11:53:22,076 - control_thread.py - INFO - Updating command planner with distance: 7.965912159132381, angle: 15.513964003002071
2024-05-28 11:53:22,077 - CommandPlanner.py - INFO - Executing command: AlignWithBallCommand
2024-05-28 11:53:22,097 - CommandPlanner.py - INFO - Command Planner Update completed
2024-05-28 11:53:22,237 - control_thread.py - INFO - Updating command planner with distance: 7.923445992976186, angle: 15.22410375948886
2024-05-28 11:53:22,237 - CommandPlanner.py - INFO - Executing command: AlignWithBallCommand
2024-05-28 11:53:22,258 - CommandPlanner.py - INFO - Command Planner Update completed
2024-05-28 11:53:22,397 - control_thread.py - INFO - Updating command planner with distance: 7.799403701934929, angle: 14.93420599172329
2024-05-28 11:53:22,397 - CommandPlanner.py - INFO - Executing command: AlignWithBallCommand
2024-05-28 11:53:22,413 - CommandPlanner.py - INFO - Command Planner Update completed
2024-05-28 11:53:22,548 - control_thread.py - INFO - Updating command planner with distance: 7.295164847833457, angle: 14.412297704670623
2024-05-28 11:53:22,548 - CommandPlanner.py - INFO - Executing command: AlignWithBallCommand
2024-05-28 11:53:22,580 - CommandPlanner.py - INFO - Command Planner Update completed
2024-05-28 11:53:22,722 - control_thread.py - INFO - Updating command planner with distance: 7.442822711896873, angle: 13.484179041369892
2024-05-28 11:53:22,722 - CommandPlanner.py - INFO - Executing command: AlignWithBallCommand
2024-05-28 11:53:22,741 - CommandPlanner.py - INFO - Command Planner Update completed
2024-05-28 11:53:22,929 - control_thread.py - INFO - Updating command planner with distance: 7.55354510427248, angle: 11.10437499781159
2024-05-28 11:53:22,929 - CommandPlanner.py - INFO - Executing command: AlignWithBallCommand
2024-05-28 11:53:22,994 - CommandPlanner.py - INFO - Command Planner Update completed
2024-05-28 11:53:23,154 - control_thread.py - INFO - Updating command planner with distance: 7.251179307845789, angle: 10.407480399279507
2024-05-28 11:53:23,154 - CommandPlanner.py - INFO - Executing command: AlignWithBallCommand
2024-05-28 11:53:23,190 - CommandPlanner.py - INFO - Command Planner Update completed
2024-05-28 11:53:23,368 - control_thread.py - INFO - Updating command planner with distance: 7.55021931295585, angle: 8.897046864703027
2024-05-28 11:53:23,368 - CommandPlanner.py - INFO - Executing command: AlignWithBallCommand
2024-05-28 11:53:23,396 - CommandPlanner.py - INFO - Command Planner Update completed
2024-05-28 11:53:23,544 - control_thread.py - INFO - Updating command planner with distance: 7.58672620653942, angle: 6.862849457897211
2024-05-28 11:53:23,544 - CommandPlanner.py - INFO - Executing command: AlignWithBallCommand
2024-05-28 11:53:23,582 - CommandPlanner.py - INFO - Command Planner Update completed
2024-05-28 11:53:23,728 - control_thread.py - INFO - Updating command planner with distance: 7.585723630578728, angle: 5.816351073088168
2024-05-28 11:53:23,728 - CommandPlanner.py - INFO - Executing command: AlignWithBallCommand
2024-05-28 11:53:23,758 - CommandPlanner.py - INFO - Command Planner Update completed
2024-05-28 11:53:23,952 - control_thread.py - INFO - Updating command planner with distance: 7.948325780407047, angle: 4.013629598770013
2024-05-28 11:53:23,952 - CommandPlanner.py - INFO - Executing command: AlignWithBallCommand
2024-05-28 11:53:23,976 - CommandPlanner.py - INFO - Command Planner Update completed
2024-05-28 11:53:24,120 - control_thread.py - INFO - Updating command planner with distance: 7.3922830350986155, angle: 3.1993617362301094
2024-05-28 11:53:24,120 - CommandPlanner.py - INFO - Executing command: AlignWithBallCommand
2024-05-28 11:53:24,139 - CommandPlanner.py - INFO - Command Planner Update completed
2024-05-28 11:53:24,287 - control_thread.py - INFO - Updating command planner with distance: 7.3174944096937775, angle: 2.9667016669309794
2024-05-28 11:53:24,287 - CommandPlanner.py - INFO - Executing command: AlignWithBallCommand
2024-05-28 11:53:24,304 - CommandPlanner.py - INFO - Command Planner Update completed
2024-05-28 11:53:24,451 - control_thread.py - INFO - Updating command planner with distance: 7.467745338451377, angle: 2.3850317143444344
2024-05-28 11:53:24,451 - CommandPlanner.py - INFO - Executing command: AlignWithBallCommand
2024-05-28 11:53:24,475 - CommandPlanner.py - INFO - Command Planner Update completed
2024-05-28 11:53:24,606 - control_thread.py - INFO - Updating command planner with distance: 7.505844954607783, angle: 1.6288262892864394
2024-05-28 11:53:24,606 - CommandPlanner.py - INFO - Executing command: AlignWithBallCommand
2024-05-28 11:53:24,620 - CommandPlanner.py - INFO - Command Planner Update completed
2024-05-28 11:53:24,761 - control_thread.py - INFO - Updating command planner with distance: 7.505647107514051, angle: 0.11634623458314212
2024-05-28 11:53:24,761 - CommandPlanner.py - INFO - Executing command: AlignWithBallCommand
2024-05-28 11:53:24,826 - CommandPlanner.py - INFO - Command AlignWithBallCommand is finished
2024-05-28 11:53:24,827 - CommandPlanner.py - INFO - Command Planner Update completed
2024-05-28 11:53:25,014 - control_thread.py - INFO - Updating command planner with distance: 7.134923367142791, angle: -0.6980757924775274
2024-05-28 11:53:25,014 - CommandPlanner.py - INFO - Starting command planning
2024-05-28 11:53:25,014 - CommandPlanner.py - INFO - Command updated
2024-05-28 11:53:25,014 - CommandPlanner.py - INFO - Executing command: AlignWithBallCommand
2024-05-28 11:53:25,069 - CommandPlanner.py - INFO - Command AlignWithBallCommand is finished
2024-05-28 11:53:25,069 - CommandPlanner.py - INFO - Command Planner Update completed
2024-05-28 11:53:25,189 - control_thread.py - INFO - Updating command planner with distance: 7.134923367142791, angle: -0.6980757924775274
2024-05-28 11:53:25,189 - CommandPlanner.py - INFO - Starting command planning
2024-05-28 11:53:25,189 - CommandPlanner.py - INFO - Command updated
2024-05-28 11:53:25,189 - CommandPlanner.py - INFO - Executing command: AlignWithBallCommand
2024-05-28 11:53:25,245 - CommandPlanner.py - INFO - Command AlignWithBallCommand is finished
2024-05-28 11:53:25,245 - CommandPlanner.py - INFO - Command Planner Update completed
2024-05-28 11:53:25,425 - control_thread.py - INFO - Updating command planner with distance: 7.099314168818207, angle: -0.6399030529847414
2024-05-28 11:53:25,425 - CommandPlanner.py - INFO - Starting command planning
2024-05-28 11:53:25,425 - CommandPlanner.py - INFO - Command updated
2024-05-28 11:53:25,425 - CommandPlanner.py - INFO - Executing command: AlignWithBallCommand
2024-05-28 11:53:25,474 - CommandPlanner.py - INFO - Command AlignWithBallCommand is finished
2024-05-28 11:53:25,474 - CommandPlanner.py - INFO - Command Planner Update completed
2024-05-28 11:53:25,661 - control_thread.py - INFO - Updating command planner with distance: 7.134923367142791, angle: -0.6980757924775274
2024-05-28 11:53:25,661 - CommandPlanner.py - INFO - Starting command planning
2024-05-28 11:53:25,661 - CommandPlanner.py - INFO - Command updated
2024-05-28 11:53:25,661 - CommandPlanner.py - INFO - Executing command: AlignWithBallCommand
2024-05-28 11:53:25,710 - CommandPlanner.py - INFO - Command AlignWithBallCommand is finished
2024-05-28 11:53:25,710 - CommandPlanner.py - INFO - Command Planner Update completed
2024-05-28 11:53:25,891 - control_thread.py - INFO - Updating command planner with distance: 7.206923004722256, angle: -0.8144210580518713
2024-05-28 11:53:25,891 - CommandPlanner.py - INFO - Starting command planning
2024-05-28 11:53:25,891 - CommandPlanner.py - INFO - Command updated
2024-05-28 11:53:25,891 - CommandPlanner.py - INFO - Executing command: AlignWithBallCommand
2024-05-28 11:53:25,935 - CommandPlanner.py - INFO - Command AlignWithBallCommand is finished
2024-05-28 11:53:25,935 - CommandPlanner.py - INFO - Command Planner Update completed
2024-05-28 11:53:26,125 - control_thread.py - INFO - Updating command planner with distance: 7.134936079128091, angle: -0.8144210580518713
2024-05-28 11:53:26,125 - CommandPlanner.py - INFO - Starting command planning
2024-05-28 11:53:26,126 - CommandPlanner.py - INFO - Command updated
2024-05-28 11:53:26,126 - CommandPlanner.py - INFO - Executing command: AlignWithBallCommand
2024-05-28 11:53:26,181 - CommandPlanner.py - INFO - Command AlignWithBallCommand is finished
2024-05-28 11:53:26,181 - CommandPlanner.py - INFO - Command Planner Update completed
2024-05-28 11:53:26,387 - control_thread.py - INFO - Updating command planner with distance: 7.134936079128091, angle: -0.8144210580518713
2024-05-28 11:53:26,387 - CommandPlanner.py - INFO - Starting command planning
2024-05-28 11:53:26,387 - CommandPlanner.py - INFO - Command updated
2024-05-28 11:53:26,387 - CommandPlanner.py - INFO - Executing command: AlignWithBallCommand
2024-05-28 11:53:26,449 - CommandPlanner.py - INFO - Command AlignWithBallCommand is finished
2024-05-28 11:53:26,450 - CommandPlanner.py - INFO - Command Planner Update completed
2024-05-28 11:53:26,657 - control_thread.py - INFO - Updating command planner with distance: 7.1707920321524075, angle: -0.7562484627558008
2024-05-28 11:53:26,657 - CommandPlanner.py - INFO - Starting command planning
2024-05-28 11:53:26,657 - CommandPlanner.py - INFO - Command updated
2024-05-28 11:53:26,658 - CommandPlanner.py - INFO - Executing command: AlignWithBallCommand
2024-05-28 11:53:26,712 - CommandPlanner.py - INFO - Command AlignWithBallCommand is finished
2024-05-28 11:53:26,712 - CommandPlanner.py - INFO - Command Planner Update completed
2024-05-28 11:53:26,919 - control_thread.py - INFO - Updating command planner with distance: 7.134923367142791, angle: -0.6980757924775274
2024-05-28 11:53:26,919 - CommandPlanner.py - INFO - Starting command planning
2024-05-28 11:53:26,919 - CommandPlanner.py - INFO - Command updated
2024-05-28 11:53:26,919 - CommandPlanner.py - INFO - Executing command: AlignWithBallCommand
2024-05-28 11:53:26,965 - CommandPlanner.py - INFO - Command AlignWithBallCommand is finished
2024-05-28 11:53:26,965 - CommandPlanner.py - INFO - Command Planner Update completed
2024-05-28 11:53:27,157 - control_thread.py - INFO - Updating command planner with distance: 7.206923004722256, angle: -0.8144210580518713
2024-05-28 11:53:27,157 - CommandPlanner.py - INFO - Starting command planning
2024-05-28 11:53:27,157 - CommandPlanner.py - INFO - Command updated
2024-05-28 11:53:27,157 - CommandPlanner.py - INFO - Executing command: AlignWithBallCommand
2024-05-28 11:53:27,211 - CommandPlanner.py - INFO - Command AlignWithBallCommand is finished
2024-05-28 11:53:27,211 - CommandPlanner.py - INFO - Command Planner Update completed
2024-05-28 11:53:27,397 - control_thread.py - INFO - Updating command planner with distance: 7.170805771754737, angle: -0.8725935725980932
2024-05-28 11:53:27,397 - CommandPlanner.py - INFO - Starting command planning
2024-05-28 11:53:27,397 - CommandPlanner.py - INFO - Command updated
2024-05-28 11:53:27,397 - CommandPlanner.py - INFO - Executing command: AlignWithBallCommand
2024-05-28 11:53:27,445 - CommandPlanner.py - INFO - Command AlignWithBallCommand is finished
2024-05-28 11:53:27,445 - CommandPlanner.py - INFO - Command Planner Update completed
2024-05-28 11:53:27,624 - control_thread.py - INFO - Updating command planner with distance: 7.134923367142791, angle: -0.6980757924775274
2024-05-28 11:53:27,624 - CommandPlanner.py - INFO - Starting command planning
2024-05-28 11:53:27,624 - CommandPlanner.py - INFO - Command updated
2024-05-28 11:53:27,624 - CommandPlanner.py - INFO - Executing command: AlignWithBallCommand
2024-05-28 11:53:27,705 - CommandPlanner.py - INFO - Command AlignWithBallCommand is finished
2024-05-28 11:53:27,705 - CommandPlanner.py - INFO - Command Planner Update completed
2024-05-28 11:53:27,855 - control_thread.py - INFO - Updating command planner with distance: 7.206923004722256, angle: -0.8144210580518713
2024-05-28 11:53:27,855 - CommandPlanner.py - INFO - Starting command planning
2024-05-28 11:53:27,855 - CommandPlanner.py - INFO - Command updated
2024-05-28 11:53:27,855 - CommandPlanner.py - INFO - Executing command: AlignWithBallCommand
2024-05-28 11:53:27,908 - CommandPlanner.py - INFO - Command AlignWithBallCommand is finished
2024-05-28 11:53:27,908 - CommandPlanner.py - INFO - Command Planner Update completed
2024-05-28 11:53:28,052 - control_thread.py - INFO - Updating command planner with distance: 7.170780255335233, angle: -0.6399030529847414
2024-05-28 11:53:28,052 - CommandPlanner.py - INFO - Starting command planning
2024-05-28 11:53:28,052 - CommandPlanner.py - INFO - Command updated
2024-05-28 11:53:28,052 - CommandPlanner.py - INFO - Executing command: AlignWithBallCommand
2024-05-28 11:53:28,103 - CommandPlanner.py - INFO - Command AlignWithBallCommand is finished
2024-05-28 11:53:28,103 - CommandPlanner.py - INFO - Command Planner Update completed
2024-05-28 11:53:28,279 - control_thread.py - INFO - Updating command planner with distance: 7.206923004722256, angle: -0.8144210580518713
2024-05-28 11:53:28,279 - CommandPlanner.py - INFO - Starting command planning
2024-05-28 11:53:28,279 - CommandPlanner.py - INFO - Command updated
2024-05-28 11:53:28,279 - CommandPlanner.py - INFO - Executing command: AlignWithBallCommand
2024-05-28 11:53:28,325 - CommandPlanner.py - INFO - Command AlignWithBallCommand is finished
2024-05-28 11:53:28,325 - CommandPlanner.py - INFO - Command Planner Update completed
2024-05-28 11:53:28,521 - control_thread.py - INFO - Updating command planner with distance: 7.134936079128091, angle: -0.8144210580518713
2024-05-28 11:53:28,521 - CommandPlanner.py - INFO - Starting command planning
2024-05-28 11:53:28,521 - CommandPlanner.py - INFO - Command updated
2024-05-28 11:53:28,521 - CommandPlanner.py - INFO - Executing command: AlignWithBallCommand
2024-05-28 11:53:28,566 - CommandPlanner.py - INFO - Command AlignWithBallCommand is finished
2024-05-28 11:53:28,567 - CommandPlanner.py - INFO - Command Planner Update completed
2024-05-28 11:53:28,754 - control_thread.py - INFO - Updating command planner with distance: 7.1707920321524075, angle: -0.7562484627558008
2024-05-28 11:53:28,754 - CommandPlanner.py - INFO - Starting command planning
2024-05-28 11:53:28,754 - CommandPlanner.py - INFO - Command updated
2024-05-28 11:53:28,754 - CommandPlanner.py - INFO - Executing command: AlignWithBallCommand
2024-05-28 11:53:28,801 - CommandPlanner.py - INFO - Command AlignWithBallCommand is finished
2024-05-28 11:53:28,801 - CommandPlanner.py - INFO - Command Planner Update completed
2024-05-28 11:53:28,979 - control_thread.py - INFO - Updating command planner with distance: 7.170805771754737, angle: -0.8725935725980932
2024-05-28 11:53:28,979 - CommandPlanner.py - INFO - Starting command planning
2024-05-28 11:53:28,980 - CommandPlanner.py - INFO - Command updated
2024-05-28 11:53:28,980 - CommandPlanner.py - INFO - Executing command: AlignWithBallCommand
2024-05-28 11:53:29,022 - CommandPlanner.py - INFO - Command AlignWithBallCommand is finished
2024-05-28 11:53:29,022 - CommandPlanner.py - INFO - Command Planner Update completed
2024-05-28 11:53:29,205 - control_thread.py - INFO - Updating command planner with distance: 7.099314168818207, angle: -0.6399030529847414
2024-05-28 11:53:29,205 - CommandPlanner.py - INFO - Starting command planning
2024-05-28 11:53:29,205 - CommandPlanner.py - INFO - Command updated
2024-05-28 11:53:29,205 - CommandPlanner.py - INFO - Executing command: AlignWithBallCommand
2024-05-28 11:53:29,259 - CommandPlanner.py - INFO - Command AlignWithBallCommand is finished
2024-05-28 11:53:29,259 - CommandPlanner.py - INFO - Command Planner Update completed
2024-05-28 11:53:29,438 - control_thread.py - INFO - Updating command planner with distance: 7.1707920321524075, angle: -0.7562484627558008
2024-05-28 11:53:29,438 - CommandPlanner.py - INFO - Starting command planning
2024-05-28 11:53:29,438 - CommandPlanner.py - INFO - Command updated
2024-05-28 11:53:29,438 - CommandPlanner.py - INFO - Executing command: AlignWithBallCommand
2024-05-28 11:53:29,488 - CommandPlanner.py - INFO - Command AlignWithBallCommand is finished
2024-05-28 11:53:29,488 - CommandPlanner.py - INFO - Command Planner Update completed
2024-05-28 11:53:29,661 - control_thread.py - INFO - Updating command planner with distance: 7.206937779440416, angle: -0.9307660006268693
2024-05-28 11:53:29,661 - CommandPlanner.py - INFO - Starting command planning
2024-05-28 11:53:29,662 - CommandPlanner.py - INFO - Command updated
2024-05-28 11:53:29,662 - CommandPlanner.py - INFO - Executing command: AlignWithBallCommand
2024-05-28 11:53:29,725 - CommandPlanner.py - INFO - Command AlignWithBallCommand is finished
2024-05-28 11:53:29,725 - CommandPlanner.py - INFO - Command Planner Update completed
2024-05-28 11:53:29,898 - control_thread.py - INFO - Updating command planner with distance: 7.134912610834742, angle: -0.5817302500451741
2024-05-28 11:53:29,899 - CommandPlanner.py - INFO - Starting command planning
2024-05-28 11:53:29,899 - CommandPlanner.py - INFO - Command updated
2024-05-28 11:53:29,899 - CommandPlanner.py - INFO - Executing command: AlignWithBallCommand
2024-05-28 11:53:29,954 - CommandPlanner.py - INFO - Command AlignWithBallCommand is finished
2024-05-28 11:53:29,954 - CommandPlanner.py - INFO - Command Planner Update completed
2024-05-28 11:53:30,154 - control_thread.py - INFO - Updating command planner with distance: 7.134923367142791, angle: -0.6980757924775274
2024-05-28 11:53:30,155 - CommandPlanner.py - INFO - Starting command planning
2024-05-28 11:53:30,155 - CommandPlanner.py - INFO - Command updated
2024-05-28 11:53:30,155 - CommandPlanner.py - INFO - Executing command: AlignWithBallCommand
2024-05-28 11:53:30,196 - CommandPlanner.py - INFO - Command AlignWithBallCommand is finished
2024-05-28 11:53:30,196 - CommandPlanner.py - INFO - Command Planner Update completed
2024-05-28 11:53:30,324 - control_thread.py - INFO - Updating command planner with distance: 7.134936079128091, angle: -0.8144210580518713
2024-05-28 11:53:30,324 - CommandPlanner.py - INFO - Starting command planning
2024-05-28 11:53:30,324 - CommandPlanner.py - INFO - Command updated
2024-05-28 11:53:30,324 - CommandPlanner.py - INFO - Executing command: AlignWithBallCommand
2024-05-28 11:53:30,372 - CommandPlanner.py - INFO - Command AlignWithBallCommand is finished
2024-05-28 11:53:30,372 - CommandPlanner.py - INFO - Command Planner Update completed
2024-05-28 11:53:30,565 - control_thread.py - INFO - Updating command planner with distance: 7.134912610834742, angle: -0.5817302500451741
2024-05-28 11:53:30,565 - CommandPlanner.py - INFO - Starting command planning
2024-05-28 11:53:30,565 - CommandPlanner.py - INFO - Command updated
2024-05-28 11:53:30,565 - CommandPlanner.py - INFO - Executing command: AlignWithBallCommand
2024-05-28 11:53:30,613 - CommandPlanner.py - INFO - Command AlignWithBallCommand is finished
2024-05-28 11:53:30,614 - CommandPlanner.py - INFO - Command Planner Update completed
2024-05-28 11:53:30,810 - control_thread.py - INFO - Updating command planner with distance: 7.134923367142791, angle: -0.6980757924775274
2024-05-28 11:53:30,810 - CommandPlanner.py - INFO - Starting command planning
2024-05-28 11:53:30,810 - CommandPlanner.py - INFO - Command updated
2024-05-28 11:53:30,810 - CommandPlanner.py - INFO - Executing command: AlignWithBallCommand
2024-05-28 11:53:30,863 - CommandPlanner.py - INFO - Command AlignWithBallCommand is finished
2024-05-28 11:53:30,863 - CommandPlanner.py - INFO - Command Planner Update completed
2024-05-28 11:53:31,203 - control_thread.py - INFO - Updating command planner with distance: 7.206923004722256, angle: -0.8144210580518713
2024-05-28 11:53:31,204 - CommandPlanner.py - INFO - Starting command planning
2024-05-28 11:53:31,204 - CommandPlanner.py - INFO - Command updated
2024-05-28 11:53:31,204 - CommandPlanner.py - INFO - Executing command: AlignWithBallCommand
2024-05-28 11:53:31,253 - CommandPlanner.py - INFO - Command AlignWithBallCommand is finished
2024-05-28 11:53:31,253 - CommandPlanner.py - INFO - Command Planner Update completed
2024-05-28 11:53:31,381 - control_thread.py - INFO - Updating command planner with distance: 7.206923004722256, angle: -0.8144210580518713
2024-05-28 11:53:31,381 - CommandPlanner.py - INFO - Starting command planning
2024-05-28 11:53:31,381 - CommandPlanner.py - INFO - Command updated
2024-05-28 11:53:31,381 - CommandPlanner.py - INFO - Executing command: AlignWithBallCommand
2024-05-28 11:53:31,430 - CommandPlanner.py - INFO - Command AlignWithBallCommand is finished
2024-05-28 11:53:31,430 - CommandPlanner.py - INFO - Command Planner Update completed
2024-05-28 11:53:31,586 - control_thread.py - INFO - Updating command planner with distance: 7.170780255335233, angle: -0.6399030529847414
2024-05-28 11:53:31,586 - CommandPlanner.py - INFO - Starting command planning
2024-05-28 11:53:31,586 - CommandPlanner.py - INFO - Command updated
2024-05-28 11:53:31,586 - CommandPlanner.py - INFO - Executing command: AlignWithBallCommand
2024-05-28 11:53:31,629 - CommandPlanner.py - INFO - Command AlignWithBallCommand is finished
2024-05-28 11:53:31,629 - CommandPlanner.py - INFO - Command Planner Update completed
2024-05-28 11:53:31,761 - control_thread.py - INFO - Updating command planner with distance: 7.134912610834742, angle: -0.5817302500451741
2024-05-28 11:53:31,761 - CommandPlanner.py - INFO - Starting command planning
2024-05-28 11:53:31,761 - CommandPlanner.py - INFO - Command updated
2024-05-28 11:53:31,761 - CommandPlanner.py - INFO - Executing command: AlignWithBallCommand
2024-05-28 11:53:31,810 - CommandPlanner.py - INFO - Command AlignWithBallCommand is finished
2024-05-28 11:53:31,810 - CommandPlanner.py - INFO - Command Planner Update completed
2024-05-28 11:53:31,975 - control_thread.py - INFO - Updating command planner with distance: 7.09932586060421, angle: -0.7562484627558008
2024-05-28 11:53:31,975 - CommandPlanner.py - INFO - Starting command planning
2024-05-28 11:53:31,975 - CommandPlanner.py - INFO - Command updated
2024-05-28 11:53:31,975 - CommandPlanner.py - INFO - Executing command: AlignWithBallCommand
2024-05-28 11:53:32,032 - CommandPlanner.py - INFO - Command AlignWithBallCommand is finished
2024-05-28 11:53:32,032 - CommandPlanner.py - INFO - Command Planner Update completed
2024-05-28 11:53:32,189 - control_thread.py - INFO - Updating command planner with distance: 7.1707920321524075, angle: -0.7562484627558008
2024-05-28 11:53:32,189 - CommandPlanner.py - INFO - Starting command planning
2024-05-28 11:53:32,189 - CommandPlanner.py - INFO - Command updated
2024-05-28 11:53:32,189 - CommandPlanner.py - INFO - Executing command: AlignWithBallCommand
2024-05-28 11:53:32,231 - CommandPlanner.py - INFO - Command AlignWithBallCommand is finished
2024-05-28 11:53:32,231 - CommandPlanner.py - INFO - Command Planner Update completed
2024-05-28 11:53:32,407 - control_thread.py - INFO - Control thread exited
2024-05-28 11:53:32,411 - main.py - INFO - Main thread exited
2024-05-28 11:53:32,476 - camera_thread.py - INFO - Camera thread exited
