2024-05-28 11:55:54,219 - main.py - INFO - Main function started
2024-05-28 11:55:56,108 - ugotcamera.py - INFO - camera opened
2024-05-28 11:55:56,161 - CommandPlanner.py - INFO - CommandPlanner initiated
2024-05-28 11:55:56,161 - control_thread.py - INFO - Control thread started
2024-05-28 11:55:57,751 - control_thread.py - INFO - Updating command planner with distance: 0, angle: 0
2024-05-28 11:55:57,751 - CommandPlanner.py - INFO - Executing command: LocateBallCommand
2024-05-28 11:55:58,740 - CommandPlanner.py - INFO - Command Planner Update completed
2024-05-28 11:55:59,005 - control_thread.py - INFO - Updating command planner with distance: 0, angle: 0
2024-05-28 11:55:59,005 - CommandPlanner.py - INFO - Executing command: LocateBallCommand
2024-05-28 11:55:59,045 - CommandPlanner.py - INFO - Command Planner Update completed
2024-05-28 11:55:59,187 - control_thread.py - INFO - Updating command planner with distance: 0, angle: 0
2024-05-28 11:55:59,187 - CommandPlanner.py - INFO - Executing command: LocateBallCommand
2024-05-28 11:55:59,266 - CommandPlanner.py - INFO - Command Planner Update completed
2024-05-28 11:55:59,421 - control_thread.py - INFO - Updating command planner with distance: 0, angle: 0
2024-05-28 11:55:59,421 - CommandPlanner.py - INFO - Executing command: LocateBallCommand
2024-05-28 11:55:59,444 - CommandPlanner.py - INFO - Command Planner Update completed
2024-05-28 11:55:59,587 - control_thread.py - INFO - Updating command planner with distance: 0, angle: 0
2024-05-28 11:55:59,587 - CommandPlanner.py - INFO - Executing command: LocateBallCommand
2024-05-28 11:55:59,608 - CommandPlanner.py - INFO - Command Planner Update completed
2024-05-28 11:55:59,742 - control_thread.py - INFO - Updating command planner with distance: 0, angle: 0
2024-05-28 11:55:59,743 - CommandPlanner.py - INFO - Executing command: LocateBallCommand
2024-05-28 11:55:59,804 - CommandPlanner.py - INFO - Command Planner Update completed
2024-05-28 11:56:00,135 - control_thread.py - INFO - Updating command planner with distance: 0, angle: 0
2024-05-28 11:56:00,135 - CommandPlanner.py - INFO - Executing command: LocateBallCommand
2024-05-28 11:56:00,154 - CommandPlanner.py - INFO - Command Planner Update completed
2024-05-28 11:56:00,569 - control_thread.py - INFO - Updating command planner with distance: 0, angle: 0
2024-05-28 11:56:00,569 - CommandPlanner.py - INFO - Executing command: LocateBallCommand
2024-05-28 11:56:00,590 - CommandPlanner.py - INFO - Command Planner Update completed
2024-05-28 11:56:00,719 - control_thread.py - INFO - Updating command planner with distance: 0, angle: 0
2024-05-28 11:56:00,719 - CommandPlanner.py - INFO - Executing command: LocateBallCommand
2024-05-28 11:56:00,820 - CommandPlanner.py - INFO - Command Planner Update completed
2024-05-28 11:56:00,985 - control_thread.py - INFO - Updating command planner with distance: 0, angle: 0
2024-05-28 11:56:00,985 - CommandPlanner.py - INFO - Executing command: LocateBallCommand
2024-05-28 11:56:01,009 - CommandPlanner.py - INFO - Command Planner Update completed
2024-05-28 11:56:01,147 - control_thread.py - INFO - Updating command planner with distance: 0, angle: 0
2024-05-28 11:56:01,147 - CommandPlanner.py - INFO - Executing command: LocateBallCommand
2024-05-28 11:56:01,166 - CommandPlanner.py - INFO - Command Planner Update completed
2024-05-28 11:56:01,304 - control_thread.py - INFO - Updating command planner with distance: 0, angle: 0
2024-05-28 11:56:01,304 - CommandPlanner.py - INFO - Executing command: LocateBallCommand
2024-05-28 11:56:01,370 - CommandPlanner.py - INFO - Command Planner Update completed
2024-05-28 11:56:01,524 - control_thread.py - INFO - Updating command planner with distance: 0, angle: 0
2024-05-28 11:56:01,524 - CommandPlanner.py - INFO - Executing command: LocateBallCommand
2024-05-28 11:56:01,546 - CommandPlanner.py - INFO - Command Planner Update completed
2024-05-28 11:56:01,666 - control_thread.py - INFO - Updating command planner with distance: 0, angle: 0
2024-05-28 11:56:01,666 - CommandPlanner.py - INFO - Executing command: LocateBallCommand
2024-05-28 11:56:01,690 - CommandPlanner.py - INFO - Command Planner Update completed
2024-05-28 11:56:01,884 - control_thread.py - INFO - Updating command planner with distance: 20.45159305960494, angle: 25.62998723314099
2024-05-28 11:56:01,884 - CommandPlanner.py - INFO - Executing command: LocateBallCommand
2024-05-28 11:56:02,187 - CommandPlanner.py - INFO - Command LocateBallCommand is finished
2024-05-28 11:56:02,187 - CommandPlanner.py - INFO - Command Planner Update completed
2024-05-28 11:56:02,329 - control_thread.py - INFO - Updating command planner with distance: 40.01908894768713, angle: 26.263600831143766
2024-05-28 11:56:02,329 - CommandPlanner.py - INFO - Starting command planning
2024-05-28 11:56:02,329 - CommandPlanner.py - INFO - Switching to TranslateToBallCommand with distance: 40.01908894768713, angle: 26.263600831143766
2024-05-28 11:56:02,329 - CommandPlanner.py - INFO - Command updated
2024-05-28 11:56:02,329 - CommandPlanner.py - INFO - Executing command: TranslateToBallCommand
2024-05-28 11:56:02,330 - TranslateToBallCommand.py - INFO - shared data: distance - 40.01908894768713, angle: 26.263600831143766
2024-05-28 11:56:02,422 - CommandPlanner.py - INFO - Command Planner Update completed
2024-05-28 11:56:02,569 - control_thread.py - INFO - Updating command planner with distance: 40.355674472686815, angle: 26.263600831143766
2024-05-28 11:56:02,569 - CommandPlanner.py - INFO - Executing command: TranslateToBallCommand
2024-05-28 11:56:02,569 - TranslateToBallCommand.py - INFO - shared data: distance - 40.355674472686815, angle: 26.263600831143766
2024-05-28 11:56:02,587 - CommandPlanner.py - INFO - Command Planner Update completed
2024-05-28 11:56:02,726 - control_thread.py - INFO - Updating command planner with distance: 35.822165731480695, angle: 27.414826759632106
2024-05-28 11:56:02,726 - CommandPlanner.py - INFO - Executing command: TranslateToBallCommand
2024-05-28 11:56:02,726 - TranslateToBallCommand.py - INFO - shared data: distance - 35.822165731480695, angle: 27.414826759632106
2024-05-28 11:56:02,739 - CommandPlanner.py - INFO - Command Planner Update completed
2024-05-28 11:56:02,882 - control_thread.py - INFO - Updating command planner with distance: 33.771305696127875, angle: 27.759988345088573
2024-05-28 11:56:02,882 - CommandPlanner.py - INFO - Executing command: TranslateToBallCommand
2024-05-28 11:56:02,882 - TranslateToBallCommand.py - INFO - shared data: distance - 33.771305696127875, angle: 27.759988345088573
2024-05-28 11:56:02,947 - CommandPlanner.py - INFO - Command Planner Update completed
2024-05-28 11:56:03,093 - control_thread.py - INFO - Updating command planner with distance: 32.81913862338624, angle: 27.472360393785294
2024-05-28 11:56:03,093 - CommandPlanner.py - INFO - Executing command: TranslateToBallCommand
2024-05-28 11:56:03,093 - TranslateToBallCommand.py - INFO - shared data: distance - 32.81913862338624, angle: 27.472360393785294
2024-05-28 11:56:03,109 - CommandPlanner.py - INFO - Command Planner Update completed
2024-05-28 11:56:03,246 - control_thread.py - INFO - Updating command planner with distance: 29.4706131161806, angle: 27.242209866461288
2024-05-28 11:56:03,246 - CommandPlanner.py - INFO - Executing command: TranslateToBallCommand
2024-05-28 11:56:03,246 - TranslateToBallCommand.py - INFO - shared data: distance - 29.4706131161806, angle: 27.242209866461288
2024-05-28 11:56:03,263 - CommandPlanner.py - INFO - Command Planner Update completed
2024-05-28 11:56:03,393 - control_thread.py - INFO - Updating command planner with distance: 27.352563542714663, angle: 27.644945230020987
2024-05-28 11:56:03,393 - CommandPlanner.py - INFO - Executing command: TranslateToBallCommand
2024-05-28 11:56:03,394 - TranslateToBallCommand.py - INFO - shared data: distance - 27.352563542714663, angle: 27.644945230020987
2024-05-28 11:56:03,497 - CommandPlanner.py - INFO - Command Planner Update completed
2024-05-28 11:56:03,638 - control_thread.py - INFO - Updating command planner with distance: 24.916105096381195, angle: 27.127118666060205
2024-05-28 11:56:03,638 - CommandPlanner.py - INFO - Executing command: TranslateToBallCommand
2024-05-28 11:56:03,638 - TranslateToBallCommand.py - INFO - shared data: distance - 24.916105096381195, angle: 27.127118666060205
2024-05-28 11:56:03,659 - CommandPlanner.py - INFO - Command Planner Update completed
2024-05-28 11:56:03,832 - control_thread.py - INFO - Updating command planner with distance: 23.218975375293557, angle: 27.70246813538931
2024-05-28 11:56:03,832 - CommandPlanner.py - INFO - Executing command: TranslateToBallCommand
2024-05-28 11:56:03,832 - TranslateToBallCommand.py - INFO - shared data: distance - 23.218975375293557, angle: 27.70246813538931
2024-05-28 11:56:03,872 - CommandPlanner.py - INFO - Command Planner Update completed
2024-05-28 11:56:04,074 - control_thread.py - INFO - Updating command planner with distance: 20.557931468914592, angle: 26.493929340285494
2024-05-28 11:56:04,074 - CommandPlanner.py - INFO - Executing command: TranslateToBallCommand
2024-05-28 11:56:04,074 - TranslateToBallCommand.py - INFO - shared data: distance - 20.557931468914592, angle: 26.493929340285494
2024-05-28 11:56:04,100 - CommandPlanner.py - INFO - Command Planner Update completed
2024-05-28 11:56:04,225 - control_thread.py - INFO - Updating command planner with distance: 18.990538491840006, angle: 26.896904607805823
2024-05-28 11:56:04,225 - CommandPlanner.py - INFO - Executing command: TranslateToBallCommand
2024-05-28 11:56:04,225 - TranslateToBallCommand.py - INFO - shared data: distance - 18.990538491840006, angle: 26.896904607805823
2024-05-28 11:56:04,244 - CommandPlanner.py - INFO - Command Planner Update completed
2024-05-28 11:56:04,373 - control_thread.py - INFO - Updating command planner with distance: 17.377787475693477, angle: 24.823133248840364
2024-05-28 11:56:04,373 - CommandPlanner.py - INFO - Executing command: TranslateToBallCommand
2024-05-28 11:56:04,373 - TranslateToBallCommand.py - INFO - shared data: distance - 17.377787475693477, angle: 24.823133248840364
2024-05-28 11:56:04,400 - CommandPlanner.py - INFO - Command Planner Update completed
2024-05-28 11:56:04,571 - control_thread.py - INFO - Updating command planner with distance: 15.874504634855557, angle: 24.996071044727987
2024-05-28 11:56:04,571 - CommandPlanner.py - INFO - Executing command: TranslateToBallCommand
2024-05-28 11:56:04,571 - TranslateToBallCommand.py - INFO - shared data: distance - 15.874504634855557, angle: 24.996071044727987
2024-05-28 11:56:04,595 - CommandPlanner.py - INFO - Command Planner Update completed
2024-05-28 11:56:04,736 - control_thread.py - INFO - Updating command planner with distance: 13.899512457235266, angle: 25.62998723314099
2024-05-28 11:56:04,736 - CommandPlanner.py - INFO - Executing command: TranslateToBallCommand
2024-05-28 11:56:04,736 - TranslateToBallCommand.py - INFO - shared data: distance - 13.899512457235266, angle: 25.62998723314099
2024-05-28 11:56:04,759 - CommandPlanner.py - INFO - Command Planner Update completed
2024-05-28 11:56:04,905 - control_thread.py - INFO - Updating command planner with distance: 13.126364423500842, angle: 25.284251815296354
2024-05-28 11:56:04,905 - CommandPlanner.py - INFO - Executing command: TranslateToBallCommand
2024-05-28 11:56:04,905 - TranslateToBallCommand.py - INFO - shared data: distance - 13.126364423500842, angle: 25.284251815296354
2024-05-28 11:56:04,922 - CommandPlanner.py - INFO - Command Planner Update completed
2024-05-28 11:56:05,099 - control_thread.py - INFO - Updating command planner with distance: 11.513214061604316, angle: 24.707829253562792
2024-05-28 11:56:05,099 - CommandPlanner.py - INFO - Executing command: TranslateToBallCommand
2024-05-28 11:56:05,099 - TranslateToBallCommand.py - INFO - shared data: distance - 11.513214061604316, angle: 24.707829253562792
2024-05-28 11:56:05,123 - CommandPlanner.py - INFO - Command Planner Update completed
2024-05-28 11:56:05,251 - control_thread.py - INFO - Updating command planner with distance: 10.843542326430695, angle: 25.05371210231382
2024-05-28 11:56:05,251 - CommandPlanner.py - INFO - Executing command: TranslateToBallCommand
2024-05-28 11:56:05,251 - TranslateToBallCommand.py - INFO - shared data: distance - 10.843542326430695, angle: 25.05371210231382
2024-05-28 11:56:05,267 - CommandPlanner.py - INFO - Command Planner Update completed
2024-05-28 11:56:05,391 - control_thread.py - INFO - Updating command planner with distance: 10.47536815219195, angle: 23.438857763662405
2024-05-28 11:56:05,391 - CommandPlanner.py - INFO - Executing command: TranslateToBallCommand
2024-05-28 11:56:05,391 - TranslateToBallCommand.py - INFO - shared data: distance - 10.47536815219195, angle: 23.438857763662405
2024-05-28 11:56:05,432 - CommandPlanner.py - INFO - Command Planner Update completed
2024-05-28 11:56:05,648 - control_thread.py - INFO - Updating command planner with distance: 8.753443034674836, angle: 22.861682152083965
2024-05-28 11:56:05,648 - CommandPlanner.py - INFO - Executing command: TranslateToBallCommand
2024-05-28 11:56:05,648 - TranslateToBallCommand.py - INFO - shared data: distance - 8.753443034674836, angle: 22.861682152083965
2024-05-28 11:56:05,758 - CommandPlanner.py - INFO - Command TranslateToBallCommand is finished
2024-05-28 11:56:05,758 - CommandPlanner.py - INFO - Command Planner Update completed
2024-05-28 11:56:05,938 - control_thread.py - INFO - Updating command planner with distance: 7.94296166581812, angle: 21.937737965529074
2024-05-28 11:56:05,939 - CommandPlanner.py - INFO - Starting command planning
2024-05-28 11:56:05,939 - CommandPlanner.py - INFO - Switching to AlignWithBallCommand with angle: 21.937737965529074
2024-05-28 11:56:05,939 - CommandPlanner.py - INFO - Command updated
2024-05-28 11:56:05,939 - CommandPlanner.py - INFO - Executing command: AlignWithBallCommand
2024-05-28 11:56:05,952 - CommandPlanner.py - INFO - Command Planner Update completed
2024-05-28 11:56:06,149 - control_thread.py - INFO - Updating command planner with distance: 8.112734928662066, angle: 22.05326154884438
2024-05-28 11:56:06,149 - CommandPlanner.py - INFO - Executing command: AlignWithBallCommand
2024-05-28 11:56:06,168 - CommandPlanner.py - INFO - Command Planner Update completed
2024-05-28 11:56:06,290 - control_thread.py - INFO - Updating command planner with distance: 7.308218989845635, angle: 19.625519469470856
2024-05-28 11:56:06,290 - CommandPlanner.py - INFO - Executing command: AlignWithBallCommand
2024-05-28 11:56:06,377 - CommandPlanner.py - INFO - Command Planner Update completed
2024-05-28 11:56:06,508 - control_thread.py - INFO - Updating command planner with distance: 7.160834507437812, angle: 18.93123629115772
2024-05-28 11:56:06,508 - CommandPlanner.py - INFO - Executing command: AlignWithBallCommand
2024-05-28 11:56:06,604 - CommandPlanner.py - INFO - Command Planner Update completed
2024-05-28 11:56:06,737 - control_thread.py - INFO - Updating command planner with distance: 6.7767829659115275, angle: 16.90474857184247
2024-05-28 11:56:06,737 - CommandPlanner.py - INFO - Executing command: AlignWithBallCommand
2024-05-28 11:56:06,763 - CommandPlanner.py - INFO - Command Planner Update completed
2024-05-28 11:56:06,891 - control_thread.py - INFO - Updating command planner with distance: 6.704365969350061, angle: 13.77425381963611
2024-05-28 11:56:06,891 - CommandPlanner.py - INFO - Executing command: AlignWithBallCommand
2024-05-28 11:56:06,944 - CommandPlanner.py - INFO - Command Planner Update completed
2024-05-28 11:56:07,103 - control_thread.py - INFO - Updating command planner with distance: 7.038034819072034, angle: 11.336638557805612
2024-05-28 11:56:07,103 - CommandPlanner.py - INFO - Executing command: AlignWithBallCommand
2024-05-28 11:56:07,124 - CommandPlanner.py - INFO - Command Planner Update completed
2024-05-28 11:56:07,247 - control_thread.py - INFO - Updating command planner with distance: 6.79752915115803, angle: 10.349399023531346
2024-05-28 11:56:07,247 - CommandPlanner.py - INFO - Executing command: AlignWithBallCommand
2024-05-28 11:56:07,261 - CommandPlanner.py - INFO - Command Planner Update completed
2024-05-28 11:56:07,427 - control_thread.py - INFO - Updating command planner with distance: 6.382551591760559, angle: 9.710437598101798
2024-05-28 11:56:07,427 - CommandPlanner.py - INFO - Executing command: AlignWithBallCommand
2024-05-28 11:56:07,442 - CommandPlanner.py - INFO - Command Planner Update completed
2024-05-28 11:56:07,571 - control_thread.py - INFO - Updating command planner with distance: 6.4733835255503624, angle: 8.490285802853554
2024-05-28 11:56:07,571 - CommandPlanner.py - INFO - Executing command: AlignWithBallCommand
2024-05-28 11:56:07,597 - CommandPlanner.py - INFO - Command Planner Update completed
2024-05-28 11:56:07,722 - control_thread.py - INFO - Updating command planner with distance: 6.761307363344228, angle: 7.967247065235524
2024-05-28 11:56:07,722 - CommandPlanner.py - INFO - Executing command: AlignWithBallCommand
2024-05-28 11:56:07,740 - CommandPlanner.py - INFO - Command Planner Update completed
2024-05-28 11:56:07,859 - control_thread.py - INFO - Updating command planner with distance: 6.963399761812112, angle: 7.502269978645989
2024-05-28 11:56:07,859 - CommandPlanner.py - INFO - Executing command: AlignWithBallCommand
2024-05-28 11:56:07,880 - CommandPlanner.py - INFO - Command Planner Update completed
2024-05-28 11:56:08,058 - control_thread.py - INFO - Updating command planner with distance: 6.929097617815565, angle: 7.560394774666301
2024-05-28 11:56:08,058 - CommandPlanner.py - INFO - Executing command: AlignWithBallCommand
2024-05-28 11:56:08,073 - CommandPlanner.py - INFO - Command Planner Update completed
2024-05-28 11:56:08,197 - control_thread.py - INFO - Updating command planner with distance: 7.032743179538674, angle: 7.386018163823682
2024-05-28 11:56:08,197 - CommandPlanner.py - INFO - Executing command: AlignWithBallCommand
2024-05-28 11:56:08,212 - CommandPlanner.py - INFO - Command Planner Update completed
2024-05-28 11:56:08,346 - control_thread.py - INFO - Updating command planner with distance: 6.997022409371101, angle: 6.514039476604156
2024-05-28 11:56:08,346 - CommandPlanner.py - INFO - Executing command: AlignWithBallCommand
2024-05-28 11:56:08,362 - CommandPlanner.py - INFO - Command Planner Update completed
2024-05-28 11:56:08,484 - control_thread.py - INFO - Updating command planner with distance: 6.859552237885094, angle: 5.932638504239584
2024-05-28 11:56:08,484 - CommandPlanner.py - INFO - Executing command: AlignWithBallCommand
2024-05-28 11:56:08,501 - CommandPlanner.py - INFO - Command Planner Update completed
2024-05-28 11:56:08,627 - control_thread.py - INFO - Updating command planner with distance: 6.893190779269199, angle: 5.641915619056649
2024-05-28 11:56:08,627 - CommandPlanner.py - INFO - Executing command: AlignWithBallCommand
2024-05-28 11:56:08,639 - CommandPlanner.py - INFO - Command Planner Update completed
2024-05-28 11:56:08,801 - control_thread.py - INFO - Updating command planner with distance: 7.171918616212155, angle: 4.013629598770013
2024-05-28 11:56:08,801 - CommandPlanner.py - INFO - Executing command: AlignWithBallCommand
2024-05-28 11:56:08,817 - CommandPlanner.py - INFO - Command Planner Update completed
2024-05-28 11:56:08,940 - control_thread.py - INFO - Updating command planner with distance: 7.0298651175756115, angle: 3.780988902794471
2024-05-28 11:56:08,940 - CommandPlanner.py - INFO - Executing command: AlignWithBallCommand
2024-05-28 11:56:08,954 - CommandPlanner.py - INFO - Command Planner Update completed
2024-05-28 11:56:09,101 - control_thread.py - INFO - Updating command planner with distance: 7.467351131218618, angle: 0.6399030529847414
2024-05-28 11:56:09,101 - CommandPlanner.py - INFO - Executing command: AlignWithBallCommand
2024-05-28 11:56:09,152 - CommandPlanner.py - INFO - Command AlignWithBallCommand is finished
2024-05-28 11:56:09,152 - CommandPlanner.py - INFO - Command Planner Update completed
2024-05-28 11:56:09,311 - control_thread.py - INFO - Updating command planner with distance: 7.662372417890543, angle: -2.5595354451057672
2024-05-28 11:56:09,311 - CommandPlanner.py - INFO - Starting command planning
2024-05-28 11:56:09,311 - CommandPlanner.py - INFO - Command updated
2024-05-28 11:56:09,311 - CommandPlanner.py - INFO - Executing command: AlignWithBallCommand
2024-05-28 11:56:09,335 - CommandPlanner.py - INFO - Command AlignWithBallCommand is finished
2024-05-28 11:56:09,335 - CommandPlanner.py - INFO - Command Planner Update completed
2024-05-28 11:56:09,458 - control_thread.py - INFO - Updating command planner with distance: 7.429683834561965, angle: -2.3268633235102656
2024-05-28 11:56:09,458 - CommandPlanner.py - INFO - Starting command planning
2024-05-28 11:56:09,458 - CommandPlanner.py - INFO - Command updated
2024-05-28 11:56:09,458 - CommandPlanner.py - INFO - Executing command: AlignWithBallCommand
2024-05-28 11:56:09,475 - CommandPlanner.py - INFO - Command AlignWithBallCommand is finished
2024-05-28 11:56:09,475 - CommandPlanner.py - INFO - Command Planner Update completed
2024-05-28 11:56:09,621 - control_thread.py - INFO - Updating command planner with distance: 7.50613715254974, angle: -2.5595354451057672
2024-05-28 11:56:09,621 - CommandPlanner.py - INFO - Starting command planning
2024-05-28 11:56:09,621 - CommandPlanner.py - INFO - Command updated
2024-05-28 11:56:09,621 - CommandPlanner.py - INFO - Executing command: AlignWithBallCommand
2024-05-28 11:56:09,634 - CommandPlanner.py - INFO - Command AlignWithBallCommand is finished
2024-05-28 11:56:09,635 - CommandPlanner.py - INFO - Command Planner Update completed
2024-05-28 11:56:09,768 - control_thread.py - INFO - Updating command planner with distance: 7.583662984972638, angle: -2.5595354451057672
2024-05-28 11:56:09,768 - CommandPlanner.py - INFO - Starting command planning
2024-05-28 11:56:09,768 - CommandPlanner.py - INFO - Command updated
2024-05-28 11:56:09,769 - CommandPlanner.py - INFO - Executing command: AlignWithBallCommand
2024-05-28 11:56:09,781 - CommandPlanner.py - INFO - Command AlignWithBallCommand is finished
2024-05-28 11:56:09,781 - CommandPlanner.py - INFO - Command Planner Update completed
2024-05-28 11:56:09,974 - control_thread.py - INFO - Updating command planner with distance: 7.20723031433528, angle: -2.2105258555619915
2024-05-28 11:56:09,974 - CommandPlanner.py - INFO - Starting command planning
2024-05-28 11:56:09,974 - CommandPlanner.py - INFO - Command updated
2024-05-28 11:56:09,974 - CommandPlanner.py - INFO - Executing command: AlignWithBallCommand
2024-05-28 11:56:09,998 - CommandPlanner.py - INFO - Command AlignWithBallCommand is finished
2024-05-28 11:56:09,998 - CommandPlanner.py - INFO - Command Planner Update completed
2024-05-28 11:56:10,122 - control_thread.py - INFO - Updating command planner with distance: 6.9942787091864105, angle: -1.9778483359782064
2024-05-28 11:56:10,122 - CommandPlanner.py - INFO - Starting command planning
2024-05-28 11:56:10,122 - CommandPlanner.py - INFO - Command updated
2024-05-28 11:56:10,122 - CommandPlanner.py - INFO - Executing command: AlignWithBallCommand
2024-05-28 11:56:10,135 - CommandPlanner.py - INFO - Command AlignWithBallCommand is finished
2024-05-28 11:56:10,135 - CommandPlanner.py - INFO - Command Planner Update completed
2024-05-28 11:56:10,280 - control_thread.py - INFO - Updating command planner with distance: 7.171123740080679, angle: -2.268694701994357
2024-05-28 11:56:10,280 - CommandPlanner.py - INFO - Starting command planning
2024-05-28 11:56:10,280 - CommandPlanner.py - INFO - Command updated
2024-05-28 11:56:10,280 - CommandPlanner.py - INFO - Executing command: AlignWithBallCommand
2024-05-28 11:56:10,294 - CommandPlanner.py - INFO - Command AlignWithBallCommand is finished
2024-05-28 11:56:10,294 - CommandPlanner.py - INFO - Command Planner Update completed
2024-05-28 11:56:10,448 - control_thread.py - INFO - Updating command planner with distance: 7.429861064792693, angle: -2.792203506840925
2024-05-28 11:56:10,448 - CommandPlanner.py - INFO - Starting command planning
2024-05-28 11:56:10,448 - CommandPlanner.py - INFO - Command updated
2024-05-28 11:56:10,448 - CommandPlanner.py - INFO - Executing command: AlignWithBallCommand
2024-05-28 11:56:10,463 - CommandPlanner.py - INFO - Command AlignWithBallCommand is finished
2024-05-28 11:56:10,463 - CommandPlanner.py - INFO - Command Planner Update completed
2024-05-28 11:56:10,604 - control_thread.py - INFO - Updating command planner with distance: 7.064645064870958, angle: -3.141197180211812
2024-05-28 11:56:10,604 - CommandPlanner.py - INFO - Starting command planning
2024-05-28 11:56:10,604 - CommandPlanner.py - INFO - Command updated
2024-05-28 11:56:10,604 - CommandPlanner.py - INFO - Executing command: AlignWithBallCommand
2024-05-28 11:56:10,617 - CommandPlanner.py - INFO - Command AlignWithBallCommand is finished
2024-05-28 11:56:10,617 - CommandPlanner.py - INFO - Command Planner Update completed
2024-05-28 11:56:10,753 - control_thread.py - INFO - Updating command planner with distance: 7.392650206887989, angle: -3.897310023344655
2024-05-28 11:56:10,753 - CommandPlanner.py - INFO - Starting command planning
2024-05-28 11:56:10,753 - CommandPlanner.py - INFO - Command updated
2024-05-28 11:56:10,753 - CommandPlanner.py - INFO - Executing command: AlignWithBallCommand
2024-05-28 11:56:10,768 - CommandPlanner.py - INFO - Command AlignWithBallCommand is finished
2024-05-28 11:56:10,768 - CommandPlanner.py - INFO - Command Planner Update completed
2024-05-28 11:56:10,894 - control_thread.py - INFO - Updating command planner with distance: 7.355646495326565, angle: -4.653357585487251
2024-05-28 11:56:10,894 - CommandPlanner.py - INFO - Starting command planning
2024-05-28 11:56:10,894 - CommandPlanner.py - INFO - Command updated
2024-05-28 11:56:10,894 - CommandPlanner.py - INFO - Executing command: AlignWithBallCommand
2024-05-28 11:56:10,913 - CommandPlanner.py - INFO - Command AlignWithBallCommand is finished
2024-05-28 11:56:10,913 - CommandPlanner.py - INFO - Command Planner Update completed
2024-05-28 11:56:11,052 - control_thread.py - INFO - Updating command planner with distance: 7.468741907222931, angle: -4.3625785935139145
2024-05-28 11:56:11,052 - CommandPlanner.py - INFO - Starting command planning
2024-05-28 11:56:11,052 - CommandPlanner.py - INFO - Command updated
2024-05-28 11:56:11,052 - CommandPlanner.py - INFO - Executing command: AlignWithBallCommand
2024-05-28 11:56:11,064 - CommandPlanner.py - INFO - Command AlignWithBallCommand is finished
2024-05-28 11:56:11,064 - CommandPlanner.py - INFO - Command Planner Update completed
2024-05-28 11:56:11,205 - control_thread.py - INFO - Updating command planner with distance: 7.468594348416804, angle: -4.129947582990321
2024-05-28 11:56:11,205 - CommandPlanner.py - INFO - Starting command planning
2024-05-28 11:56:11,205 - CommandPlanner.py - INFO - Command updated
2024-05-28 11:56:11,205 - CommandPlanner.py - INFO - Executing command: AlignWithBallCommand
2024-05-28 11:56:11,225 - CommandPlanner.py - INFO - Command AlignWithBallCommand is finished
2024-05-28 11:56:11,225 - CommandPlanner.py - INFO - Command Planner Update completed
2024-05-28 11:56:11,385 - control_thread.py - INFO - Updating command planner with distance: 7.506685001204518, angle: -3.722827777498648
2024-05-28 11:56:11,385 - CommandPlanner.py - INFO - Starting command planning
2024-05-28 11:56:11,385 - CommandPlanner.py - INFO - Command updated
2024-05-28 11:56:11,385 - CommandPlanner.py - INFO - Executing command: AlignWithBallCommand
2024-05-28 11:56:11,399 - CommandPlanner.py - INFO - Command AlignWithBallCommand is finished
2024-05-28 11:56:11,399 - CommandPlanner.py - INFO - Command Planner Update completed
2024-05-28 11:56:11,546 - control_thread.py - INFO - Updating command planner with distance: 7.506685001204518, angle: -3.722827777498648
2024-05-28 11:56:11,546 - CommandPlanner.py - INFO - Starting command planning
2024-05-28 11:56:11,546 - CommandPlanner.py - INFO - Command updated
2024-05-28 11:56:11,546 - CommandPlanner.py - INFO - Executing command: AlignWithBallCommand
2024-05-28 11:56:11,562 - CommandPlanner.py - INFO - Command AlignWithBallCommand is finished
2024-05-28 11:56:11,562 - CommandPlanner.py - INFO - Command Planner Update completed
2024-05-28 11:56:11,719 - control_thread.py - INFO - Updating command planner with distance: 7.467878758985293, angle: -2.734036892194864
2024-05-28 11:56:11,719 - CommandPlanner.py - INFO - Starting command planning
2024-05-28 11:56:11,719 - CommandPlanner.py - INFO - Command updated
2024-05-28 11:56:11,719 - CommandPlanner.py - INFO - Executing command: AlignWithBallCommand
2024-05-28 11:56:11,733 - CommandPlanner.py - INFO - Command AlignWithBallCommand is finished
2024-05-28 11:56:11,733 - CommandPlanner.py - INFO - Command Planner Update completed
2024-05-28 11:56:11,866 - control_thread.py - INFO - Updating command planner with distance: 7.506331946542676, angle: -3.0248671397991074
2024-05-28 11:56:11,867 - CommandPlanner.py - INFO - Starting command planning
2024-05-28 11:56:11,867 - CommandPlanner.py - INFO - Command updated
2024-05-28 11:56:11,867 - CommandPlanner.py - INFO - Executing command: AlignWithBallCommand
2024-05-28 11:56:11,883 - CommandPlanner.py - INFO - Command AlignWithBallCommand is finished
2024-05-28 11:56:11,883 - CommandPlanner.py - INFO - Command Planner Update completed
2024-05-28 11:56:12,025 - control_thread.py - INFO - Updating command planner with distance: 7.3922830350986155, angle: -3.1993617362301094
2024-05-28 11:56:12,025 - CommandPlanner.py - INFO - Starting command planning
2024-05-28 11:56:12,025 - CommandPlanner.py - INFO - Command updated
2024-05-28 11:56:12,025 - CommandPlanner.py - INFO - Executing command: AlignWithBallCommand
2024-05-28 11:56:12,042 - CommandPlanner.py - INFO - Command AlignWithBallCommand is finished
2024-05-28 11:56:12,042 - CommandPlanner.py - INFO - Command Planner Update completed
2024-05-28 11:56:12,181 - control_thread.py - INFO - Updating command planner with distance: 7.468084950921621, angle: -3.1993617362301094
2024-05-28 11:56:12,181 - CommandPlanner.py - INFO - Starting command planning
2024-05-28 11:56:12,181 - CommandPlanner.py - INFO - Command updated
2024-05-28 11:56:12,181 - CommandPlanner.py - INFO - Executing command: AlignWithBallCommand
2024-05-28 11:56:12,196 - CommandPlanner.py - INFO - Command AlignWithBallCommand is finished
2024-05-28 11:56:12,196 - CommandPlanner.py - INFO - Command Planner Update completed
2024-05-28 11:56:12,339 - control_thread.py - INFO - Updating command planner with distance: 7.506331946542676, angle: -3.0248671397991074
2024-05-28 11:56:12,339 - CommandPlanner.py - INFO - Starting command planning
2024-05-28 11:56:12,339 - CommandPlanner.py - INFO - Command updated
2024-05-28 11:56:12,340 - CommandPlanner.py - INFO - Executing command: AlignWithBallCommand
2024-05-28 11:56:12,357 - CommandPlanner.py - INFO - Command AlignWithBallCommand is finished
2024-05-28 11:56:12,357 - CommandPlanner.py - INFO - Command Planner Update completed
2024-05-28 11:56:12,488 - control_thread.py - INFO - Updating command planner with distance: 7.467927275110183, angle: -2.8503698446882186
2024-05-28 11:56:12,488 - CommandPlanner.py - INFO - Starting command planning
2024-05-28 11:56:12,488 - CommandPlanner.py - INFO - Command updated
2024-05-28 11:56:12,488 - CommandPlanner.py - INFO - Executing command: AlignWithBallCommand
2024-05-28 11:56:12,507 - CommandPlanner.py - INFO - Command AlignWithBallCommand is finished
2024-05-28 11:56:12,507 - CommandPlanner.py - INFO - Command Planner Update completed
2024-05-28 11:56:12,638 - control_thread.py - INFO - Updating command planner with distance: 7.467977812494773, angle: -2.9667016669309794
2024-05-28 11:56:12,638 - CommandPlanner.py - INFO - Starting command planning
2024-05-28 11:56:12,638 - CommandPlanner.py - INFO - Command updated
2024-05-28 11:56:12,638 - CommandPlanner.py - INFO - Executing command: AlignWithBallCommand
2024-05-28 11:56:12,652 - CommandPlanner.py - INFO - Command AlignWithBallCommand is finished
2024-05-28 11:56:12,652 - CommandPlanner.py - INFO - Command Planner Update completed
2024-05-28 11:56:12,787 - control_thread.py - INFO - Updating command planner with distance: 7.4681415519001595, angle: -3.3156898910762784
2024-05-28 11:56:12,787 - CommandPlanner.py - INFO - Starting command planning
2024-05-28 11:56:12,787 - CommandPlanner.py - INFO - Command updated
2024-05-28 11:56:12,787 - CommandPlanner.py - INFO - Executing command: AlignWithBallCommand
2024-05-28 11:56:12,801 - CommandPlanner.py - INFO - Command AlignWithBallCommand is finished
2024-05-28 11:56:12,801 - CommandPlanner.py - INFO - Command Planner Update completed
2024-05-28 11:56:12,937 - control_thread.py - INFO - Updating command planner with distance: 7.4299104067497765, angle: -2.908535899972822
2024-05-28 11:56:12,937 - CommandPlanner.py - INFO - Starting command planning
2024-05-28 11:56:12,938 - CommandPlanner.py - INFO - Command updated
2024-05-28 11:56:12,938 - CommandPlanner.py - INFO - Executing command: AlignWithBallCommand
2024-05-28 11:56:12,964 - CommandPlanner.py - INFO - Command AlignWithBallCommand is finished
2024-05-28 11:56:12,964 - CommandPlanner.py - INFO - Command Planner Update completed
2024-05-28 11:56:13,094 - control_thread.py - INFO - Updating command planner with distance: 7.4299104067497765, angle: -2.908535899972822
2024-05-28 11:56:13,094 - CommandPlanner.py - INFO - Starting command planning
2024-05-28 11:56:13,094 - CommandPlanner.py - INFO - Command updated
2024-05-28 11:56:13,094 - CommandPlanner.py - INFO - Executing command: AlignWithBallCommand
2024-05-28 11:56:13,113 - CommandPlanner.py - INFO - Command AlignWithBallCommand is finished
2024-05-28 11:56:13,113 - CommandPlanner.py - INFO - Command Planner Update completed
2024-05-28 11:56:13,242 - control_thread.py - INFO - Updating command planner with distance: 7.467977812494773, angle: -2.9667016669309794
2024-05-28 11:56:13,242 - CommandPlanner.py - INFO - Starting command planning
2024-05-28 11:56:13,242 - CommandPlanner.py - INFO - Command updated
2024-05-28 11:56:13,242 - CommandPlanner.py - INFO - Executing command: AlignWithBallCommand
2024-05-28 11:56:13,256 - CommandPlanner.py - INFO - Command AlignWithBallCommand is finished
2024-05-28 11:56:13,256 - CommandPlanner.py - INFO - Command Planner Update completed
2024-05-28 11:56:13,393 - control_thread.py - INFO - Updating command planner with distance: 7.506280204749946, angle: -2.908535899972822
2024-05-28 11:56:13,393 - CommandPlanner.py - INFO - Starting command planning
2024-05-28 11:56:13,393 - CommandPlanner.py - INFO - Command updated
2024-05-28 11:56:13,393 - CommandPlanner.py - INFO - Executing command: AlignWithBallCommand
2024-05-28 11:56:13,406 - CommandPlanner.py - INFO - Command AlignWithBallCommand is finished
2024-05-28 11:56:13,406 - CommandPlanner.py - INFO - Command Planner Update completed
2024-05-28 11:56:13,544 - control_thread.py - INFO - Updating command planner with distance: 7.506093526303537, angle: -2.44319986873172
2024-05-28 11:56:13,545 - CommandPlanner.py - INFO - Starting command planning
2024-05-28 11:56:13,545 - CommandPlanner.py - INFO - Command updated
2024-05-28 11:56:13,545 - CommandPlanner.py - INFO - Executing command: AlignWithBallCommand
2024-05-28 11:56:13,562 - CommandPlanner.py - INFO - Command AlignWithBallCommand is finished
2024-05-28 11:56:13,563 - CommandPlanner.py - INFO - Command Planner Update completed
2024-05-28 11:56:13,690 - control_thread.py - INFO - Updating command planner with distance: 7.506051929011853, angle: -2.3268633235102656
2024-05-28 11:56:13,690 - CommandPlanner.py - INFO - Starting command planning
2024-05-28 11:56:13,690 - CommandPlanner.py - INFO - Command updated
2024-05-28 11:56:13,690 - CommandPlanner.py - INFO - Executing command: AlignWithBallCommand
2024-05-28 11:56:13,704 - CommandPlanner.py - INFO - Command AlignWithBallCommand is finished
2024-05-28 11:56:13,704 - CommandPlanner.py - INFO - Command Planner Update completed
2024-05-28 11:56:13,833 - control_thread.py - INFO - Updating command planner with distance: 7.583708986019946, angle: -2.6758700065141245
2024-05-28 11:56:13,833 - CommandPlanner.py - INFO - Starting command planning
2024-05-28 11:56:13,833 - CommandPlanner.py - INFO - Command updated
2024-05-28 11:56:13,833 - CommandPlanner.py - INFO - Executing command: AlignWithBallCommand
2024-05-28 11:56:13,853 - CommandPlanner.py - INFO - Command AlignWithBallCommand is finished
2024-05-28 11:56:13,853 - CommandPlanner.py - INFO - Command Planner Update completed
2024-05-28 11:56:13,978 - control_thread.py - INFO - Control thread exited
2024-05-28 11:56:13,981 - main.py - INFO - Main thread exited
2024-05-28 11:56:14,042 - camera_thread.py - INFO - Camera thread exited
