2024-05-28 12:00:28,860 - main.py - INFO - Main function started
2024-05-28 12:00:31,670 - ugotcamera.py - INFO - camera opened
2024-05-28 12:00:31,714 - CommandPlanner.py - INFO - CommandPlanner initiated
2024-05-28 12:00:31,714 - control_thread.py - INFO - Control thread started
2024-05-28 12:00:33,202 - control_thread.py - INFO - Updating command planner with distance: 0, angle: 0
2024-05-28 12:00:33,202 - CommandPlanner.py - INFO - Executing command: LocateBallCommand
2024-05-28 12:00:33,240 - CommandPlanner.py - INFO - Command Planner Update completed
2024-05-28 12:00:33,447 - control_thread.py - INFO - Updating command planner with distance: 0, angle: 0
2024-05-28 12:00:33,447 - CommandPlanner.py - INFO - Executing command: LocateBallCommand
2024-05-28 12:00:33,470 - CommandPlanner.py - INFO - Command Planner Update completed
2024-05-28 12:00:33,619 - control_thread.py - INFO - Updating command planner with distance: 0, angle: 0
2024-05-28 12:00:33,619 - CommandPlanner.py - INFO - Executing command: LocateBallCommand
2024-05-28 12:00:33,643 - CommandPlanner.py - INFO - Command Planner Update completed
2024-05-28 12:00:33,790 - control_thread.py - INFO - Updating command planner with distance: 16.487062336360108, angle: 28.335040996124526
2024-05-28 12:00:33,790 - CommandPlanner.py - INFO - Executing command: LocateBallCommand
2024-05-28 12:00:34,117 - CommandPlanner.py - INFO - Command LocateBallCommand is finished
2024-05-28 12:00:34,117 - CommandPlanner.py - INFO - Command Planner Update completed
2024-05-28 12:00:34,238 - control_thread.py - INFO - Updating command planner with distance: 40.74850708785582, angle: 29.139650696850207
2024-05-28 12:00:34,238 - CommandPlanner.py - INFO - Starting command planning
2024-05-28 12:00:34,238 - CommandPlanner.py - INFO - Switching to TranslateToBallCommand with distance: 40.74850708785582, angle: 29.139650696850207
2024-05-28 12:00:34,238 - CommandPlanner.py - INFO - Command updated
2024-05-28 12:00:34,238 - CommandPlanner.py - INFO - Executing command: TranslateToBallCommand
2024-05-28 12:00:34,238 - TranslateToBallCommand.py - INFO - shared data: distance - 40.74850708785582, angle: 29.139650696850207
2024-05-28 12:00:34,261 - CommandPlanner.py - INFO - Command Planner Update completed
2024-05-28 12:00:34,454 - control_thread.py - INFO - Updating command planner with distance: 0, angle: 0
2024-05-28 12:00:34,455 - CommandPlanner.py - INFO - Executing command: TranslateToBallCommand
2024-05-28 12:00:34,455 - TranslateToBallCommand.py - INFO - shared data: distance - 0, angle: 0
2024-05-28 12:00:35,010 - CommandPlanner.py - INFO - Command TranslateToBallCommand is finished
2024-05-28 12:00:35,011 - CommandPlanner.py - INFO - Command Planner Update completed
2024-05-28 12:00:35,146 - control_thread.py - INFO - Updating command planner with distance: 0, angle: 0
2024-05-28 12:00:35,147 - CommandPlanner.py - INFO - Starting command planning
2024-05-28 12:00:35,147 - CommandPlanner.py - INFO - Switching to LocateBallCommand
2024-05-28 12:00:35,147 - CommandPlanner.py - INFO - Command updated
2024-05-28 12:00:35,147 - CommandPlanner.py - INFO - Executing command: LocateBallCommand
2024-05-28 12:00:35,172 - CommandPlanner.py - INFO - Command Planner Update completed
2024-05-28 12:00:35,323 - control_thread.py - INFO - Updating command planner with distance: 0, angle: 0
2024-05-28 12:00:35,323 - CommandPlanner.py - INFO - Executing command: LocateBallCommand
2024-05-28 12:00:35,346 - CommandPlanner.py - INFO - Command Planner Update completed
2024-05-28 12:00:35,486 - control_thread.py - INFO - Updating command planner with distance: 0, angle: 0
2024-05-28 12:00:35,486 - CommandPlanner.py - INFO - Executing command: LocateBallCommand
2024-05-28 12:00:35,519 - CommandPlanner.py - INFO - Command Planner Update completed
2024-05-28 12:00:35,671 - control_thread.py - INFO - Updating command planner with distance: 0, angle: 0
2024-05-28 12:00:35,671 - CommandPlanner.py - INFO - Executing command: LocateBallCommand
2024-05-28 12:00:35,688 - CommandPlanner.py - INFO - Command Planner Update completed
2024-05-28 12:00:35,807 - control_thread.py - INFO - Updating command planner with distance: 0, angle: 0
2024-05-28 12:00:35,807 - CommandPlanner.py - INFO - Executing command: LocateBallCommand
2024-05-28 12:00:35,826 - CommandPlanner.py - INFO - Command Planner Update completed
2024-05-28 12:00:35,960 - control_thread.py - INFO - Updating command planner with distance: 0, angle: 0
2024-05-28 12:00:35,960 - CommandPlanner.py - INFO - Executing command: LocateBallCommand
2024-05-28 12:00:35,980 - CommandPlanner.py - INFO - Command Planner Update completed
2024-05-28 12:00:36,112 - control_thread.py - INFO - Updating command planner with distance: 0, angle: 0
2024-05-28 12:00:36,113 - CommandPlanner.py - INFO - Executing command: LocateBallCommand
2024-05-28 12:00:36,138 - CommandPlanner.py - INFO - Command Planner Update completed
2024-05-28 12:00:36,259 - control_thread.py - INFO - Updating command planner with distance: 0, angle: 0
2024-05-28 12:00:36,259 - CommandPlanner.py - INFO - Executing command: LocateBallCommand
2024-05-28 12:00:36,274 - CommandPlanner.py - INFO - Command Planner Update completed
2024-05-28 12:00:36,398 - control_thread.py - INFO - Updating command planner with distance: 0, angle: 0
2024-05-28 12:00:36,398 - CommandPlanner.py - INFO - Executing command: LocateBallCommand
2024-05-28 12:00:36,417 - CommandPlanner.py - INFO - Command Planner Update completed
2024-05-28 12:00:36,537 - control_thread.py - INFO - Updating command planner with distance: 0, angle: 0
2024-05-28 12:00:36,537 - CommandPlanner.py - INFO - Executing command: LocateBallCommand
2024-05-28 12:00:36,552 - CommandPlanner.py - INFO - Command Planner Update completed
2024-05-28 12:00:36,808 - control_thread.py - INFO - Updating command planner with distance: 0, angle: 0
2024-05-28 12:00:36,808 - CommandPlanner.py - INFO - Executing command: LocateBallCommand
2024-05-28 12:00:36,856 - CommandPlanner.py - INFO - Command Planner Update completed
2024-05-28 12:00:37,050 - control_thread.py - INFO - Updating command planner with distance: 0, angle: 0
2024-05-28 12:00:37,050 - CommandPlanner.py - INFO - Executing command: LocateBallCommand
2024-05-28 12:00:37,082 - CommandPlanner.py - INFO - Command Planner Update completed
2024-05-28 12:00:37,257 - control_thread.py - INFO - Updating command planner with distance: 0, angle: 0
2024-05-28 12:00:37,257 - CommandPlanner.py - INFO - Executing command: LocateBallCommand
2024-05-28 12:00:37,281 - CommandPlanner.py - INFO - Command Planner Update completed
2024-05-28 12:00:37,417 - control_thread.py - INFO - Updating command planner with distance: 0, angle: 0
2024-05-28 12:00:37,417 - CommandPlanner.py - INFO - Executing command: LocateBallCommand
2024-05-28 12:00:37,456 - CommandPlanner.py - INFO - Command Planner Update completed
2024-05-28 12:00:37,597 - control_thread.py - INFO - Updating command planner with distance: 0, angle: 0
2024-05-28 12:00:37,597 - CommandPlanner.py - INFO - Executing command: LocateBallCommand
2024-05-28 12:00:37,623 - CommandPlanner.py - INFO - Command Planner Update completed
2024-05-28 12:00:37,889 - control_thread.py - INFO - Updating command planner with distance: 0, angle: 0
2024-05-28 12:00:37,889 - CommandPlanner.py - INFO - Executing command: LocateBallCommand
2024-05-28 12:00:37,912 - CommandPlanner.py - INFO - Command Planner Update completed
2024-05-28 12:00:38,054 - control_thread.py - INFO - Updating command planner with distance: 0, angle: 0
2024-05-28 12:00:38,054 - CommandPlanner.py - INFO - Executing command: LocateBallCommand
2024-05-28 12:00:38,105 - CommandPlanner.py - INFO - Command Planner Update completed
2024-05-28 12:00:38,286 - control_thread.py - INFO - Updating command planner with distance: 0, angle: 0
2024-05-28 12:00:38,286 - CommandPlanner.py - INFO - Executing command: LocateBallCommand
2024-05-28 12:00:38,365 - CommandPlanner.py - INFO - Command Planner Update completed
2024-05-28 12:00:38,512 - control_thread.py - INFO - Updating command planner with distance: 0, angle: 0
2024-05-28 12:00:38,513 - CommandPlanner.py - INFO - Executing command: LocateBallCommand
2024-05-28 12:00:38,538 - CommandPlanner.py - INFO - Command Planner Update completed
2024-05-28 12:00:38,665 - control_thread.py - INFO - Updating command planner with distance: 49.13479677989235, angle: 36.46853693043026
2024-05-28 12:00:38,665 - CommandPlanner.py - INFO - Executing command: LocateBallCommand
2024-05-28 12:00:38,997 - CommandPlanner.py - INFO - Command LocateBallCommand is finished
2024-05-28 12:00:38,997 - CommandPlanner.py - INFO - Command Planner Update completed
2024-05-28 12:00:39,180 - control_thread.py - INFO - Updating command planner with distance: 41.308358969391854, angle: 20.319525064886797
2024-05-28 12:00:39,180 - CommandPlanner.py - INFO - Starting command planning
2024-05-28 12:00:39,180 - CommandPlanner.py - INFO - Switching to TranslateToBallCommand with distance: 41.308358969391854, angle: 20.319525064886797
2024-05-28 12:00:39,180 - CommandPlanner.py - INFO - Command updated
2024-05-28 12:00:39,180 - CommandPlanner.py - INFO - Executing command: TranslateToBallCommand
2024-05-28 12:00:39,180 - TranslateToBallCommand.py - INFO - shared data: distance - 41.308358969391854, angle: 20.319525064886797
2024-05-28 12:00:39,218 - CommandPlanner.py - INFO - Command Planner Update completed
2024-05-28 12:00:39,382 - control_thread.py - INFO - Updating command planner with distance: 0, angle: 0
2024-05-28 12:00:39,382 - CommandPlanner.py - INFO - Executing command: TranslateToBallCommand
2024-05-28 12:00:39,382 - TranslateToBallCommand.py - INFO - shared data: distance - 0, angle: 0
2024-05-28 12:00:39,636 - CommandPlanner.py - INFO - Command TranslateToBallCommand is finished
2024-05-28 12:00:39,637 - CommandPlanner.py - INFO - Command Planner Update completed
2024-05-28 12:00:39,793 - control_thread.py - INFO - Updating command planner with distance: 45.605184607849104, angle: 21.013243456216525
2024-05-28 12:00:39,793 - CommandPlanner.py - INFO - Starting command planning
2024-05-28 12:00:39,793 - CommandPlanner.py - INFO - Command updated
2024-05-28 12:00:39,793 - CommandPlanner.py - INFO - Executing command: TranslateToBallCommand
2024-05-28 12:00:39,793 - TranslateToBallCommand.py - INFO - shared data: distance - 45.605184607849104, angle: 21.013243456216525
2024-05-28 12:00:39,815 - CommandPlanner.py - INFO - Command TranslateToBallCommand is finished
2024-05-28 12:00:39,815 - CommandPlanner.py - INFO - Command Planner Update completed
2024-05-28 12:00:40,000 - control_thread.py - INFO - Updating command planner with distance: 38.6409637473829, angle: 20.43516500098555
2024-05-28 12:00:40,000 - CommandPlanner.py - INFO - Starting command planning
2024-05-28 12:00:40,000 - CommandPlanner.py - INFO - Command updated
2024-05-28 12:00:40,000 - CommandPlanner.py - INFO - Executing command: TranslateToBallCommand
2024-05-28 12:00:40,000 - TranslateToBallCommand.py - INFO - shared data: distance - 38.6409637473829, angle: 20.43516500098555
2024-05-28 12:00:40,027 - CommandPlanner.py - INFO - Command TranslateToBallCommand is finished
2024-05-28 12:00:40,027 - CommandPlanner.py - INFO - Command Planner Update completed
2024-05-28 12:00:40,149 - control_thread.py - INFO - Updating command planner with distance: 0, angle: 0
2024-05-28 12:00:40,149 - CommandPlanner.py - INFO - Starting command planning
2024-05-28 12:00:40,149 - CommandPlanner.py - INFO - Switching to LocateBallCommand
2024-05-28 12:00:40,149 - CommandPlanner.py - INFO - Command updated
2024-05-28 12:00:40,149 - CommandPlanner.py - INFO - Executing command: LocateBallCommand
2024-05-28 12:00:40,169 - CommandPlanner.py - INFO - Command Planner Update completed
2024-05-28 12:00:40,305 - control_thread.py - INFO - Updating command planner with distance: 33.662724970849965, angle: 19.104832582087482
2024-05-28 12:00:40,305 - CommandPlanner.py - INFO - Executing command: LocateBallCommand
2024-05-28 12:00:40,505 - CommandPlanner.py - INFO - Command LocateBallCommand is finished
2024-05-28 12:00:40,505 - CommandPlanner.py - INFO - Command Planner Update completed
2024-05-28 12:00:40,667 - control_thread.py - INFO - Updating command planner with distance: 37.07894985404604, angle: 15.455994990141365
2024-05-28 12:00:40,667 - CommandPlanner.py - INFO - Starting command planning
2024-05-28 12:00:40,668 - CommandPlanner.py - INFO - Switching to TranslateToBallCommand with distance: 37.07894985404604, angle: 15.455994990141365
2024-05-28 12:00:40,668 - CommandPlanner.py - INFO - Command updated
2024-05-28 12:00:40,668 - CommandPlanner.py - INFO - Executing command: TranslateToBallCommand
2024-05-28 12:00:40,668 - TranslateToBallCommand.py - INFO - shared data: distance - 37.07894985404604, angle: 15.455994990141365
2024-05-28 12:00:40,687 - CommandPlanner.py - INFO - Command Planner Update completed
2024-05-28 12:00:40,837 - control_thread.py - INFO - Updating command planner with distance: 39.54589556141039, angle: 15.28207883273552
2024-05-28 12:00:40,837 - CommandPlanner.py - INFO - Executing command: TranslateToBallCommand
2024-05-28 12:00:40,837 - TranslateToBallCommand.py - INFO - shared data: distance - 39.54589556141039, angle: 15.28207883273552
2024-05-28 12:00:40,855 - CommandPlanner.py - INFO - Command Planner Update completed
2024-05-28 12:00:41,009 - control_thread.py - INFO - Updating command planner with distance: 35.393683591133595, angle: 13.60021298556264
2024-05-28 12:00:41,009 - CommandPlanner.py - INFO - Executing command: TranslateToBallCommand
2024-05-28 12:00:41,009 - TranslateToBallCommand.py - INFO - shared data: distance - 35.393683591133595, angle: 13.60021298556264
2024-05-28 12:00:41,035 - CommandPlanner.py - INFO - Command Planner Update completed
2024-05-28 12:00:41,186 - control_thread.py - INFO - Updating command planner with distance: 27.38832497941619, angle: 13.25209522576209
2024-05-28 12:00:41,186 - CommandPlanner.py - INFO - Executing command: TranslateToBallCommand
2024-05-28 12:00:41,186 - TranslateToBallCommand.py - INFO - shared data: distance - 27.38832497941619, angle: 13.25209522576209
2024-05-28 12:00:41,202 - CommandPlanner.py - INFO - Command Planner Update completed
2024-05-28 12:00:41,340 - control_thread.py - INFO - Updating command planner with distance: 16.815650247796057, angle: 14.644271406376692
2024-05-28 12:00:41,340 - CommandPlanner.py - INFO - Executing command: TranslateToBallCommand
2024-05-28 12:00:41,340 - TranslateToBallCommand.py - INFO - shared data: distance - 16.815650247796057, angle: 14.644271406376692
2024-05-28 12:00:41,368 - CommandPlanner.py - INFO - Command Planner Update completed
2024-05-28 12:00:41,492 - control_thread.py - INFO - Updating command planner with distance: 12.632197290694652, angle: 14.760249613375413
2024-05-28 12:00:41,492 - CommandPlanner.py - INFO - Executing command: TranslateToBallCommand
2024-05-28 12:00:41,492 - TranslateToBallCommand.py - INFO - shared data: distance - 12.632197290694652, angle: 14.760249613375413
2024-05-28 12:00:41,520 - CommandPlanner.py - INFO - Command Planner Update completed
2024-05-28 12:00:41,666 - control_thread.py - INFO - Updating command planner with distance: 6.704587917287359, angle: 13.890274254684359
2024-05-28 12:00:41,666 - CommandPlanner.py - INFO - Executing command: TranslateToBallCommand
2024-05-28 12:00:41,666 - TranslateToBallCommand.py - INFO - shared data: distance - 6.704587917287359, angle: 13.890274254684359
2024-05-28 12:00:41,990 - CommandPlanner.py - INFO - Command TranslateToBallCommand is finished
2024-05-28 12:00:41,990 - CommandPlanner.py - INFO - Command Planner Update completed
2024-05-28 12:00:42,160 - control_thread.py - INFO - Updating command planner with distance: 13.237979023174699, angle: 2.44319986873172
2024-05-28 12:00:42,160 - CommandPlanner.py - INFO - Starting command planning
2024-05-28 12:00:42,160 - CommandPlanner.py - INFO - Switching to AlignWithBallCommand with angle: 2.44319986873172
2024-05-28 12:00:42,161 - CommandPlanner.py - INFO - Command updated
2024-05-28 12:00:42,161 - CommandPlanner.py - INFO - Executing command: AlignWithBallCommand
2024-05-28 12:00:42,176 - CommandPlanner.py - INFO - Command Planner Update completed
2024-05-28 12:00:42,324 - control_thread.py - INFO - Updating command planner with distance: 19.13588513070045, angle: -0.5817302500451741
2024-05-28 12:00:42,324 - CommandPlanner.py - INFO - Executing command: AlignWithBallCommand
2024-05-28 12:00:42,398 - CommandPlanner.py - INFO - Command AlignWithBallCommand is finished
2024-05-28 12:00:42,398 - CommandPlanner.py - INFO - Command Planner Update completed
2024-05-28 12:00:42,562 - control_thread.py - INFO - Updating command planner with distance: 25.6352547546051, angle: -6.514039476604156
2024-05-28 12:00:42,562 - CommandPlanner.py - INFO - Starting command planning
2024-05-28 12:00:42,563 - CommandPlanner.py - INFO - Switching to TranslateToBallCommand with distance: 25.6352547546051, angle: -6.514039476604156
2024-05-28 12:00:42,563 - CommandPlanner.py - INFO - Command updated
2024-05-28 12:00:42,563 - CommandPlanner.py - INFO - Executing command: TranslateToBallCommand
2024-05-28 12:00:42,563 - TranslateToBallCommand.py - INFO - shared data: distance - 25.6352547546051, angle: -6.514039476604156
2024-05-28 12:00:42,584 - CommandPlanner.py - INFO - Command Planner Update completed
2024-05-28 12:00:42,712 - control_thread.py - INFO - Updating command planner with distance: 29.891946144196538, angle: -9.361863708089057
2024-05-28 12:00:42,713 - CommandPlanner.py - INFO - Executing command: TranslateToBallCommand
2024-05-28 12:00:42,713 - TranslateToBallCommand.py - INFO - shared data: distance - 29.891946144196538, angle: -9.361863708089057
2024-05-28 12:00:42,737 - CommandPlanner.py - INFO - Command Planner Update completed
2024-05-28 12:00:42,878 - control_thread.py - INFO - Updating command planner with distance: 30.103897899893326, angle: -12.323554265453257
2024-05-28 12:00:42,878 - CommandPlanner.py - INFO - Executing command: TranslateToBallCommand
2024-05-28 12:00:42,878 - TranslateToBallCommand.py - INFO - shared data: distance - 30.103897899893326, angle: -12.323554265453257
2024-05-28 12:00:42,899 - CommandPlanner.py - INFO - Command Planner Update completed
2024-05-28 12:00:43,021 - control_thread.py - INFO - Updating command planner with distance: 24.953069107123632, angle: -15.108149115731585
2024-05-28 12:00:43,021 - CommandPlanner.py - INFO - Executing command: TranslateToBallCommand
2024-05-28 12:00:43,021 - TranslateToBallCommand.py - INFO - shared data: distance - 24.953069107123632, angle: -15.108149115731585
2024-05-28 12:00:43,036 - CommandPlanner.py - INFO - Command Planner Update completed
2024-05-28 12:00:43,189 - control_thread.py - INFO - Updating command planner with distance: 16.779724948153866, angle: -21.244417437406103
2024-05-28 12:00:43,189 - CommandPlanner.py - INFO - Executing command: TranslateToBallCommand
2024-05-28 12:00:43,189 - TranslateToBallCommand.py - INFO - shared data: distance - 16.779724948153866, angle: -21.244417437406103
2024-05-28 12:00:43,207 - CommandPlanner.py - INFO - Command Planner Update completed
2024-05-28 12:00:43,325 - control_thread.py - INFO - Updating command planner with distance: 11.866764594754246, angle: -26.839344529467862
2024-05-28 12:00:43,325 - CommandPlanner.py - INFO - Executing command: TranslateToBallCommand
2024-05-28 12:00:43,325 - TranslateToBallCommand.py - INFO - shared data: distance - 11.866764594754246, angle: -26.839344529467862
2024-05-28 12:00:43,337 - CommandPlanner.py - INFO - Command Planner Update completed
2024-05-28 12:00:43,458 - control_thread.py - INFO - Updating command planner with distance: 0, angle: 0
2024-05-28 12:00:43,458 - CommandPlanner.py - INFO - Executing command: TranslateToBallCommand
2024-05-28 12:00:43,458 - TranslateToBallCommand.py - INFO - shared data: distance - 0, angle: 0
2024-05-28 12:00:43,818 - CommandPlanner.py - INFO - Command TranslateToBallCommand is finished
2024-05-28 12:00:43,818 - CommandPlanner.py - INFO - Command Planner Update completed
2024-05-28 12:00:43,946 - control_thread.py - INFO - Updating command planner with distance: 0, angle: 0
2024-05-28 12:00:43,946 - CommandPlanner.py - INFO - Starting command planning
2024-05-28 12:00:43,946 - CommandPlanner.py - INFO - Switching to LocateBallCommand
2024-05-28 12:00:43,946 - CommandPlanner.py - INFO - Command updated
2024-05-28 12:00:43,946 - CommandPlanner.py - INFO - Executing command: LocateBallCommand
2024-05-28 12:00:43,963 - CommandPlanner.py - INFO - Command Planner Update completed
2024-05-28 12:00:44,083 - control_thread.py - INFO - Updating command planner with distance: 16.684841236143473, angle: -41.41782844220557
2024-05-28 12:00:44,084 - CommandPlanner.py - INFO - Executing command: LocateBallCommand
2024-05-28 12:00:44,254 - CommandPlanner.py - INFO - Command LocateBallCommand is finished
2024-05-28 12:00:44,254 - CommandPlanner.py - INFO - Command Planner Update completed
2024-05-28 12:00:44,383 - control_thread.py - INFO - Updating command planner with distance: 0, angle: 0
2024-05-28 12:00:44,383 - CommandPlanner.py - INFO - Starting command planning
2024-05-28 12:00:44,383 - CommandPlanner.py - INFO - Command updated
2024-05-28 12:00:44,383 - CommandPlanner.py - INFO - Executing command: LocateBallCommand
2024-05-28 12:00:44,401 - CommandPlanner.py - INFO - Command LocateBallCommand is finished
2024-05-28 12:00:44,401 - CommandPlanner.py - INFO - Command Planner Update completed
2024-05-28 12:00:44,541 - control_thread.py - INFO - Updating command planner with distance: 0, angle: 0
2024-05-28 12:00:44,541 - CommandPlanner.py - INFO - Starting command planning
2024-05-28 12:00:44,541 - CommandPlanner.py - INFO - Command updated
2024-05-28 12:00:44,542 - CommandPlanner.py - INFO - Executing command: LocateBallCommand
2024-05-28 12:00:44,566 - CommandPlanner.py - INFO - Command LocateBallCommand is finished
2024-05-28 12:00:44,566 - CommandPlanner.py - INFO - Command Planner Update completed
2024-05-28 12:00:44,708 - control_thread.py - INFO - Updating command planner with distance: 0, angle: 0
2024-05-28 12:00:44,709 - CommandPlanner.py - INFO - Starting command planning
2024-05-28 12:00:44,709 - CommandPlanner.py - INFO - Command updated
2024-05-28 12:00:44,709 - CommandPlanner.py - INFO - Executing command: LocateBallCommand
2024-05-28 12:00:44,730 - CommandPlanner.py - INFO - Command LocateBallCommand is finished
2024-05-28 12:00:44,730 - CommandPlanner.py - INFO - Command Planner Update completed
2024-05-28 12:00:44,868 - control_thread.py - INFO - Updating command planner with distance: 0, angle: 0
2024-05-28 12:00:44,868 - CommandPlanner.py - INFO - Starting command planning
2024-05-28 12:00:44,868 - CommandPlanner.py - INFO - Command updated
2024-05-28 12:00:44,868 - CommandPlanner.py - INFO - Executing command: LocateBallCommand
2024-05-28 12:00:44,883 - CommandPlanner.py - INFO - Command LocateBallCommand is finished
2024-05-28 12:00:44,883 - CommandPlanner.py - INFO - Command Planner Update completed
2024-05-28 12:00:45,008 - control_thread.py - INFO - Updating command planner with distance: 0, angle: 0
2024-05-28 12:00:45,008 - CommandPlanner.py - INFO - Starting command planning
2024-05-28 12:00:45,009 - CommandPlanner.py - INFO - Command updated
2024-05-28 12:00:45,009 - CommandPlanner.py - INFO - Executing command: LocateBallCommand
2024-05-28 12:00:45,021 - CommandPlanner.py - INFO - Command LocateBallCommand is finished
2024-05-28 12:00:45,021 - CommandPlanner.py - INFO - Command Planner Update completed
2024-05-28 12:00:45,152 - control_thread.py - INFO - Updating command planner with distance: 0, angle: 0
2024-05-28 12:00:45,152 - CommandPlanner.py - INFO - Starting command planning
2024-05-28 12:00:45,152 - CommandPlanner.py - INFO - Command updated
2024-05-28 12:00:45,152 - CommandPlanner.py - INFO - Executing command: LocateBallCommand
2024-05-28 12:00:45,175 - CommandPlanner.py - INFO - Command LocateBallCommand is finished
2024-05-28 12:00:45,176 - CommandPlanner.py - INFO - Command Planner Update completed
2024-05-28 12:00:45,369 - control_thread.py - INFO - Updating command planner with distance: 0, angle: 0
2024-05-28 12:00:45,370 - CommandPlanner.py - INFO - Starting command planning
2024-05-28 12:00:45,370 - CommandPlanner.py - INFO - Command updated
2024-05-28 12:00:45,370 - CommandPlanner.py - INFO - Executing command: LocateBallCommand
2024-05-28 12:00:45,392 - CommandPlanner.py - INFO - Command LocateBallCommand is finished
2024-05-28 12:00:45,392 - CommandPlanner.py - INFO - Command Planner Update completed
2024-05-28 12:00:45,524 - control_thread.py - INFO - Updating command planner with distance: 0, angle: 0
2024-05-28 12:00:45,527 - CommandPlanner.py - INFO - Starting command planning
2024-05-28 12:00:45,527 - CommandPlanner.py - INFO - Command updated
2024-05-28 12:00:45,527 - CommandPlanner.py - INFO - Executing command: LocateBallCommand
2024-05-28 12:00:45,549 - CommandPlanner.py - INFO - Command LocateBallCommand is finished
2024-05-28 12:00:45,552 - CommandPlanner.py - INFO - Command Planner Update completed
2024-05-28 12:00:45,675 - control_thread.py - INFO - Updating command planner with distance: 11.653375168365121, angle: 35.09841128309225
2024-05-28 12:00:45,675 - CommandPlanner.py - INFO - Starting command planning
2024-05-28 12:00:45,675 - CommandPlanner.py - INFO - Switching to AlignWithBallCommand with angle: 35.09841128309225
2024-05-28 12:00:45,675 - CommandPlanner.py - INFO - Command updated
2024-05-28 12:00:45,675 - CommandPlanner.py - INFO - Executing command: AlignWithBallCommand
2024-05-28 12:00:45,693 - CommandPlanner.py - INFO - Command Planner Update completed
2024-05-28 12:00:45,836 - control_thread.py - INFO - Updating command planner with distance: 0, angle: 0
2024-05-28 12:00:45,836 - CommandPlanner.py - INFO - Executing command: AlignWithBallCommand
2024-05-28 12:00:46,094 - CommandPlanner.py - INFO - Command AlignWithBallCommand is finished
2024-05-28 12:00:46,094 - CommandPlanner.py - INFO - Command Planner Update completed
2024-05-28 12:00:46,231 - control_thread.py - INFO - Updating command planner with distance: 0, angle: 0
2024-05-28 12:00:46,231 - CommandPlanner.py - INFO - Starting command planning
2024-05-28 12:00:46,231 - CommandPlanner.py - INFO - Switching to LocateBallCommand
2024-05-28 12:00:46,231 - CommandPlanner.py - INFO - Command updated
2024-05-28 12:00:46,232 - CommandPlanner.py - INFO - Executing command: LocateBallCommand
2024-05-28 12:00:46,288 - CommandPlanner.py - INFO - Command Planner Update completed
2024-05-28 12:00:46,420 - control_thread.py - INFO - Updating command planner with distance: 0, angle: 0
2024-05-28 12:00:46,420 - CommandPlanner.py - INFO - Executing command: LocateBallCommand
2024-05-28 12:00:46,438 - CommandPlanner.py - INFO - Command Planner Update completed
2024-05-28 12:00:46,572 - control_thread.py - INFO - Updating command planner with distance: 0, angle: 0
2024-05-28 12:00:46,572 - CommandPlanner.py - INFO - Executing command: LocateBallCommand
2024-05-28 12:00:46,599 - CommandPlanner.py - INFO - Command Planner Update completed
2024-05-28 12:00:46,881 - control_thread.py - INFO - Updating command planner with distance: 0, angle: 0
2024-05-28 12:00:46,881 - CommandPlanner.py - INFO - Executing command: LocateBallCommand
2024-05-28 12:00:46,902 - CommandPlanner.py - INFO - Command Planner Update completed
2024-05-28 12:00:47,036 - control_thread.py - INFO - Updating command planner with distance: 0, angle: 0
2024-05-28 12:00:47,036 - CommandPlanner.py - INFO - Executing command: LocateBallCommand
2024-05-28 12:00:47,050 - CommandPlanner.py - INFO - Command Planner Update completed
2024-05-28 12:00:47,185 - control_thread.py - INFO - Updating command planner with distance: 0, angle: 0
2024-05-28 12:00:47,185 - CommandPlanner.py - INFO - Executing command: LocateBallCommand
2024-05-28 12:00:47,207 - CommandPlanner.py - INFO - Command Planner Update completed
2024-05-28 12:00:47,350 - control_thread.py - INFO - Updating command planner with distance: 17.26523915851632, angle: 29.139650696850207
2024-05-28 12:00:47,350 - CommandPlanner.py - INFO - Executing command: LocateBallCommand
2024-05-28 12:00:47,657 - CommandPlanner.py - INFO - Command LocateBallCommand is finished
2024-05-28 12:00:47,657 - CommandPlanner.py - INFO - Command Planner Update completed
2024-05-28 12:00:47,827 - control_thread.py - INFO - Updating command planner with distance: 17.86855438976769, angle: 29.36943795066885
2024-05-28 12:00:47,828 - CommandPlanner.py - INFO - Starting command planning
2024-05-28 12:00:47,828 - CommandPlanner.py - INFO - Switching to TranslateToBallCommand with distance: 17.86855438976769, angle: 29.36943795066885
2024-05-28 12:00:47,828 - CommandPlanner.py - INFO - Command updated
2024-05-28 12:00:47,828 - CommandPlanner.py - INFO - Executing command: TranslateToBallCommand
2024-05-28 12:00:47,828 - TranslateToBallCommand.py - INFO - shared data: distance - 17.86855438976769, angle: 29.36943795066885
2024-05-28 12:00:47,846 - CommandPlanner.py - INFO - Command Planner Update completed
2024-05-28 12:00:47,989 - control_thread.py - INFO - Updating command planner with distance: 0, angle: 0
2024-05-28 12:00:47,989 - CommandPlanner.py - INFO - Executing command: TranslateToBallCommand
2024-05-28 12:00:47,989 - TranslateToBallCommand.py - INFO - shared data: distance - 0, angle: 0
2024-05-28 12:00:48,198 - CommandPlanner.py - INFO - Command TranslateToBallCommand is finished
2024-05-28 12:00:48,198 - CommandPlanner.py - INFO - Command Planner Update completed
2024-05-28 12:00:48,322 - control_thread.py - INFO - Updating command planner with distance: 0, angle: 0
2024-05-28 12:00:48,322 - CommandPlanner.py - INFO - Starting command planning
2024-05-28 12:00:48,322 - CommandPlanner.py - INFO - Switching to LocateBallCommand
2024-05-28 12:00:48,322 - CommandPlanner.py - INFO - Command updated
2024-05-28 12:00:48,322 - CommandPlanner.py - INFO - Executing command: LocateBallCommand
2024-05-28 12:00:48,337 - CommandPlanner.py - INFO - Command Planner Update completed
2024-05-28 12:00:48,469 - control_thread.py - INFO - Updating command planner with distance: 0, angle: 0
2024-05-28 12:00:48,469 - CommandPlanner.py - INFO - Executing command: LocateBallCommand
2024-05-28 12:00:48,491 - CommandPlanner.py - INFO - Command Planner Update completed
2024-05-28 12:00:48,675 - control_thread.py - INFO - Updating command planner with distance: 0, angle: 0
2024-05-28 12:00:48,675 - CommandPlanner.py - INFO - Executing command: LocateBallCommand
2024-05-28 12:00:48,702 - CommandPlanner.py - INFO - Command Planner Update completed
2024-05-28 12:00:48,816 - control_thread.py - INFO - Updating command planner with distance: 0, angle: 0
2024-05-28 12:00:48,816 - CommandPlanner.py - INFO - Executing command: LocateBallCommand
2024-05-28 12:00:48,833 - CommandPlanner.py - INFO - Command Planner Update completed
2024-05-28 12:00:48,971 - control_thread.py - INFO - Updating command planner with distance: 0, angle: 0
2024-05-28 12:00:48,971 - CommandPlanner.py - INFO - Executing command: LocateBallCommand
2024-05-28 12:00:48,990 - CommandPlanner.py - INFO - Command Planner Update completed
2024-05-28 12:00:49,117 - control_thread.py - INFO - Updating command planner with distance: 0, angle: 0
2024-05-28 12:00:49,117 - CommandPlanner.py - INFO - Executing command: LocateBallCommand
2024-05-28 12:00:49,134 - CommandPlanner.py - INFO - Command Planner Update completed
2024-05-28 12:00:49,251 - control_thread.py - INFO - Updating command planner with distance: 0, angle: 0
2024-05-28 12:00:49,252 - CommandPlanner.py - INFO - Executing command: LocateBallCommand
2024-05-28 12:00:49,272 - CommandPlanner.py - INFO - Command Planner Update completed
2024-05-28 12:00:49,420 - control_thread.py - INFO - Updating command planner with distance: 0, angle: 0
2024-05-28 12:00:49,420 - CommandPlanner.py - INFO - Executing command: LocateBallCommand
2024-05-28 12:00:49,438 - CommandPlanner.py - INFO - Command Planner Update completed
2024-05-28 12:00:49,568 - control_thread.py - INFO - Updating command planner with distance: 0, angle: 0
2024-05-28 12:00:49,568 - CommandPlanner.py - INFO - Executing command: LocateBallCommand
2024-05-28 12:00:49,584 - CommandPlanner.py - INFO - Command Planner Update completed
2024-05-28 12:00:49,715 - control_thread.py - INFO - Control thread exited
2024-05-28 12:00:49,718 - main.py - INFO - Main thread exited
2024-05-28 12:00:49,772 - camera_thread.py - INFO - Camera thread exited
