2024-05-28 11:58:13,057 - main.py - INFO - Main function started
2024-05-28 11:58:16,244 - ugotcamera.py - INFO - camera opened
2024-05-28 11:58:16,281 - CommandPlanner.py - INFO - CommandPlanner initiated
2024-05-28 11:58:16,281 - control_thread.py - INFO - Control thread started
2024-05-28 11:58:17,689 - control_thread.py - INFO - Updating command planner with distance: 0, angle: 0
2024-05-28 11:58:17,689 - CommandPlanner.py - INFO - Executing command: LocateBallCommand
2024-05-28 11:58:17,760 - CommandPlanner.py - INFO - Command Planner Update completed
2024-05-28 11:58:17,968 - control_thread.py - INFO - Updating command planner with distance: 0, angle: 0
2024-05-28 11:58:17,968 - CommandPlanner.py - INFO - Executing command: LocateBallCommand
2024-05-28 11:58:17,994 - CommandPlanner.py - INFO - Command Planner Update completed
2024-05-28 11:58:18,134 - control_thread.py - INFO - Updating command planner with distance: 0, angle: 0
2024-05-28 11:58:18,134 - CommandPlanner.py - INFO - Executing command: LocateBallCommand
2024-05-28 11:58:18,161 - CommandPlanner.py - INFO - Command Planner Update completed
2024-05-28 11:58:18,316 - control_thread.py - INFO - Updating command planner with distance: 0, angle: 0
2024-05-28 11:58:18,316 - CommandPlanner.py - INFO - Executing command: LocateBallCommand
2024-05-28 11:58:18,341 - CommandPlanner.py - INFO - Command Planner Update completed
2024-05-28 11:58:18,485 - control_thread.py - INFO - Updating command planner with distance: 0, angle: 0
2024-05-28 11:58:18,485 - CommandPlanner.py - INFO - Executing command: LocateBallCommand
2024-05-28 11:58:18,504 - CommandPlanner.py - INFO - Command Planner Update completed
2024-05-28 11:58:18,638 - control_thread.py - INFO - Updating command planner with distance: 0, angle: 0
2024-05-28 11:58:18,638 - CommandPlanner.py - INFO - Executing command: LocateBallCommand
2024-05-28 11:58:18,656 - CommandPlanner.py - INFO - Command Planner Update completed
2024-05-28 11:58:18,810 - control_thread.py - INFO - Updating command planner with distance: 0, angle: 0
2024-05-28 11:58:18,810 - CommandPlanner.py - INFO - Executing command: LocateBallCommand
2024-05-28 11:58:18,836 - CommandPlanner.py - INFO - Command Planner Update completed
2024-05-28 11:58:18,977 - control_thread.py - INFO - Updating command planner with distance: 0, angle: 0
2024-05-28 11:58:18,977 - CommandPlanner.py - INFO - Executing command: LocateBallCommand
2024-05-28 11:58:19,001 - CommandPlanner.py - INFO - Command Planner Update completed
2024-05-28 11:58:19,138 - control_thread.py - INFO - Updating command planner with distance: 36.96024509645699, angle: -28.679940699051
2024-05-28 11:58:19,138 - CommandPlanner.py - INFO - Executing command: LocateBallCommand
2024-05-28 11:58:19,449 - CommandPlanner.py - INFO - Command LocateBallCommand is finished
2024-05-28 11:58:19,449 - CommandPlanner.py - INFO - Command Planner Update completed
2024-05-28 11:58:19,759 - control_thread.py - INFO - Updating command planner with distance: 0, angle: 0
2024-05-28 11:58:19,759 - CommandPlanner.py - INFO - Starting command planning
2024-05-28 11:58:19,759 - CommandPlanner.py - INFO - Command updated
2024-05-28 11:58:19,759 - CommandPlanner.py - INFO - Executing command: LocateBallCommand
2024-05-28 11:58:19,787 - CommandPlanner.py - INFO - Command LocateBallCommand is finished
2024-05-28 11:58:19,787 - CommandPlanner.py - INFO - Command Planner Update completed
2024-05-28 11:58:19,940 - control_thread.py - INFO - Updating command planner with distance: 0, angle: 0
2024-05-28 11:58:19,940 - CommandPlanner.py - INFO - Starting command planning
2024-05-28 11:58:19,940 - CommandPlanner.py - INFO - Command updated
2024-05-28 11:58:19,940 - CommandPlanner.py - INFO - Executing command: LocateBallCommand
2024-05-28 11:58:19,957 - CommandPlanner.py - INFO - Command LocateBallCommand is finished
2024-05-28 11:58:19,957 - CommandPlanner.py - INFO - Command Planner Update completed
2024-05-28 11:58:20,142 - control_thread.py - INFO - Updating command planner with distance: 0, angle: 0
2024-05-28 11:58:20,142 - CommandPlanner.py - INFO - Starting command planning
2024-05-28 11:58:20,142 - CommandPlanner.py - INFO - Command updated
2024-05-28 11:58:20,142 - CommandPlanner.py - INFO - Executing command: LocateBallCommand
2024-05-28 11:58:20,159 - CommandPlanner.py - INFO - Command LocateBallCommand is finished
2024-05-28 11:58:20,159 - CommandPlanner.py - INFO - Command Planner Update completed
2024-05-28 11:58:20,345 - control_thread.py - INFO - Updating command planner with distance: 0, angle: 0
2024-05-28 11:58:20,345 - CommandPlanner.py - INFO - Starting command planning
2024-05-28 11:58:20,345 - CommandPlanner.py - INFO - Command updated
2024-05-28 11:58:20,345 - CommandPlanner.py - INFO - Executing command: LocateBallCommand
2024-05-28 11:58:20,366 - CommandPlanner.py - INFO - Command LocateBallCommand is finished
2024-05-28 11:58:20,366 - CommandPlanner.py - INFO - Command Planner Update completed
2024-05-28 11:58:20,677 - control_thread.py - INFO - Updating command planner with distance: 0, angle: 0
2024-05-28 11:58:20,677 - CommandPlanner.py - INFO - Starting command planning
2024-05-28 11:58:20,677 - CommandPlanner.py - INFO - Command updated
2024-05-28 11:58:20,677 - CommandPlanner.py - INFO - Executing command: LocateBallCommand
2024-05-28 11:58:20,697 - CommandPlanner.py - INFO - Command LocateBallCommand is finished
2024-05-28 11:58:20,697 - CommandPlanner.py - INFO - Command Planner Update completed
2024-05-28 11:58:20,885 - control_thread.py - INFO - Updating command planner with distance: 0, angle: 0
2024-05-28 11:58:20,885 - CommandPlanner.py - INFO - Starting command planning
2024-05-28 11:58:20,886 - CommandPlanner.py - INFO - Command updated
2024-05-28 11:58:20,886 - CommandPlanner.py - INFO - Executing command: LocateBallCommand
2024-05-28 11:58:20,904 - CommandPlanner.py - INFO - Command LocateBallCommand is finished
2024-05-28 11:58:20,904 - CommandPlanner.py - INFO - Command Planner Update completed
2024-05-28 11:58:21,023 - control_thread.py - INFO - Updating command planner with distance: 0, angle: 0
2024-05-28 11:58:21,023 - CommandPlanner.py - INFO - Starting command planning
2024-05-28 11:58:21,023 - CommandPlanner.py - INFO - Command updated
2024-05-28 11:58:21,024 - CommandPlanner.py - INFO - Executing command: LocateBallCommand
2024-05-28 11:58:21,051 - CommandPlanner.py - INFO - Command LocateBallCommand is finished
2024-05-28 11:58:21,051 - CommandPlanner.py - INFO - Command Planner Update completed
2024-05-28 11:58:21,175 - control_thread.py - INFO - Updating command planner with distance: 0, angle: 0
2024-05-28 11:58:21,175 - CommandPlanner.py - INFO - Starting command planning
2024-05-28 11:58:21,175 - CommandPlanner.py - INFO - Command updated
2024-05-28 11:58:21,175 - CommandPlanner.py - INFO - Executing command: LocateBallCommand
2024-05-28 11:58:21,351 - CommandPlanner.py - INFO - Command LocateBallCommand is finished
2024-05-28 11:58:21,352 - CommandPlanner.py - INFO - Command Planner Update completed
2024-05-28 11:58:21,475 - control_thread.py - INFO - Updating command planner with distance: 0, angle: 0
2024-05-28 11:58:21,475 - CommandPlanner.py - INFO - Starting command planning
2024-05-28 11:58:21,475 - CommandPlanner.py - INFO - Command updated
2024-05-28 11:58:21,475 - CommandPlanner.py - INFO - Executing command: LocateBallCommand
2024-05-28 11:58:21,491 - CommandPlanner.py - INFO - Command LocateBallCommand is finished
2024-05-28 11:58:21,492 - CommandPlanner.py - INFO - Command Planner Update completed
2024-05-28 11:58:21,621 - control_thread.py - INFO - Updating command planner with distance: 0, angle: 0
2024-05-28 11:58:21,621 - CommandPlanner.py - INFO - Starting command planning
2024-05-28 11:58:21,621 - CommandPlanner.py - INFO - Command updated
2024-05-28 11:58:21,621 - CommandPlanner.py - INFO - Executing command: LocateBallCommand
2024-05-28 11:58:21,656 - CommandPlanner.py - INFO - Command LocateBallCommand is finished
2024-05-28 11:58:21,656 - CommandPlanner.py - INFO - Command Planner Update completed
2024-05-28 11:58:21,880 - control_thread.py - INFO - Updating command planner with distance: 0, angle: 0
2024-05-28 11:58:21,880 - CommandPlanner.py - INFO - Starting command planning
2024-05-28 11:58:21,881 - CommandPlanner.py - INFO - Command updated
2024-05-28 11:58:21,881 - CommandPlanner.py - INFO - Executing command: LocateBallCommand
2024-05-28 11:58:21,937 - CommandPlanner.py - INFO - Command LocateBallCommand is finished
2024-05-28 11:58:21,937 - CommandPlanner.py - INFO - Command Planner Update completed
2024-05-28 11:58:22,085 - control_thread.py - INFO - Updating command planner with distance: 0, angle: 0
2024-05-28 11:58:22,085 - CommandPlanner.py - INFO - Starting command planning
2024-05-28 11:58:22,085 - CommandPlanner.py - INFO - Command updated
2024-05-28 11:58:22,085 - CommandPlanner.py - INFO - Executing command: LocateBallCommand
2024-05-28 11:58:22,107 - CommandPlanner.py - INFO - Command LocateBallCommand is finished
2024-05-28 11:58:22,107 - CommandPlanner.py - INFO - Command Planner Update completed
2024-05-28 11:58:22,292 - control_thread.py - INFO - Updating command planner with distance: 0, angle: 0
2024-05-28 11:58:22,292 - CommandPlanner.py - INFO - Starting command planning
2024-05-28 11:58:22,292 - CommandPlanner.py - INFO - Command updated
2024-05-28 11:58:22,292 - CommandPlanner.py - INFO - Executing command: LocateBallCommand
2024-05-28 11:58:22,315 - CommandPlanner.py - INFO - Command LocateBallCommand is finished
2024-05-28 11:58:22,315 - CommandPlanner.py - INFO - Command Planner Update completed
2024-05-28 11:58:22,473 - control_thread.py - INFO - Updating command planner with distance: 19.489010392682147, angle: 40.396173959211666
2024-05-28 11:58:22,473 - CommandPlanner.py - INFO - Starting command planning
2024-05-28 11:58:22,473 - CommandPlanner.py - INFO - Switching to TranslateToBallCommand with distance: 19.489010392682147, angle: 40.396173959211666
2024-05-28 11:58:22,474 - CommandPlanner.py - INFO - Command updated
2024-05-28 11:58:22,474 - CommandPlanner.py - INFO - Executing command: TranslateToBallCommand
2024-05-28 11:58:22,474 - TranslateToBallCommand.py - INFO - shared data: distance - 19.489010392682147, angle: 40.396173959211666
2024-05-28 11:58:22,506 - CommandPlanner.py - INFO - Command Planner Update completed
2024-05-28 11:58:22,639 - control_thread.py - INFO - Updating command planner with distance: 0, angle: 0
2024-05-28 11:58:22,639 - CommandPlanner.py - INFO - Executing command: TranslateToBallCommand
2024-05-28 11:58:22,639 - TranslateToBallCommand.py - INFO - shared data: distance - 0, angle: 0
2024-05-28 11:58:22,789 - CommandPlanner.py - INFO - Command TranslateToBallCommand is finished
2024-05-28 11:58:22,789 - CommandPlanner.py - INFO - Command Planner Update completed
2024-05-28 11:58:22,922 - control_thread.py - INFO - Updating command planner with distance: 0, angle: 0
2024-05-28 11:58:22,922 - CommandPlanner.py - INFO - Starting command planning
2024-05-28 11:58:22,923 - CommandPlanner.py - INFO - Switching to LocateBallCommand
2024-05-28 11:58:22,923 - CommandPlanner.py - INFO - Command updated
2024-05-28 11:58:22,923 - CommandPlanner.py - INFO - Executing command: LocateBallCommand
2024-05-28 11:58:22,953 - CommandPlanner.py - INFO - Command Planner Update completed
2024-05-28 11:58:23,130 - control_thread.py - INFO - Updating command planner with distance: 41.33793486459911, angle: 22.457525736071425
2024-05-28 11:58:23,130 - CommandPlanner.py - INFO - Executing command: LocateBallCommand
2024-05-28 11:58:23,369 - CommandPlanner.py - INFO - Command LocateBallCommand is finished
2024-05-28 11:58:23,369 - CommandPlanner.py - INFO - Command Planner Update completed
2024-05-28 11:58:23,506 - control_thread.py - INFO - Updating command planner with distance: 40.85860576212495, angle: 10.407480399279507
2024-05-28 11:58:23,506 - CommandPlanner.py - INFO - Starting command planning
2024-05-28 11:58:23,506 - CommandPlanner.py - INFO - Switching to TranslateToBallCommand with distance: 40.85860576212495, angle: 10.407480399279507
2024-05-28 11:58:23,506 - CommandPlanner.py - INFO - Command updated
2024-05-28 11:58:23,506 - CommandPlanner.py - INFO - Executing command: TranslateToBallCommand
2024-05-28 11:58:23,506 - TranslateToBallCommand.py - INFO - shared data: distance - 40.85860576212495, angle: 10.407480399279507
2024-05-28 11:58:23,526 - CommandPlanner.py - INFO - Command Planner Update completed
2024-05-28 11:58:23,688 - control_thread.py - INFO - Updating command planner with distance: 41.93078642954373, angle: 10.465560745835365
2024-05-28 11:58:23,688 - CommandPlanner.py - INFO - Executing command: TranslateToBallCommand
2024-05-28 11:58:23,688 - TranslateToBallCommand.py - INFO - shared data: distance - 41.93078642954373, angle: 10.465560745835365
2024-05-28 11:58:23,702 - CommandPlanner.py - INFO - Command Planner Update completed
2024-05-28 11:58:23,834 - control_thread.py - INFO - Updating command planner with distance: 39.187627215101735, angle: 11.220508996040063
2024-05-28 11:58:23,834 - CommandPlanner.py - INFO - Executing command: TranslateToBallCommand
2024-05-28 11:58:23,834 - TranslateToBallCommand.py - INFO - shared data: distance - 39.187627215101735, angle: 11.220508996040063
2024-05-28 11:58:23,853 - CommandPlanner.py - INFO - Command Planner Update completed
2024-05-28 11:58:24,004 - control_thread.py - INFO - Updating command planner with distance: 29.335547954893027, angle: 13.019990476693835
2024-05-28 11:58:24,004 - CommandPlanner.py - INFO - Executing command: TranslateToBallCommand
2024-05-28 11:58:24,004 - TranslateToBallCommand.py - INFO - shared data: distance - 29.335547954893027, angle: 13.019990476693835
2024-05-28 11:58:24,027 - CommandPlanner.py - INFO - Command Planner Update completed
2024-05-28 11:58:24,167 - control_thread.py - INFO - Updating command planner with distance: 25.222199023144103, angle: 12.497680136849112
2024-05-28 11:58:24,167 - CommandPlanner.py - INFO - Executing command: TranslateToBallCommand
2024-05-28 11:58:24,167 - TranslateToBallCommand.py - INFO - shared data: distance - 25.222199023144103, angle: 12.497680136849112
2024-05-28 11:58:24,191 - CommandPlanner.py - INFO - Command Planner Update completed
2024-05-28 11:58:24,333 - control_thread.py - INFO - Updating command planner with distance: 22.859461188734613, angle: 12.323554265453257
2024-05-28 11:58:24,333 - CommandPlanner.py - INFO - Executing command: TranslateToBallCommand
2024-05-28 11:58:24,333 - TranslateToBallCommand.py - INFO - shared data: distance - 22.859461188734613, angle: 12.323554265453257
2024-05-28 11:58:24,352 - CommandPlanner.py - INFO - Command Planner Update completed
2024-05-28 11:58:24,503 - control_thread.py - INFO - Updating command planner with distance: 19.885788961532796, angle: 12.091369420228231
2024-05-28 11:58:24,503 - CommandPlanner.py - INFO - Executing command: TranslateToBallCommand
2024-05-28 11:58:24,503 - TranslateToBallCommand.py - INFO - shared data: distance - 19.885788961532796, angle: 12.091369420228231
2024-05-28 11:58:24,520 - CommandPlanner.py - INFO - Command Planner Update completed
2024-05-28 11:58:24,658 - control_thread.py - INFO - Updating command planner with distance: 16.394846843847528, angle: 12.149417437676075
2024-05-28 11:58:24,658 - CommandPlanner.py - INFO - Executing command: TranslateToBallCommand
2024-05-28 11:58:24,658 - TranslateToBallCommand.py - INFO - shared data: distance - 16.394846843847528, angle: 12.149417437676075
2024-05-28 11:58:24,706 - CommandPlanner.py - INFO - Command Planner Update completed
2024-05-28 11:58:24,896 - control_thread.py - INFO - Updating command planner with distance: 12.66911732697682, angle: 12.671794898228534
2024-05-28 11:58:24,896 - CommandPlanner.py - INFO - Executing command: TranslateToBallCommand
2024-05-28 11:58:24,896 - TranslateToBallCommand.py - INFO - shared data: distance - 12.66911732697682, angle: 12.671794898228534
2024-05-28 11:58:24,924 - CommandPlanner.py - INFO - Command Planner Update completed
2024-05-28 11:58:25,072 - control_thread.py - INFO - Updating command planner with distance: 10.566920616425493, angle: 12.96196106117583
2024-05-28 11:58:25,073 - CommandPlanner.py - INFO - Executing command: TranslateToBallCommand
2024-05-28 11:58:25,073 - TranslateToBallCommand.py - INFO - shared data: distance - 10.566920616425493, angle: 12.96196106117583
2024-05-28 11:58:25,089 - CommandPlanner.py - INFO - Command Planner Update completed
2024-05-28 11:58:25,223 - control_thread.py - INFO - Updating command planner with distance: 9.743037831583253, angle: 11.859165461331548
2024-05-28 11:58:25,223 - CommandPlanner.py - INFO - Executing command: TranslateToBallCommand
2024-05-28 11:58:25,223 - TranslateToBallCommand.py - INFO - shared data: distance - 9.743037831583253, angle: 11.859165461331548
2024-05-28 11:58:25,360 - CommandPlanner.py - INFO - Command TranslateToBallCommand is finished
2024-05-28 11:58:25,360 - CommandPlanner.py - INFO - Command Planner Update completed
2024-05-28 11:58:25,492 - control_thread.py - INFO - Updating command planner with distance: 7.675018900037256, angle: 13.136045445191623
2024-05-28 11:58:25,492 - CommandPlanner.py - INFO - Starting command planning
2024-05-28 11:58:25,492 - CommandPlanner.py - INFO - Switching to AlignWithBallCommand with angle: 13.136045445191623
2024-05-28 11:58:25,492 - CommandPlanner.py - INFO - Command updated
2024-05-28 11:58:25,492 - CommandPlanner.py - INFO - Executing command: AlignWithBallCommand
2024-05-28 11:58:25,511 - CommandPlanner.py - INFO - Command Planner Update completed
2024-05-28 11:58:25,719 - control_thread.py - INFO - Updating command planner with distance: 7.596679228213142, angle: 13.368139772964353
2024-05-28 11:58:25,719 - CommandPlanner.py - INFO - Executing command: AlignWithBallCommand
2024-05-28 11:58:25,750 - CommandPlanner.py - INFO - Command Planner Update completed
2024-05-28 11:58:25,893 - control_thread.py - INFO - Updating command planner with distance: 8.035885254675255, angle: 7.502269978645989
2024-05-28 11:58:25,894 - CommandPlanner.py - INFO - Executing command: AlignWithBallCommand
2024-05-28 11:58:25,918 - CommandPlanner.py - INFO - Command Planner Update completed
2024-05-28 11:58:26,118 - control_thread.py - INFO - Updating command planner with distance: 7.99143798087365, angle: 5.467475134293784
2024-05-28 11:58:26,118 - CommandPlanner.py - INFO - Executing command: AlignWithBallCommand
2024-05-28 11:58:26,198 - CommandPlanner.py - INFO - Command Planner Update completed
2024-05-28 11:58:26,351 - control_thread.py - INFO - Updating command planner with distance: 9.426757947721146, angle: 5.234880264140132
2024-05-28 11:58:26,351 - CommandPlanner.py - INFO - Executing command: AlignWithBallCommand
2024-05-28 11:58:26,393 - CommandPlanner.py - INFO - Command Planner Update completed
2024-05-28 11:58:26,568 - control_thread.py - INFO - Updating command planner with distance: 9.39974322407658, angle: 5.293029774112344
2024-05-28 11:58:26,568 - CommandPlanner.py - INFO - Executing command: AlignWithBallCommand
2024-05-28 11:58:26,655 - CommandPlanner.py - INFO - Command Planner Update completed
2024-05-28 11:58:26,820 - control_thread.py - INFO - Updating command planner with distance: 8.250369935302636, angle: 5.002277094799186
2024-05-28 11:58:26,820 - CommandPlanner.py - INFO - Executing command: AlignWithBallCommand
2024-05-28 11:58:26,842 - CommandPlanner.py - INFO - Command Planner Update completed
2024-05-28 11:58:26,988 - control_thread.py - INFO - Updating command planner with distance: 9.618921864157386, angle: 4.3625785935139145
2024-05-28 11:58:26,988 - CommandPlanner.py - INFO - Executing command: AlignWithBallCommand
2024-05-28 11:58:27,017 - CommandPlanner.py - INFO - Command Planner Update completed
2024-05-28 11:58:27,163 - control_thread.py - INFO - Updating command planner with distance: 9.562678458909197, angle: 3.6646662832033607
2024-05-28 11:58:27,163 - CommandPlanner.py - INFO - Executing command: AlignWithBallCommand
2024-05-28 11:58:27,178 - CommandPlanner.py - INFO - Command Planner Update completed
2024-05-28 11:58:27,314 - control_thread.py - INFO - Updating command planner with distance: 7.989865643656191, angle: 3.141197180211812
2024-05-28 11:58:27,314 - CommandPlanner.py - INFO - Executing command: AlignWithBallCommand
2024-05-28 11:58:27,337 - CommandPlanner.py - INFO - Command Planner Update completed
2024-05-28 11:58:27,481 - control_thread.py - INFO - Updating command planner with distance: 8.16107538485838, angle: 2.5595354451057672
2024-05-28 11:58:27,482 - CommandPlanner.py - INFO - Executing command: AlignWithBallCommand
2024-05-28 11:58:27,496 - CommandPlanner.py - INFO - Command Planner Update completed
2024-05-28 11:58:27,640 - control_thread.py - INFO - Updating command planner with distance: 8.248541855712157, angle: 1.512484253624852
2024-05-28 11:58:27,640 - CommandPlanner.py - INFO - Executing command: AlignWithBallCommand
2024-05-28 11:58:27,658 - CommandPlanner.py - INFO - Command Planner Update completed
2024-05-28 11:58:27,843 - control_thread.py - INFO - Updating command planner with distance: 8.204448459814017, angle: 1.45431300797538
2024-05-28 11:58:27,843 - CommandPlanner.py - INFO - Executing command: AlignWithBallCommand
2024-05-28 11:58:27,873 - CommandPlanner.py - INFO - Command Planner Update completed
2024-05-28 11:58:28,016 - control_thread.py - INFO - Updating command planner with distance: 8.204448459814017, angle: 1.45431300797538
2024-05-28 11:58:28,016 - CommandPlanner.py - INFO - Executing command: AlignWithBallCommand
2024-05-28 11:58:28,036 - CommandPlanner.py - INFO - Command Planner Update completed
2024-05-28 11:58:28,178 - control_thread.py - INFO - Updating command planner with distance: 8.428340512754431, angle: 0.8144210580518713
2024-05-28 11:58:28,178 - CommandPlanner.py - INFO - Executing command: AlignWithBallCommand
2024-05-28 11:58:28,248 - CommandPlanner.py - INFO - Command AlignWithBallCommand is finished
2024-05-28 11:58:28,249 - CommandPlanner.py - INFO - Command Planner Update completed
2024-05-28 11:58:28,443 - control_thread.py - INFO - Updating command planner with distance: 8.474240889360654, angle: 0.7562484627558008
2024-05-28 11:58:28,443 - CommandPlanner.py - INFO - Starting command planning
2024-05-28 11:58:28,443 - CommandPlanner.py - INFO - Command updated
2024-05-28 11:58:28,443 - CommandPlanner.py - INFO - Executing command: AlignWithBallCommand
2024-05-28 11:58:28,494 - CommandPlanner.py - INFO - Command AlignWithBallCommand is finished
2024-05-28 11:58:28,495 - CommandPlanner.py - INFO - Command Planner Update completed
2024-05-28 11:58:28,666 - control_thread.py - INFO - Updating command planner with distance: 8.292855156259874, angle: 0.8725935725980932
2024-05-28 11:58:28,666 - CommandPlanner.py - INFO - Starting command planning
2024-05-28 11:58:28,666 - CommandPlanner.py - INFO - Command updated
2024-05-28 11:58:28,666 - CommandPlanner.py - INFO - Executing command: AlignWithBallCommand
2024-05-28 11:58:28,712 - CommandPlanner.py - INFO - Command AlignWithBallCommand is finished
2024-05-28 11:58:28,712 - CommandPlanner.py - INFO - Command Planner Update completed
2024-05-28 11:58:28,916 - control_thread.py - INFO - Updating command planner with distance: 8.474240889360654, angle: 0.7562484627558008
2024-05-28 11:58:28,916 - CommandPlanner.py - INFO - Starting command planning
2024-05-28 11:58:28,916 - CommandPlanner.py - INFO - Command updated
2024-05-28 11:58:28,916 - CommandPlanner.py - INFO - Executing command: AlignWithBallCommand
2024-05-28 11:58:28,966 - CommandPlanner.py - INFO - Command AlignWithBallCommand is finished
2024-05-28 11:58:28,966 - CommandPlanner.py - INFO - Command Planner Update completed
2024-05-28 11:58:29,154 - control_thread.py - INFO - Updating command planner with distance: 8.382799961877936, angle: 0.7562484627558008
2024-05-28 11:58:29,155 - CommandPlanner.py - INFO - Starting command planning
2024-05-28 11:58:29,155 - CommandPlanner.py - INFO - Command updated
2024-05-28 11:58:29,155 - CommandPlanner.py - INFO - Executing command: AlignWithBallCommand
2024-05-28 11:58:29,219 - CommandPlanner.py - INFO - Command AlignWithBallCommand is finished
2024-05-28 11:58:29,220 - CommandPlanner.py - INFO - Command Planner Update completed
2024-05-28 11:58:29,368 - control_thread.py - INFO - Updating command planner with distance: 8.382799961877936, angle: 0.7562484627558008
2024-05-28 11:58:29,368 - CommandPlanner.py - INFO - Starting command planning
2024-05-28 11:58:29,368 - CommandPlanner.py - INFO - Command updated
2024-05-28 11:58:29,368 - CommandPlanner.py - INFO - Executing command: AlignWithBallCommand
2024-05-28 11:58:29,416 - CommandPlanner.py - INFO - Command AlignWithBallCommand is finished
2024-05-28 11:58:29,416 - CommandPlanner.py - INFO - Command Planner Update completed
2024-05-28 11:58:29,574 - control_thread.py - INFO - Updating command planner with distance: 8.382799961877936, angle: 0.7562484627558008
2024-05-28 11:58:29,574 - CommandPlanner.py - INFO - Starting command planning
2024-05-28 11:58:29,574 - CommandPlanner.py - INFO - Command updated
2024-05-28 11:58:29,575 - CommandPlanner.py - INFO - Executing command: AlignWithBallCommand
2024-05-28 11:58:29,630 - CommandPlanner.py - INFO - Command AlignWithBallCommand is finished
2024-05-28 11:58:29,630 - CommandPlanner.py - INFO - Command Planner Update completed
2024-05-28 11:58:29,778 - control_thread.py - INFO - Updating command planner with distance: 8.428326133623516, angle: 0.6980757924775274
2024-05-28 11:58:29,778 - CommandPlanner.py - INFO - Starting command planning
2024-05-28 11:58:29,778 - CommandPlanner.py - INFO - Command updated
2024-05-28 11:58:29,778 - CommandPlanner.py - INFO - Executing command: AlignWithBallCommand
2024-05-28 11:58:29,876 - CommandPlanner.py - INFO - Command AlignWithBallCommand is finished
2024-05-28 11:58:29,876 - CommandPlanner.py - INFO - Command Planner Update completed
2024-05-28 11:58:30,064 - control_thread.py - INFO - Updating command planner with distance: 8.382799961877936, angle: 0.7562484627558008
2024-05-28 11:58:30,064 - CommandPlanner.py - INFO - Starting command planning
2024-05-28 11:58:30,064 - CommandPlanner.py - INFO - Command updated
2024-05-28 11:58:30,064 - CommandPlanner.py - INFO - Executing command: AlignWithBallCommand
2024-05-28 11:58:30,127 - CommandPlanner.py - INFO - Command AlignWithBallCommand is finished
2024-05-28 11:58:30,127 - CommandPlanner.py - INFO - Command Planner Update completed
2024-05-28 11:58:30,342 - control_thread.py - INFO - Updating command planner with distance: 8.38281538388055, angle: 0.8725935725980932
2024-05-28 11:58:30,342 - CommandPlanner.py - INFO - Starting command planning
2024-05-28 11:58:30,342 - CommandPlanner.py - INFO - Command updated
2024-05-28 11:58:30,342 - CommandPlanner.py - INFO - Executing command: AlignWithBallCommand
2024-05-28 11:58:30,395 - CommandPlanner.py - INFO - Command AlignWithBallCommand is finished
2024-05-28 11:58:30,395 - CommandPlanner.py - INFO - Command Planner Update completed
2024-05-28 11:58:30,546 - control_thread.py - INFO - Updating command planner with distance: 8.292855156259874, angle: 0.8725935725980932
2024-05-28 11:58:30,547 - CommandPlanner.py - INFO - Starting command planning
2024-05-28 11:58:30,547 - CommandPlanner.py - INFO - Command updated
2024-05-28 11:58:30,547 - CommandPlanner.py - INFO - Executing command: AlignWithBallCommand
2024-05-28 11:58:30,596 - CommandPlanner.py - INFO - Command AlignWithBallCommand is finished
2024-05-28 11:58:30,596 - CommandPlanner.py - INFO - Command Planner Update completed
2024-05-28 11:58:30,746 - control_thread.py - INFO - Updating command planner with distance: 8.292855156259874, angle: 0.8725935725980932
2024-05-28 11:58:30,746 - CommandPlanner.py - INFO - Starting command planning
2024-05-28 11:58:30,746 - CommandPlanner.py - INFO - Command updated
2024-05-28 11:58:30,746 - CommandPlanner.py - INFO - Executing command: AlignWithBallCommand
2024-05-28 11:58:30,812 - CommandPlanner.py - INFO - Command AlignWithBallCommand is finished
2024-05-28 11:58:30,812 - CommandPlanner.py - INFO - Command Planner Update completed
2024-05-28 11:58:30,952 - control_thread.py - INFO - Updating command planner with distance: 8.337644470152583, angle: 0.8144210580518713
2024-05-28 11:58:30,952 - CommandPlanner.py - INFO - Starting command planning
2024-05-28 11:58:30,952 - CommandPlanner.py - INFO - Command updated
2024-05-28 11:58:30,952 - CommandPlanner.py - INFO - Executing command: AlignWithBallCommand
2024-05-28 11:58:30,999 - CommandPlanner.py - INFO - Command AlignWithBallCommand is finished
2024-05-28 11:58:30,999 - CommandPlanner.py - INFO - Command Planner Update completed
2024-05-28 11:58:31,127 - control_thread.py - INFO - Updating command planner with distance: 8.337644470152583, angle: 0.8144210580518713
2024-05-28 11:58:31,127 - CommandPlanner.py - INFO - Starting command planning
2024-05-28 11:58:31,127 - CommandPlanner.py - INFO - Command updated
2024-05-28 11:58:31,127 - CommandPlanner.py - INFO - Executing command: AlignWithBallCommand
2024-05-28 11:58:31,174 - CommandPlanner.py - INFO - Command AlignWithBallCommand is finished
2024-05-28 11:58:31,174 - CommandPlanner.py - INFO - Command Planner Update completed
2024-05-28 11:58:31,332 - control_thread.py - INFO - Updating command planner with distance: 8.337644470152583, angle: 0.8144210580518713
2024-05-28 11:58:31,332 - CommandPlanner.py - INFO - Starting command planning
2024-05-28 11:58:31,332 - CommandPlanner.py - INFO - Command updated
2024-05-28 11:58:31,332 - CommandPlanner.py - INFO - Executing command: AlignWithBallCommand
2024-05-28 11:58:31,378 - CommandPlanner.py - INFO - Command AlignWithBallCommand is finished
2024-05-28 11:58:31,378 - CommandPlanner.py - INFO - Command Planner Update completed
2024-05-28 11:58:31,501 - control_thread.py - INFO - Updating command planner with distance: 9.758810401436826, angle: 0.6980757924775274
2024-05-28 11:58:31,501 - CommandPlanner.py - INFO - Starting command planning
2024-05-28 11:58:31,501 - CommandPlanner.py - INFO - Command updated
2024-05-28 11:58:31,501 - CommandPlanner.py - INFO - Executing command: AlignWithBallCommand
2024-05-28 11:58:31,551 - CommandPlanner.py - INFO - Command AlignWithBallCommand is finished
2024-05-28 11:58:31,551 - CommandPlanner.py - INFO - Command Planner Update completed
2024-05-28 11:58:31,743 - control_thread.py - INFO - Updating command planner with distance: 8.38281538388055, angle: 0.8725935725980932
2024-05-28 11:58:31,743 - CommandPlanner.py - INFO - Starting command planning
2024-05-28 11:58:31,743 - CommandPlanner.py - INFO - Command updated
2024-05-28 11:58:31,743 - CommandPlanner.py - INFO - Executing command: AlignWithBallCommand
2024-05-28 11:58:31,793 - CommandPlanner.py - INFO - Command AlignWithBallCommand is finished
2024-05-28 11:58:31,793 - CommandPlanner.py - INFO - Command Planner Update completed
2024-05-28 11:58:31,984 - control_thread.py - INFO - Updating command planner with distance: 8.382799961877936, angle: 0.7562484627558008
2024-05-28 11:58:31,984 - CommandPlanner.py - INFO - Starting command planning
2024-05-28 11:58:31,984 - CommandPlanner.py - INFO - Command updated
2024-05-28 11:58:31,984 - CommandPlanner.py - INFO - Executing command: AlignWithBallCommand
2024-05-28 11:58:32,037 - CommandPlanner.py - INFO - Command AlignWithBallCommand is finished
2024-05-28 11:58:32,037 - CommandPlanner.py - INFO - Command Planner Update completed
2024-05-28 11:58:32,210 - control_thread.py - INFO - Updating command planner with distance: 8.428340512754431, angle: 0.8144210580518713
2024-05-28 11:58:32,210 - CommandPlanner.py - INFO - Starting command planning
2024-05-28 11:58:32,210 - CommandPlanner.py - INFO - Command updated
2024-05-28 11:58:32,210 - CommandPlanner.py - INFO - Executing command: AlignWithBallCommand
2024-05-28 11:58:32,257 - CommandPlanner.py - INFO - Command AlignWithBallCommand is finished
2024-05-28 11:58:32,257 - CommandPlanner.py - INFO - Command Planner Update completed
2024-05-28 11:58:32,368 - main.py - INFO - Main thread exited
2024-05-28 11:58:32,446 - camera_thread.py - INFO - Camera thread exited
2024-05-28 11:58:32,446 - control_thread.py - INFO - Control thread exited
