2024-05-27 12:14:22,826 - main.py - INFO - Main function started
2024-05-27 12:14:24,077 - ugotcamera.py - INFO - camera opened
2024-05-27 12:14:24,122 - ugotcamera.py - INFO - reading camera data
2024-05-27 12:14:24,272 - camera_thread.py - INFO - frame read from camera
2024-05-27 12:14:25,451 - camera_thread.py - INFO - detections processed from camera frame
2024-05-27 12:14:25,451 - camera_thread.py - INFO - Frame processed and added to queue
2024-05-27 12:14:25,451 - ugotcamera.py - INFO - reading camera data
2024-05-27 12:14:25,507 - camera_thread.py - INFO - frame read from camera
2024-05-27 12:14:25,589 - camera_thread.py - INFO - detections processed from camera frame
2024-05-27 12:14:25,754 - main.py - INFO - Frame displayed. FPS: 0.6127005338610103
2024-05-27 12:14:25,754 - camera_thread.py - INFO - Frame processed and added to queue
2024-05-27 12:14:25,755 - ugotcamera.py - INFO - reading camera data
2024-05-27 12:14:25,771 - main.py - INFO - Frame displayed. FPS: 59.46668178982589
2024-05-27 12:14:25,805 - camera_thread.py - INFO - frame read from camera
2024-05-27 12:14:25,887 - camera_thread.py - INFO - detections processed from camera frame
2024-05-27 12:14:25,887 - camera_thread.py - INFO - Frame processed and added to queue
2024-05-27 12:14:25,887 - ugotcamera.py - INFO - reading camera data
2024-05-27 12:14:25,904 - main.py - INFO - Frame displayed. FPS: 7.517441745841421
2024-05-27 12:14:25,925 - camera_thread.py - INFO - frame read from camera
2024-05-27 12:14:26,081 - camera_thread.py - INFO - detections processed from camera frame
2024-05-27 12:14:26,082 - camera_thread.py - INFO - Frame processed and added to queue
2024-05-27 12:14:26,082 - ugotcamera.py - INFO - reading camera data
2024-05-27 12:14:26,097 - main.py - INFO - Frame displayed. FPS: 5.201534304199495
2024-05-27 12:14:26,129 - camera_thread.py - INFO - frame read from camera
2024-05-27 12:14:26,196 - camera_thread.py - INFO - detections processed from camera frame
2024-05-27 12:14:26,196 - camera_thread.py - INFO - Frame processed and added to queue
2024-05-27 12:14:26,197 - ugotcamera.py - INFO - reading camera data
2024-05-27 12:14:26,229 - camera_thread.py - INFO - frame read from camera
2024-05-27 12:14:26,231 - main.py - INFO - Frame displayed. FPS: 7.486152335906475
2024-05-27 12:14:26,291 - camera_thread.py - INFO - detections processed from camera frame
2024-05-27 12:14:26,291 - camera_thread.py - INFO - Frame processed and added to queue
2024-05-27 12:14:26,291 - ugotcamera.py - INFO - reading camera data
2024-05-27 12:14:26,310 - main.py - INFO - Frame displayed. FPS: 12.645596220464844
2024-05-27 12:14:26,331 - camera_thread.py - INFO - frame read from camera
2024-05-27 12:14:26,401 - camera_thread.py - INFO - detections processed from camera frame
2024-05-27 12:14:26,401 - camera_thread.py - INFO - Frame processed and added to queue
2024-05-27 12:14:26,401 - ugotcamera.py - INFO - reading camera data
2024-05-27 12:14:26,415 - main.py - INFO - Frame displayed. FPS: 9.578988957783793
2024-05-27 12:14:26,529 - camera_thread.py - INFO - frame read from camera
2024-05-27 12:14:26,596 - camera_thread.py - INFO - detections processed from camera frame
2024-05-27 12:14:26,597 - camera_thread.py - INFO - Frame processed and added to queue
2024-05-27 12:14:26,597 - ugotcamera.py - INFO - reading camera data
2024-05-27 12:14:26,610 - main.py - INFO - Frame displayed. FPS: 5.118756552058277
2024-05-27 12:14:26,650 - camera_thread.py - INFO - frame read from camera
2024-05-27 12:14:26,713 - camera_thread.py - INFO - detections processed from camera frame
2024-05-27 12:14:26,714 - camera_thread.py - INFO - Frame processed and added to queue
2024-05-27 12:14:26,714 - ugotcamera.py - INFO - reading camera data
2024-05-27 12:14:26,727 - main.py - INFO - Frame displayed. FPS: 8.568565002175694
2024-05-27 12:14:26,748 - camera_thread.py - INFO - frame read from camera
2024-05-27 12:14:26,813 - camera_thread.py - INFO - detections processed from camera frame
2024-05-27 12:14:26,813 - camera_thread.py - INFO - Frame processed and added to queue
2024-05-27 12:14:26,813 - ugotcamera.py - INFO - reading camera data
2024-05-27 12:14:26,827 - main.py - INFO - Frame displayed. FPS: 10.04258090467662
2024-05-27 12:14:26,869 - camera_thread.py - INFO - frame read from camera
2024-05-27 12:14:26,925 - camera_thread.py - INFO - detections processed from camera frame
2024-05-27 12:14:26,925 - camera_thread.py - INFO - Frame processed and added to queue
2024-05-27 12:14:26,926 - ugotcamera.py - INFO - reading camera data
2024-05-27 12:14:26,939 - main.py - INFO - Frame displayed. FPS: 8.929941024931338
2024-05-27 12:14:26,952 - camera_thread.py - INFO - frame read from camera
2024-05-27 12:14:27,068 - camera_thread.py - INFO - detections processed from camera frame
2024-05-27 12:14:27,068 - camera_thread.py - INFO - Frame processed and added to queue
2024-05-27 12:14:27,068 - ugotcamera.py - INFO - reading camera data
2024-05-27 12:14:27,081 - main.py - INFO - Frame displayed. FPS: 7.004071217925382
2024-05-27 12:14:27,094 - camera_thread.py - INFO - frame read from camera
2024-05-27 12:14:27,161 - camera_thread.py - INFO - detections processed from camera frame
2024-05-27 12:14:27,163 - camera_thread.py - INFO - Frame processed and added to queue
2024-05-27 12:14:27,163 - ugotcamera.py - INFO - reading camera data
2024-05-27 12:14:27,176 - main.py - INFO - Frame displayed. FPS: 10.57853374090776
2024-05-27 12:14:27,191 - camera_thread.py - INFO - frame read from camera
2024-05-27 12:14:27,249 - camera_thread.py - INFO - detections processed from camera frame
2024-05-27 12:14:27,249 - camera_thread.py - INFO - Frame processed and added to queue
2024-05-27 12:14:27,250 - ugotcamera.py - INFO - reading camera data
2024-05-27 12:14:27,263 - main.py - INFO - Frame displayed. FPS: 11.56752612433224
2024-05-27 12:14:27,275 - camera_thread.py - INFO - frame read from camera
2024-05-27 12:14:27,344 - camera_thread.py - INFO - detections processed from camera frame
2024-05-27 12:14:27,345 - camera_thread.py - INFO - Frame processed and added to queue
2024-05-27 12:14:27,345 - ugotcamera.py - INFO - reading camera data
2024-05-27 12:14:27,358 - main.py - INFO - Frame displayed. FPS: 10.494155324259408
2024-05-27 12:14:27,377 - camera_thread.py - INFO - frame read from camera
2024-05-27 12:14:27,433 - camera_thread.py - INFO - detections processed from camera frame
2024-05-27 12:14:27,433 - camera_thread.py - INFO - Frame processed and added to queue
2024-05-27 12:14:27,434 - ugotcamera.py - INFO - reading camera data
2024-05-27 12:14:27,446 - main.py - INFO - Frame displayed. FPS: 11.371916601144159
2024-05-27 12:14:27,456 - camera_thread.py - INFO - frame read from camera
2024-05-27 12:14:27,512 - camera_thread.py - INFO - detections processed from camera frame
2024-05-27 12:14:27,513 - camera_thread.py - INFO - Frame processed and added to queue
2024-05-27 12:14:27,513 - ugotcamera.py - INFO - reading camera data
2024-05-27 12:14:27,526 - main.py - INFO - Frame displayed. FPS: 12.573532145019815
2024-05-27 12:14:27,539 - camera_thread.py - INFO - frame read from camera
2024-05-27 12:14:27,598 - camera_thread.py - INFO - detections processed from camera frame
2024-05-27 12:14:27,599 - camera_thread.py - INFO - Frame processed and added to queue
2024-05-27 12:14:27,599 - ugotcamera.py - INFO - reading camera data
2024-05-27 12:14:27,612 - main.py - INFO - Frame displayed. FPS: 11.611430090083108
2024-05-27 12:14:27,646 - camera_thread.py - INFO - frame read from camera
2024-05-27 12:14:27,701 - camera_thread.py - INFO - detections processed from camera frame
2024-05-27 12:14:27,702 - camera_thread.py - INFO - Frame processed and added to queue
2024-05-27 12:14:27,702 - ugotcamera.py - INFO - reading camera data
2024-05-27 12:14:27,715 - main.py - INFO - Frame displayed. FPS: 9.719498997763797
2024-05-27 12:14:27,755 - camera_thread.py - INFO - frame read from camera
2024-05-27 12:14:27,814 - camera_thread.py - INFO - detections processed from camera frame
2024-05-27 12:14:27,814 - camera_thread.py - INFO - Frame processed and added to queue
2024-05-27 12:14:27,814 - ugotcamera.py - INFO - reading camera data
2024-05-27 12:14:27,827 - main.py - INFO - Frame displayed. FPS: 8.901229825659744
2024-05-27 12:14:27,833 - camera_thread.py - INFO - frame read from camera
2024-05-27 12:14:27,892 - camera_thread.py - INFO - detections processed from camera frame
2024-05-27 12:14:27,892 - camera_thread.py - INFO - Frame processed and added to queue
2024-05-27 12:14:27,892 - ugotcamera.py - INFO - reading camera data
2024-05-27 12:14:27,905 - main.py - INFO - Frame displayed. FPS: 12.84637837407388
2024-05-27 12:14:27,918 - camera_thread.py - INFO - frame read from camera
2024-05-27 12:14:27,978 - camera_thread.py - INFO - detections processed from camera frame
2024-05-27 12:14:27,979 - camera_thread.py - INFO - Frame processed and added to queue
2024-05-27 12:14:27,979 - ugotcamera.py - INFO - reading camera data
2024-05-27 12:14:27,992 - main.py - INFO - Frame displayed. FPS: 11.567653734669282
2024-05-27 12:14:28,004 - camera_thread.py - INFO - frame read from camera
2024-05-27 12:14:28,064 - camera_thread.py - INFO - detections processed from camera frame
2024-05-27 12:14:28,065 - camera_thread.py - INFO - Frame processed and added to queue
2024-05-27 12:14:28,065 - ugotcamera.py - INFO - reading camera data
2024-05-27 12:14:28,078 - main.py - INFO - Frame displayed. FPS: 11.574868295052198
2024-05-27 12:14:28,095 - camera_thread.py - INFO - frame read from camera
2024-05-27 12:14:28,152 - camera_thread.py - INFO - detections processed from camera frame
2024-05-27 12:14:28,153 - camera_thread.py - INFO - Frame processed and added to queue
2024-05-27 12:14:28,153 - ugotcamera.py - INFO - reading camera data
2024-05-27 12:14:28,166 - main.py - INFO - Frame displayed. FPS: 11.462227129130639
2024-05-27 12:14:28,185 - camera_thread.py - INFO - frame read from camera
2024-05-27 12:14:28,237 - camera_thread.py - INFO - detections processed from camera frame
2024-05-27 12:14:28,238 - camera_thread.py - INFO - Frame processed and added to queue
2024-05-27 12:14:28,238 - ugotcamera.py - INFO - reading camera data
2024-05-27 12:14:28,251 - main.py - INFO - Frame displayed. FPS: 11.697700232598352
2024-05-27 12:14:28,271 - camera_thread.py - INFO - frame read from camera
2024-05-27 12:14:28,330 - camera_thread.py - INFO - detections processed from camera frame
2024-05-27 12:14:28,330 - camera_thread.py - INFO - Frame processed and added to queue
2024-05-27 12:14:28,330 - ugotcamera.py - INFO - reading camera data
2024-05-27 12:14:28,343 - main.py - INFO - Frame displayed. FPS: 10.858955140801495
2024-05-27 12:14:28,362 - camera_thread.py - INFO - frame read from camera
2024-05-27 12:14:28,413 - camera_thread.py - INFO - detections processed from camera frame
2024-05-27 12:14:28,414 - camera_thread.py - INFO - Frame processed and added to queue
2024-05-27 12:14:28,414 - ugotcamera.py - INFO - reading camera data
2024-05-27 12:14:28,427 - main.py - INFO - Frame displayed. FPS: 11.964923691342177
2024-05-27 12:14:28,454 - camera_thread.py - INFO - frame read from camera
2024-05-27 12:14:28,504 - camera_thread.py - INFO - detections processed from camera frame
2024-05-27 12:14:28,505 - camera_thread.py - INFO - Frame processed and added to queue
2024-05-27 12:14:28,505 - ugotcamera.py - INFO - reading camera data
2024-05-27 12:14:28,517 - main.py - INFO - Frame displayed. FPS: 11.102739218364515
2024-05-27 12:14:28,532 - camera_thread.py - INFO - frame read from camera
2024-05-27 12:14:28,597 - camera_thread.py - INFO - detections processed from camera frame
2024-05-27 12:14:28,597 - camera_thread.py - INFO - Frame processed and added to queue
2024-05-27 12:14:28,597 - ugotcamera.py - INFO - reading camera data
2024-05-27 12:14:28,610 - main.py - INFO - Frame displayed. FPS: 10.757908182240222
2024-05-27 12:14:28,626 - camera_thread.py - INFO - frame read from camera
2024-05-27 12:14:28,683 - camera_thread.py - INFO - detections processed from camera frame
2024-05-27 12:14:28,684 - camera_thread.py - INFO - Frame processed and added to queue
2024-05-27 12:14:28,684 - ugotcamera.py - INFO - reading camera data
2024-05-27 12:14:28,697 - main.py - INFO - Frame displayed. FPS: 11.534950236100073
2024-05-27 12:14:28,716 - camera_thread.py - INFO - frame read from camera
2024-05-27 12:14:28,767 - camera_thread.py - INFO - detections processed from camera frame
2024-05-27 12:14:28,768 - camera_thread.py - INFO - Frame processed and added to queue
2024-05-27 12:14:28,768 - ugotcamera.py - INFO - reading camera data
2024-05-27 12:14:28,781 - main.py - INFO - Frame displayed. FPS: 11.928310193216657
2024-05-27 12:14:28,845 - camera_thread.py - INFO - frame read from camera
2024-05-27 12:14:28,897 - camera_thread.py - INFO - detections processed from camera frame
2024-05-27 12:14:28,898 - camera_thread.py - INFO - Frame processed and added to queue
2024-05-27 12:14:28,898 - ugotcamera.py - INFO - reading camera data
2024-05-27 12:14:28,910 - main.py - INFO - Frame displayed. FPS: 7.728401567679418
2024-05-27 12:14:28,939 - camera_thread.py - INFO - frame read from camera
2024-05-27 12:14:28,991 - camera_thread.py - INFO - detections processed from camera frame
2024-05-27 12:14:28,991 - camera_thread.py - INFO - Frame processed and added to queue
2024-05-27 12:14:28,991 - ugotcamera.py - INFO - reading camera data
2024-05-27 12:14:29,004 - main.py - INFO - Frame displayed. FPS: 10.65371583006091
2024-05-27 12:14:29,053 - camera_thread.py - INFO - frame read from camera
2024-05-27 12:14:29,210 - camera_thread.py - INFO - detections processed from camera frame
2024-05-27 12:14:29,210 - camera_thread.py - INFO - Frame processed and added to queue
2024-05-27 12:14:29,210 - ugotcamera.py - INFO - reading camera data
2024-05-27 12:14:29,223 - main.py - INFO - Frame displayed. FPS: 4.57247512793063
2024-05-27 12:14:29,251 - camera_thread.py - INFO - frame read from camera
2024-05-27 12:14:29,310 - camera_thread.py - INFO - detections processed from camera frame
2024-05-27 12:14:29,311 - camera_thread.py - INFO - Frame processed and added to queue
2024-05-27 12:14:29,311 - ugotcamera.py - INFO - reading camera data
2024-05-27 12:14:29,324 - main.py - INFO - Frame displayed. FPS: 9.901848022134716
2024-05-27 12:14:29,353 - camera_thread.py - INFO - frame read from camera
2024-05-27 12:14:29,409 - camera_thread.py - INFO - detections processed from camera frame
2024-05-27 12:14:29,409 - camera_thread.py - INFO - Frame processed and added to queue
2024-05-27 12:14:29,409 - ugotcamera.py - INFO - reading camera data
2024-05-27 12:14:29,422 - main.py - INFO - Frame displayed. FPS: 10.226941673595482
2024-05-27 12:14:29,452 - camera_thread.py - INFO - frame read from camera
2024-05-27 12:14:29,506 - camera_thread.py - INFO - detections processed from camera frame
2024-05-27 12:14:29,507 - camera_thread.py - INFO - Frame processed and added to queue
2024-05-27 12:14:29,507 - ugotcamera.py - INFO - reading camera data
2024-05-27 12:14:29,520 - main.py - INFO - Frame displayed. FPS: 10.25113709963217
2024-05-27 12:14:29,552 - camera_thread.py - INFO - frame read from camera
2024-05-27 12:14:29,608 - camera_thread.py - INFO - detections processed from camera frame
2024-05-27 12:14:29,608 - camera_thread.py - INFO - Frame processed and added to queue
2024-05-27 12:14:29,608 - ugotcamera.py - INFO - reading camera data
2024-05-27 12:14:29,621 - main.py - INFO - Frame displayed. FPS: 9.848535154186264
2024-05-27 12:14:29,646 - camera_thread.py - INFO - frame read from camera
2024-05-27 12:14:29,708 - camera_thread.py - INFO - detections processed from camera frame
2024-05-27 12:14:29,709 - camera_thread.py - INFO - Frame processed and added to queue
2024-05-27 12:14:29,709 - ugotcamera.py - INFO - reading camera data
2024-05-27 12:14:29,722 - main.py - INFO - Frame displayed. FPS: 9.978858914300805
2024-05-27 12:14:29,751 - camera_thread.py - INFO - frame read from camera
2024-05-27 12:14:29,813 - camera_thread.py - INFO - detections processed from camera frame
2024-05-27 12:14:29,814 - camera_thread.py - INFO - Frame processed and added to queue
2024-05-27 12:14:29,814 - ugotcamera.py - INFO - reading camera data
2024-05-27 12:14:29,827 - main.py - INFO - Frame displayed. FPS: 9.517734970488991
2024-05-27 12:14:29,882 - camera_thread.py - INFO - frame read from camera
2024-05-27 12:14:29,944 - camera_thread.py - INFO - detections processed from camera frame
2024-05-27 12:14:29,945 - camera_thread.py - INFO - Frame processed and added to queue
2024-05-27 12:14:29,945 - ugotcamera.py - INFO - reading camera data
2024-05-27 12:14:29,958 - main.py - INFO - Frame displayed. FPS: 7.638659670836604
2024-05-27 12:14:29,996 - camera_thread.py - INFO - frame read from camera
2024-05-27 12:14:30,061 - camera_thread.py - INFO - detections processed from camera frame
2024-05-27 12:14:30,062 - camera_thread.py - INFO - Frame processed and added to queue
2024-05-27 12:14:30,062 - ugotcamera.py - INFO - reading camera data
2024-05-27 12:14:30,075 - main.py - INFO - Frame displayed. FPS: 8.565765154934352
2024-05-27 12:14:30,093 - camera_thread.py - INFO - frame read from camera
2024-05-27 12:14:30,162 - camera_thread.py - INFO - detections processed from camera frame
2024-05-27 12:14:30,163 - camera_thread.py - INFO - Frame processed and added to queue
2024-05-27 12:14:30,163 - ugotcamera.py - INFO - reading camera data
2024-05-27 12:14:30,176 - main.py - INFO - Frame displayed. FPS: 9.89589069537541
2024-05-27 12:14:30,187 - camera_thread.py - INFO - frame read from camera
2024-05-27 12:14:30,263 - camera_thread.py - INFO - detections processed from camera frame
2024-05-27 12:14:30,263 - camera_thread.py - INFO - Frame processed and added to queue
2024-05-27 12:14:30,264 - ugotcamera.py - INFO - reading camera data
2024-05-27 12:14:30,277 - main.py - INFO - Frame displayed. FPS: 9.950639485090543
2024-05-27 12:14:30,288 - camera_thread.py - INFO - frame read from camera
2024-05-27 12:14:30,355 - camera_thread.py - INFO - detections processed from camera frame
2024-05-27 12:14:30,355 - camera_thread.py - INFO - Frame processed and added to queue
2024-05-27 12:14:30,355 - ugotcamera.py - INFO - reading camera data
2024-05-27 12:14:30,369 - main.py - INFO - Frame displayed. FPS: 10.90608033615543
2024-05-27 12:14:30,393 - camera_thread.py - INFO - frame read from camera
2024-05-27 12:14:30,464 - camera_thread.py - INFO - detections processed from camera frame
2024-05-27 12:14:30,464 - camera_thread.py - INFO - Frame processed and added to queue
2024-05-27 12:14:30,464 - ugotcamera.py - INFO - reading camera data
2024-05-27 12:14:30,478 - main.py - INFO - Frame displayed. FPS: 9.174234387542844
2024-05-27 12:14:30,510 - camera_thread.py - INFO - frame read from camera
2024-05-27 12:14:30,604 - camera_thread.py - INFO - detections processed from camera frame
2024-05-27 12:14:30,604 - camera_thread.py - INFO - Frame processed and added to queue
2024-05-27 12:14:30,604 - ugotcamera.py - INFO - reading camera data
2024-05-27 12:14:30,619 - main.py - INFO - Frame displayed. FPS: 7.108881389944899
2024-05-27 12:14:30,641 - camera_thread.py - INFO - frame read from camera
2024-05-27 12:14:30,707 - camera_thread.py - INFO - detections processed from camera frame
2024-05-27 12:14:30,707 - camera_thread.py - INFO - Frame processed and added to queue
2024-05-27 12:14:30,708 - ugotcamera.py - INFO - reading camera data
2024-05-27 12:14:30,721 - main.py - INFO - Frame displayed. FPS: 9.792797188919112
2024-05-27 12:14:30,729 - camera_thread.py - INFO - frame read from camera
2024-05-27 12:14:30,826 - camera_thread.py - INFO - detections processed from camera frame
2024-05-27 12:14:30,826 - camera_thread.py - INFO - Frame processed and added to queue
2024-05-27 12:14:30,826 - ugotcamera.py - INFO - reading camera data
2024-05-27 12:14:30,840 - main.py - INFO - Frame displayed. FPS: 8.410711349426292
2024-05-27 12:14:30,854 - camera_thread.py - INFO - frame read from camera
2024-05-27 12:14:30,949 - camera_thread.py - INFO - detections processed from camera frame
2024-05-27 12:14:30,949 - camera_thread.py - INFO - Frame processed and added to queue
2024-05-27 12:14:30,949 - ugotcamera.py - INFO - reading camera data
2024-05-27 12:14:30,963 - main.py - INFO - Frame displayed. FPS: 8.15056266675476
2024-05-27 12:14:30,981 - camera_thread.py - INFO - frame read from camera
2024-05-27 12:14:31,096 - camera_thread.py - INFO - detections processed from camera frame
2024-05-27 12:14:31,099 - camera_thread.py - INFO - Frame processed and added to queue
2024-05-27 12:14:31,099 - ugotcamera.py - INFO - reading camera data
2024-05-27 12:14:31,113 - main.py - INFO - Frame displayed. FPS: 6.656505413374893
2024-05-27 12:14:31,359 - camera_thread.py - INFO - frame read from camera
2024-05-27 12:14:31,437 - camera_thread.py - INFO - detections processed from camera frame
2024-05-27 12:14:31,437 - camera_thread.py - INFO - Frame processed and added to queue
2024-05-27 12:14:31,438 - ugotcamera.py - INFO - reading camera data
2024-05-27 12:14:31,451 - main.py - INFO - Frame displayed. FPS: 2.959900976823552
2024-05-27 12:14:31,467 - camera_thread.py - INFO - frame read from camera
2024-05-27 12:14:31,539 - camera_thread.py - INFO - detections processed from camera frame
2024-05-27 12:14:31,539 - camera_thread.py - INFO - Frame processed and added to queue
2024-05-27 12:14:31,539 - ugotcamera.py - INFO - reading camera data
2024-05-27 12:14:31,553 - main.py - INFO - Frame displayed. FPS: 9.833227052777673
2024-05-27 12:14:31,571 - camera_thread.py - INFO - frame read from camera
2024-05-27 12:14:31,635 - camera_thread.py - INFO - detections processed from camera frame
2024-05-27 12:14:31,635 - camera_thread.py - INFO - Frame processed and added to queue
2024-05-27 12:14:31,635 - ugotcamera.py - INFO - reading camera data
2024-05-27 12:14:31,649 - main.py - INFO - Frame displayed. FPS: 10.467128511249975
2024-05-27 12:14:31,661 - camera_thread.py - INFO - frame read from camera
2024-05-27 12:14:31,720 - camera_thread.py - INFO - detections processed from camera frame
2024-05-27 12:14:31,720 - camera_thread.py - INFO - Frame processed and added to queue
2024-05-27 12:14:31,720 - ugotcamera.py - INFO - reading camera data
2024-05-27 12:14:31,734 - main.py - INFO - Frame displayed. FPS: 11.783705726510854
2024-05-27 12:14:31,759 - camera_thread.py - INFO - frame read from camera
2024-05-27 12:14:31,831 - camera_thread.py - INFO - detections processed from camera frame
2024-05-27 12:14:31,831 - camera_thread.py - INFO - Frame processed and added to queue
2024-05-27 12:14:31,831 - ugotcamera.py - INFO - reading camera data
2024-05-27 12:14:31,844 - main.py - INFO - Frame displayed. FPS: 9.069804756004471
2024-05-27 12:14:31,865 - camera_thread.py - INFO - frame read from camera
2024-05-27 12:14:31,921 - camera_thread.py - INFO - detections processed from camera frame
2024-05-27 12:14:31,921 - camera_thread.py - INFO - Frame processed and added to queue
2024-05-27 12:14:31,921 - ugotcamera.py - INFO - reading camera data
2024-05-27 12:14:31,935 - main.py - INFO - Frame displayed. FPS: 11.02539811051937
2024-05-27 12:14:31,949 - camera_thread.py - INFO - frame read from camera
2024-05-27 12:14:32,041 - camera_thread.py - INFO - detections processed from camera frame
2024-05-27 12:14:32,041 - camera_thread.py - INFO - Frame processed and added to queue
2024-05-27 12:14:32,041 - ugotcamera.py - INFO - reading camera data
2024-05-27 12:14:32,055 - main.py - INFO - Frame displayed. FPS: 8.313256641798736
2024-05-27 12:14:32,160 - camera_thread.py - INFO - frame read from camera
2024-05-27 12:14:32,215 - camera_thread.py - INFO - detections processed from camera frame
2024-05-27 12:14:32,215 - camera_thread.py - INFO - Frame processed and added to queue
2024-05-27 12:14:32,216 - ugotcamera.py - INFO - reading camera data
2024-05-27 12:14:32,228 - main.py - INFO - Frame displayed. FPS: 5.776506444731214
2024-05-27 12:14:32,281 - camera_thread.py - INFO - frame read from camera
2024-05-27 12:14:32,337 - camera_thread.py - INFO - detections processed from camera frame
2024-05-27 12:14:32,338 - camera_thread.py - INFO - Frame processed and added to queue
2024-05-27 12:14:32,338 - ugotcamera.py - INFO - reading camera data
2024-05-27 12:14:32,351 - main.py - INFO - Frame displayed. FPS: 8.145592396444476
2024-05-27 12:14:32,390 - camera_thread.py - INFO - frame read from camera
2024-05-27 12:14:32,444 - camera_thread.py - INFO - detections processed from camera frame
2024-05-27 12:14:32,444 - camera_thread.py - INFO - Frame processed and added to queue
2024-05-27 12:14:32,445 - ugotcamera.py - INFO - reading camera data
2024-05-27 12:14:32,458 - main.py - INFO - Frame displayed. FPS: 9.399569273659134
2024-05-27 12:14:32,489 - camera_thread.py - INFO - frame read from camera
2024-05-27 12:14:32,543 - camera_thread.py - INFO - detections processed from camera frame
2024-05-27 12:14:32,544 - camera_thread.py - INFO - Frame processed and added to queue
2024-05-27 12:14:32,544 - ugotcamera.py - INFO - reading camera data
2024-05-27 12:14:32,557 - main.py - INFO - Frame displayed. FPS: 10.067143025156433
2024-05-27 12:14:32,576 - camera_thread.py - INFO - frame read from camera
2024-05-27 12:14:32,627 - camera_thread.py - INFO - detections processed from camera frame
2024-05-27 12:14:32,627 - camera_thread.py - INFO - Frame processed and added to queue
2024-05-27 12:14:32,627 - ugotcamera.py - INFO - reading camera data
2024-05-27 12:14:32,641 - main.py - INFO - Frame displayed. FPS: 11.923664512754327
2024-05-27 12:14:32,661 - camera_thread.py - INFO - frame read from camera
2024-05-27 12:14:32,717 - camera_thread.py - INFO - detections processed from camera frame
2024-05-27 12:14:32,717 - camera_thread.py - INFO - Frame processed and added to queue
2024-05-27 12:14:32,717 - ugotcamera.py - INFO - reading camera data
2024-05-27 12:14:32,730 - main.py - INFO - Frame displayed. FPS: 11.23592664227124
2024-05-27 12:14:32,758 - camera_thread.py - INFO - frame read from camera
2024-05-27 12:14:32,812 - camera_thread.py - INFO - detections processed from camera frame
2024-05-27 12:14:32,812 - camera_thread.py - INFO - Frame processed and added to queue
2024-05-27 12:14:32,812 - ugotcamera.py - INFO - reading camera data
2024-05-27 12:14:32,825 - main.py - INFO - Frame displayed. FPS: 10.577973483845422
2024-05-27 12:14:32,863 - camera_thread.py - INFO - frame read from camera
2024-05-27 12:14:32,920 - camera_thread.py - INFO - detections processed from camera frame
2024-05-27 12:14:32,920 - camera_thread.py - INFO - Frame processed and added to queue
2024-05-27 12:14:32,920 - ugotcamera.py - INFO - reading camera data
2024-05-27 12:14:32,933 - main.py - INFO - Frame displayed. FPS: 9.227559230080455
2024-05-27 12:14:32,954 - camera_thread.py - INFO - frame read from camera
2024-05-27 12:14:33,005 - camera_thread.py - INFO - detections processed from camera frame
2024-05-27 12:14:33,005 - camera_thread.py - INFO - Frame processed and added to queue
2024-05-27 12:14:33,005 - ugotcamera.py - INFO - reading camera data
2024-05-27 12:14:33,021 - main.py - INFO - Main thread exited
2024-05-27 12:14:33,042 - camera_thread.py - INFO - frame read from camera
2024-05-27 12:14:33,096 - camera_thread.py - INFO - detections processed from camera frame
2024-05-27 12:14:33,096 - camera_thread.py - INFO - Frame processed and added to queue
2024-05-27 12:14:33,096 - camera_thread.py - INFO - Camera thread exited
