2024-05-28 12:27:23,320 - main.py - INFO - Main function started
2024-05-28 12:27:24,872 - ugotcamera.py - INFO - camera opened
2024-05-28 12:27:24,915 - CommandPlanner.py - INFO - CommandPlanner initiated
2024-05-28 12:27:24,916 - control_thread.py - INFO - Control thread started
2024-05-28 12:27:26,638 - CommandPlanner.py - INFO - Executing command: LocateBallCommand
2024-05-28 12:27:26,897 - CommandPlanner.py - INFO - Executing command: LocateBallCommand
2024-05-28 12:27:27,090 - CommandPlanner.py - INFO - Executing command: LocateBallCommand
2024-05-28 12:27:27,303 - CommandPlanner.py - INFO - Executing command: LocateBallCommand
2024-05-28 12:27:27,476 - CommandPlanner.py - INFO - Executing command: LocateBallCommand
2024-05-28 12:27:27,655 - CommandPlanner.py - INFO - Executing command: LocateBallCommand
2024-05-28 12:27:27,858 - CommandPlanner.py - INFO - Executing command: LocateBallCommand
2024-05-28 12:27:28,078 - CommandPlanner.py - INFO - Executing command: LocateBallCommand
2024-05-28 12:27:28,271 - CommandPlanner.py - INFO - Executing command: LocateBallCommand
2024-05-28 12:27:28,454 - CommandPlanner.py - INFO - Executing command: LocateBallCommand
2024-05-28 12:27:28,634 - CommandPlanner.py - INFO - Executing command: LocateBallCommand
2024-05-28 12:27:28,773 - CommandPlanner.py - INFO - Executing command: LocateBallCommand
2024-05-28 12:27:28,927 - CommandPlanner.py - INFO - Executing command: LocateBallCommand
2024-05-28 12:27:29,082 - CommandPlanner.py - INFO - Executing command: LocateBallCommand
2024-05-28 12:27:29,224 - CommandPlanner.py - INFO - Executing command: LocateBallCommand
2024-05-28 12:27:29,376 - CommandPlanner.py - INFO - Executing command: LocateBallCommand
2024-05-28 12:27:29,530 - CommandPlanner.py - INFO - Executing command: LocateBallCommand
2024-05-28 12:27:29,849 - CommandPlanner.py - INFO - Command LocateBallCommand is finished
2024-05-28 12:27:30,020 - CommandPlanner.py - INFO - Executing command: LocateBallCommand
2024-05-28 12:27:30,087 - CommandPlanner.py - INFO - Command LocateBallCommand is finished
2024-05-28 12:27:30,254 - CommandPlanner.py - INFO - Executing command: LocateBallCommand
2024-05-28 12:27:30,280 - CommandPlanner.py - INFO - Command LocateBallCommand is finished
2024-05-28 12:27:30,417 - CommandPlanner.py - INFO - Executing command: LocateBallCommand
2024-05-28 12:27:30,440 - CommandPlanner.py - INFO - Command LocateBallCommand is finished
2024-05-28 12:27:30,562 - CommandPlanner.py - INFO - Executing command: LocateBallCommand
2024-05-28 12:27:30,576 - CommandPlanner.py - INFO - Command LocateBallCommand is finished
2024-05-28 12:27:30,842 - CommandPlanner.py - INFO - Switching to TranslateToBallCommand with distance: 15.071327261479867, angle: -7.851007411303062
2024-05-28 12:27:30,843 - CommandPlanner.py - INFO - Executing command: TranslateToBallCommand
2024-05-28 12:27:31,004 - CommandPlanner.py - INFO - Executing command: TranslateToBallCommand
2024-05-28 12:27:31,153 - CommandPlanner.py - INFO - Command TranslateToBallCommand is finished
2024-05-28 12:27:31,325 - CommandPlanner.py - INFO - Switching to LocateBallCommand
2024-05-28 12:27:31,325 - CommandPlanner.py - INFO - Executing command: LocateBallCommand
2024-05-28 12:27:31,499 - CommandPlanner.py - INFO - Executing command: LocateBallCommand
2024-05-28 12:27:31,644 - CommandPlanner.py - INFO - Executing command: LocateBallCommand
2024-05-28 12:27:31,810 - CommandPlanner.py - INFO - Executing command: LocateBallCommand
2024-05-28 12:27:31,985 - CommandPlanner.py - INFO - Executing command: LocateBallCommand
2024-05-28 12:27:32,165 - CommandPlanner.py - INFO - Executing command: LocateBallCommand
2024-05-28 12:27:32,337 - CommandPlanner.py - INFO - Executing command: LocateBallCommand
2024-05-28 12:27:32,490 - CommandPlanner.py - INFO - Executing command: LocateBallCommand
2024-05-28 12:27:32,650 - CommandPlanner.py - INFO - Executing command: LocateBallCommand
2024-05-28 12:27:32,983 - CommandPlanner.py - INFO - Executing command: LocateBallCommand
2024-05-28 12:27:33,141 - CommandPlanner.py - INFO - Executing command: LocateBallCommand
2024-05-28 12:27:33,317 - CommandPlanner.py - INFO - Executing command: LocateBallCommand
2024-05-28 12:27:33,471 - CommandPlanner.py - INFO - Executing command: LocateBallCommand
2024-05-28 12:27:33,625 - CommandPlanner.py - INFO - Executing command: LocateBallCommand
2024-05-28 12:27:33,844 - CommandPlanner.py - INFO - Executing command: LocateBallCommand
2024-05-28 12:27:34,030 - CommandPlanner.py - INFO - Executing command: LocateBallCommand
2024-05-28 12:27:34,189 - CommandPlanner.py - INFO - Executing command: LocateBallCommand
2024-05-28 12:27:34,371 - CommandPlanner.py - INFO - Executing command: LocateBallCommand
2024-05-28 12:27:34,514 - CommandPlanner.py - INFO - Executing command: LocateBallCommand
2024-05-28 12:27:34,665 - CommandPlanner.py - INFO - Executing command: LocateBallCommand
2024-05-28 12:27:34,948 - CommandPlanner.py - INFO - Executing command: LocateBallCommand
2024-05-28 12:27:35,273 - CommandPlanner.py - INFO - Command LocateBallCommand is finished
2024-05-28 12:27:35,440 - CommandPlanner.py - INFO - Executing command: LocateBallCommand
2024-05-28 12:27:35,464 - CommandPlanner.py - INFO - Command LocateBallCommand is finished
2024-05-28 12:27:35,614 - CommandPlanner.py - INFO - Executing command: LocateBallCommand
2024-05-28 12:27:35,645 - CommandPlanner.py - INFO - Command LocateBallCommand is finished
2024-05-28 12:27:35,785 - CommandPlanner.py - INFO - Executing command: LocateBallCommand
2024-05-28 12:27:35,804 - CommandPlanner.py - INFO - Command LocateBallCommand is finished
2024-05-28 12:27:35,973 - CommandPlanner.py - INFO - Executing command: LocateBallCommand
2024-05-28 12:27:35,992 - CommandPlanner.py - INFO - Command LocateBallCommand is finished
2024-05-28 12:27:36,140 - CommandPlanner.py - INFO - Executing command: LocateBallCommand
2024-05-28 12:27:36,167 - CommandPlanner.py - INFO - Command LocateBallCommand is finished
2024-05-28 12:27:36,306 - CommandPlanner.py - INFO - Executing command: LocateBallCommand
2024-05-28 12:27:36,325 - CommandPlanner.py - INFO - Command LocateBallCommand is finished
2024-05-28 12:27:36,460 - CommandPlanner.py - INFO - Executing command: LocateBallCommand
2024-05-28 12:27:36,485 - CommandPlanner.py - INFO - Command LocateBallCommand is finished
2024-05-28 12:27:36,620 - CommandPlanner.py - INFO - Executing command: LocateBallCommand
2024-05-28 12:27:36,641 - CommandPlanner.py - INFO - Command LocateBallCommand is finished
2024-05-28 12:27:36,764 - CommandPlanner.py - INFO - Executing command: LocateBallCommand
2024-05-28 12:27:36,786 - CommandPlanner.py - INFO - Command LocateBallCommand is finished
2024-05-28 12:27:36,968 - CommandPlanner.py - INFO - Executing command: LocateBallCommand
2024-05-28 12:27:37,015 - CommandPlanner.py - INFO - Command LocateBallCommand is finished
2024-05-28 12:27:37,168 - CommandPlanner.py - INFO - Executing command: LocateBallCommand
2024-05-28 12:27:37,207 - CommandPlanner.py - INFO - Command LocateBallCommand is finished
2024-05-28 12:27:37,376 - CommandPlanner.py - INFO - Executing command: LocateBallCommand
2024-05-28 12:27:37,404 - CommandPlanner.py - INFO - Command LocateBallCommand is finished
2024-05-28 12:27:37,571 - CommandPlanner.py - INFO - Executing command: LocateBallCommand
2024-05-28 12:27:37,647 - CommandPlanner.py - INFO - Command LocateBallCommand is finished
2024-05-28 12:27:37,799 - CommandPlanner.py - INFO - Executing command: LocateBallCommand
2024-05-28 12:27:37,819 - CommandPlanner.py - INFO - Command LocateBallCommand is finished
2024-05-28 12:27:38,000 - CommandPlanner.py - INFO - Executing command: LocateBallCommand
2024-05-28 12:27:38,030 - CommandPlanner.py - INFO - Command LocateBallCommand is finished
2024-05-28 12:27:38,176 - CommandPlanner.py - INFO - Switching to TranslateToBallCommand with distance: 15.16603856094928, angle: -40.8503982728413
2024-05-28 12:27:38,176 - CommandPlanner.py - INFO - Executing command: TranslateToBallCommand
2024-05-28 12:27:38,343 - CommandPlanner.py - INFO - Executing command: TranslateToBallCommand
2024-05-28 12:27:38,486 - CommandPlanner.py - INFO - Command TranslateToBallCommand is finished
2024-05-28 12:27:38,707 - CommandPlanner.py - INFO - Switching to LocateBallCommand
2024-05-28 12:27:38,708 - CommandPlanner.py - INFO - Executing command: LocateBallCommand
2024-05-28 12:27:38,871 - CommandPlanner.py - INFO - Executing command: LocateBallCommand
2024-05-28 12:27:39,041 - CommandPlanner.py - INFO - Executing command: LocateBallCommand
2024-05-28 12:27:39,215 - CommandPlanner.py - INFO - Executing command: LocateBallCommand
2024-05-28 12:27:39,413 - CommandPlanner.py - INFO - Executing command: LocateBallCommand
2024-05-28 12:27:39,559 - CommandPlanner.py - INFO - Executing command: LocateBallCommand
2024-05-28 12:27:39,725 - CommandPlanner.py - INFO - Executing command: LocateBallCommand
2024-05-28 12:27:39,873 - CommandPlanner.py - INFO - Executing command: LocateBallCommand
2024-05-28 12:27:40,053 - CommandPlanner.py - INFO - Executing command: LocateBallCommand
2024-05-28 12:27:40,198 - CommandPlanner.py - INFO - Executing command: LocateBallCommand
2024-05-28 12:27:40,387 - CommandPlanner.py - INFO - Executing command: LocateBallCommand
2024-05-28 12:27:40,554 - CommandPlanner.py - INFO - Executing command: LocateBallCommand
2024-05-28 12:27:40,927 - CommandPlanner.py - INFO - Executing command: LocateBallCommand
2024-05-28 12:27:41,087 - CommandPlanner.py - INFO - Executing command: LocateBallCommand
2024-05-28 12:27:41,250 - CommandPlanner.py - INFO - Executing command: LocateBallCommand
2024-05-28 12:27:41,573 - CommandPlanner.py - INFO - Command LocateBallCommand is finished
2024-05-28 12:27:41,727 - CommandPlanner.py - INFO - Switching to TranslateToBallCommand with distance: 33.09034363108119, angle: -3.0248671397991074
2024-05-28 12:27:41,728 - CommandPlanner.py - INFO - Executing command: TranslateToBallCommand
2024-05-28 12:27:41,930 - CommandPlanner.py - INFO - Executing command: TranslateToBallCommand
2024-05-28 12:27:42,187 - CommandPlanner.py - INFO - Executing command: TranslateToBallCommand
2024-05-28 12:27:42,346 - CommandPlanner.py - INFO - Executing command: TranslateToBallCommand
2024-05-28 12:27:42,500 - CommandPlanner.py - INFO - Executing command: TranslateToBallCommand
2024-05-28 12:27:42,654 - CommandPlanner.py - INFO - Executing command: TranslateToBallCommand
2024-05-28 12:27:42,863 - CommandPlanner.py - INFO - Executing command: TranslateToBallCommand
2024-05-28 12:27:43,125 - CommandPlanner.py - INFO - Command TranslateToBallCommand is finished
2024-05-28 12:27:43,267 - CommandPlanner.py - INFO - Switching to AlignWithBallCommand with angle: -14.644271406376692
2024-05-28 12:27:43,268 - CommandPlanner.py - INFO - Executing command: AlignWithBallCommand
2024-05-28 12:27:43,415 - CommandPlanner.py - INFO - Executing command: AlignWithBallCommand
2024-05-28 12:27:43,554 - CommandPlanner.py - INFO - Executing command: AlignWithBallCommand
2024-05-28 12:27:43,691 - CommandPlanner.py - INFO - Executing command: AlignWithBallCommand
2024-05-28 12:27:43,836 - CommandPlanner.py - INFO - Executing command: AlignWithBallCommand
2024-05-28 12:27:43,988 - CommandPlanner.py - INFO - Executing command: AlignWithBallCommand
2024-05-28 12:27:44,134 - CommandPlanner.py - INFO - Executing command: AlignWithBallCommand
2024-05-28 12:27:44,279 - CommandPlanner.py - INFO - Executing command: AlignWithBallCommand
2024-05-28 12:27:44,429 - CommandPlanner.py - INFO - Executing command: AlignWithBallCommand
2024-05-28 12:27:44,595 - CommandPlanner.py - INFO - Executing command: AlignWithBallCommand
2024-05-28 12:27:44,674 - CommandPlanner.py - INFO - Command AlignWithBallCommand is finished
2024-05-28 12:27:44,831 - CommandPlanner.py - INFO - Executing command: RestCommand
2024-05-28 12:27:44,887 - CommandPlanner.py - INFO - Command RestCommand is finished
2024-05-28 12:27:48,548 - main.py - INFO - Main thread exited
2024-05-28 12:27:48,610 - camera_thread.py - INFO - Camera thread exited
2024-05-28 12:27:48,610 - control_thread.py - INFO - Control thread exited
