2024-05-30 13:58:36,369 - logger.py - INFO - Logger initialized
2024-05-30 13:58:38,306 - main.py - INFO - Main function started
2024-05-30 13:58:39,964 - ugotcamera.py - INFO - camera opened
2024-05-30 13:58:40,011 - control_thread.py - INFO - Control thread started
2024-05-30 13:58:40,029 - ws_server.py - INFO - WebSocket server started
2024-05-30 13:58:40,030 - server.py - INFO - server listening on [::1]:8765
2024-05-30 13:58:40,030 - server.py - INFO - server listening on 127.0.0.1:8765
2024-05-30 13:58:41,813 - control_thread.py - INFO - Detected distance: 6.925054954170295, angle: 0.0
2024-05-30 13:58:42,208 - control_thread.py - INFO - Detected distance: 6.959405114857243, angle: 0.05817312017554997
2024-05-30 13:58:42,406 - control_thread.py - INFO - Detected distance: 6.994001115774712, angle: 0.11634623458314212
2024-05-30 13:58:42,666 - control_thread.py - INFO - Detected distance: 6.890948027633714, angle: -0.05817312017554997
2024-05-30 13:58:42,869 - control_thread.py - INFO - Detected distance: 6.925054954170295, angle: 0.0
2024-05-30 13:58:43,066 - control_thread.py - INFO - Detected distance: 7.02884560036592, angle: 0.17451933745482198
2024-05-30 13:58:43,245 - control_thread.py - INFO - Detected distance: 6.890948027633714, angle: -0.05817312017554997
2024-05-30 13:58:43,387 - control_thread.py - INFO - Detected distance: 6.994001115774712, angle: 0.11634623458314212
2024-05-30 13:58:43,557 - control_thread.py - INFO - Detected distance: 6.959405114857243, angle: 0.05817312017554997
2024-05-30 13:58:43,738 - server.py - INFO - connection open
2024-05-30 13:58:43,738 - ws_server.py - INFO - New WebSocket connection established
2024-05-30 13:58:43,793 - control_thread.py - INFO - Detected distance: 6.890948027633714, angle: -0.05817312017554997
2024-05-30 13:58:44,008 - control_thread.py - INFO - Detected distance: 6.925054954170295, angle: 0.0
2024-05-30 13:58:44,211 - control_thread.py - INFO - Detected distance: 6.959405114857243, angle: 0.05817312017554997
2024-05-30 13:58:44,412 - control_thread.py - INFO - Detected distance: 6.994001115774712, angle: 0.11634623458314212
2024-05-30 13:58:44,658 - control_thread.py - INFO - Detected distance: 6.959405114857243, angle: 0.05817312017554997
2024-05-30 13:58:44,792 - control_thread.py - INFO - Detected distance: 6.959405114857243, angle: 0.05817312017554997
2024-05-30 13:58:44,985 - control_thread.py - INFO - Detected distance: 6.959405114857243, angle: 0.05817312017554997
2024-05-30 13:58:45,202 - control_thread.py - INFO - Detected distance: 7.02884560036592, angle: 0.17451933745482198
2024-05-30 13:58:45,336 - control_thread.py - INFO - Detected distance: 6.959405114857243, angle: 0.05817312017554997
2024-05-30 13:58:45,533 - control_thread.py - INFO - Detected distance: 6.925054954170295, angle: 0.0
2024-05-30 13:58:45,677 - control_thread.py - INFO - Detected distance: 6.890948027633714, angle: -0.05817312017554997
2024-05-30 13:58:45,879 - control_thread.py - INFO - Detected distance: 6.925054954170295, angle: 0.0
2024-05-30 13:58:46,078 - control_thread.py - INFO - Detected distance: 6.890948027633714, angle: -0.05817312017554997
2024-05-30 13:58:46,269 - control_thread.py - INFO - Detected distance: 6.959405114857243, angle: 0.05817312017554997
2024-05-30 13:58:46,469 - control_thread.py - INFO - Detected distance: 6.925054954170295, angle: 0.0
2024-05-30 13:58:46,585 - control_thread.py - INFO - Detected distance: 6.890948027633714, angle: -0.05817312017554997
2024-05-30 13:58:46,857 - control_thread.py - INFO - Detected distance: 6.959405114857243, angle: 0.05817312017554997
2024-05-30 13:58:47,052 - control_thread.py - INFO - Detected distance: 6.8570817658726355, angle: -0.11634623458314212
2024-05-30 13:58:47,247 - control_thread.py - INFO - Detected distance: 6.925054954170295, angle: 0.0
2024-05-30 13:58:47,363 - control_thread.py - INFO - Detected distance: 6.890948027633714, angle: -0.05817312017554997
2024-05-30 13:58:47,502 - control_thread.py - INFO - Detected distance: 6.959405114857243, angle: 0.05817312017554997
2024-05-30 13:58:47,699 - control_thread.py - INFO - Detected distance: 6.925054954170295, angle: 0.0
2024-05-30 13:58:47,938 - control_thread.py - INFO - Detected distance: 6.959405114857243, angle: 0.05817312017554997
2024-05-30 13:58:48,061 - control_thread.py - INFO - Detected distance: 6.890948027633714, angle: -0.05817312017554997
2024-05-30 13:58:48,192 - control_thread.py - INFO - Detected distance: 6.994001115774712, angle: 0.11634623458314212
2024-05-30 13:58:48,388 - control_thread.py - INFO - Detected distance: 6.959405114857243, angle: 0.05817312017554997
2024-05-30 13:58:48,592 - control_thread.py - INFO - Detected distance: 6.959405114857243, angle: 0.05817312017554997
2024-05-30 13:58:48,771 - control_thread.py - INFO - Detected distance: 6.890948027633714, angle: -0.05817312017554997
2024-05-30 13:58:48,946 - control_thread.py - INFO - Detected distance: 6.890948027633714, angle: -0.05817312017554997
2024-05-30 13:58:49,127 - control_thread.py - INFO - Detected distance: 6.890948027633714, angle: -0.05817312017554997
2024-05-30 13:58:49,327 - control_thread.py - INFO - Detected distance: 6.925054954170295, angle: 0.0
2024-05-30 13:58:49,526 - control_thread.py - INFO - Detected distance: 6.959405114857243, angle: 0.05817312017554997
2024-05-30 13:58:49,715 - control_thread.py - INFO - Detected distance: 6.925054954170295, angle: 0.0
2024-05-30 13:58:49,909 - control_thread.py - INFO - Detected distance: 6.994001115774712, angle: 0.11634623458314212
2024-05-30 13:58:50,116 - control_thread.py - INFO - Detected distance: 6.890948027633714, angle: -0.05817312017554997
2024-05-30 13:58:50,294 - control_thread.py - INFO - Detected distance: 6.890948027633714, angle: -0.05817312017554997
2024-05-30 13:58:50,476 - control_thread.py - INFO - Detected distance: 6.925054954170295, angle: 0.0
2024-05-30 13:58:50,680 - control_thread.py - INFO - Detected distance: 6.959405114857243, angle: 0.05817312017554997
2024-05-30 13:58:50,886 - control_thread.py - INFO - Detected distance: 6.890948027633714, angle: -0.05817312017554997
2024-05-30 13:58:51,089 - control_thread.py - INFO - Detected distance: 6.925054954170295, angle: 0.0
2024-05-30 13:58:51,309 - control_thread.py - INFO - Detected distance: 6.959405114857243, angle: 0.05817312017554997
2024-05-30 13:58:51,541 - control_thread.py - INFO - Detected distance: 6.925054954170295, angle: 0.0
2024-05-30 13:58:51,667 - control_thread.py - INFO - Detected distance: 6.959405114857243, angle: 0.05817312017554997
2024-05-30 13:58:51,876 - control_thread.py - INFO - Detected distance: 6.925054954170295, angle: 0.0
2024-05-30 13:58:52,078 - control_thread.py - INFO - Detected distance: 6.925054954170295, angle: 0.0
2024-05-30 13:58:52,268 - control_thread.py - INFO - Detected distance: 6.925054954170295, angle: 0.0
2024-05-30 13:58:52,452 - control_thread.py - INFO - Detected distance: 6.925054954170295, angle: 0.0
2024-05-30 13:58:52,659 - control_thread.py - INFO - Detected distance: 6.925054954170295, angle: 0.0
2024-05-30 13:58:52,843 - control_thread.py - INFO - Detected distance: 6.890948027633714, angle: -0.05817312017554997
2024-05-30 13:58:52,996 - control_thread.py - INFO - Detected distance: 6.890948027633714, angle: -0.05817312017554997
2024-05-30 13:58:53,140 - control_thread.py - INFO - Detected distance: 7.02884560036592, angle: 0.17451933745482198
2024-05-30 13:58:53,335 - control_thread.py - INFO - Detected distance: 7.741791411393747, angle: 0.11634623458314212
2024-05-30 13:58:53,515 - control_thread.py - INFO - Detected distance: 14.351087210661644, angle: 10.117063342894916
2024-05-30 13:58:53,638 - control_thread.py - INFO - Detected distance: 22.393620452742393, angle: 13.54219668183088
2024-05-30 13:58:53,846 - control_thread.py - INFO - Detected distance: 32.87757063936238, angle: 9.536154898517891
2024-05-30 13:58:54,007 - control_thread.py - INFO - Detected distance: 25.62756434118246, angle: 2.3268633235102656
2024-05-30 13:58:54,201 - control_thread.py - INFO - Detected distance: 42.684529373693486, angle: -11.743056428159884
2024-05-30 13:58:54,378 - control_thread.py - INFO - Detected distance: 55.85960153729193, angle: -10.814020892253005
2024-05-30 13:58:54,565 - control_thread.py - INFO - Detected distance: 55.855897285358566, angle: -10.407480399279507
2024-05-30 13:58:54,683 - control_thread.py - INFO - Detected distance: 54.6235892972105, angle: -10.523640057486027
2024-05-30 13:58:54,860 - control_thread.py - INFO - Detected distance: 55.85694116870476, angle: -10.523640057486027
2024-05-30 13:58:54,976 - control_thread.py - INFO - Detected distance: 55.85694116870476, angle: -10.523640057486027
2024-05-30 13:58:55,218 - control_thread.py - INFO - Detected distance: 55.23318702944648, angle: -10.465560745835365
2024-05-30 13:58:55,460 - control_thread.py - INFO - Detected distance: 55.855897285358566, angle: -10.407480399279507
2024-05-30 13:58:55,642 - control_thread.py - INFO - Detected distance: 55.85694116870476, angle: -10.523640057486027
2024-05-30 13:58:55,814 - control_thread.py - INFO - Detected distance: 55.85694116870476, angle: -10.523640057486027
2024-05-30 13:58:55,996 - control_thread.py - INFO - Detected distance: 56.49319702415779, angle: -10.465560745835365
2024-05-30 13:58:56,177 - control_thread.py - INFO - Detected distance: 56.49319702415779, angle: -10.465560745835365
2024-05-30 13:58:56,351 - control_thread.py - INFO - Detected distance: 55.85694116870476, angle: -10.523640057486027
2024-05-30 13:58:56,536 - control_thread.py - INFO - Detected distance: 55.85694116870476, angle: -10.523640057486027
2024-05-30 13:58:56,708 - control_thread.py - INFO - Detected distance: 55.234225536029335, angle: -10.581718328519205
2024-05-30 13:58:56,883 - control_thread.py - INFO - Detected distance: 55.234225536029335, angle: -10.581718328519205
2024-05-30 13:58:57,056 - control_thread.py - INFO - Detected distance: 55.234225536029335, angle: -10.581718328519205
2024-05-30 13:58:57,251 - control_thread.py - INFO - Detected distance: 55.85694116870476, angle: -10.523640057486027
2024-05-30 13:58:57,435 - control_thread.py - INFO - Detected distance: 55.234225536029335, angle: -10.581718328519205
2024-05-30 13:58:57,679 - control_thread.py - INFO - Detected distance: 55.85694116870476, angle: -10.523640057486027
2024-05-30 13:58:57,920 - control_thread.py - INFO - Detected distance: 56.493726102356696, angle: -10.523640057486027
2024-05-30 13:58:58,116 - control_thread.py - INFO - Detected distance: 55.85694116870476, angle: -10.523640057486027
2024-05-30 13:58:58,315 - control_thread.py - INFO - Detected distance: 55.23318702944648, angle: -10.465560745835365
2024-05-30 13:58:58,350 - ws_server.py - INFO - Received message: {"command":"align"}
2024-05-30 13:58:58,351 - ws_server.py - INFO - Received command: align
2024-05-30 13:58:58,512 - control_thread.py - INFO - Detected distance: 55.23318702944648, angle: -10.465560745835365
2024-05-30 13:58:58,648 - control_thread.py - INFO - Detected distance: 56.49319702415779, angle: -10.465560745835365
2024-05-30 13:58:58,840 - control_thread.py - INFO - Detected distance: 55.85694116870476, angle: -10.523640057486027
2024-05-30 13:58:59,049 - control_thread.py - INFO - Detected distance: 56.48001837404408, angle: -8.897046864703027
2024-05-30 13:58:59,243 - control_thread.py - INFO - Detected distance: 54.604117420200396, angle: -8.025365711957104
2024-05-30 13:58:59,470 - control_thread.py - INFO - Detected distance: 54.60219357995277, angle: -7.734764648294276
2024-05-30 13:58:59,653 - control_thread.py - INFO - Detected distance: 55.82634622039824, angle: -6.281486508301024
2024-05-30 13:58:59,852 - control_thread.py - INFO - Detected distance: 55.82170417202479, angle: -5.351178759631041
2024-05-30 13:59:00,074 - control_thread.py - INFO - Detected distance: 55.82143869375779, angle: -5.293029774112344
2024-05-30 13:59:00,269 - control_thread.py - INFO - Detected distance: 55.82143869375779, angle: -5.293029774112344
2024-05-30 13:59:00,478 - control_thread.py - INFO - Detected distance: 56.453942651212934, angle: -4.3625785935139145
2024-05-30 13:59:00,666 - control_thread.py - INFO - Detected distance: 55.817156058324876, angle: -4.246263929929137
2024-05-30 13:59:00,885 - control_thread.py - INFO - Detected distance: 55.189730938881866, angle: -2.6758700065141245
2024-05-30 13:59:01,069 - control_thread.py - INFO - Detected distance: 55.187900659609035, angle: -1.6869970677651411
2024-05-30 13:59:01,301 - control_thread.py - INFO - Detected distance: 56.445811432734, angle: -0.5235573894265945
2024-05-30 13:59:01,505 - control_thread.py - INFO - Detected distance: 57.760701387018855, angle: 0.34903851917496764
2024-05-30 13:59:01,722 - control_thread.py - INFO - Detected distance: 57.095998374773885, angle: 0.34903851917496764
2024-05-30 13:59:01,858 - control_thread.py - INFO - Detected distance: 56.44572929351384, angle: 0.29086548551866515
2024-05-30 13:59:02,012 - control_thread.py - INFO - Detected distance: 57.760701387018855, angle: 0.34903851917496764
2024-05-30 13:59:02,143 - control_thread.py - INFO - Detected distance: 57.760701387018855, angle: 0.34903851917496764
2024-05-30 13:59:02,347 - control_thread.py - INFO - Detected distance: 57.760701387018855, angle: 0.34903851917496764
2024-05-30 13:59:02,589 - control_thread.py - INFO - Detected distance: 57.095998374773885, angle: 0.34903851917496764
2024-05-30 13:59:02,709 - control_thread.py - INFO - Detected distance: 57.09598206297303, angle: 0.29086548551866515
2024-05-30 13:59:02,912 - control_thread.py - INFO - Detected distance: 56.44572929351384, angle: 0.29086548551866515
2024-05-30 13:59:03,147 - control_thread.py - INFO - Detected distance: 57.095998374773885, angle: 0.34903851917496764
2024-05-30 13:59:03,337 - control_thread.py - INFO - Detected distance: 57.095998374773885, angle: 0.34903851917496764
2024-05-30 13:59:03,520 - control_thread.py - INFO - Detected distance: 56.44572929351384, angle: 0.29086548551866515
2024-05-30 13:59:03,748 - control_thread.py - INFO - Detected distance: 57.760701387018855, angle: 0.34903851917496764
2024-05-30 13:59:03,954 - control_thread.py - INFO - Detected distance: 57.760701387018855, angle: 0.34903851917496764
2024-05-30 13:59:04,152 - control_thread.py - INFO - Detected distance: 57.09598206297303, angle: 0.29086548551866515
2024-05-30 13:59:04,361 - control_thread.py - INFO - Detected distance: 57.09598206297303, angle: 0.29086548551866515
2024-05-30 13:59:04,480 - control_thread.py - INFO - Detected distance: 57.760701387018855, angle: 0.34903851917496764
2024-05-30 13:59:04,663 - control_thread.py - INFO - Detected distance: 57.095998374773885, angle: 0.34903851917496764
2024-05-30 13:59:04,790 - control_thread.py - INFO - Detected distance: 57.760701387018855, angle: 0.34903851917496764
2024-05-30 13:59:04,995 - control_thread.py - INFO - Detected distance: 57.760701387018855, angle: 0.34903851917496764
2024-05-30 13:59:05,223 - control_thread.py - INFO - Detected distance: 57.09598206297303, angle: 0.29086548551866515
2024-05-30 13:59:05,284 - ws_server.py - INFO - Received message: {"command":"translate"}
2024-05-30 13:59:05,284 - ws_server.py - INFO - Received command: translate
2024-05-30 13:59:05,344 - control_thread.py - INFO - Detected distance: 57.09598206297303, angle: 0.29086548551866515
2024-05-30 13:59:05,573 - control_thread.py - INFO - Detected distance: 57.09598206297303, angle: 0.29086548551866515
2024-05-30 13:59:05,773 - control_thread.py - INFO - Detected distance: 56.44572929351384, angle: 0.29086548551866515
2024-05-30 13:59:05,960 - control_thread.py - INFO - Detected distance: 51.17286615215663, angle: -0.17451933745482198
2024-05-30 13:59:06,121 - control_thread.py - INFO - Detected distance: 48.15042215222789, angle: -0.11634623458314212
2024-05-30 13:59:06,315 - control_thread.py - INFO - Detected distance: 35.34204858235695, angle: -0.05817312017554997
2024-05-30 13:59:06,513 - control_thread.py - INFO - Detected distance: 26.69937127507526, angle: 0.6399030529847414
2024-05-30 13:59:06,708 - control_thread.py - INFO - Detected distance: 23.571822984485074, angle: 0.0
2024-05-30 13:59:06,925 - control_thread.py - INFO - Detected distance: 17.97203400385367, angle: 0.34903851917496764
2024-05-30 13:59:07,149 - control_thread.py - INFO - Detected distance: 12.916155282144066, angle: 0.05817312017554997
2024-05-30 13:59:07,347 - control_thread.py - INFO - Detected distance: 11.124944699421043, angle: 0.465384476896806
2024-05-30 13:59:07,718 - control_thread.py - INFO - Detected distance: 7.280087627801726, angle: 1.512484253624852
2024-05-30 13:59:08,001 - control_thread.py - INFO - Detected distance: 0, angle: 0
2024-05-30 13:59:08,151 - control_thread.py - INFO - Detected distance: 6.758015145404426, angle: -4.013629598770013
2024-05-30 13:59:08,298 - control_thread.py - INFO - Detected distance: 6.758015145404426, angle: -4.013629598770013
2024-05-30 13:59:08,494 - control_thread.py - INFO - Detected distance: 0, angle: 0
2024-05-30 13:59:08,786 - control_thread.py - INFO - Detected distance: 0, angle: 0
2024-05-30 13:59:08,926 - control_thread.py - INFO - Detected distance: 0, angle: 0
2024-05-30 13:59:09,287 - control_thread.py - INFO - Detected distance: 0, angle: 0
2024-05-30 13:59:09,497 - control_thread.py - INFO - Detected distance: 0, angle: 0
2024-05-30 13:59:09,704 - control_thread.py - INFO - Detected distance: 0, angle: 0
2024-05-30 13:59:09,919 - control_thread.py - INFO - Detected distance: 0, angle: 0
2024-05-30 13:59:10,162 - control_thread.py - INFO - Detected distance: 0, angle: 0
2024-05-30 13:59:10,354 - control_thread.py - INFO - Detected distance: 6.725048025940437, angle: -3.9554700070780395
2024-05-30 13:59:10,540 - control_thread.py - INFO - Detected distance: 0, angle: 0
2024-05-30 13:59:10,672 - control_thread.py - INFO - Detected distance: 5.471411469467215, angle: -0.5817302500451741
2024-05-30 13:59:10,861 - control_thread.py - INFO - Detected distance: 0, angle: 0
2024-05-30 13:59:11,047 - control_thread.py - INFO - Detected distance: 0, angle: 0
2024-05-30 13:59:11,354 - control_thread.py - INFO - Detected distance: 0, angle: 0
2024-05-30 13:59:11,534 - control_thread.py - INFO - Detected distance: 0, angle: 0
2024-05-30 13:59:11,718 - control_thread.py - INFO - Detected distance: 6.757714257545195, angle: -3.432016731251672
2024-05-30 13:59:11,903 - control_thread.py - INFO - Detected distance: 0, angle: 0
2024-05-30 13:59:12,102 - control_thread.py - INFO - Detected distance: 0, angle: 0
2024-05-30 13:59:12,273 - control_thread.py - INFO - Detected distance: 0, angle: 0
2024-05-30 13:59:12,464 - control_thread.py - INFO - Detected distance: 0, angle: 0
2024-05-30 13:59:12,651 - control_thread.py - INFO - Detected distance: 0, angle: 0
2024-05-30 13:59:12,918 - control_thread.py - INFO - Detected distance: 0, angle: 0
2024-05-30 13:59:13,105 - control_thread.py - INFO - Detected distance: 5.422326440567641, angle: -0.6980757924775274
2024-05-30 13:59:13,317 - control_thread.py - INFO - Detected distance: 5.398004314046414, angle: -0.7562484627558008
2024-05-30 13:59:13,495 - control_thread.py - INFO - Detected distance: 0, angle: 0
2024-05-30 13:59:13,671 - control_thread.py - INFO - Detected distance: 0, angle: 0
2024-05-30 13:59:13,847 - control_thread.py - INFO - Detected distance: 0, angle: 0
2024-05-30 13:59:14,038 - control_thread.py - INFO - Detected distance: 0, angle: 0
2024-05-30 13:59:14,222 - control_thread.py - INFO - Detected distance: 0, angle: 0
2024-05-30 13:59:14,422 - control_thread.py - INFO - Detected distance: 6.725048025940437, angle: -3.9554700070780395
2024-05-30 13:59:14,629 - control_thread.py - INFO - Detected distance: 0, angle: 0
2024-05-30 13:59:14,817 - control_thread.py - INFO - Detected distance: 0, angle: 0
2024-05-30 13:59:14,941 - control_thread.py - INFO - Detected distance: 6.659678150682468, angle: -3.6065044256696543
2024-05-30 13:59:15,163 - control_thread.py - INFO - Detected distance: 0, angle: 0
2024-05-30 13:59:15,370 - control_thread.py - INFO - Detected distance: 0, angle: 0
2024-05-30 13:59:15,556 - control_thread.py - INFO - Detected distance: 0, angle: 0
2024-05-30 13:59:15,767 - control_thread.py - INFO - Detected distance: 6.757770674745852, angle: -3.548342210658787
2024-05-30 13:59:15,959 - control_thread.py - INFO - Detected distance: 0, angle: 0
2024-05-30 13:59:16,129 - control_thread.py - INFO - Detected distance: 6.692130235977558, angle: -3.548342210658787
2024-05-30 13:59:16,322 - control_thread.py - INFO - Detected distance: 0, angle: 0
2024-05-30 13:59:16,501 - control_thread.py - INFO - Detected distance: 0, angle: 0
2024-05-30 13:59:16,690 - control_thread.py - INFO - Detected distance: 6.857879987995715, angle: -3.37385347837899
2024-05-30 13:59:16,942 - control_thread.py - INFO - Detected distance: 0, angle: 0
2024-05-30 13:59:17,130 - control_thread.py - INFO - Detected distance: 0, angle: 0
2024-05-30 13:59:17,327 - control_thread.py - INFO - Detected distance: 0, angle: 0
2024-05-30 13:59:17,519 - control_thread.py - INFO - Detected distance: 0, angle: 0
2024-05-30 13:59:17,685 - control_thread.py - INFO - Detected distance: 6.725048025940437, angle: -3.9554700070780395
2024-05-30 13:59:17,888 - control_thread.py - INFO - Detected distance: 0, angle: 0
2024-05-30 13:59:18,067 - control_thread.py - INFO - Detected distance: 0, angle: 0
2024-05-30 13:59:18,256 - control_thread.py - INFO - Detected distance: 0, angle: 0
2024-05-30 13:59:18,442 - control_thread.py - INFO - Detected distance: 0, angle: 0
2024-05-30 13:59:18,626 - control_thread.py - INFO - Detected distance: 0, angle: 0
2024-05-30 13:59:18,825 - control_thread.py - INFO - Detected distance: 0, angle: 0
2024-05-30 13:59:18,973 - control_thread.py - INFO - Detected distance: 0, angle: 0
2024-05-30 13:59:19,117 - ws_server.py - INFO - Received message: {"command":"align"}
2024-05-30 13:59:19,117 - ws_server.py - INFO - Received command: align
2024-05-30 13:59:19,156 - control_thread.py - INFO - Detected distance: 6.724752866950319, angle: -3.37385347837899
2024-05-30 13:59:19,345 - control_thread.py - INFO - Detected distance: 6.757714257545195, angle: -3.432016731251672
2024-05-30 13:59:19,544 - control_thread.py - INFO - Detected distance: 0, angle: 0
2024-05-30 13:59:19,740 - control_thread.py - INFO - Detected distance: 0, angle: 0
2024-05-30 13:59:19,984 - control_thread.py - INFO - Detected distance: 5.373816921711446, angle: -0.6980757924775274
2024-05-30 13:59:20,173 - control_thread.py - INFO - Detected distance: 6.790850948028802, angle: -3.37385347837899
2024-05-30 13:59:20,357 - control_thread.py - INFO - Detected distance: 0, angle: 0
2024-05-30 13:59:20,539 - control_thread.py - INFO - Detected distance: 6.758015145404426, angle: -4.013629598770013
2024-05-30 13:59:20,714 - control_thread.py - INFO - Detected distance: 0, angle: 0
2024-05-30 13:59:20,891 - control_thread.py - INFO - Detected distance: 0, angle: 0
2024-05-30 13:59:21,092 - control_thread.py - INFO - Detected distance: 0, angle: 0
2024-05-30 13:59:21,351 - control_thread.py - INFO - Detected distance: 0, angle: 0
2024-05-30 13:59:21,544 - control_thread.py - INFO - Detected distance: 6.595383966586883, angle: -3.6065044256696543
2024-05-30 13:59:21,722 - control_thread.py - INFO - Detected distance: 6.6596213867186735, angle: -3.4901796439322332
2024-05-30 13:59:21,920 - control_thread.py - INFO - Detected distance: 6.791213275827664, angle: -4.071788792660666
2024-05-30 13:59:22,090 - control_thread.py - INFO - Detected distance: 6.757951207532961, angle: -3.897310023344655
2024-05-30 13:59:22,273 - control_thread.py - INFO - Detected distance: 6.563537704056051, angle: -3.548342210658787
2024-05-30 13:59:22,431 - control_thread.py - INFO - Detected distance: 5.3980155928244455, angle: -0.8725935725980932
2024-05-30 13:59:22,600 - control_thread.py - INFO - Detected distance: 6.757951207532961, angle: -3.897310023344655
2024-05-30 13:59:22,825 - control_thread.py - INFO - Detected distance: 23.34932485908612, angle: 28.335040996124526
2024-05-30 13:59:22,957 - control_thread.py - INFO - Detected distance: 22.865612598309994, angle: 28.679940699051
2024-05-30 13:59:23,155 - control_thread.py - INFO - Detected distance: 0, angle: 0
2024-05-30 13:59:23,249 - ws_server.py - INFO - Received message: {"command":"align"}
2024-05-30 13:59:23,250 - ws_server.py - INFO - Received command: align
2024-05-30 13:59:23,418 - control_thread.py - INFO - Detected distance: 23.351833989173272, angle: 28.564985222282278
2024-05-30 13:59:23,626 - control_thread.py - INFO - Detected distance: 23.859511057555924, angle: 28.679940699051
2024-05-30 13:59:23,833 - control_thread.py - INFO - Detected distance: 23.34932485908612, angle: 28.335040996124526
2024-05-30 13:59:24,013 - control_thread.py - INFO - Detected distance: 23.85822441085184, angle: 28.564985222282278
2024-05-30 13:59:24,201 - control_thread.py - INFO - Detected distance: 22.86314045756885, angle: 28.450018640333905
2024-05-30 13:59:24,390 - control_thread.py - INFO - Detected distance: 6.532022360397163, angle: -3.722827777498648
2024-05-30 13:59:24,627 - control_thread.py - INFO - Detected distance: 24.119515520439787, angle: 28.622464351495523
2024-05-30 13:59:24,812 - control_thread.py - INFO - Detected distance: 23.10393871035257, angle: 28.392531198328427
2024-05-30 13:59:24,998 - control_thread.py - INFO - Detected distance: 23.35057689918488, angle: 28.450018640333905
2024-05-30 13:59:25,153 - control_thread.py - INFO - Detected distance: 23.35057689918488, angle: 28.450018640333905
2024-05-30 13:59:25,331 - control_thread.py - INFO - Detected distance: 23.859511057555924, angle: 28.679940699051
2024-05-30 13:59:25,540 - control_thread.py - INFO - Detected distance: 5.398004314046414, angle: -0.7562484627558008
2024-05-30 13:59:25,728 - control_thread.py - INFO - Detected distance: 21.71778570680004, angle: 28.16255388201815
2024-05-30 13:59:25,898 - control_thread.py - INFO - Detected distance: 23.35057689918488, angle: 28.450018640333905
2024-05-30 13:59:26,015 - control_thread.py - INFO - Detected distance: 23.85822441085184, angle: 28.564985222282278
2024-05-30 13:59:26,222 - control_thread.py - INFO - Detected distance: 23.35057689918488, angle: 28.450018640333905
2024-05-30 13:59:26,423 - control_thread.py - INFO - Detected distance: 23.601959404721722, angle: 28.50750331677373
2024-05-30 13:59:26,609 - control_thread.py - INFO - Detected distance: 27.037644677799843, angle: 28.622464351495523
2024-05-30 13:59:26,819 - control_thread.py - INFO - Detected distance: 22.62558294298914, angle: 28.392531198328427
2024-05-30 13:59:26,995 - control_thread.py - INFO - Detected distance: 0, angle: 0
2024-05-30 13:59:27,266 - control_thread.py - INFO - Detected distance: 23.10518143996711, angle: 28.50750331677373
2024-05-30 13:59:27,461 - control_thread.py - INFO - Detected distance: 23.601959404721722, angle: 28.50750331677373
2024-05-30 13:59:27,745 - control_thread.py - INFO - Detected distance: 23.351833989173272, angle: 28.564985222282278
2024-05-30 13:59:27,934 - control_thread.py - INFO - Detected distance: 6.692247891110272, angle: -3.780988902794471
2024-05-30 13:59:28,115 - control_thread.py - INFO - Detected distance: 0, angle: 0
2024-05-30 13:59:28,302 - control_thread.py - INFO - Detected distance: 0, angle: 0
2024-05-30 13:59:28,493 - control_thread.py - INFO - Detected distance: 22.86437405054812, angle: 28.564985222282278
2024-05-30 13:59:28,684 - control_thread.py - INFO - Detected distance: 0, angle: 0
2024-05-30 13:59:28,862 - control_thread.py - INFO - Detected distance: 6.627449567364029, angle: -3.6646662832033607
2024-05-30 13:59:29,014 - control_thread.py - INFO - Detected distance: 22.16224131469227, angle: 28.16255388201815
2024-05-30 13:59:29,221 - control_thread.py - INFO - Detected distance: 22.624368136854862, angle: 28.277548039090988
2024-05-30 13:59:29,399 - control_thread.py - INFO - Detected distance: 23.10393871035257, angle: 28.392531198328427
2024-05-30 13:59:29,572 - control_thread.py - INFO - Detected distance: 27.364004253241887, angle: 28.564985222282278
2024-05-30 13:59:29,756 - control_thread.py - INFO - Detected distance: 23.85822441085184, angle: 28.564985222282278
2024-05-30 13:59:29,935 - control_thread.py - INFO - Detected distance: 5.422336945082441, angle: -0.8144210580518713
2024-05-30 13:59:30,171 - control_thread.py - INFO - Detected distance: 23.601959404721722, angle: 28.50750331677373
2024-05-30 13:59:30,287 - control_thread.py - INFO - Detected distance: 24.116927394181012, angle: 28.392531198328427
2024-05-30 13:59:30,404 - control_thread.py - INFO - Detected distance: 23.601959404721722, angle: 28.50750331677373
2024-05-30 13:59:30,601 - control_thread.py - INFO - Detected distance: 6.724865309557155, angle: -3.6065044256696543
2024-05-30 13:59:30,790 - control_thread.py - INFO - Detected distance: 23.603231131060696, angle: 28.622464351495523
2024-05-30 13:59:30,993 - control_thread.py - INFO - Detected distance: 23.85822441085184, angle: 28.564985222282278
2024-05-30 13:59:31,125 - control_thread.py - INFO - Detected distance: 23.601959404721722, angle: 28.50750331677373
2024-05-30 13:59:31,392 - control_thread.py - INFO - Detected distance: 0, angle: 0
2024-05-30 13:59:31,577 - control_thread.py - INFO - Detected distance: 0, angle: 0
2024-05-30 13:59:31,760 - control_thread.py - INFO - Detected distance: 6.724808151399169, angle: -3.4901796439322332
2024-05-30 13:59:31,972 - control_thread.py - INFO - Detected distance: 22.39238549811882, angle: 28.335040996124526
2024-05-30 13:59:32,168 - control_thread.py - INFO - Detected distance: 27.03620707411231, angle: 28.50750331677373
2024-05-30 13:59:32,348 - control_thread.py - INFO - Detected distance: 23.35057689918488, angle: 28.450018640333905
2024-05-30 13:59:32,530 - control_thread.py - INFO - Detected distance: 6.757714257545195, angle: -3.432016731251672
2024-05-30 13:59:32,721 - control_thread.py - INFO - Detected distance: 23.601959404721722, angle: 28.50750331677373
2024-05-30 13:59:32,912 - control_thread.py - INFO - Detected distance: 25.354544845299365, angle: 28.277548039090988
2024-05-30 13:59:33,078 - control_thread.py - INFO - Detected distance: 9.9933228632849, angle: -3.548342210658787
2024-05-30 13:59:33,257 - control_thread.py - INFO - Detected distance: 19.675696197380155, angle: -0.465384476896806
2024-05-30 13:59:33,449 - control_thread.py - INFO - Detected distance: 35.88831665263318, angle: -4.711512023479224
2024-05-30 13:59:33,622 - control_thread.py - INFO - Detected distance: 37.62521172940931, angle: -9.59425008276884
2024-05-30 13:59:33,801 - control_thread.py - INFO - Detected distance: 49.142587397576456, angle: -7.792886415564772
2024-05-30 13:59:33,985 - control_thread.py - INFO - Detected distance: 50.15047629727509, angle: -7.909127629772156
2024-05-30 13:59:34,168 - control_thread.py - INFO - Detected distance: 49.641684931941626, angle: -7.851007411303062
2024-05-30 13:59:34,346 - control_thread.py - INFO - Detected distance: 49.14293295423483, angle: -7.851007411303062
2024-05-30 13:59:34,548 - control_thread.py - INFO - Detected distance: 48.6539362305426, angle: -7.909127629772156
2024-05-30 13:59:34,804 - control_thread.py - INFO - Detected distance: 48.6539362305426, angle: -7.909127629772156
2024-05-30 13:59:35,055 - control_thread.py - INFO - Detected distance: 49.641684931941626, angle: -7.851007411303062
2024-05-30 13:59:35,225 - control_thread.py - INFO - Detected distance: 49.143631768099965, angle: -7.967247065235524
2024-05-30 13:59:35,459 - control_thread.py - INFO - Detected distance: 48.6539362305426, angle: -7.909127629772156
2024-05-30 13:59:35,643 - control_thread.py - INFO - Detected distance: 49.14293295423483, angle: -7.851007411303062
2024-05-30 13:59:35,823 - control_thread.py - INFO - Detected distance: 49.14293295423483, angle: -7.851007411303062
2024-05-30 13:59:36,010 - control_thread.py - INFO - Detected distance: 49.14293295423483, angle: -7.851007411303062
2024-05-30 13:59:36,206 - control_thread.py - INFO - Detected distance: 49.64203640280828, angle: -7.909127629772156
2024-05-30 13:59:36,233 - ws_server.py - INFO - Received message: {"command":"translate"}
2024-05-30 13:59:36,233 - ws_server.py - INFO - Received command: translate
2024-05-30 13:59:36,392 - control_thread.py - INFO - Detected distance: 48.6539362305426, angle: -7.909127629772156
2024-05-30 13:59:36,594 - control_thread.py - INFO - Detected distance: 48.6539362305426, angle: -7.909127629772156
2024-05-30 13:59:36,781 - control_thread.py - INFO - Detected distance: 49.14293295423483, angle: -7.851007411303062
2024-05-30 13:59:36,959 - control_thread.py - INFO - Detected distance: 47.23812250154793, angle: -7.618518822106913
2024-05-30 13:59:37,152 - control_thread.py - INFO - Detected distance: 32.64902616764873, angle: -10.05897690689993
2024-05-30 13:59:37,378 - control_thread.py - INFO - Detected distance: 28.94604863561569, angle: -9.884711652370532
2024-05-30 13:59:37,575 - control_thread.py - INFO - Detected distance: 21.484615907313522, angle: -9.710437598101798
2024-05-30 13:59:37,795 - control_thread.py - INFO - Detected distance: 16.592538175076186, angle: -10.349399023531346
2024-05-30 13:59:37,971 - control_thread.py - INFO - Detected distance: 14.037279682760724, angle: -10.697871725887051
2024-05-30 13:59:38,165 - control_thread.py - INFO - Detected distance: 10.49894221643071, angle: -11.510824482274362
2024-05-30 13:59:38,369 - control_thread.py - INFO - Detected distance: 7.074032514130267, angle: -11.859165461331548
2024-05-30 13:59:38,714 - control_thread.py - INFO - Detected distance: 6.211100616657305, angle: -14.58628013342301
2024-05-30 13:59:38,903 - control_thread.py - INFO - Detected distance: 7.007640085629232, angle: -13.832264719708482
2024-05-30 13:59:39,082 - control_thread.py - INFO - Detected distance: 7.113421881823756, angle: -14.006289206663277
2024-05-30 13:59:39,266 - control_thread.py - INFO - Detected distance: 7.042417535537256, angle: -13.77425381963611
2024-05-30 13:59:39,456 - control_thread.py - INFO - Detected distance: 7.007640085629232, angle: -13.832264719708482
2024-05-30 13:59:39,581 - control_thread.py - INFO - Detected distance: 6.938598150785956, angle: -13.832264719708482
2024-05-30 13:59:39,776 - control_thread.py - INFO - Detected distance: 7.042647438597756, angle: -13.890274254684359
2024-05-30 13:59:39,968 - control_thread.py - INFO - Detected distance: 6.9383716465460985, angle: -13.716241560139112
2024-05-30 13:59:40,159 - control_thread.py - INFO - Detected distance: 7.007640085629232, angle: -13.832264719708482
2024-05-30 13:59:40,350 - control_thread.py - INFO - Detected distance: 7.042647438597756, angle: -13.890274254684359
2024-05-30 13:59:40,522 - control_thread.py - INFO - Detected distance: 7.007185761177461, angle: -13.60021298556264
2024-05-30 13:59:40,706 - control_thread.py - INFO - Detected distance: 6.9726560196882446, angle: -13.658227946890134
2024-05-30 13:59:40,877 - control_thread.py - INFO - Detected distance: 7.007640085629232, angle: -13.832264719708482
2024-05-30 13:59:41,001 - control_thread.py - INFO - Detected distance: 7.113188378423534, angle: -13.890274254684359
2024-05-30 13:59:41,182 - control_thread.py - INFO - Detected distance: 7.007640085629232, angle: -13.832264719708482
2024-05-30 13:59:41,663 - control_thread.py - INFO - Detected distance: 7.1487257785698395, angle: -13.832264719708482
2024-05-30 13:59:41,878 - control_thread.py - INFO - Detected distance: 7.042189559092985, angle: -13.658227946890134
2024-05-30 13:59:42,069 - control_thread.py - INFO - Detected distance: 7.0774456663132765, angle: -13.716241560139112
2024-05-30 13:59:42,245 - control_thread.py - INFO - Detected distance: 7.007870127424352, angle: -13.948282418892706
2024-05-30 13:59:42,456 - control_thread.py - INFO - Detected distance: 6.973110640264158, angle: -13.890274254684359
2024-05-30 13:59:42,630 - control_thread.py - INFO - Detected distance: 6.9383716465460985, angle: -13.716241560139112
2024-05-30 13:59:42,843 - control_thread.py - INFO - Detected distance: 6.904105286494176, angle: -13.658227946890134
2024-05-30 13:59:43,043 - control_thread.py - INFO - Detected distance: 6.972882373524372, angle: -13.77425381963611
2024-05-30 13:59:43,251 - control_thread.py - INFO - Detected distance: 7.077675429606942, angle: -13.832264719708482
2024-05-30 13:59:43,457 - control_thread.py - INFO - Detected distance: 6.973110640264158, angle: -13.890274254684359
2024-05-30 13:59:43,626 - control_thread.py - INFO - Detected distance: 6.972431578889696, angle: -13.54219668183088
2024-05-30 13:59:43,826 - control_thread.py - INFO - Detected distance: 6.9726560196882446, angle: -13.658227946890134
2024-05-30 13:59:44,025 - control_thread.py - INFO - Detected distance: 6.972882373524372, angle: -13.77425381963611
2024-05-30 13:59:44,217 - control_thread.py - INFO - Detected distance: 6.836295378101452, angle: -13.54219668183088
2024-05-30 13:59:44,402 - control_thread.py - INFO - Detected distance: 6.870080712044361, angle: -13.60021298556264
2024-05-30 13:59:44,590 - control_thread.py - INFO - Detected distance: 6.937924356760794, angle: -13.484179041369892
2024-05-30 13:59:44,774 - control_thread.py - INFO - Detected distance: 6.903882431849679, angle: -13.54219668183088
2024-05-30 13:59:44,944 - control_thread.py - INFO - Detected distance: 6.904105286494176, angle: -13.658227946890134
2024-05-30 13:59:45,136 - control_thread.py - INFO - Detected distance: 6.870080712044361, angle: -13.60021298556264
2024-05-30 13:59:45,315 - control_thread.py - INFO - Detected distance: 6.904105286494176, angle: -13.658227946890134
2024-05-30 13:59:45,498 - control_thread.py - INFO - Detected distance: 6.870080712044361, angle: -13.60021298556264
2024-05-30 13:59:45,674 - control_thread.py - INFO - Detected distance: 6.904105286494176, angle: -13.658227946890134
2024-05-30 13:59:45,848 - control_thread.py - INFO - Detected distance: 6.938147048493415, angle: -13.60021298556264
2024-05-30 13:59:46,043 - control_thread.py - INFO - Detected distance: 6.972431578889696, angle: -13.54219668183088
2024-05-30 13:59:46,218 - control_thread.py - INFO - Detected distance: 6.869859588563376, angle: -13.484179041369892
2024-05-30 13:59:46,412 - control_thread.py - INFO - Detected distance: 6.938598150785956, angle: -13.832264719708482
2024-05-30 13:59:46,599 - control_thread.py - INFO - Detected distance: 6.870080712044361, angle: -13.60021298556264
2024-05-30 13:59:46,775 - control_thread.py - INFO - Detected distance: 6.769650304196404, angle: -13.54219668183088
2024-05-30 13:59:46,975 - control_thread.py - INFO - Detected distance: 0, angle: 0
2024-05-30 13:59:47,180 - control_thread.py - INFO - Detected distance: 6.903882431849679, angle: -13.54219668183088
2024-05-30 13:59:47,406 - control_thread.py - INFO - Detected distance: 6.9726560196882446, angle: -13.658227946890134
2024-05-30 13:59:47,631 - control_thread.py - INFO - Detected distance: 6.938147048493415, angle: -13.60021298556264
2024-05-30 13:59:47,799 - control_thread.py - INFO - Detected distance: 6.769650304196404, angle: -13.54219668183088
2024-05-30 13:59:47,991 - control_thread.py - INFO - Detected distance: 6.870303728420616, angle: -13.716241560139112
2024-05-30 13:59:48,187 - control_thread.py - INFO - Detected distance: 6.903882431849679, angle: -13.54219668183088
2024-05-30 13:59:48,243 - ws_server.py - INFO - Received message: {"command":"align"}
2024-05-30 13:59:48,243 - ws_server.py - INFO - Received command: align
2024-05-30 13:59:48,405 - control_thread.py - INFO - Detected distance: 6.870080712044361, angle: -13.60021298556264
2024-05-30 13:59:48,601 - control_thread.py - INFO - Detected distance: 6.869859588563376, angle: -13.484179041369892
2024-05-30 13:59:48,768 - control_thread.py - INFO - Detected distance: 6.869859588563376, angle: -13.484179041369892
2024-05-30 13:59:48,942 - control_thread.py - INFO - Detected distance: 5.9205666489205955, angle: -10.291316624304393
2024-05-30 13:59:49,109 - control_thread.py - INFO - Detected distance: 6.382703127613726, angle: -9.826621271071508
2024-05-30 13:59:49,335 - control_thread.py - INFO - Detected distance: 0, angle: 0
2024-05-30 13:59:49,615 - control_thread.py - INFO - Detected distance: 0, angle: 0
2024-05-30 13:59:49,801 - control_thread.py - INFO - Detected distance: 23.879427907396323, angle: 30.402911123110858
2024-05-30 13:59:50,002 - control_thread.py - INFO - Detected distance: 0, angle: 0
2024-05-30 13:59:50,188 - control_thread.py - INFO - Detected distance: 0, angle: 0
2024-05-30 13:59:50,375 - control_thread.py - INFO - Detected distance: 23.62291828652927, angle: 30.345520710807225
2024-05-30 13:59:50,579 - control_thread.py - INFO - Detected distance: 23.62291828652927, angle: 30.345520710807225
2024-05-30 13:59:50,759 - control_thread.py - INFO - Detected distance: 27.221904297141446, angle: 30.288127356727323
2024-05-30 13:59:50,946 - control_thread.py - INFO - Detected distance: 0, angle: 0
2024-05-30 13:59:51,136 - control_thread.py - INFO - Detected distance: 0, angle: 0
2024-05-30 13:59:51,326 - control_thread.py - INFO - Detected distance: 0, angle: 0
2024-05-30 13:59:51,488 - control_thread.py - INFO - Detected distance: 0, angle: 0
2024-05-30 13:59:51,677 - control_thread.py - INFO - Detected distance: 0, angle: 0
2024-05-30 13:59:51,849 - control_thread.py - INFO - Detected distance: 0, angle: 0
2024-05-30 13:59:52,027 - control_thread.py - INFO - Detected distance: 0, angle: 0
2024-05-30 13:59:52,210 - control_thread.py - INFO - Detected distance: 0, angle: 0
2024-05-30 13:59:52,351 - control_thread.py - INFO - Detected distance: 0, angle: 0
2024-05-30 13:59:52,559 - control_thread.py - INFO - Detected distance: 0, angle: 0
2024-05-30 13:59:52,729 - control_thread.py - INFO - Detected distance: 0, angle: 0
2024-05-30 13:59:52,916 - control_thread.py - INFO - Detected distance: 0, angle: 0
2024-05-30 13:59:53,102 - control_thread.py - INFO - Detected distance: 0, angle: 0
2024-05-30 13:59:53,272 - control_thread.py - INFO - Detected distance: 0, angle: 0
2024-05-30 13:59:53,434 - control_thread.py - INFO - Detected distance: 0, angle: 0
2024-05-30 13:59:53,635 - control_thread.py - INFO - Detected distance: 0, angle: 0
2024-05-30 13:59:53,814 - control_thread.py - INFO - Detected distance: 0, angle: 0
2024-05-30 13:59:53,999 - control_thread.py - INFO - Detected distance: 0, angle: 0
2024-05-30 13:59:54,171 - control_thread.py - INFO - Detected distance: 0, angle: 0
2024-05-30 13:59:54,351 - control_thread.py - INFO - Detected distance: 0, angle: 0
2024-05-30 13:59:54,529 - control_thread.py - INFO - Detected distance: 0, angle: 0
2024-05-30 13:59:54,704 - control_thread.py - INFO - Detected distance: 0, angle: 0
2024-05-30 13:59:54,873 - control_thread.py - INFO - Detected distance: 0, angle: 0
2024-05-30 13:59:55,003 - control_thread.py - INFO - Detected distance: 0, angle: 0
2024-05-30 13:59:55,194 - control_thread.py - INFO - Detected distance: 0, angle: 0
2024-05-30 13:59:55,385 - control_thread.py - INFO - Detected distance: 0, angle: 0
2024-05-30 13:59:55,566 - control_thread.py - INFO - Detected distance: 0, angle: 0
2024-05-30 13:59:55,744 - control_thread.py - INFO - Detected distance: 0, angle: 0
2024-05-30 13:59:55,957 - control_thread.py - INFO - Detected distance: 0, angle: 0
2024-05-30 13:59:56,140 - control_thread.py - INFO - Detected distance: 0, angle: 0
2024-05-30 13:59:56,316 - control_thread.py - INFO - Detected distance: 0, angle: 0
2024-05-30 13:59:56,501 - control_thread.py - INFO - Detected distance: 0, angle: 0
2024-05-30 13:59:56,684 - control_thread.py - INFO - Detected distance: 0, angle: 0
2024-05-30 13:59:56,886 - control_thread.py - INFO - Detected distance: 0, angle: 0
2024-05-30 13:59:57,064 - control_thread.py - INFO - Detected distance: 0, angle: 0
2024-05-30 13:59:57,248 - control_thread.py - INFO - Detected distance: 0, angle: 0
2024-05-30 13:59:57,448 - control_thread.py - INFO - Detected distance: 0, angle: 0
2024-05-30 13:59:57,655 - control_thread.py - INFO - Detected distance: 0, angle: 0
2024-05-30 13:59:57,790 - control_thread.py - INFO - Detected distance: 0, angle: 0
2024-05-30 13:59:58,026 - control_thread.py - INFO - Detected distance: 0, angle: 0
2024-05-30 13:59:58,209 - control_thread.py - INFO - Detected distance: 0, angle: 0
2024-05-30 13:59:58,398 - control_thread.py - INFO - Detected distance: 0, angle: 0
2024-05-30 13:59:58,603 - control_thread.py - INFO - Detected distance: 0, angle: 0
2024-05-30 13:59:58,717 - control_thread.py - INFO - Detected distance: 0, angle: 0
2024-05-30 13:59:58,919 - control_thread.py - INFO - Detected distance: 0, angle: 0
2024-05-30 13:59:59,146 - control_thread.py - INFO - Detected distance: 0, angle: 0
2024-05-30 13:59:59,346 - control_thread.py - INFO - Detected distance: 0, angle: 0
2024-05-30 13:59:59,484 - control_thread.py - INFO - Detected distance: 0, angle: 0
2024-05-30 13:59:59,725 - control_thread.py - INFO - Detected distance: 0, angle: 0
2024-05-30 13:59:59,904 - control_thread.py - INFO - Detected distance: 0, angle: 0
2024-05-30 14:00:00,107 - control_thread.py - INFO - Detected distance: 0, angle: 0
2024-05-30 14:00:00,316 - control_thread.py - INFO - Detected distance: 0, angle: 0
2024-05-30 14:00:00,513 - control_thread.py - INFO - Detected distance: 0, angle: 0
2024-05-30 14:00:00,711 - control_thread.py - INFO - Detected distance: 0, angle: 0
2024-05-30 14:00:00,943 - control_thread.py - INFO - Detected distance: 0, angle: 0
2024-05-30 14:00:01,244 - control_thread.py - INFO - Detected distance: 0, angle: 0
2024-05-30 14:00:01,577 - control_thread.py - INFO - Detected distance: 0, angle: 0
2024-05-30 14:00:01,783 - control_thread.py - INFO - Detected distance: 0, angle: 0
2024-05-30 14:00:01,978 - control_thread.py - INFO - Detected distance: 0, angle: 0
2024-05-30 14:00:02,177 - control_thread.py - INFO - Detected distance: 0, angle: 0
2024-05-30 14:00:02,329 - control_thread.py - INFO - Detected distance: 0, angle: 0
2024-05-30 14:00:02,534 - control_thread.py - INFO - Detected distance: 0, angle: 0
2024-05-30 14:00:02,698 - control_thread.py - INFO - Detected distance: 0, angle: 0
2024-05-30 14:00:02,857 - control_thread.py - INFO - Detected distance: 0, angle: 0
2024-05-30 14:00:03,012 - control_thread.py - INFO - Detected distance: 0, angle: 0
2024-05-30 14:00:03,193 - control_thread.py - INFO - Detected distance: 0, angle: 0
2024-05-30 14:00:03,287 - main.py - INFO - Main thread exited
2024-05-30 14:00:03,358 - camera_thread.py - INFO - Camera thread exited
2024-05-30 14:00:03,358 - control_thread.py - INFO - Control thread exited
2024-05-30 14:00:04,125 - ws_server.py - INFO - Shutting down server...
2024-05-30 14:00:04,125 - server.py - INFO - server closing
2024-05-30 14:00:04,559 - base_events.py - ERROR - Task was destroyed but it is pending!
task: <Task pending name='Task-3' coro=<WSServer.broadcast_data() running at /Users/tomzeng/Code/ugot/ws_server.py:56> wait_for=<_GatheringFuture pending cb=[Task.task_wakeup()]>>
2024-05-30 14:00:04,560 - base_events.py - ERROR - Task was destroyed but it is pending!
task: <Task pending name='Task-5' coro=<WebSocketServerProtocol.handler() running at /opt/anaconda3/lib/python3.11/site-packages/websockets/legacy/server.py:236> wait_for=<Future pending cb=[Task.task_wakeup()]>>
2024-05-30 14:00:04,560 - base_events.py - ERROR - Task was destroyed but it is pending!
task: <Task pending name='Task-6' coro=<WebSocketCommonProtocol.transfer_data() running at /opt/anaconda3/lib/python3.11/site-packages/websockets/legacy/protocol.py:963> wait_for=<Future pending cb=[Task.task_wakeup()]> cb=[Task.task_wakeup(), _wait.<locals>._on_completion() at /opt/anaconda3/lib/python3.11/asyncio/tasks.py:519]>
2024-05-30 14:00:04,560 - base_events.py - ERROR - Task was destroyed but it is pending!
task: <Task pending name='Task-7' coro=<WebSocketCommonProtocol.keepalive_ping() running at /opt/anaconda3/lib/python3.11/site-packages/websockets/legacy/protocol.py:1254> wait_for=<Future pending cb=[Task.task_wakeup()]>>
2024-05-30 14:00:04,560 - base_events.py - ERROR - Task was destroyed but it is pending!
task: <Task pending name='Task-8' coro=<WebSocketCommonProtocol.close_connection() running at /opt/anaconda3/lib/python3.11/site-packages/websockets/legacy/protocol.py:1301> wait_for=<Task pending name='Task-6' coro=<WebSocketCommonProtocol.transfer_data() running at /opt/anaconda3/lib/python3.11/site-packages/websockets/legacy/protocol.py:963> wait_for=<Future pending cb=[Task.task_wakeup()]> cb=[Task.task_wakeup(), _wait.<locals>._on_completion() at /opt/anaconda3/lib/python3.11/asyncio/tasks.py:519]>>
2024-05-30 14:00:04,560 - server.py - INFO - connection closed
2024-05-30 14:00:04,563 - base_events.py - ERROR - Task was destroyed but it is pending!
task: <Task pending name='Task-89' coro=<WebSocketServer._close() running at /opt/anaconda3/lib/python3.11/site-packages/websockets/legacy/server.py:766>>
