2024-05-30 15:02:38,680 - logger.py - INFO - Logger initialized
2024-05-30 15:02:40,687 - main.py - INFO - Main function started
2024-05-30 15:02:41,807 - ugotcamera.py - INFO - camera opened
2024-05-30 15:02:41,846 - control_thread.py - INFO - Control thread started
2024-05-30 15:02:41,858 - ws_server.py - INFO - WebSocket server started
2024-05-30 15:02:41,859 - server.py - INFO - server listening on [::1]:8765
2024-05-30 15:02:41,859 - server.py - INFO - server listening on 127.0.0.1:8765
2024-05-30 15:02:54,226 - server.py - INFO - connection open
2024-05-30 15:02:54,228 - ws_server.py - INFO - New WebSocket connection established
2024-05-30 15:02:54,497 - ws_server.py - INFO - Client disconnected
2024-05-30 15:02:54,498 - server.py - INFO - connection closed
2024-05-30 15:02:54,620 - server.py - INFO - connection open
2024-05-30 15:02:54,621 - ws_server.py - INFO - New WebSocket connection established
2024-05-30 15:03:06,238 - ws_server.py - INFO - Received message: {"command":"align"}
2024-05-30 15:03:06,238 - ws_server.py - INFO - Received command: align
2024-05-30 15:03:09,220 - ws_server.py - INFO - Received message: {"command":"translate"}
2024-05-30 15:03:09,221 - ws_server.py - INFO - Received command: translate
2024-05-30 15:03:19,104 - ws_server.py - INFO - Received message: {"command":"align"}
2024-05-30 15:03:19,105 - ws_server.py - INFO - Received command: align
2024-05-30 15:03:28,603 - ws_server.py - INFO - Received message: {"command":"translate"}
2024-05-30 15:03:28,603 - ws_server.py - INFO - Received command: translate
2024-05-30 15:03:35,052 - ws_server.py - INFO - Received message: {"command":"translate"}
2024-05-30 15:03:35,053 - ws_server.py - INFO - Received command: translate
2024-05-30 15:03:36,241 - ws_server.py - INFO - Received message: {"command":"align"}
2024-05-30 15:03:36,241 - ws_server.py - INFO - Received command: align
2024-05-30 15:03:37,569 - ws_server.py - INFO - Received message: {"command":"translate"}
2024-05-30 15:03:37,569 - ws_server.py - INFO - Received command: translate
2024-05-30 15:03:46,036 - ws_server.py - INFO - Received message: {"chart_command":"pause_chart"}
2024-05-30 15:04:01,754 - ws_server.py - INFO - Received message: {"linear":{"kp":1.1,"ki":0.01,"kd":0.05},"angle":{"kp":1,"ki":0.01,"kd":0.05}}
2024-05-30 15:04:01,754 - ws_server.py - INFO - Updated PID parameters: {'linear': {'kp': 1.1, 'ki': 0.01, 'kd': 0.05}, 'angle': {'kp': 1, 'ki': 0.01, 'kd': 0.05}}
2024-05-30 15:04:02,602 - ws_server.py - INFO - Received message: {"linear":{"kp":1.2,"ki":0.01,"kd":0.05},"angle":{"kp":1,"ki":0.01,"kd":0.05}}
2024-05-30 15:04:02,602 - ws_server.py - INFO - Updated PID parameters: {'linear': {'kp': 1.2, 'ki': 0.01, 'kd': 0.05}, 'angle': {'kp': 1, 'ki': 0.01, 'kd': 0.05}}
2024-05-30 15:04:06,942 - ws_server.py - INFO - Received message: {"linear":{"kp":1.2,"ki":0.02,"kd":0.05},"angle":{"kp":1,"ki":0.01,"kd":0.05}}
2024-05-30 15:04:06,942 - ws_server.py - INFO - Updated PID parameters: {'linear': {'kp': 1.2, 'ki': 0.02, 'kd': 0.05}, 'angle': {'kp': 1, 'ki': 0.01, 'kd': 0.05}}
2024-05-30 15:04:10,118 - ws_server.py - INFO - Received message: {"command":"align"}
2024-05-30 15:04:10,118 - ws_server.py - INFO - Received command: align
2024-05-30 15:04:17,768 - ws_server.py - INFO - Received message: {"chart_command":"start_chart"}
2024-05-30 15:04:21,235 - ws_server.py - INFO - Received message: {"command":"translate"}
2024-05-30 15:04:21,235 - ws_server.py - INFO - Received command: translate
2024-05-30 15:04:28,136 - ws_server.py - INFO - Received message: {"chart_command":"pause_chart"}
2024-05-30 15:04:28,685 - ws_server.py - INFO - Received message: {"command":"align"}
2024-05-30 15:04:28,685 - ws_server.py - INFO - Received command: align
2024-05-30 15:04:45,168 - ws_server.py - INFO - Received message: {"chart_command":"start_chart"}
2024-05-30 15:04:50,753 - ws_server.py - INFO - Received message: {"command":"align"}
2024-05-30 15:04:50,753 - ws_server.py - INFO - Received command: align
2024-05-30 15:04:54,686 - ws_server.py - INFO - Received message: {"command":"translate"}
2024-05-30 15:04:54,686 - ws_server.py - INFO - Received command: translate
2024-05-30 15:04:58,952 - ws_server.py - INFO - Received message: {"command":"translate"}
2024-05-30 15:04:58,952 - ws_server.py - INFO - Received command: translate
2024-05-30 15:04:59,652 - ws_server.py - INFO - Received message: {"command":"align"}
2024-05-30 15:04:59,652 - ws_server.py - INFO - Received command: align
2024-05-30 15:05:03,987 - ws_server.py - INFO - Received message: {"command":"translate"}
2024-05-30 15:05:03,987 - ws_server.py - INFO - Received command: translate
2024-05-30 15:05:11,037 - ws_server.py - INFO - Received message: {"chart_command":"pause_chart"}
2024-05-30 15:05:53,851 - ws_server.py - INFO - Received message: {"chart_command":"start_chart"}
2024-05-30 15:06:09,485 - ws_server.py - INFO - Received message: {"command":"align"}
2024-05-30 15:06:09,485 - ws_server.py - INFO - Received command: align
2024-05-30 15:06:15,884 - ws_server.py - INFO - Received message: {"command":"translate"}
2024-05-30 15:06:15,885 - ws_server.py - INFO - Received command: translate
2024-05-30 15:06:17,419 - ws_server.py - INFO - Received message: {"command":"translate"}
2024-05-30 15:06:17,419 - ws_server.py - INFO - Received command: translate
2024-05-30 15:06:18,435 - ws_server.py - INFO - Received message: {"command":"align"}
2024-05-30 15:06:18,435 - ws_server.py - INFO - Received command: align
2024-05-30 15:06:19,468 - ws_server.py - INFO - Received message: {"command":"translate"}
2024-05-30 15:06:19,468 - ws_server.py - INFO - Received command: translate
2024-05-30 15:06:42,968 - ws_server.py - INFO - Received message: {"command":"align"}
2024-05-30 15:06:42,969 - ws_server.py - INFO - Received command: align
2024-05-30 15:07:27,252 - ws_server.py - INFO - Received message: {"command":"translate"}
2024-05-30 15:07:27,253 - ws_server.py - INFO - Received command: translate
2024-05-30 15:07:33,084 - ws_server.py - INFO - Received message: {"chart_command":"pause_chart"}
2024-05-30 15:07:41,997 - ws_server.py - INFO - Received message: {"linear":{"kp":1.2,"ki":0.02,"kd":0.1},"angle":{"kp":1,"ki":0.01,"kd":0.05}}
2024-05-30 15:07:41,997 - ws_server.py - INFO - Updated PID parameters: {'linear': {'kp': 1.2, 'ki': 0.02, 'kd': 0.1}, 'angle': {'kp': 1, 'ki': 0.01, 'kd': 0.05}}
2024-05-30 15:08:05,017 - ws_server.py - INFO - Received message: {"chart_command":"start_chart"}
2024-05-30 15:08:20,251 - ws_server.py - INFO - Received message: {"command":"align"}
2024-05-30 15:08:20,252 - ws_server.py - INFO - Received command: align
2024-05-30 15:08:25,383 - ws_server.py - INFO - Received message: {"command":"translate"}
2024-05-30 15:08:25,383 - ws_server.py - INFO - Received command: translate
2024-05-30 15:08:30,567 - ws_server.py - INFO - Received message: {"chart_command":"pause_chart"}
2024-05-30 15:08:33,349 - ws_server.py - INFO - Received message: {"command":"align"}
2024-05-30 15:08:33,349 - ws_server.py - INFO - Received command: align
2024-05-30 15:08:36,182 - ws_server.py - INFO - Received message: {"command":"align"}
2024-05-30 15:08:36,183 - ws_server.py - INFO - Received command: align
2024-05-30 15:08:48,333 - ws_server.py - INFO - Received message: {"command":"align"}
2024-05-30 15:08:48,334 - ws_server.py - INFO - Received command: align
2024-05-30 15:08:52,463 - ws_server.py - INFO - Received message: {"linear":{"kp":1.2,"ki":0.01,"kd":0.1},"angle":{"kp":1,"ki":0.01,"kd":0.05}}
2024-05-30 15:08:52,463 - ws_server.py - INFO - Updated PID parameters: {'linear': {'kp': 1.2, 'ki': 0.01, 'kd': 0.1}, 'angle': {'kp': 1, 'ki': 0.01, 'kd': 0.05}}
2024-05-30 15:08:55,366 - ws_server.py - INFO - Received message: {"command":"translate"}
2024-05-30 15:08:55,367 - ws_server.py - INFO - Received command: translate
2024-05-30 15:08:59,366 - ws_server.py - INFO - Received message: {"chart_command":"start_chart"}
2024-05-30 15:09:02,183 - ws_server.py - INFO - Received message: {"chart_command":"pause_chart"}
2024-05-30 15:09:05,832 - ws_server.py - INFO - Received message: {"chart_command":"start_chart"}
2024-05-30 15:09:08,916 - ws_server.py - INFO - Received message: {"command":"align"}
2024-05-30 15:09:08,916 - ws_server.py - INFO - Received command: align
2024-05-30 15:09:58,049 - ws_server.py - INFO - Received message: {"command":"align"}
2024-05-30 15:09:58,050 - ws_server.py - INFO - Received command: align
2024-05-30 15:10:00,675 - ws_server.py - INFO - Received message: {"command":"translate"}
2024-05-30 15:10:00,675 - ws_server.py - INFO - Received command: translate
2024-05-30 15:10:08,669 - ws_server.py - INFO - Received message: {"chart_command":"pause_chart"}
2024-05-30 15:10:11,250 - ws_server.py - INFO - Received message: {"chart_command":"start_chart"}
2024-05-30 15:10:12,134 - ws_server.py - INFO - Received message: {"command":"align"}
2024-05-30 15:10:12,134 - ws_server.py - INFO - Received command: align
2024-05-30 15:10:18,248 - ws_server.py - INFO - Received message: {"chart_command":"pause_chart"}
2024-05-30 15:10:26,649 - ws_server.py - INFO - Received message: {"linear":{"kp":1.2,"ki":0.01,"kd":0.1},"angle":{"kp":1,"ki":0.02,"kd":0.05}}
2024-05-30 15:10:26,651 - ws_server.py - INFO - Updated PID parameters: {'linear': {'kp': 1.2, 'ki': 0.01, 'kd': 0.1}, 'angle': {'kp': 1, 'ki': 0.02, 'kd': 0.05}}
2024-05-30 15:10:26,839 - ws_server.py - INFO - Received message: {"linear":{"kp":1.2,"ki":0.01,"kd":0.1},"angle":{"kp":1,"ki":0.03,"kd":0.05}}
2024-05-30 15:10:26,839 - ws_server.py - INFO - Updated PID parameters: {'linear': {'kp': 1.2, 'ki': 0.01, 'kd': 0.1}, 'angle': {'kp': 1, 'ki': 0.03, 'kd': 0.05}}
2024-05-30 15:10:29,178 - ws_server.py - INFO - Received message: {"command":"translate"}
2024-05-30 15:10:29,178 - ws_server.py - INFO - Received command: translate
2024-05-30 15:10:30,599 - ws_server.py - INFO - Received message: {"chart_command":"start_chart"}
2024-05-30 15:10:39,630 - ws_server.py - INFO - Received message: {"command":"align"}
2024-05-30 15:10:39,631 - ws_server.py - INFO - Received command: align
2024-05-30 15:10:46,161 - ws_server.py - INFO - Received message: {"chart_command":"pause_chart"}
2024-05-30 15:10:51,927 - ws_server.py - INFO - Received message: {"command":"translate"}
2024-05-30 15:10:51,928 - ws_server.py - INFO - Received command: translate
2024-05-30 15:11:00,026 - ws_server.py - INFO - Received message: {"command":"align"}
2024-05-30 15:11:00,027 - ws_server.py - INFO - Received command: align
2024-05-30 15:11:02,059 - ws_server.py - INFO - Received message: {"command":"translate"}
2024-05-30 15:11:02,060 - ws_server.py - INFO - Received command: translate
2024-05-30 15:11:09,870 - ws_server.py - INFO - Received message: {"linear":{"kp":1.2,"ki":0.01,"kd":0.05},"angle":{"kp":1,"ki":0.03,"kd":0.05}}
2024-05-30 15:11:09,871 - ws_server.py - INFO - Updated PID parameters: {'linear': {'kp': 1.2, 'ki': 0.01, 'kd': 0.05}, 'angle': {'kp': 1, 'ki': 0.03, 'kd': 0.05}}
2024-05-30 15:11:16,625 - ws_server.py - INFO - Received message: {"command":"align"}
2024-05-30 15:11:16,626 - ws_server.py - INFO - Received command: align
2024-05-30 15:11:19,827 - ws_server.py - INFO - Received message: {"chart_command":"start_chart"}
2024-05-30 15:11:23,992 - ws_server.py - INFO - Received message: {"command":"align"}
2024-05-30 15:11:23,993 - ws_server.py - INFO - Received command: align
2024-05-30 15:11:25,359 - ws_server.py - INFO - Received message: {"command":"translate"}
2024-05-30 15:11:25,359 - ws_server.py - INFO - Received command: translate
2024-05-30 15:11:47,129 - ws_server.py - INFO - Received message: {"linear":{"kp":1.2,"ki":0,"kd":0.05},"angle":{"kp":1,"ki":0.03,"kd":0.05}}
2024-05-30 15:11:47,130 - ws_server.py - INFO - Updated PID parameters: {'linear': {'kp': 1.2, 'ki': 0, 'kd': 0.05}, 'angle': {'kp': 1, 'ki': 0.03, 'kd': 0.05}}
2024-05-30 15:11:48,313 - ws_server.py - INFO - Received message: {"linear":{"kp":1.2,"ki":0.01,"kd":0.05},"angle":{"kp":1,"ki":0.03,"kd":0.05}}
2024-05-30 15:11:48,313 - ws_server.py - INFO - Updated PID parameters: {'linear': {'kp': 1.2, 'ki': 0.01, 'kd': 0.05}, 'angle': {'kp': 1, 'ki': 0.03, 'kd': 0.05}}
2024-05-30 15:11:48,730 - ws_server.py - INFO - Received message: {"linear":{"kp":1.2,"ki":0,"kd":0.05},"angle":{"kp":1,"ki":0.03,"kd":0.05}}
2024-05-30 15:11:48,730 - ws_server.py - INFO - Updated PID parameters: {'linear': {'kp': 1.2, 'ki': 0, 'kd': 0.05}, 'angle': {'kp': 1, 'ki': 0.03, 'kd': 0.05}}
2024-05-30 15:11:50,494 - ws_server.py - INFO - Received message: {"linear":{"kp":1.2,"ki":0,"kd":0},"angle":{"kp":1,"ki":0.03,"kd":0.05}}
2024-05-30 15:11:50,494 - ws_server.py - INFO - Updated PID parameters: {'linear': {'kp': 1.2, 'ki': 0, 'kd': 0}, 'angle': {'kp': 1, 'ki': 0.03, 'kd': 0.05}}
2024-05-30 15:11:52,525 - ws_server.py - INFO - Received message: {"command":"align"}
2024-05-30 15:11:52,526 - ws_server.py - INFO - Received command: align
2024-05-30 15:11:53,708 - ws_server.py - INFO - Received message: {"command":"translate"}
2024-05-30 15:11:53,709 - ws_server.py - INFO - Received command: translate
2024-05-30 15:12:02,232 - ws_server.py - INFO - Received message: {"chart_command":"pause_chart"}
2024-05-30 15:12:14,575 - ws_server.py - INFO - Received message: {"chart_command":"start_chart"}
2024-05-30 15:12:15,575 - ws_server.py - INFO - Received message: {"command":"align"}
2024-05-30 15:12:15,575 - ws_server.py - INFO - Received command: align
2024-05-30 15:12:24,509 - ws_server.py - INFO - Received message: {"command":"translate"}
2024-05-30 15:12:24,510 - ws_server.py - INFO - Received command: translate
2024-05-30 15:12:30,975 - ws_server.py - INFO - Received message: {"chart_command":"pause_chart"}
2024-05-30 15:12:31,792 - ws_server.py - INFO - Received message: {"chart_command":"pause_chart"}
2024-05-30 15:12:32,424 - ws_server.py - INFO - Received message: {"chart_command":"start_chart"}
2024-05-30 15:12:34,041 - ws_server.py - INFO - Received message: {"command":"align"}
2024-05-30 15:12:34,042 - ws_server.py - INFO - Received command: align
2024-05-30 15:12:39,958 - ws_server.py - INFO - Received message: {"chart_command":"pause_chart"}
2024-05-30 15:13:05,050 - main.py - INFO - Main thread exited
2024-05-30 15:13:05,088 - camera_thread.py - INFO - Camera thread exited
2024-05-30 15:13:05,088 - control_thread.py - INFO - Control thread exited
2024-05-30 15:13:05,499 - ws_server.py - INFO - Shutting down server...
2024-05-30 15:13:05,499 - server.py - INFO - server closing
2024-05-30 15:13:05,875 - base_events.py - ERROR - Task was destroyed but it is pending!
task: <Task pending name='Task-10' coro=<WebSocketServerProtocol.handler() running at /opt/anaconda3/lib/python3.11/site-packages/websockets/legacy/server.py:236> wait_for=<Future pending cb=[Task.task_wakeup()]>>
2024-05-30 15:13:05,875 - base_events.py - ERROR - Task was destroyed but it is pending!
task: <Task pending name='Task-11' coro=<WebSocketCommonProtocol.transfer_data() running at /opt/anaconda3/lib/python3.11/site-packages/websockets/legacy/protocol.py:963> wait_for=<Future pending cb=[Task.task_wakeup()]> cb=[Task.task_wakeup(), _wait.<locals>._on_completion() at /opt/anaconda3/lib/python3.11/asyncio/tasks.py:519]>
2024-05-30 15:13:05,875 - base_events.py - ERROR - Task was destroyed but it is pending!
task: <Task pending name='Task-12' coro=<WebSocketCommonProtocol.keepalive_ping() running at /opt/anaconda3/lib/python3.11/site-packages/websockets/legacy/protocol.py:1254> wait_for=<Future pending cb=[Task.task_wakeup()]>>
2024-05-30 15:13:05,875 - base_events.py - ERROR - Task was destroyed but it is pending!
task: <Task pending name='Task-13' coro=<WebSocketCommonProtocol.close_connection() running at /opt/anaconda3/lib/python3.11/site-packages/websockets/legacy/protocol.py:1301> wait_for=<Task pending name='Task-11' coro=<WebSocketCommonProtocol.transfer_data() running at /opt/anaconda3/lib/python3.11/site-packages/websockets/legacy/protocol.py:963> wait_for=<Future pending cb=[Task.task_wakeup()]> cb=[Task.task_wakeup(), _wait.<locals>._on_completion() at /opt/anaconda3/lib/python3.11/asyncio/tasks.py:519]>>
2024-05-30 15:13:05,876 - server.py - INFO - connection closed
2024-05-30 15:13:05,878 - base_events.py - ERROR - Task was destroyed but it is pending!
task: <Task pending name='Task-3' coro=<WSServer.broadcast_data() running at /Users/tomzeng/Code/ugot/ws_server.py:82> wait_for=<Future pending cb=[Task.task_wakeup()]>>
2024-05-30 15:13:05,878 - base_events.py - ERROR - Task was destroyed but it is pending!
task: <Task pending name='Task-984' coro=<WebSocketServer._close() running at /opt/anaconda3/lib/python3.11/site-packages/websockets/legacy/server.py:766>>
