2024-05-28 12:06:44,497 - main.py - INFO - Main function started
2024-05-28 12:06:45,917 - ugotcamera.py - INFO - camera opened
2024-05-28 12:06:45,963 - CommandPlanner.py - INFO - CommandPlanner initiated
2024-05-28 12:06:45,963 - control_thread.py - INFO - Control thread started
2024-05-28 12:06:48,057 - CommandPlanner.py - INFO - Executing command: LocateBallCommand
2024-05-28 12:06:48,295 - CommandPlanner.py - INFO - Executing command: LocateBallCommand
2024-05-28 12:06:48,464 - CommandPlanner.py - INFO - Executing command: LocateBallCommand
2024-05-28 12:06:48,773 - CommandPlanner.py - INFO - Command LocateBallCommand is finished
2024-05-28 12:06:48,904 - CommandPlanner.py - INFO - Planning next command...
2024-05-28 12:06:48,904 - CommandPlanner.py - INFO - Switching to TranslateToBallCommand with distance: 42.68917997364031, angle: 12.323554265453257
2024-05-28 12:06:48,904 - CommandPlanner.py - INFO - Command updated
2024-05-28 12:06:48,904 - CommandPlanner.py - INFO - Executing command: TranslateToBallCommand
2024-05-28 12:06:48,904 - TranslateToBallCommand.py - INFO - shared data: distance - 42.68917997364031, angle: 12.323554265453257
2024-05-28 12:06:49,253 - CommandPlanner.py - INFO - Executing command: TranslateToBallCommand
2024-05-28 12:06:49,254 - TranslateToBallCommand.py - INFO - shared data: distance - 41.225059261582274, angle: 12.439639406577719
2024-05-28 12:06:49,454 - CommandPlanner.py - INFO - Executing command: TranslateToBallCommand
2024-05-28 12:06:49,454 - TranslateToBallCommand.py - INFO - shared data: distance - 30.915968538195347, angle: 12.555719632673748
2024-05-28 12:06:49,641 - CommandPlanner.py - INFO - Executing command: TranslateToBallCommand
2024-05-28 12:06:49,641 - TranslateToBallCommand.py - INFO - shared data: distance - 23.99233909973919, angle: 13.136045445191623
2024-05-28 12:06:49,851 - CommandPlanner.py - INFO - Executing command: TranslateToBallCommand
2024-05-28 12:06:49,851 - TranslateToBallCommand.py - INFO - shared data: distance - 18.08066619879736, angle: 13.948282418892706
2024-05-28 12:06:50,014 - CommandPlanner.py - INFO - Executing command: TranslateToBallCommand
2024-05-28 12:06:50,014 - TranslateToBallCommand.py - INFO - shared data: distance - 14.15180117420532, angle: 14.180301254658117
2024-05-28 12:06:50,188 - CommandPlanner.py - INFO - Executing command: TranslateToBallCommand
2024-05-28 12:06:50,188 - TranslateToBallCommand.py - INFO - shared data: distance - 10.538111501838927, angle: 14.296302300548069
2024-05-28 12:06:50,367 - CommandPlanner.py - INFO - Executing command: TranslateToBallCommand
2024-05-28 12:06:50,367 - TranslateToBallCommand.py - INFO - shared data: distance - 6.905482299543631, angle: 14.35430071066262
2024-05-28 12:06:50,584 - CommandPlanner.py - INFO - Command TranslateToBallCommand is finished
2024-05-28 12:06:50,743 - CommandPlanner.py - INFO - Planning next command...
2024-05-28 12:06:50,743 - CommandPlanner.py - INFO - Switching to AlignWithBallCommand with angle: 6.1070652286527976
2024-05-28 12:06:50,743 - CommandPlanner.py - INFO - Command updated
2024-05-28 12:06:50,743 - CommandPlanner.py - INFO - Executing command: AlignWithBallCommand
2024-05-28 12:06:50,907 - CommandPlanner.py - INFO - Executing command: AlignWithBallCommand
2024-05-28 12:06:51,075 - CommandPlanner.py - INFO - Executing command: AlignWithBallCommand
2024-05-28 12:06:51,223 - CommandPlanner.py - INFO - Executing command: AlignWithBallCommand
2024-05-28 12:06:51,375 - CommandPlanner.py - INFO - Executing command: AlignWithBallCommand
2024-05-28 12:06:51,609 - CommandPlanner.py - INFO - Executing command: AlignWithBallCommand
2024-05-28 12:06:51,755 - CommandPlanner.py - INFO - Executing command: AlignWithBallCommand
2024-05-28 12:06:51,908 - CommandPlanner.py - INFO - Executing command: AlignWithBallCommand
2024-05-28 12:06:52,058 - CommandPlanner.py - INFO - Executing command: AlignWithBallCommand
2024-05-28 12:06:52,218 - CommandPlanner.py - INFO - Executing command: AlignWithBallCommand
2024-05-28 12:06:52,394 - CommandPlanner.py - INFO - Executing command: AlignWithBallCommand
2024-05-28 12:06:52,556 - CommandPlanner.py - INFO - Executing command: AlignWithBallCommand
2024-05-28 12:06:52,726 - CommandPlanner.py - INFO - Executing command: AlignWithBallCommand
2024-05-28 12:06:52,869 - CommandPlanner.py - INFO - Executing command: AlignWithBallCommand
2024-05-28 12:06:53,026 - CommandPlanner.py - INFO - Executing command: AlignWithBallCommand
2024-05-28 12:06:53,172 - CommandPlanner.py - INFO - Executing command: AlignWithBallCommand
2024-05-28 12:06:53,244 - CommandPlanner.py - INFO - Command AlignWithBallCommand is finished
2024-05-28 12:06:53,394 - CommandPlanner.py - INFO - Planning next command...
2024-05-28 12:06:53,394 - CommandPlanner.py - INFO - Command updated
2024-05-28 12:06:53,394 - CommandPlanner.py - INFO - Executing command: AlignWithBallCommand
2024-05-28 12:06:53,439 - CommandPlanner.py - INFO - Command AlignWithBallCommand is finished
2024-05-28 12:06:53,603 - CommandPlanner.py - INFO - Planning next command...
2024-05-28 12:06:53,603 - CommandPlanner.py - INFO - Command updated
2024-05-28 12:06:53,603 - CommandPlanner.py - INFO - Executing command: AlignWithBallCommand
2024-05-28 12:06:53,667 - CommandPlanner.py - INFO - Command AlignWithBallCommand is finished
2024-05-28 12:06:53,873 - CommandPlanner.py - INFO - Planning next command...
2024-05-28 12:06:53,873 - CommandPlanner.py - INFO - Command updated
2024-05-28 12:06:53,873 - CommandPlanner.py - INFO - Executing command: AlignWithBallCommand
2024-05-28 12:06:53,917 - CommandPlanner.py - INFO - Command AlignWithBallCommand is finished
2024-05-28 12:06:54,034 - CommandPlanner.py - INFO - Planning next command...
2024-05-28 12:06:54,034 - CommandPlanner.py - INFO - Command updated
2024-05-28 12:06:54,034 - CommandPlanner.py - INFO - Executing command: AlignWithBallCommand
2024-05-28 12:06:54,052 - CommandPlanner.py - INFO - Command AlignWithBallCommand is finished
2024-05-28 12:06:54,177 - CommandPlanner.py - INFO - Planning next command...
2024-05-28 12:06:54,177 - CommandPlanner.py - INFO - Command updated
2024-05-28 12:06:54,178 - CommandPlanner.py - INFO - Executing command: AlignWithBallCommand
2024-05-28 12:06:54,258 - CommandPlanner.py - INFO - Command AlignWithBallCommand is finished
2024-05-28 12:06:54,421 - CommandPlanner.py - INFO - Planning next command...
2024-05-28 12:06:54,421 - CommandPlanner.py - INFO - Command updated
2024-05-28 12:06:54,421 - CommandPlanner.py - INFO - Executing command: AlignWithBallCommand
2024-05-28 12:06:54,470 - CommandPlanner.py - INFO - Command AlignWithBallCommand is finished
2024-05-28 12:06:54,636 - CommandPlanner.py - INFO - Planning next command...
2024-05-28 12:06:54,636 - CommandPlanner.py - INFO - Command updated
2024-05-28 12:06:54,636 - CommandPlanner.py - INFO - Executing command: AlignWithBallCommand
2024-05-28 12:06:54,682 - CommandPlanner.py - INFO - Command AlignWithBallCommand is finished
2024-05-28 12:06:54,857 - CommandPlanner.py - INFO - Planning next command...
2024-05-28 12:06:54,857 - CommandPlanner.py - INFO - Command updated
2024-05-28 12:06:54,857 - CommandPlanner.py - INFO - Executing command: AlignWithBallCommand
2024-05-28 12:06:54,875 - CommandPlanner.py - INFO - Command AlignWithBallCommand is finished
2024-05-28 12:06:55,009 - CommandPlanner.py - INFO - Planning next command...
2024-05-28 12:06:55,009 - CommandPlanner.py - INFO - Command updated
2024-05-28 12:06:55,009 - CommandPlanner.py - INFO - Executing command: AlignWithBallCommand
2024-05-28 12:06:55,055 - CommandPlanner.py - INFO - Command AlignWithBallCommand is finished
2024-05-28 12:06:55,240 - CommandPlanner.py - INFO - Planning next command...
2024-05-28 12:06:55,240 - CommandPlanner.py - INFO - Command updated
2024-05-28 12:06:55,240 - CommandPlanner.py - INFO - Executing command: AlignWithBallCommand
2024-05-28 12:06:55,315 - CommandPlanner.py - INFO - Command AlignWithBallCommand is finished
2024-05-28 12:06:55,458 - CommandPlanner.py - INFO - Planning next command...
2024-05-28 12:06:55,458 - CommandPlanner.py - INFO - Command updated
2024-05-28 12:06:55,458 - CommandPlanner.py - INFO - Executing command: AlignWithBallCommand
2024-05-28 12:06:55,529 - CommandPlanner.py - INFO - Command AlignWithBallCommand is finished
2024-05-28 12:06:55,646 - CommandPlanner.py - INFO - Planning next command...
2024-05-28 12:06:55,646 - CommandPlanner.py - INFO - Command updated
2024-05-28 12:06:55,646 - CommandPlanner.py - INFO - Executing command: AlignWithBallCommand
2024-05-28 12:06:55,696 - CommandPlanner.py - INFO - Command AlignWithBallCommand is finished
2024-05-28 12:06:55,862 - CommandPlanner.py - INFO - Planning next command...
2024-05-28 12:06:55,862 - CommandPlanner.py - INFO - Command updated
2024-05-28 12:06:55,862 - CommandPlanner.py - INFO - Executing command: AlignWithBallCommand
2024-05-28 12:06:55,880 - CommandPlanner.py - INFO - Command AlignWithBallCommand is finished
2024-05-28 12:06:56,024 - CommandPlanner.py - INFO - Planning next command...
2024-05-28 12:06:56,024 - CommandPlanner.py - INFO - Command updated
2024-05-28 12:06:56,024 - CommandPlanner.py - INFO - Executing command: AlignWithBallCommand
2024-05-28 12:06:56,041 - CommandPlanner.py - INFO - Command AlignWithBallCommand is finished
2024-05-28 12:06:56,173 - CommandPlanner.py - INFO - Planning next command...
2024-05-28 12:06:56,173 - CommandPlanner.py - INFO - Command updated
2024-05-28 12:06:56,173 - CommandPlanner.py - INFO - Executing command: AlignWithBallCommand
2024-05-28 12:06:56,191 - CommandPlanner.py - INFO - Command AlignWithBallCommand is finished
2024-05-28 12:06:56,313 - CommandPlanner.py - INFO - Planning next command...
2024-05-28 12:06:56,313 - CommandPlanner.py - INFO - Command updated
2024-05-28 12:06:56,313 - CommandPlanner.py - INFO - Executing command: AlignWithBallCommand
2024-05-28 12:06:56,334 - CommandPlanner.py - INFO - Command AlignWithBallCommand is finished
2024-05-28 12:06:56,452 - CommandPlanner.py - INFO - Planning next command...
2024-05-28 12:06:56,452 - CommandPlanner.py - INFO - Command updated
2024-05-28 12:06:56,452 - CommandPlanner.py - INFO - Executing command: AlignWithBallCommand
2024-05-28 12:06:56,470 - CommandPlanner.py - INFO - Command AlignWithBallCommand is finished
2024-05-28 12:06:56,602 - CommandPlanner.py - INFO - Planning next command...
2024-05-28 12:06:56,602 - CommandPlanner.py - INFO - Command updated
2024-05-28 12:06:56,602 - CommandPlanner.py - INFO - Executing command: AlignWithBallCommand
2024-05-28 12:06:56,625 - CommandPlanner.py - INFO - Command AlignWithBallCommand is finished
2024-05-28 12:06:56,756 - CommandPlanner.py - INFO - Planning next command...
2024-05-28 12:06:56,756 - CommandPlanner.py - INFO - Command updated
2024-05-28 12:06:56,756 - CommandPlanner.py - INFO - Executing command: AlignWithBallCommand
2024-05-28 12:06:56,834 - CommandPlanner.py - INFO - Command AlignWithBallCommand is finished
2024-05-28 12:06:56,987 - CommandPlanner.py - INFO - Planning next command...
2024-05-28 12:06:56,987 - CommandPlanner.py - INFO - Command updated
2024-05-28 12:06:56,987 - CommandPlanner.py - INFO - Executing command: AlignWithBallCommand
2024-05-28 12:06:57,037 - CommandPlanner.py - INFO - Command AlignWithBallCommand is finished
2024-05-28 12:06:57,215 - CommandPlanner.py - INFO - Planning next command...
2024-05-28 12:06:57,215 - CommandPlanner.py - INFO - Command updated
2024-05-28 12:06:57,215 - CommandPlanner.py - INFO - Executing command: AlignWithBallCommand
2024-05-28 12:06:57,273 - CommandPlanner.py - INFO - Command AlignWithBallCommand is finished
2024-05-28 12:06:57,441 - CommandPlanner.py - INFO - Planning next command...
2024-05-28 12:06:57,442 - CommandPlanner.py - INFO - Command updated
2024-05-28 12:06:57,442 - CommandPlanner.py - INFO - Executing command: AlignWithBallCommand
2024-05-28 12:06:57,503 - CommandPlanner.py - INFO - Command AlignWithBallCommand is finished
2024-05-28 12:06:57,697 - CommandPlanner.py - INFO - Planning next command...
2024-05-28 12:06:57,698 - CommandPlanner.py - INFO - Command updated
2024-05-28 12:06:57,698 - CommandPlanner.py - INFO - Executing command: AlignWithBallCommand
2024-05-28 12:06:57,752 - CommandPlanner.py - INFO - Command AlignWithBallCommand is finished
2024-05-28 12:06:58,024 - CommandPlanner.py - INFO - Planning next command...
2024-05-28 12:06:58,024 - CommandPlanner.py - INFO - Command updated
2024-05-28 12:06:58,024 - CommandPlanner.py - INFO - Executing command: AlignWithBallCommand
2024-05-28 12:06:58,175 - CommandPlanner.py - INFO - Command AlignWithBallCommand is finished
2024-05-28 12:06:58,298 - CommandPlanner.py - INFO - Planning next command...
2024-05-28 12:06:58,298 - CommandPlanner.py - INFO - Command updated
2024-05-28 12:06:58,298 - CommandPlanner.py - INFO - Executing command: AlignWithBallCommand
2024-05-28 12:06:58,342 - CommandPlanner.py - INFO - Command AlignWithBallCommand is finished
2024-05-28 12:06:58,576 - CommandPlanner.py - INFO - Planning next command...
2024-05-28 12:06:58,576 - CommandPlanner.py - INFO - Command updated
2024-05-28 12:06:58,576 - CommandPlanner.py - INFO - Executing command: AlignWithBallCommand
2024-05-28 12:06:58,630 - CommandPlanner.py - INFO - Command AlignWithBallCommand is finished
2024-05-28 12:06:58,819 - CommandPlanner.py - INFO - Planning next command...
2024-05-28 12:06:58,819 - CommandPlanner.py - INFO - Command updated
2024-05-28 12:06:58,819 - CommandPlanner.py - INFO - Executing command: AlignWithBallCommand
2024-05-28 12:06:58,872 - CommandPlanner.py - INFO - Command AlignWithBallCommand is finished
2024-05-28 12:06:59,043 - CommandPlanner.py - INFO - Planning next command...
2024-05-28 12:06:59,043 - CommandPlanner.py - INFO - Command updated
2024-05-28 12:06:59,043 - CommandPlanner.py - INFO - Executing command: AlignWithBallCommand
2024-05-28 12:06:59,168 - CommandPlanner.py - INFO - Command AlignWithBallCommand is finished
2024-05-28 12:06:59,361 - CommandPlanner.py - INFO - Planning next command...
2024-05-28 12:06:59,361 - CommandPlanner.py - INFO - Command updated
2024-05-28 12:06:59,362 - CommandPlanner.py - INFO - Executing command: AlignWithBallCommand
2024-05-28 12:06:59,413 - CommandPlanner.py - INFO - Command AlignWithBallCommand is finished
2024-05-28 12:06:59,602 - CommandPlanner.py - INFO - Planning next command...
2024-05-28 12:06:59,602 - CommandPlanner.py - INFO - Command updated
2024-05-28 12:06:59,602 - CommandPlanner.py - INFO - Executing command: AlignWithBallCommand
2024-05-28 12:06:59,652 - CommandPlanner.py - INFO - Command AlignWithBallCommand is finished
2024-05-28 12:06:59,819 - CommandPlanner.py - INFO - Planning next command...
2024-05-28 12:06:59,819 - CommandPlanner.py - INFO - Command updated
2024-05-28 12:06:59,819 - CommandPlanner.py - INFO - Executing command: AlignWithBallCommand
2024-05-28 12:06:59,875 - CommandPlanner.py - INFO - Command AlignWithBallCommand is finished
2024-05-28 12:07:00,074 - CommandPlanner.py - INFO - Planning next command...
2024-05-28 12:07:00,074 - CommandPlanner.py - INFO - Command updated
2024-05-28 12:07:00,074 - CommandPlanner.py - INFO - Executing command: AlignWithBallCommand
2024-05-28 12:07:00,118 - CommandPlanner.py - INFO - Command AlignWithBallCommand is finished
2024-05-28 12:07:00,300 - CommandPlanner.py - INFO - Planning next command...
2024-05-28 12:07:00,300 - CommandPlanner.py - INFO - Command updated
2024-05-28 12:07:00,300 - CommandPlanner.py - INFO - Executing command: AlignWithBallCommand
2024-05-28 12:07:00,347 - CommandPlanner.py - INFO - Command AlignWithBallCommand is finished
2024-05-28 12:07:00,525 - CommandPlanner.py - INFO - Planning next command...
2024-05-28 12:07:00,526 - CommandPlanner.py - INFO - Command updated
2024-05-28 12:07:00,526 - CommandPlanner.py - INFO - Executing command: AlignWithBallCommand
2024-05-28 12:07:00,572 - CommandPlanner.py - INFO - Command AlignWithBallCommand is finished
2024-05-28 12:07:00,749 - CommandPlanner.py - INFO - Planning next command...
2024-05-28 12:07:00,749 - CommandPlanner.py - INFO - Command updated
2024-05-28 12:07:00,749 - CommandPlanner.py - INFO - Executing command: AlignWithBallCommand
2024-05-28 12:07:00,796 - CommandPlanner.py - INFO - Command AlignWithBallCommand is finished
2024-05-28 12:07:00,919 - CommandPlanner.py - INFO - Planning next command...
2024-05-28 12:07:00,919 - CommandPlanner.py - INFO - Command updated
2024-05-28 12:07:00,919 - CommandPlanner.py - INFO - Executing command: AlignWithBallCommand
2024-05-28 12:07:00,974 - CommandPlanner.py - INFO - Command AlignWithBallCommand is finished
2024-05-28 12:07:01,157 - CommandPlanner.py - INFO - Planning next command...
2024-05-28 12:07:01,157 - CommandPlanner.py - INFO - Command updated
2024-05-28 12:07:01,157 - CommandPlanner.py - INFO - Executing command: AlignWithBallCommand
2024-05-28 12:07:01,213 - CommandPlanner.py - INFO - Command AlignWithBallCommand is finished
2024-05-28 12:07:01,372 - CommandPlanner.py - INFO - Planning next command...
2024-05-28 12:07:01,372 - CommandPlanner.py - INFO - Command updated
2024-05-28 12:07:01,372 - CommandPlanner.py - INFO - Executing command: AlignWithBallCommand
2024-05-28 12:07:01,446 - CommandPlanner.py - INFO - Command AlignWithBallCommand is finished
2024-05-28 12:07:01,606 - CommandPlanner.py - INFO - Planning next command...
2024-05-28 12:07:01,606 - CommandPlanner.py - INFO - Command updated
2024-05-28 12:07:01,606 - CommandPlanner.py - INFO - Executing command: AlignWithBallCommand
2024-05-28 12:07:01,659 - CommandPlanner.py - INFO - Command AlignWithBallCommand is finished
2024-05-28 12:07:01,785 - CommandPlanner.py - INFO - Planning next command...
2024-05-28 12:07:01,785 - CommandPlanner.py - INFO - Command updated
2024-05-28 12:07:01,785 - CommandPlanner.py - INFO - Executing command: AlignWithBallCommand
2024-05-28 12:07:01,842 - CommandPlanner.py - INFO - Command AlignWithBallCommand is finished
2024-05-28 12:07:02,020 - CommandPlanner.py - INFO - Planning next command...
2024-05-28 12:07:02,020 - CommandPlanner.py - INFO - Command updated
2024-05-28 12:07:02,020 - CommandPlanner.py - INFO - Executing command: AlignWithBallCommand
2024-05-28 12:07:02,080 - CommandPlanner.py - INFO - Command AlignWithBallCommand is finished
2024-05-28 12:07:02,283 - CommandPlanner.py - INFO - Planning next command...
2024-05-28 12:07:02,283 - CommandPlanner.py - INFO - Command updated
2024-05-28 12:07:02,283 - CommandPlanner.py - INFO - Executing command: AlignWithBallCommand
2024-05-28 12:07:02,328 - CommandPlanner.py - INFO - Command AlignWithBallCommand is finished
2024-05-28 12:07:02,479 - CommandPlanner.py - INFO - Planning next command...
2024-05-28 12:07:02,479 - CommandPlanner.py - INFO - Command updated
2024-05-28 12:07:02,479 - CommandPlanner.py - INFO - Executing command: AlignWithBallCommand
2024-05-28 12:07:02,525 - CommandPlanner.py - INFO - Command AlignWithBallCommand is finished
2024-05-28 12:07:02,659 - CommandPlanner.py - INFO - Planning next command...
2024-05-28 12:07:02,660 - CommandPlanner.py - INFO - Command updated
2024-05-28 12:07:02,660 - CommandPlanner.py - INFO - Executing command: AlignWithBallCommand
2024-05-28 12:07:02,715 - CommandPlanner.py - INFO - Command AlignWithBallCommand is finished
2024-05-28 12:07:02,889 - CommandPlanner.py - INFO - Planning next command...
2024-05-28 12:07:02,889 - CommandPlanner.py - INFO - Command updated
2024-05-28 12:07:02,890 - CommandPlanner.py - INFO - Executing command: AlignWithBallCommand
2024-05-28 12:07:02,935 - CommandPlanner.py - INFO - Command AlignWithBallCommand is finished
2024-05-28 12:07:03,062 - CommandPlanner.py - INFO - Planning next command...
2024-05-28 12:07:03,062 - CommandPlanner.py - INFO - Command updated
2024-05-28 12:07:03,062 - CommandPlanner.py - INFO - Executing command: AlignWithBallCommand
2024-05-28 12:07:03,133 - CommandPlanner.py - INFO - Command AlignWithBallCommand is finished
2024-05-28 12:07:03,267 - CommandPlanner.py - INFO - Planning next command...
2024-05-28 12:07:03,267 - CommandPlanner.py - INFO - Command updated
2024-05-28 12:07:03,267 - CommandPlanner.py - INFO - Executing command: AlignWithBallCommand
2024-05-28 12:07:03,330 - CommandPlanner.py - INFO - Command AlignWithBallCommand is finished
2024-05-28 12:07:03,504 - CommandPlanner.py - INFO - Planning next command...
2024-05-28 12:07:03,504 - CommandPlanner.py - INFO - Command updated
2024-05-28 12:07:03,505 - CommandPlanner.py - INFO - Executing command: AlignWithBallCommand
2024-05-28 12:07:03,554 - CommandPlanner.py - INFO - Command AlignWithBallCommand is finished
2024-05-28 12:07:03,704 - CommandPlanner.py - INFO - Planning next command...
2024-05-28 12:07:03,704 - CommandPlanner.py - INFO - Command updated
2024-05-28 12:07:03,704 - CommandPlanner.py - INFO - Executing command: AlignWithBallCommand
2024-05-28 12:07:03,758 - CommandPlanner.py - INFO - Command AlignWithBallCommand is finished
2024-05-28 12:07:03,924 - CommandPlanner.py - INFO - Planning next command...
2024-05-28 12:07:03,924 - CommandPlanner.py - INFO - Command updated
2024-05-28 12:07:03,924 - CommandPlanner.py - INFO - Executing command: AlignWithBallCommand
2024-05-28 12:07:03,972 - CommandPlanner.py - INFO - Command AlignWithBallCommand is finished
2024-05-28 12:07:04,150 - CommandPlanner.py - INFO - Planning next command...
2024-05-28 12:07:04,151 - CommandPlanner.py - INFO - Command updated
2024-05-28 12:07:04,151 - CommandPlanner.py - INFO - Executing command: AlignWithBallCommand
2024-05-28 12:07:04,193 - CommandPlanner.py - INFO - Command AlignWithBallCommand is finished
2024-05-28 12:07:04,364 - CommandPlanner.py - INFO - Planning next command...
2024-05-28 12:07:04,365 - CommandPlanner.py - INFO - Command updated
2024-05-28 12:07:04,365 - CommandPlanner.py - INFO - Executing command: AlignWithBallCommand
2024-05-28 12:07:04,414 - CommandPlanner.py - INFO - Command AlignWithBallCommand is finished
2024-05-28 12:07:04,598 - CommandPlanner.py - INFO - Planning next command...
2024-05-28 12:07:04,598 - CommandPlanner.py - INFO - Command updated
2024-05-28 12:07:04,598 - CommandPlanner.py - INFO - Executing command: AlignWithBallCommand
2024-05-28 12:07:04,652 - CommandPlanner.py - INFO - Command AlignWithBallCommand is finished
2024-05-28 12:07:04,820 - CommandPlanner.py - INFO - Planning next command...
2024-05-28 12:07:04,820 - CommandPlanner.py - INFO - Command updated
2024-05-28 12:07:04,820 - CommandPlanner.py - INFO - Executing command: AlignWithBallCommand
2024-05-28 12:07:04,870 - CommandPlanner.py - INFO - Command AlignWithBallCommand is finished
2024-05-28 12:07:05,047 - CommandPlanner.py - INFO - Planning next command...
2024-05-28 12:07:05,047 - CommandPlanner.py - INFO - Command updated
2024-05-28 12:07:05,047 - CommandPlanner.py - INFO - Executing command: AlignWithBallCommand
2024-05-28 12:07:05,093 - CommandPlanner.py - INFO - Command AlignWithBallCommand is finished
2024-05-28 12:07:05,285 - CommandPlanner.py - INFO - Planning next command...
2024-05-28 12:07:05,285 - CommandPlanner.py - INFO - Command updated
2024-05-28 12:07:05,285 - CommandPlanner.py - INFO - Executing command: AlignWithBallCommand
2024-05-28 12:07:05,332 - CommandPlanner.py - INFO - Command AlignWithBallCommand is finished
2024-05-28 12:07:05,513 - CommandPlanner.py - INFO - Planning next command...
2024-05-28 12:07:05,513 - CommandPlanner.py - INFO - Command updated
2024-05-28 12:07:05,513 - CommandPlanner.py - INFO - Executing command: AlignWithBallCommand
2024-05-28 12:07:05,560 - CommandPlanner.py - INFO - Command AlignWithBallCommand is finished
2024-05-28 12:07:05,743 - CommandPlanner.py - INFO - Planning next command...
2024-05-28 12:07:05,743 - CommandPlanner.py - INFO - Command updated
2024-05-28 12:07:05,743 - CommandPlanner.py - INFO - Executing command: AlignWithBallCommand
2024-05-28 12:07:05,799 - CommandPlanner.py - INFO - Command AlignWithBallCommand is finished
2024-05-28 12:07:05,978 - CommandPlanner.py - INFO - Planning next command...
2024-05-28 12:07:05,978 - CommandPlanner.py - INFO - Command updated
2024-05-28 12:07:05,978 - CommandPlanner.py - INFO - Executing command: AlignWithBallCommand
2024-05-28 12:07:06,024 - CommandPlanner.py - INFO - Command AlignWithBallCommand is finished
2024-05-28 12:07:06,247 - CommandPlanner.py - INFO - Planning next command...
2024-05-28 12:07:06,247 - CommandPlanner.py - INFO - Command updated
2024-05-28 12:07:06,247 - CommandPlanner.py - INFO - Executing command: AlignWithBallCommand
2024-05-28 12:07:06,294 - CommandPlanner.py - INFO - Command AlignWithBallCommand is finished
2024-05-28 12:07:06,467 - CommandPlanner.py - INFO - Planning next command...
2024-05-28 12:07:06,467 - CommandPlanner.py - INFO - Command updated
2024-05-28 12:07:06,467 - CommandPlanner.py - INFO - Executing command: AlignWithBallCommand
2024-05-28 12:07:06,513 - CommandPlanner.py - INFO - Command AlignWithBallCommand is finished
2024-05-28 12:07:06,705 - CommandPlanner.py - INFO - Planning next command...
2024-05-28 12:07:06,705 - CommandPlanner.py - INFO - Command updated
2024-05-28 12:07:06,705 - CommandPlanner.py - INFO - Executing command: AlignWithBallCommand
2024-05-28 12:07:06,753 - CommandPlanner.py - INFO - Command AlignWithBallCommand is finished
2024-05-28 12:07:06,931 - CommandPlanner.py - INFO - Planning next command...
2024-05-28 12:07:06,931 - CommandPlanner.py - INFO - Command updated
2024-05-28 12:07:06,931 - CommandPlanner.py - INFO - Executing command: AlignWithBallCommand
2024-05-28 12:07:06,981 - CommandPlanner.py - INFO - Command AlignWithBallCommand is finished
2024-05-28 12:07:07,151 - CommandPlanner.py - INFO - Planning next command...
2024-05-28 12:07:07,151 - CommandPlanner.py - INFO - Command updated
2024-05-28 12:07:07,151 - CommandPlanner.py - INFO - Executing command: AlignWithBallCommand
2024-05-28 12:07:07,200 - CommandPlanner.py - INFO - Command AlignWithBallCommand is finished
2024-05-28 12:07:07,876 - CommandPlanner.py - INFO - Planning next command...
2024-05-28 12:07:07,876 - CommandPlanner.py - INFO - Command updated
2024-05-28 12:07:07,876 - CommandPlanner.py - INFO - Executing command: AlignWithBallCommand
2024-05-28 12:07:07,925 - CommandPlanner.py - INFO - Command AlignWithBallCommand is finished
2024-05-28 12:07:08,120 - CommandPlanner.py - INFO - Planning next command...
2024-05-28 12:07:08,120 - CommandPlanner.py - INFO - Command updated
2024-05-28 12:07:08,120 - CommandPlanner.py - INFO - Executing command: AlignWithBallCommand
2024-05-28 12:07:08,231 - CommandPlanner.py - INFO - Command AlignWithBallCommand is finished
2024-05-28 12:07:08,391 - CommandPlanner.py - INFO - Planning next command...
2024-05-28 12:07:08,391 - CommandPlanner.py - INFO - Command updated
2024-05-28 12:07:08,391 - CommandPlanner.py - INFO - Executing command: AlignWithBallCommand
2024-05-28 12:07:08,455 - CommandPlanner.py - INFO - Command AlignWithBallCommand is finished
2024-05-28 12:07:08,612 - CommandPlanner.py - INFO - Planning next command...
2024-05-28 12:07:08,612 - CommandPlanner.py - INFO - Command updated
2024-05-28 12:07:08,612 - CommandPlanner.py - INFO - Executing command: AlignWithBallCommand
2024-05-28 12:07:08,657 - CommandPlanner.py - INFO - Command AlignWithBallCommand is finished
2024-05-28 12:07:08,788 - CommandPlanner.py - INFO - Planning next command...
2024-05-28 12:07:08,788 - CommandPlanner.py - INFO - Command updated
2024-05-28 12:07:08,788 - CommandPlanner.py - INFO - Executing command: AlignWithBallCommand
2024-05-28 12:07:08,837 - CommandPlanner.py - INFO - Command AlignWithBallCommand is finished
2024-05-28 12:07:09,020 - CommandPlanner.py - INFO - Planning next command...
2024-05-28 12:07:09,020 - CommandPlanner.py - INFO - Command updated
2024-05-28 12:07:09,020 - CommandPlanner.py - INFO - Executing command: AlignWithBallCommand
2024-05-28 12:07:09,068 - CommandPlanner.py - INFO - Command AlignWithBallCommand is finished
2024-05-28 12:07:09,303 - CommandPlanner.py - INFO - Planning next command...
2024-05-28 12:07:09,303 - CommandPlanner.py - INFO - Command updated
2024-05-28 12:07:09,303 - CommandPlanner.py - INFO - Executing command: AlignWithBallCommand
2024-05-28 12:07:09,359 - CommandPlanner.py - INFO - Command AlignWithBallCommand is finished
2024-05-28 12:07:09,544 - CommandPlanner.py - INFO - Planning next command...
2024-05-28 12:07:09,544 - CommandPlanner.py - INFO - Command updated
2024-05-28 12:07:09,544 - CommandPlanner.py - INFO - Executing command: AlignWithBallCommand
2024-05-28 12:07:09,593 - CommandPlanner.py - INFO - Command AlignWithBallCommand is finished
2024-05-28 12:07:09,779 - CommandPlanner.py - INFO - Planning next command...
2024-05-28 12:07:09,779 - CommandPlanner.py - INFO - Command updated
2024-05-28 12:07:09,779 - CommandPlanner.py - INFO - Executing command: AlignWithBallCommand
2024-05-28 12:07:09,830 - CommandPlanner.py - INFO - Command AlignWithBallCommand is finished
2024-05-28 12:07:09,953 - CommandPlanner.py - INFO - Planning next command...
2024-05-28 12:07:09,953 - CommandPlanner.py - INFO - Command updated
2024-05-28 12:07:09,953 - CommandPlanner.py - INFO - Executing command: AlignWithBallCommand
2024-05-28 12:07:09,999 - CommandPlanner.py - INFO - Command AlignWithBallCommand is finished
2024-05-28 12:07:10,177 - CommandPlanner.py - INFO - Planning next command...
2024-05-28 12:07:10,178 - CommandPlanner.py - INFO - Command updated
2024-05-28 12:07:10,178 - CommandPlanner.py - INFO - Executing command: AlignWithBallCommand
2024-05-28 12:07:10,227 - CommandPlanner.py - INFO - Command AlignWithBallCommand is finished
2024-05-28 12:07:10,405 - CommandPlanner.py - INFO - Planning next command...
2024-05-28 12:07:10,405 - CommandPlanner.py - INFO - Command updated
2024-05-28 12:07:10,405 - CommandPlanner.py - INFO - Executing command: AlignWithBallCommand
2024-05-28 12:07:10,447 - CommandPlanner.py - INFO - Command AlignWithBallCommand is finished
2024-05-28 12:07:10,610 - control_thread.py - INFO - Control thread exited
2024-05-28 12:07:10,613 - main.py - INFO - Main thread exited
2024-05-28 12:07:10,680 - camera_thread.py - INFO - Camera thread exited
