2024-05-27 17:29:20,336 - main.py - INFO - Main function started
2024-05-27 17:29:21,602 - ugotcamera.py - INFO - camera opened
2024-05-27 17:29:21,649 - CommandPlanner.py - INFO - CommandPlanner initiated
2024-05-27 17:29:21,649 - control_thread.py - INFO - Control thread started
2024-05-27 17:29:23,369 - control_thread.py - INFO - Updating command planner with distance: 17.37485214959455, angle: -24.41952712429743
2024-05-27 17:29:23,374 - CommandPlanner.py - INFO - Update called with distance: 17.37485214959455, angle: -24.41952712429743
2024-05-27 17:29:23,374 - CommandPlanner.py - INFO - Starting command planning
2024-05-27 17:29:23,374 - CommandPlanner.py - INFO - Command updated
2024-05-27 17:29:23,375 - CommandPlanner.py - INFO - Executing command: LocateBallCommand
2024-05-27 17:29:23,426 - CommandPlanner.py - INFO - Command LocateBallCommand finished
2024-05-27 17:29:23,427 - CommandPlanner.py - INFO - Update completed
2024-05-27 17:29:23,427 - control_thread.py - INFO - Command planner updated
2024-05-27 17:29:23,619 - control_thread.py - INFO - Updating command planner with distance: 17.37485214959455, angle: -24.41952712429743
2024-05-27 17:29:23,620 - CommandPlanner.py - INFO - Update called with distance: 17.37485214959455, angle: -24.41952712429743
2024-05-27 17:29:23,620 - CommandPlanner.py - INFO - Starting command planning
2024-05-27 17:29:23,620 - CommandPlanner.py - INFO - Switching to TranslateToBallCommand with distance: 17.37485214959455, angle: -24.41952712429743
2024-05-27 17:29:23,620 - CommandPlanner.py - INFO - Command updated
2024-05-27 17:29:23,620 - CommandPlanner.py - INFO - Executing command: TranslateToBallCommand
2024-05-27 17:29:23,645 - CommandPlanner.py - INFO - Update completed
2024-05-27 17:29:23,645 - control_thread.py - INFO - Command planner updated
2024-05-27 17:29:23,835 - control_thread.py - INFO - Updating command planner with distance: 17.37485214959455, angle: -24.41952712429743
2024-05-27 17:29:23,835 - CommandPlanner.py - INFO - Update called with distance: 17.37485214959455, angle: -24.41952712429743
2024-05-27 17:29:23,835 - CommandPlanner.py - INFO - Starting command planning
2024-05-27 17:29:23,835 - CommandPlanner.py - INFO - Command updated
2024-05-27 17:29:23,835 - CommandPlanner.py - INFO - Executing command: TranslateToBallCommand
2024-05-27 17:29:23,860 - CommandPlanner.py - INFO - Update completed
2024-05-27 17:29:23,860 - control_thread.py - INFO - Command planner updated
2024-05-27 17:29:24,038 - control_thread.py - INFO - Updating command planner with distance: 17.37485214959455, angle: -24.41952712429743
2024-05-27 17:29:24,038 - CommandPlanner.py - INFO - Update called with distance: 17.37485214959455, angle: -24.41952712429743
2024-05-27 17:29:24,038 - CommandPlanner.py - INFO - Starting command planning
2024-05-27 17:29:24,038 - CommandPlanner.py - INFO - Command updated
2024-05-27 17:29:24,038 - CommandPlanner.py - INFO - Executing command: TranslateToBallCommand
2024-05-27 17:29:24,063 - CommandPlanner.py - INFO - Update completed
2024-05-27 17:29:24,063 - control_thread.py - INFO - Command planner updated
2024-05-27 17:29:24,249 - control_thread.py - INFO - Updating command planner with distance: 17.230197808963716, angle: -24.707829253562792
2024-05-27 17:29:24,249 - CommandPlanner.py - INFO - Update called with distance: 17.230197808963716, angle: -24.707829253562792
2024-05-27 17:29:24,249 - CommandPlanner.py - INFO - Starting command planning
2024-05-27 17:29:24,249 - CommandPlanner.py - INFO - Command updated
2024-05-27 17:29:24,249 - CommandPlanner.py - INFO - Executing command: TranslateToBallCommand
2024-05-27 17:29:24,265 - CommandPlanner.py - INFO - Update completed
2024-05-27 17:29:24,265 - control_thread.py - INFO - Command planner updated
2024-05-27 17:29:24,478 - control_thread.py - INFO - Updating command planner with distance: 17.750451043507734, angle: -24.304189530969033
2024-05-27 17:29:24,478 - CommandPlanner.py - INFO - Update called with distance: 17.750451043507734, angle: -24.304189530969033
2024-05-27 17:29:24,479 - CommandPlanner.py - INFO - Starting command planning
2024-05-27 17:29:24,479 - CommandPlanner.py - INFO - Command updated
2024-05-27 17:29:24,479 - CommandPlanner.py - INFO - Executing command: TranslateToBallCommand
2024-05-27 17:29:24,492 - CommandPlanner.py - INFO - Update completed
2024-05-27 17:29:24,492 - control_thread.py - INFO - Command planner updated
2024-05-27 17:29:24,653 - control_thread.py - INFO - Updating command planner with distance: 17.750451043507734, angle: -24.304189530969033
2024-05-27 17:29:24,653 - CommandPlanner.py - INFO - Update called with distance: 17.750451043507734, angle: -24.304189530969033
2024-05-27 17:29:24,653 - CommandPlanner.py - INFO - Starting command planning
2024-05-27 17:29:24,653 - CommandPlanner.py - INFO - Command updated
2024-05-27 17:29:24,653 - CommandPlanner.py - INFO - Executing command: TranslateToBallCommand
2024-05-27 17:29:24,672 - CommandPlanner.py - INFO - Update completed
2024-05-27 17:29:24,672 - control_thread.py - INFO - Command planner updated
2024-05-27 17:29:24,839 - control_thread.py - INFO - Updating command planner with distance: 17.750451043507734, angle: -24.304189530969033
2024-05-27 17:29:24,839 - CommandPlanner.py - INFO - Update called with distance: 17.750451043507734, angle: -24.304189530969033
2024-05-27 17:29:24,839 - CommandPlanner.py - INFO - Starting command planning
2024-05-27 17:29:24,839 - CommandPlanner.py - INFO - Command updated
2024-05-27 17:29:24,839 - CommandPlanner.py - INFO - Executing command: TranslateToBallCommand
2024-05-27 17:29:24,862 - CommandPlanner.py - INFO - Update completed
2024-05-27 17:29:24,862 - control_thread.py - INFO - Command planner updated
2024-05-27 17:29:25,010 - control_thread.py - INFO - Updating command planner with distance: 17.750451043507734, angle: -24.304189530969033
2024-05-27 17:29:25,010 - CommandPlanner.py - INFO - Update called with distance: 17.750451043507734, angle: -24.304189530969033
2024-05-27 17:29:25,010 - CommandPlanner.py - INFO - Starting command planning
2024-05-27 17:29:25,010 - CommandPlanner.py - INFO - Command updated
2024-05-27 17:29:25,010 - CommandPlanner.py - INFO - Executing command: TranslateToBallCommand
2024-05-27 17:29:25,027 - CommandPlanner.py - INFO - Update completed
2024-05-27 17:29:25,027 - control_thread.py - INFO - Command planner updated
2024-05-27 17:29:25,343 - control_thread.py - INFO - Updating command planner with distance: 17.750451043507734, angle: -24.304189530969033
2024-05-27 17:29:25,343 - CommandPlanner.py - INFO - Update called with distance: 17.750451043507734, angle: -24.304189530969033
2024-05-27 17:29:25,343 - CommandPlanner.py - INFO - Starting command planning
2024-05-27 17:29:25,343 - CommandPlanner.py - INFO - Command updated
2024-05-27 17:29:25,343 - CommandPlanner.py - INFO - Executing command: TranslateToBallCommand
2024-05-27 17:29:25,361 - CommandPlanner.py - INFO - Update completed
2024-05-27 17:29:25,362 - control_thread.py - INFO - Command planner updated
2024-05-27 17:29:25,511 - control_thread.py - INFO - Updating command planner with distance: 17.750451043507734, angle: -24.304189530969033
2024-05-27 17:29:25,511 - CommandPlanner.py - INFO - Update called with distance: 17.750451043507734, angle: -24.304189530969033
2024-05-27 17:29:25,511 - CommandPlanner.py - INFO - Starting command planning
2024-05-27 17:29:25,511 - CommandPlanner.py - INFO - Command updated
2024-05-27 17:29:25,511 - CommandPlanner.py - INFO - Executing command: TranslateToBallCommand
2024-05-27 17:29:25,527 - CommandPlanner.py - INFO - Update completed
2024-05-27 17:29:25,527 - control_thread.py - INFO - Command planner updated
2024-05-27 17:29:25,679 - control_thread.py - INFO - Updating command planner with distance: 17.750451043507734, angle: -24.304189530969033
2024-05-27 17:29:25,679 - CommandPlanner.py - INFO - Update called with distance: 17.750451043507734, angle: -24.304189530969033
2024-05-27 17:29:25,679 - CommandPlanner.py - INFO - Starting command planning
2024-05-27 17:29:25,679 - CommandPlanner.py - INFO - Command updated
2024-05-27 17:29:25,679 - CommandPlanner.py - INFO - Executing command: TranslateToBallCommand
2024-05-27 17:29:25,695 - CommandPlanner.py - INFO - Update completed
2024-05-27 17:29:25,695 - control_thread.py - INFO - Command planner updated
2024-05-27 17:29:25,831 - control_thread.py - INFO - Updating command planner with distance: 17.154326496496907, angle: -24.246517168696084
2024-05-27 17:29:25,831 - CommandPlanner.py - INFO - Update called with distance: 17.154326496496907, angle: -24.246517168696084
2024-05-27 17:29:25,832 - CommandPlanner.py - INFO - Starting command planning
2024-05-27 17:29:25,832 - CommandPlanner.py - INFO - Command updated
2024-05-27 17:29:25,832 - CommandPlanner.py - INFO - Executing command: TranslateToBallCommand
2024-05-27 17:29:25,847 - CommandPlanner.py - INFO - Update completed
2024-05-27 17:29:25,847 - control_thread.py - INFO - Command planner updated
2024-05-27 17:29:25,976 - control_thread.py - INFO - Updating command planner with distance: 18.872390939490888, angle: -22.803952191141676
2024-05-27 17:29:25,977 - CommandPlanner.py - INFO - Update called with distance: 18.872390939490888, angle: -22.803952191141676
2024-05-27 17:29:25,977 - CommandPlanner.py - INFO - Starting command planning
2024-05-27 17:29:25,977 - CommandPlanner.py - INFO - Command updated
2024-05-27 17:29:25,977 - CommandPlanner.py - INFO - Executing command: TranslateToBallCommand
2024-05-27 17:29:25,992 - CommandPlanner.py - INFO - Update completed
2024-05-27 17:29:25,992 - control_thread.py - INFO - Command planner updated
2024-05-27 17:29:26,147 - control_thread.py - INFO - Updating command planner with distance: 18.872390939490888, angle: -22.803952191141676
2024-05-27 17:29:26,147 - CommandPlanner.py - INFO - Update called with distance: 18.872390939490888, angle: -22.803952191141676
2024-05-27 17:29:26,147 - CommandPlanner.py - INFO - Starting command planning
2024-05-27 17:29:26,147 - CommandPlanner.py - INFO - Command updated
2024-05-27 17:29:26,147 - CommandPlanner.py - INFO - Executing command: TranslateToBallCommand
2024-05-27 17:29:26,163 - CommandPlanner.py - INFO - Update completed
2024-05-27 17:29:26,163 - control_thread.py - INFO - Command planner updated
2024-05-27 17:29:26,303 - control_thread.py - INFO - Updating command planner with distance: 17.515974184441383, angle: -23.323440809423378
2024-05-27 17:29:26,304 - CommandPlanner.py - INFO - Update called with distance: 17.515974184441383, angle: -23.323440809423378
2024-05-27 17:29:26,304 - CommandPlanner.py - INFO - Starting command planning
2024-05-27 17:29:26,304 - CommandPlanner.py - INFO - Command updated
2024-05-27 17:29:26,304 - CommandPlanner.py - INFO - Executing command: TranslateToBallCommand
2024-05-27 17:29:26,328 - CommandPlanner.py - INFO - Update completed
2024-05-27 17:29:26,328 - control_thread.py - INFO - Command planner updated
2024-05-27 17:29:26,471 - control_thread.py - INFO - Updating command planner with distance: 15.681237685832317, angle: -24.188842436648695
2024-05-27 17:29:26,471 - CommandPlanner.py - INFO - Update called with distance: 15.681237685832317, angle: -24.188842436648695
2024-05-27 17:29:26,471 - CommandPlanner.py - INFO - Starting command planning
2024-05-27 17:29:26,471 - CommandPlanner.py - INFO - Command updated
2024-05-27 17:29:26,471 - CommandPlanner.py - INFO - Executing command: TranslateToBallCommand
2024-05-27 17:29:26,490 - CommandPlanner.py - INFO - Update completed
2024-05-27 17:29:26,490 - control_thread.py - INFO - Command planner updated
2024-05-27 17:29:26,624 - control_thread.py - INFO - Updating command planner with distance: 17.218103524788386, angle: -22.977135354474363
2024-05-27 17:29:26,624 - CommandPlanner.py - INFO - Update called with distance: 17.218103524788386, angle: -22.977135354474363
2024-05-27 17:29:26,624 - CommandPlanner.py - INFO - Starting command planning
2024-05-27 17:29:26,624 - CommandPlanner.py - INFO - Command updated
2024-05-27 17:29:26,624 - CommandPlanner.py - INFO - Executing command: TranslateToBallCommand
2024-05-27 17:29:26,641 - CommandPlanner.py - INFO - Update completed
2024-05-27 17:29:26,642 - control_thread.py - INFO - Command planner updated
2024-05-27 17:29:26,784 - control_thread.py - INFO - Updating command planner with distance: 17.218103524788386, angle: -22.977135354474363
2024-05-27 17:29:26,784 - CommandPlanner.py - INFO - Update called with distance: 17.218103524788386, angle: -22.977135354474363
2024-05-27 17:29:26,784 - CommandPlanner.py - INFO - Starting command planning
2024-05-27 17:29:26,784 - CommandPlanner.py - INFO - Command updated
2024-05-27 17:29:26,784 - CommandPlanner.py - INFO - Executing command: TranslateToBallCommand
2024-05-27 17:29:26,801 - CommandPlanner.py - INFO - Update completed
2024-05-27 17:29:26,801 - control_thread.py - INFO - Command planner updated
2024-05-27 17:29:26,940 - control_thread.py - INFO - Updating command planner with distance: 16.929595544350885, angle: -22.746219997710654
2024-05-27 17:29:26,940 - CommandPlanner.py - INFO - Update called with distance: 16.929595544350885, angle: -22.746219997710654
2024-05-27 17:29:26,940 - CommandPlanner.py - INFO - Starting command planning
2024-05-27 17:29:26,940 - CommandPlanner.py - INFO - Command updated
2024-05-27 17:29:26,940 - CommandPlanner.py - INFO - Executing command: TranslateToBallCommand
2024-05-27 17:29:26,959 - CommandPlanner.py - INFO - Update completed
2024-05-27 17:29:26,960 - control_thread.py - INFO - Command planner updated
2024-05-27 17:29:27,094 - control_thread.py - INFO - Updating command planner with distance: 16.859140819362988, angle: -22.746219997710654
2024-05-27 17:29:27,094 - CommandPlanner.py - INFO - Update called with distance: 16.859140819362988, angle: -22.746219997710654
2024-05-27 17:29:27,094 - CommandPlanner.py - INFO - Starting command planning
2024-05-27 17:29:27,094 - CommandPlanner.py - INFO - Command updated
2024-05-27 17:29:27,094 - CommandPlanner.py - INFO - Executing command: TranslateToBallCommand
2024-05-27 17:29:27,109 - CommandPlanner.py - INFO - Update completed
2024-05-27 17:29:27,109 - control_thread.py - INFO - Command planner updated
2024-05-27 17:29:27,249 - control_thread.py - INFO - Updating command planner with distance: 15.377204911132507, angle: -24.304189530969033
2024-05-27 17:29:27,249 - CommandPlanner.py - INFO - Update called with distance: 15.377204911132507, angle: -24.304189530969033
2024-05-27 17:29:27,249 - CommandPlanner.py - INFO - Starting command planning
2024-05-27 17:29:27,249 - CommandPlanner.py - INFO - Command updated
2024-05-27 17:29:27,249 - CommandPlanner.py - INFO - Executing command: TranslateToBallCommand
2024-05-27 17:29:27,264 - CommandPlanner.py - INFO - Update completed
2024-05-27 17:29:27,264 - control_thread.py - INFO - Command planner updated
2024-05-27 17:29:27,401 - control_thread.py - INFO - Updating command planner with distance: 15.377204911132507, angle: -24.304189530969033
2024-05-27 17:29:27,401 - CommandPlanner.py - INFO - Update called with distance: 15.377204911132507, angle: -24.304189530969033
2024-05-27 17:29:27,401 - CommandPlanner.py - INFO - Starting command planning
2024-05-27 17:29:27,401 - CommandPlanner.py - INFO - Command updated
2024-05-27 17:29:27,401 - CommandPlanner.py - INFO - Executing command: TranslateToBallCommand
2024-05-27 17:29:27,417 - CommandPlanner.py - INFO - Update completed
2024-05-27 17:29:27,417 - control_thread.py - INFO - Command planner updated
2024-05-27 17:29:27,561 - control_thread.py - INFO - Updating command planner with distance: 13.503059824484588, angle: -25.341880586940743
2024-05-27 17:29:27,561 - CommandPlanner.py - INFO - Update called with distance: 13.503059824484588, angle: -25.341880586940743
2024-05-27 17:29:27,561 - CommandPlanner.py - INFO - Starting command planning
2024-05-27 17:29:27,561 - CommandPlanner.py - INFO - Command updated
2024-05-27 17:29:27,561 - CommandPlanner.py - INFO - Executing command: TranslateToBallCommand
2024-05-27 17:29:27,579 - CommandPlanner.py - INFO - Update completed
2024-05-27 17:29:27,579 - control_thread.py - INFO - Command planner updated
2024-05-27 17:29:27,716 - control_thread.py - INFO - Updating command planner with distance: 14.253755924661105, angle: -24.47719234440925
2024-05-27 17:29:27,716 - CommandPlanner.py - INFO - Update called with distance: 14.253755924661105, angle: -24.47719234440925
2024-05-27 17:29:27,716 - CommandPlanner.py - INFO - Starting command planning
2024-05-27 17:29:27,716 - CommandPlanner.py - INFO - Command updated
2024-05-27 17:29:27,716 - CommandPlanner.py - INFO - Executing command: TranslateToBallCommand
2024-05-27 17:29:27,735 - CommandPlanner.py - INFO - Update completed
2024-05-27 17:29:27,735 - control_thread.py - INFO - Command planner updated
2024-05-27 17:29:27,865 - control_thread.py - INFO - Updating command planner with distance: 14.253755924661105, angle: -24.47719234440925
2024-05-27 17:29:27,865 - CommandPlanner.py - INFO - Update called with distance: 14.253755924661105, angle: -24.47719234440925
2024-05-27 17:29:27,865 - CommandPlanner.py - INFO - Starting command planning
2024-05-27 17:29:27,865 - CommandPlanner.py - INFO - Command updated
2024-05-27 17:29:27,865 - CommandPlanner.py - INFO - Executing command: TranslateToBallCommand
2024-05-27 17:29:27,880 - CommandPlanner.py - INFO - Update completed
2024-05-27 17:29:27,880 - control_thread.py - INFO - Command planner updated
2024-05-27 17:29:28,013 - control_thread.py - INFO - Updating command planner with distance: 14.253755924661105, angle: -24.47719234440925
2024-05-27 17:29:28,013 - CommandPlanner.py - INFO - Update called with distance: 14.253755924661105, angle: -24.47719234440925
2024-05-27 17:29:28,013 - CommandPlanner.py - INFO - Starting command planning
2024-05-27 17:29:28,013 - CommandPlanner.py - INFO - Command updated
2024-05-27 17:29:28,013 - CommandPlanner.py - INFO - Executing command: TranslateToBallCommand
2024-05-27 17:29:28,026 - CommandPlanner.py - INFO - Update completed
2024-05-27 17:29:28,027 - control_thread.py - INFO - Command planner updated
2024-05-27 17:29:28,247 - control_thread.py - INFO - Updating command planner with distance: 14.253755924661105, angle: -24.47719234440925
2024-05-27 17:29:28,247 - CommandPlanner.py - INFO - Update called with distance: 14.253755924661105, angle: -24.47719234440925
2024-05-27 17:29:28,247 - CommandPlanner.py - INFO - Starting command planning
2024-05-27 17:29:28,247 - CommandPlanner.py - INFO - Command updated
2024-05-27 17:29:28,247 - CommandPlanner.py - INFO - Executing command: TranslateToBallCommand
2024-05-27 17:29:28,383 - CommandPlanner.py - INFO - Update completed
2024-05-27 17:29:28,383 - control_thread.py - INFO - Command planner updated
2024-05-27 17:29:28,516 - control_thread.py - INFO - Updating command planner with distance: 14.253755924661105, angle: -24.47719234440925
2024-05-27 17:29:28,516 - CommandPlanner.py - INFO - Update called with distance: 14.253755924661105, angle: -24.47719234440925
2024-05-27 17:29:28,516 - CommandPlanner.py - INFO - Starting command planning
2024-05-27 17:29:28,516 - CommandPlanner.py - INFO - Command updated
2024-05-27 17:29:28,517 - CommandPlanner.py - INFO - Executing command: TranslateToBallCommand
2024-05-27 17:29:28,659 - CommandPlanner.py - INFO - Update completed
2024-05-27 17:29:28,659 - control_thread.py - INFO - Command planner updated
2024-05-27 17:29:35,110 - control_thread.py - INFO - Updating command planner with distance: 16.7563666105128, angle: -35.44112781683218
2024-05-27 17:29:35,111 - CommandPlanner.py - INFO - Update called with distance: 16.7563666105128, angle: -35.44112781683218
2024-05-27 17:29:35,111 - CommandPlanner.py - INFO - Starting command planning
2024-05-27 17:29:35,111 - CommandPlanner.py - INFO - Command updated
2024-05-27 17:29:35,111 - CommandPlanner.py - INFO - Executing command: TranslateToBallCommand
2024-05-27 17:29:35,966 - CommandPlanner.py - INFO - Update completed
2024-05-27 17:29:35,967 - control_thread.py - INFO - Command planner updated
2024-05-27 17:29:36,575 - control_thread.py - INFO - Updating command planner with distance: 12.892388649340656, angle: -23.95811992024039
2024-05-27 17:29:36,575 - CommandPlanner.py - INFO - Update called with distance: 12.892388649340656, angle: -23.95811992024039
2024-05-27 17:29:36,575 - CommandPlanner.py - INFO - Starting command planning
2024-05-27 17:29:36,575 - CommandPlanner.py - INFO - Command updated
2024-05-27 17:29:36,575 - CommandPlanner.py - INFO - Executing command: TranslateToBallCommand
