2024-05-28 11:43:36,290 - main.py - INFO - Main function started
2024-05-28 11:43:37,380 - ugotcamera.py - INFO - camera opened
2024-05-28 11:43:37,425 - CommandPlanner.py - INFO - CommandPlanner initiated
2024-05-28 11:43:37,425 - control_thread.py - INFO - Control thread started
2024-05-28 11:43:39,609 - control_thread.py - INFO - Updating command planner with distance: 0, angle: 0
2024-05-28 11:43:39,610 - CommandPlanner.py - INFO - Executing command: LocateBallCommand
2024-05-28 11:43:39,667 - CommandPlanner.py - INFO - Command Planner Update completed
2024-05-28 11:43:39,668 - control_thread.py - INFO - Command planner updated
2024-05-28 11:43:39,903 - control_thread.py - INFO - Updating command planner with distance: 0, angle: 0
2024-05-28 11:43:39,903 - CommandPlanner.py - INFO - Executing command: LocateBallCommand
2024-05-28 11:43:39,924 - CommandPlanner.py - INFO - Command Planner Update completed
2024-05-28 11:43:39,924 - control_thread.py - INFO - Command planner updated
2024-05-28 11:43:40,063 - control_thread.py - INFO - Updating command planner with distance: 0, angle: 0
2024-05-28 11:43:40,064 - CommandPlanner.py - INFO - Executing command: LocateBallCommand
2024-05-28 11:43:40,084 - CommandPlanner.py - INFO - Command Planner Update completed
2024-05-28 11:43:40,084 - control_thread.py - INFO - Command planner updated
2024-05-28 11:43:40,264 - control_thread.py - INFO - Updating command planner with distance: 0, angle: 0
2024-05-28 11:43:40,264 - CommandPlanner.py - INFO - Executing command: LocateBallCommand
2024-05-28 11:43:40,288 - CommandPlanner.py - INFO - Command Planner Update completed
2024-05-28 11:43:40,288 - control_thread.py - INFO - Command planner updated
2024-05-28 11:43:40,444 - control_thread.py - INFO - Updating command planner with distance: 0, angle: 0
2024-05-28 11:43:40,444 - CommandPlanner.py - INFO - Executing command: LocateBallCommand
2024-05-28 11:43:40,458 - CommandPlanner.py - INFO - Command Planner Update completed
2024-05-28 11:43:40,459 - control_thread.py - INFO - Command planner updated
2024-05-28 11:43:40,603 - control_thread.py - INFO - Updating command planner with distance: 0, angle: 0
2024-05-28 11:43:40,604 - CommandPlanner.py - INFO - Executing command: LocateBallCommand
2024-05-28 11:43:40,618 - CommandPlanner.py - INFO - Command Planner Update completed
2024-05-28 11:43:40,619 - control_thread.py - INFO - Command planner updated
2024-05-28 11:43:40,756 - control_thread.py - INFO - Updating command planner with distance: 0, angle: 0
2024-05-28 11:43:40,756 - CommandPlanner.py - INFO - Executing command: LocateBallCommand
2024-05-28 11:43:40,771 - CommandPlanner.py - INFO - Command Planner Update completed
2024-05-28 11:43:40,771 - control_thread.py - INFO - Command planner updated
2024-05-28 11:43:40,910 - control_thread.py - INFO - Updating command planner with distance: 0, angle: 0
2024-05-28 11:43:40,910 - CommandPlanner.py - INFO - Executing command: LocateBallCommand
2024-05-28 11:43:40,929 - CommandPlanner.py - INFO - Command Planner Update completed
2024-05-28 11:43:40,929 - control_thread.py - INFO - Command planner updated
2024-05-28 11:43:41,064 - control_thread.py - INFO - Updating command planner with distance: 0, angle: 0
2024-05-28 11:43:41,064 - CommandPlanner.py - INFO - Executing command: LocateBallCommand
2024-05-28 11:43:41,081 - CommandPlanner.py - INFO - Command Planner Update completed
2024-05-28 11:43:41,081 - control_thread.py - INFO - Command planner updated
2024-05-28 11:43:41,216 - control_thread.py - INFO - Updating command planner with distance: 0, angle: 0
2024-05-28 11:43:41,216 - CommandPlanner.py - INFO - Executing command: LocateBallCommand
2024-05-28 11:43:41,230 - CommandPlanner.py - INFO - Command Planner Update completed
2024-05-28 11:43:41,230 - control_thread.py - INFO - Command planner updated
2024-05-28 11:43:41,370 - control_thread.py - INFO - Updating command planner with distance: 0, angle: 0
2024-05-28 11:43:41,370 - CommandPlanner.py - INFO - Executing command: LocateBallCommand
2024-05-28 11:43:41,394 - CommandPlanner.py - INFO - Command Planner Update completed
2024-05-28 11:43:41,394 - control_thread.py - INFO - Command planner updated
2024-05-28 11:43:41,512 - control_thread.py - INFO - Updating command planner with distance: 0, angle: 0
2024-05-28 11:43:41,512 - CommandPlanner.py - INFO - Executing command: LocateBallCommand
2024-05-28 11:43:41,527 - CommandPlanner.py - INFO - Command Planner Update completed
2024-05-28 11:43:41,527 - control_thread.py - INFO - Command planner updated
2024-05-28 11:43:41,657 - control_thread.py - INFO - Updating command planner with distance: 0, angle: 0
2024-05-28 11:43:41,657 - CommandPlanner.py - INFO - Executing command: LocateBallCommand
2024-05-28 11:43:41,670 - CommandPlanner.py - INFO - Command Planner Update completed
2024-05-28 11:43:41,670 - control_thread.py - INFO - Command planner updated
2024-05-28 11:43:41,807 - control_thread.py - INFO - Updating command planner with distance: 0, angle: 0
2024-05-28 11:43:41,808 - CommandPlanner.py - INFO - Executing command: LocateBallCommand
2024-05-28 11:43:41,827 - CommandPlanner.py - INFO - Command Planner Update completed
2024-05-28 11:43:41,827 - control_thread.py - INFO - Command planner updated
2024-05-28 11:43:41,960 - control_thread.py - INFO - Updating command planner with distance: 0, angle: 0
2024-05-28 11:43:41,960 - CommandPlanner.py - INFO - Executing command: LocateBallCommand
2024-05-28 11:43:41,975 - CommandPlanner.py - INFO - Command Planner Update completed
2024-05-28 11:43:41,975 - control_thread.py - INFO - Command planner updated
2024-05-28 11:43:42,140 - control_thread.py - INFO - Updating command planner with distance: 0, angle: 0
2024-05-28 11:43:42,140 - CommandPlanner.py - INFO - Executing command: LocateBallCommand
2024-05-28 11:43:42,162 - CommandPlanner.py - INFO - Command Planner Update completed
2024-05-28 11:43:42,162 - control_thread.py - INFO - Command planner updated
2024-05-28 11:43:42,288 - control_thread.py - INFO - Updating command planner with distance: 0, angle: 0
2024-05-28 11:43:42,288 - CommandPlanner.py - INFO - Executing command: LocateBallCommand
2024-05-28 11:43:42,304 - CommandPlanner.py - INFO - Command Planner Update completed
2024-05-28 11:43:42,304 - control_thread.py - INFO - Command planner updated
2024-05-28 11:43:42,437 - control_thread.py - INFO - Updating command planner with distance: 0, angle: 0
2024-05-28 11:43:42,437 - CommandPlanner.py - INFO - Executing command: LocateBallCommand
2024-05-28 11:43:42,455 - CommandPlanner.py - INFO - Command Planner Update completed
2024-05-28 11:43:42,455 - control_thread.py - INFO - Command planner updated
2024-05-28 11:43:42,591 - control_thread.py - INFO - Updating command planner with distance: 0, angle: 0
2024-05-28 11:43:42,591 - CommandPlanner.py - INFO - Executing command: LocateBallCommand
2024-05-28 11:43:42,608 - CommandPlanner.py - INFO - Command Planner Update completed
2024-05-28 11:43:42,608 - control_thread.py - INFO - Command planner updated
2024-05-28 11:43:42,750 - control_thread.py - INFO - Updating command planner with distance: 0, angle: 0
2024-05-28 11:43:42,750 - CommandPlanner.py - INFO - Executing command: LocateBallCommand
2024-05-28 11:43:42,768 - CommandPlanner.py - INFO - Command Planner Update completed
2024-05-28 11:43:42,769 - control_thread.py - INFO - Command planner updated
2024-05-28 11:43:42,923 - control_thread.py - INFO - Updating command planner with distance: 0, angle: 0
2024-05-28 11:43:42,923 - CommandPlanner.py - INFO - Executing command: LocateBallCommand
2024-05-28 11:43:42,942 - CommandPlanner.py - INFO - Command Planner Update completed
2024-05-28 11:43:42,942 - control_thread.py - INFO - Command planner updated
2024-05-28 11:43:43,086 - control_thread.py - INFO - Updating command planner with distance: 8.016146891817607, angle: 37.55179348334198
2024-05-28 11:43:43,086 - CommandPlanner.py - INFO - Executing command: LocateBallCommand
2024-05-28 11:43:43,400 - CommandPlanner.py - INFO - Command LocateBallCommand is finished
2024-05-28 11:43:43,400 - CommandPlanner.py - INFO - Command Planner Update completed
2024-05-28 11:43:43,400 - control_thread.py - INFO - Command planner updated
2024-05-28 11:43:43,553 - control_thread.py - INFO - Updating command planner with distance: 18.481162403330757, angle: 41.75809785787618
2024-05-28 11:43:43,554 - CommandPlanner.py - INFO - Starting command planning
2024-05-28 11:43:43,554 - CommandPlanner.py - INFO - Switching to TranslateToBallCommand with distance: 18.481162403330757, angle: 41.75809785787618
2024-05-28 11:43:43,554 - CommandPlanner.py - INFO - Command updated
2024-05-28 11:43:43,554 - CommandPlanner.py - INFO - Executing command: TranslateToBallCommand
2024-05-28 11:43:43,571 - CommandPlanner.py - INFO - Command Planner Update completed
2024-05-28 11:43:43,572 - control_thread.py - INFO - Command planner updated
2024-05-28 11:43:43,717 - control_thread.py - INFO - Updating command planner with distance: 18.481162403330757, angle: 41.75809785787618
2024-05-28 11:43:43,717 - CommandPlanner.py - INFO - Executing command: TranslateToBallCommand
2024-05-28 11:43:43,738 - CommandPlanner.py - INFO - Command Planner Update completed
2024-05-28 11:43:43,738 - control_thread.py - INFO - Command planner updated
2024-05-28 11:43:43,881 - control_thread.py - INFO - Updating command planner with distance: 18.481162403330757, angle: 41.75809785787618
2024-05-28 11:43:43,881 - CommandPlanner.py - INFO - Executing command: TranslateToBallCommand
2024-05-28 11:43:43,900 - CommandPlanner.py - INFO - Command Planner Update completed
2024-05-28 11:43:43,900 - control_thread.py - INFO - Command planner updated
2024-05-28 11:43:44,064 - control_thread.py - INFO - Updating command planner with distance: 18.481162403330757, angle: 41.75809785787618
2024-05-28 11:43:44,065 - CommandPlanner.py - INFO - Executing command: TranslateToBallCommand
2024-05-28 11:43:44,088 - CommandPlanner.py - INFO - Command Planner Update completed
2024-05-28 11:43:44,088 - control_thread.py - INFO - Command planner updated
2024-05-28 11:43:44,247 - control_thread.py - INFO - Updating command planner with distance: 18.481162403330757, angle: 41.75809785787618
2024-05-28 11:43:44,247 - CommandPlanner.py - INFO - Executing command: TranslateToBallCommand
2024-05-28 11:43:44,264 - CommandPlanner.py - INFO - Command Planner Update completed
2024-05-28 11:43:44,264 - control_thread.py - INFO - Command planner updated
2024-05-28 11:43:44,416 - control_thread.py - INFO - Updating command planner with distance: 18.481162403330757, angle: 41.75809785787618
2024-05-28 11:43:44,416 - CommandPlanner.py - INFO - Executing command: TranslateToBallCommand
2024-05-28 11:43:44,433 - CommandPlanner.py - INFO - Command Planner Update completed
2024-05-28 11:43:44,433 - control_thread.py - INFO - Command planner updated
2024-05-28 11:43:44,586 - control_thread.py - INFO - Updating command planner with distance: 18.481162403330757, angle: 41.75809785787618
2024-05-28 11:43:44,586 - CommandPlanner.py - INFO - Executing command: TranslateToBallCommand
2024-05-28 11:43:44,603 - CommandPlanner.py - INFO - Command Planner Update completed
2024-05-28 11:43:44,603 - control_thread.py - INFO - Command planner updated
2024-05-28 11:43:44,802 - control_thread.py - INFO - Updating command planner with distance: 18.481162403330757, angle: 41.75809785787618
2024-05-28 11:43:44,802 - CommandPlanner.py - INFO - Executing command: TranslateToBallCommand
2024-05-28 11:43:44,827 - CommandPlanner.py - INFO - Command Planner Update completed
2024-05-28 11:43:44,827 - control_thread.py - INFO - Command planner updated
2024-05-28 11:43:44,965 - control_thread.py - INFO - Updating command planner with distance: 18.481162403330757, angle: 41.75809785787618
2024-05-28 11:43:44,965 - CommandPlanner.py - INFO - Executing command: TranslateToBallCommand
2024-05-28 11:43:44,988 - CommandPlanner.py - INFO - Command Planner Update completed
2024-05-28 11:43:44,988 - control_thread.py - INFO - Command planner updated
2024-05-28 11:43:45,134 - control_thread.py - INFO - Updating command planner with distance: 18.481162403330757, angle: 41.75809785787618
2024-05-28 11:43:45,134 - CommandPlanner.py - INFO - Executing command: TranslateToBallCommand
2024-05-28 11:43:45,150 - CommandPlanner.py - INFO - Command Planner Update completed
2024-05-28 11:43:45,150 - control_thread.py - INFO - Command planner updated
2024-05-28 11:43:45,291 - control_thread.py - INFO - Updating command planner with distance: 18.481162403330757, angle: 41.75809785787618
2024-05-28 11:43:45,291 - CommandPlanner.py - INFO - Executing command: TranslateToBallCommand
2024-05-28 11:43:45,309 - CommandPlanner.py - INFO - Command Planner Update completed
2024-05-28 11:43:45,309 - control_thread.py - INFO - Command planner updated
2024-05-28 11:43:45,452 - control_thread.py - INFO - Updating command planner with distance: 18.481162403330757, angle: 41.75809785787618
2024-05-28 11:43:45,452 - CommandPlanner.py - INFO - Executing command: TranslateToBallCommand
2024-05-28 11:43:45,467 - CommandPlanner.py - INFO - Command Planner Update completed
2024-05-28 11:43:45,467 - control_thread.py - INFO - Command planner updated
2024-05-28 11:43:45,610 - control_thread.py - INFO - Updating command planner with distance: 18.481162403330757, angle: 41.75809785787618
2024-05-28 11:43:45,611 - CommandPlanner.py - INFO - Executing command: TranslateToBallCommand
2024-05-28 11:43:45,625 - CommandPlanner.py - INFO - Command Planner Update completed
2024-05-28 11:43:45,625 - control_thread.py - INFO - Command planner updated
2024-05-28 11:43:45,773 - control_thread.py - INFO - Updating command planner with distance: 18.481162403330757, angle: 41.75809785787618
2024-05-28 11:43:45,773 - CommandPlanner.py - INFO - Executing command: TranslateToBallCommand
2024-05-28 11:43:45,808 - CommandPlanner.py - INFO - Command Planner Update completed
2024-05-28 11:43:45,808 - control_thread.py - INFO - Command planner updated
2024-05-28 11:43:45,952 - control_thread.py - INFO - Updating command planner with distance: 18.481162403330757, angle: 41.75809785787618
2024-05-28 11:43:45,952 - CommandPlanner.py - INFO - Executing command: TranslateToBallCommand
2024-05-28 11:43:45,967 - CommandPlanner.py - INFO - Command Planner Update completed
2024-05-28 11:43:45,968 - control_thread.py - INFO - Command planner updated
2024-05-28 11:43:46,133 - control_thread.py - INFO - Updating command planner with distance: 18.481162403330757, angle: 41.75809785787618
2024-05-28 11:43:46,133 - CommandPlanner.py - INFO - Executing command: TranslateToBallCommand
2024-05-28 11:43:46,154 - CommandPlanner.py - INFO - Command Planner Update completed
2024-05-28 11:43:46,154 - control_thread.py - INFO - Command planner updated
2024-05-28 11:43:46,297 - control_thread.py - INFO - Updating command planner with distance: 18.481162403330757, angle: 41.75809785787618
2024-05-28 11:43:46,297 - CommandPlanner.py - INFO - Executing command: TranslateToBallCommand
2024-05-28 11:43:46,316 - CommandPlanner.py - INFO - Command Planner Update completed
2024-05-28 11:43:46,316 - control_thread.py - INFO - Command planner updated
2024-05-28 11:43:46,448 - control_thread.py - INFO - Updating command planner with distance: 18.481162403330757, angle: 41.75809785787618
2024-05-28 11:43:46,449 - CommandPlanner.py - INFO - Executing command: TranslateToBallCommand
2024-05-28 11:43:46,473 - CommandPlanner.py - INFO - Command Planner Update completed
2024-05-28 11:43:46,473 - control_thread.py - INFO - Command planner updated
2024-05-28 11:43:46,622 - control_thread.py - INFO - Updating command planner with distance: 18.481162403330757, angle: 41.75809785787618
2024-05-28 11:43:46,622 - CommandPlanner.py - INFO - Executing command: TranslateToBallCommand
2024-05-28 11:43:46,640 - CommandPlanner.py - INFO - Command Planner Update completed
2024-05-28 11:43:46,640 - control_thread.py - INFO - Command planner updated
2024-05-28 11:43:46,772 - control_thread.py - INFO - Updating command planner with distance: 18.481162403330757, angle: 41.75809785787618
2024-05-28 11:43:46,772 - CommandPlanner.py - INFO - Executing command: TranslateToBallCommand
2024-05-28 11:43:46,787 - CommandPlanner.py - INFO - Command Planner Update completed
2024-05-28 11:43:46,787 - control_thread.py - INFO - Command planner updated
2024-05-28 11:43:46,938 - control_thread.py - INFO - Updating command planner with distance: 18.481162403330757, angle: 41.75809785787618
2024-05-28 11:43:46,938 - CommandPlanner.py - INFO - Executing command: TranslateToBallCommand
2024-05-28 11:43:46,969 - CommandPlanner.py - INFO - Command Planner Update completed
2024-05-28 11:43:46,969 - control_thread.py - INFO - Command planner updated
2024-05-28 11:43:47,094 - control_thread.py - INFO - Updating command planner with distance: 18.481162403330757, angle: 41.75809785787618
2024-05-28 11:43:47,094 - CommandPlanner.py - INFO - Executing command: TranslateToBallCommand
2024-05-28 11:43:47,110 - CommandPlanner.py - INFO - Command Planner Update completed
2024-05-28 11:43:47,111 - control_thread.py - INFO - Command planner updated
2024-05-28 11:43:47,257 - control_thread.py - INFO - Updating command planner with distance: 18.481162403330757, angle: 41.75809785787618
2024-05-28 11:43:47,257 - CommandPlanner.py - INFO - Executing command: TranslateToBallCommand
2024-05-28 11:43:47,279 - CommandPlanner.py - INFO - Command Planner Update completed
2024-05-28 11:43:47,279 - control_thread.py - INFO - Command planner updated
2024-05-28 11:43:47,419 - control_thread.py - INFO - Updating command planner with distance: 18.481162403330757, angle: 41.75809785787618
2024-05-28 11:43:47,419 - CommandPlanner.py - INFO - Executing command: TranslateToBallCommand
2024-05-28 11:43:47,436 - CommandPlanner.py - INFO - Command Planner Update completed
2024-05-28 11:43:47,436 - control_thread.py - INFO - Command planner updated
2024-05-28 11:43:47,605 - control_thread.py - INFO - Updating command planner with distance: 18.481162403330757, angle: 41.75809785787618
2024-05-28 11:43:47,605 - CommandPlanner.py - INFO - Executing command: TranslateToBallCommand
2024-05-28 11:43:47,630 - CommandPlanner.py - INFO - Command Planner Update completed
2024-05-28 11:43:47,630 - control_thread.py - INFO - Command planner updated
2024-05-28 11:43:47,784 - control_thread.py - INFO - Updating command planner with distance: 18.481162403330757, angle: 41.75809785787618
2024-05-28 11:43:47,784 - CommandPlanner.py - INFO - Executing command: TranslateToBallCommand
2024-05-28 11:43:47,802 - CommandPlanner.py - INFO - Command Planner Update completed
2024-05-28 11:43:47,802 - control_thread.py - INFO - Command planner updated
2024-05-28 11:43:47,957 - control_thread.py - INFO - Updating command planner with distance: 18.481162403330757, angle: 41.75809785787618
2024-05-28 11:43:47,957 - CommandPlanner.py - INFO - Executing command: TranslateToBallCommand
2024-05-28 11:43:47,977 - CommandPlanner.py - INFO - Command Planner Update completed
2024-05-28 11:43:47,977 - control_thread.py - INFO - Command planner updated
2024-05-28 11:43:48,116 - control_thread.py - INFO - Updating command planner with distance: 18.481162403330757, angle: 41.75809785787618
2024-05-28 11:43:48,116 - CommandPlanner.py - INFO - Executing command: TranslateToBallCommand
2024-05-28 11:43:48,135 - CommandPlanner.py - INFO - Command Planner Update completed
2024-05-28 11:43:48,136 - control_thread.py - INFO - Command planner updated
2024-05-28 11:43:48,297 - control_thread.py - INFO - Updating command planner with distance: 18.481162403330757, angle: 41.75809785787618
2024-05-28 11:43:48,297 - CommandPlanner.py - INFO - Executing command: TranslateToBallCommand
2024-05-28 11:43:48,324 - CommandPlanner.py - INFO - Command Planner Update completed
2024-05-28 11:43:48,324 - control_thread.py - INFO - Command planner updated
2024-05-28 11:43:48,474 - control_thread.py - INFO - Updating command planner with distance: 18.481162403330757, angle: 41.75809785787618
2024-05-28 11:43:48,474 - CommandPlanner.py - INFO - Executing command: TranslateToBallCommand
2024-05-28 11:43:48,502 - CommandPlanner.py - INFO - Command Planner Update completed
2024-05-28 11:43:48,502 - control_thread.py - INFO - Command planner updated
2024-05-28 11:43:48,641 - control_thread.py - INFO - Updating command planner with distance: 18.481162403330757, angle: 41.75809785787618
2024-05-28 11:43:48,641 - CommandPlanner.py - INFO - Executing command: TranslateToBallCommand
2024-05-28 11:43:48,661 - CommandPlanner.py - INFO - Command Planner Update completed
2024-05-28 11:43:48,661 - control_thread.py - INFO - Command planner updated
2024-05-28 11:43:48,803 - control_thread.py - INFO - Updating command planner with distance: 18.481162403330757, angle: 41.75809785787618
2024-05-28 11:43:48,804 - CommandPlanner.py - INFO - Executing command: TranslateToBallCommand
2024-05-28 11:43:48,824 - CommandPlanner.py - INFO - Command Planner Update completed
2024-05-28 11:43:48,825 - control_thread.py - INFO - Command planner updated
2024-05-28 11:43:48,948 - control_thread.py - INFO - Updating command planner with distance: 18.481162403330757, angle: 41.75809785787618
2024-05-28 11:43:48,948 - CommandPlanner.py - INFO - Executing command: TranslateToBallCommand
2024-05-28 11:43:48,975 - CommandPlanner.py - INFO - Command Planner Update completed
2024-05-28 11:43:48,975 - control_thread.py - INFO - Command planner updated
2024-05-28 11:43:49,107 - control_thread.py - INFO - Updating command planner with distance: 18.481162403330757, angle: 41.75809785787618
2024-05-28 11:43:49,107 - CommandPlanner.py - INFO - Executing command: TranslateToBallCommand
2024-05-28 11:43:49,140 - CommandPlanner.py - INFO - Command Planner Update completed
2024-05-28 11:43:49,140 - control_thread.py - INFO - Command planner updated
2024-05-28 11:43:49,294 - control_thread.py - INFO - Updating command planner with distance: 18.481162403330757, angle: 41.75809785787618
2024-05-28 11:43:49,294 - CommandPlanner.py - INFO - Executing command: TranslateToBallCommand
2024-05-28 11:43:49,312 - CommandPlanner.py - INFO - Command Planner Update completed
2024-05-28 11:43:49,312 - control_thread.py - INFO - Command planner updated
2024-05-28 11:43:49,443 - control_thread.py - INFO - Updating command planner with distance: 18.481162403330757, angle: 41.75809785787618
2024-05-28 11:43:49,443 - CommandPlanner.py - INFO - Executing command: TranslateToBallCommand
2024-05-28 11:43:49,460 - CommandPlanner.py - INFO - Command Planner Update completed
2024-05-28 11:43:49,460 - control_thread.py - INFO - Command planner updated
2024-05-28 11:43:49,595 - control_thread.py - INFO - Updating command planner with distance: 18.481162403330757, angle: 41.75809785787618
2024-05-28 11:43:49,596 - CommandPlanner.py - INFO - Executing command: TranslateToBallCommand
2024-05-28 11:43:49,611 - CommandPlanner.py - INFO - Command Planner Update completed
2024-05-28 11:43:49,611 - control_thread.py - INFO - Command planner updated
2024-05-28 11:43:49,759 - control_thread.py - INFO - Updating command planner with distance: 18.481162403330757, angle: 41.75809785787618
2024-05-28 11:43:49,759 - CommandPlanner.py - INFO - Executing command: TranslateToBallCommand
2024-05-28 11:43:49,780 - CommandPlanner.py - INFO - Command Planner Update completed
2024-05-28 11:43:49,780 - control_thread.py - INFO - Command planner updated
2024-05-28 11:43:49,939 - control_thread.py - INFO - Updating command planner with distance: 18.481162403330757, angle: 41.75809785787618
2024-05-28 11:43:49,939 - CommandPlanner.py - INFO - Executing command: TranslateToBallCommand
2024-05-28 11:43:49,962 - CommandPlanner.py - INFO - Command Planner Update completed
2024-05-28 11:43:49,962 - control_thread.py - INFO - Command planner updated
2024-05-28 11:43:50,133 - control_thread.py - INFO - Updating command planner with distance: 18.481162403330757, angle: 41.75809785787618
2024-05-28 11:43:50,133 - CommandPlanner.py - INFO - Executing command: TranslateToBallCommand
2024-05-28 11:43:50,197 - CommandPlanner.py - INFO - Command Planner Update completed
2024-05-28 11:43:50,198 - control_thread.py - INFO - Command planner updated
2024-05-28 11:43:50,350 - control_thread.py - INFO - Updating command planner with distance: 10.422392795926651, angle: 1.105282707933338
2024-05-28 11:43:50,351 - CommandPlanner.py - INFO - Executing command: TranslateToBallCommand
2024-05-28 11:43:50,419 - CommandPlanner.py - INFO - Command Planner Update completed
2024-05-28 11:43:50,419 - control_thread.py - INFO - Command planner updated
2024-05-28 11:43:50,559 - control_thread.py - INFO - Updating command planner with distance: 17.438030521099787, angle: -4.246263929929137
2024-05-28 11:43:50,559 - CommandPlanner.py - INFO - Executing command: TranslateToBallCommand
2024-05-28 11:43:50,628 - CommandPlanner.py - INFO - Command Planner Update completed
2024-05-28 11:43:50,628 - control_thread.py - INFO - Command planner updated
2024-05-28 11:43:50,769 - control_thread.py - INFO - Updating command planner with distance: 17.438030521099787, angle: -4.246263929929137
2024-05-28 11:43:50,770 - CommandPlanner.py - INFO - Executing command: TranslateToBallCommand
2024-05-28 11:43:50,784 - CommandPlanner.py - INFO - Command Planner Update completed
2024-05-28 11:43:50,785 - control_thread.py - INFO - Command planner updated
2024-05-28 11:43:50,913 - control_thread.py - INFO - Updating command planner with distance: 17.438030521099787, angle: -4.246263929929137
2024-05-28 11:43:50,914 - CommandPlanner.py - INFO - Executing command: TranslateToBallCommand
2024-05-28 11:43:50,933 - CommandPlanner.py - INFO - Command Planner Update completed
2024-05-28 11:43:50,933 - control_thread.py - INFO - Command planner updated
2024-05-28 11:43:51,077 - control_thread.py - INFO - Updating command planner with distance: 17.438030521099787, angle: -4.246263929929137
2024-05-28 11:43:51,077 - CommandPlanner.py - INFO - Executing command: TranslateToBallCommand
2024-05-28 11:43:51,093 - CommandPlanner.py - INFO - Command Planner Update completed
2024-05-28 11:43:51,093 - control_thread.py - INFO - Command planner updated
2024-05-28 11:43:51,233 - control_thread.py - INFO - Updating command planner with distance: 17.438030521099787, angle: -4.246263929929137
2024-05-28 11:43:51,233 - CommandPlanner.py - INFO - Executing command: TranslateToBallCommand
2024-05-28 11:43:51,252 - CommandPlanner.py - INFO - Command Planner Update completed
2024-05-28 11:43:51,252 - control_thread.py - INFO - Command planner updated
2024-05-28 11:43:51,404 - control_thread.py - INFO - Updating command planner with distance: 17.438030521099787, angle: -4.246263929929137
2024-05-28 11:43:51,404 - CommandPlanner.py - INFO - Executing command: TranslateToBallCommand
2024-05-28 11:43:51,429 - CommandPlanner.py - INFO - Command Planner Update completed
2024-05-28 11:43:51,429 - control_thread.py - INFO - Command planner updated
2024-05-28 11:43:51,582 - control_thread.py - INFO - Updating command planner with distance: 17.438030521099787, angle: -4.246263929929137
2024-05-28 11:43:51,582 - CommandPlanner.py - INFO - Executing command: TranslateToBallCommand
2024-05-28 11:43:51,609 - CommandPlanner.py - INFO - Command Planner Update completed
2024-05-28 11:43:51,609 - control_thread.py - INFO - Command planner updated
2024-05-28 11:43:51,761 - control_thread.py - INFO - Updating command planner with distance: 17.438030521099787, angle: -4.246263929929137
2024-05-28 11:43:51,761 - CommandPlanner.py - INFO - Executing command: TranslateToBallCommand
2024-05-28 11:43:51,857 - CommandPlanner.py - INFO - Command Planner Update completed
2024-05-28 11:43:51,857 - control_thread.py - INFO - Command planner updated
2024-05-28 11:43:52,017 - control_thread.py - INFO - Updating command planner with distance: 17.438030521099787, angle: -4.246263929929137
2024-05-28 11:43:52,017 - CommandPlanner.py - INFO - Executing command: TranslateToBallCommand
2024-05-28 11:43:52,040 - CommandPlanner.py - INFO - Command Planner Update completed
2024-05-28 11:43:52,041 - control_thread.py - INFO - Command planner updated
2024-05-28 11:43:52,181 - control_thread.py - INFO - Updating command planner with distance: 17.438030521099787, angle: -4.246263929929137
2024-05-28 11:43:52,181 - CommandPlanner.py - INFO - Executing command: TranslateToBallCommand
2024-05-28 11:43:52,200 - CommandPlanner.py - INFO - Command Planner Update completed
2024-05-28 11:43:52,200 - control_thread.py - INFO - Command planner updated
2024-05-28 11:43:52,352 - control_thread.py - INFO - Updating command planner with distance: 17.438030521099787, angle: -4.246263929929137
2024-05-28 11:43:52,352 - CommandPlanner.py - INFO - Executing command: TranslateToBallCommand
2024-05-28 11:43:52,372 - CommandPlanner.py - INFO - Command Planner Update completed
2024-05-28 11:43:52,372 - control_thread.py - INFO - Command planner updated
2024-05-28 11:43:52,499 - control_thread.py - INFO - Updating command planner with distance: 17.438030521099787, angle: -4.246263929929137
2024-05-28 11:43:52,499 - CommandPlanner.py - INFO - Executing command: TranslateToBallCommand
2024-05-28 11:43:52,514 - CommandPlanner.py - INFO - Command Planner Update completed
2024-05-28 11:43:52,514 - control_thread.py - INFO - Command planner updated
2024-05-28 11:43:52,643 - control_thread.py - INFO - Updating command planner with distance: 17.438030521099787, angle: -4.246263929929137
2024-05-28 11:43:52,643 - CommandPlanner.py - INFO - Executing command: TranslateToBallCommand
2024-05-28 11:43:52,658 - CommandPlanner.py - INFO - Command Planner Update completed
2024-05-28 11:43:52,658 - control_thread.py - INFO - Command planner updated
2024-05-28 11:43:52,805 - control_thread.py - INFO - Updating command planner with distance: 17.438030521099787, angle: -4.246263929929137
2024-05-28 11:43:52,806 - CommandPlanner.py - INFO - Executing command: TranslateToBallCommand
2024-05-28 11:43:52,828 - CommandPlanner.py - INFO - Command Planner Update completed
2024-05-28 11:43:52,828 - control_thread.py - INFO - Command planner updated
2024-05-28 11:43:52,954 - control_thread.py - INFO - Updating command planner with distance: 17.438030521099787, angle: -4.246263929929137
2024-05-28 11:43:52,954 - CommandPlanner.py - INFO - Executing command: TranslateToBallCommand
2024-05-28 11:43:52,977 - CommandPlanner.py - INFO - Command Planner Update completed
2024-05-28 11:43:52,977 - control_thread.py - INFO - Command planner updated
2024-05-28 11:43:53,243 - control_thread.py - INFO - Updating command planner with distance: 17.438030521099787, angle: -4.246263929929137
2024-05-28 11:43:53,243 - CommandPlanner.py - INFO - Executing command: TranslateToBallCommand
2024-05-28 11:43:53,256 - CommandPlanner.py - INFO - Command Planner Update completed
2024-05-28 11:43:53,256 - control_thread.py - INFO - Command planner updated
2024-05-28 11:43:53,382 - control_thread.py - INFO - Updating command planner with distance: 10.293378124258039, angle: -35.55533945548666
2024-05-28 11:43:53,382 - CommandPlanner.py - INFO - Executing command: TranslateToBallCommand
2024-05-28 11:43:53,402 - CommandPlanner.py - INFO - Command Planner Update completed
2024-05-28 11:43:53,403 - control_thread.py - INFO - Command planner updated
2024-05-28 11:43:53,559 - control_thread.py - INFO - Updating command planner with distance: 9.192353929094374, angle: -39.543841541974054
2024-05-28 11:43:53,559 - CommandPlanner.py - INFO - Executing command: TranslateToBallCommand
2024-05-28 11:43:53,658 - CommandPlanner.py - INFO - Command TranslateToBallCommand is finished
2024-05-28 11:43:53,658 - CommandPlanner.py - INFO - Command Planner Update completed
2024-05-28 11:43:53,658 - control_thread.py - INFO - Command planner updated
2024-05-28 11:43:53,862 - control_thread.py - INFO - Control thread exited
2024-05-28 11:43:53,866 - main.py - INFO - Main thread exited
2024-05-28 11:43:53,944 - camera_thread.py - INFO - Camera thread exited
