2024-05-28 11:57:51,854 - main.py - INFO - Main function started
2024-05-28 11:57:53,101 - ugotcamera.py - INFO - camera opened
2024-05-28 11:57:53,148 - CommandPlanner.py - INFO - CommandPlanner initiated
2024-05-28 11:57:53,148 - control_thread.py - INFO - Control thread started
2024-05-28 11:57:54,781 - control_thread.py - INFO - Updating command planner with distance: 14.28002050737354, angle: 28.450018640333905
2024-05-28 11:57:54,781 - CommandPlanner.py - INFO - Executing command: LocateBallCommand
2024-05-28 11:57:54,857 - CommandPlanner.py - INFO - Command LocateBallCommand is finished
2024-05-28 11:57:54,858 - CommandPlanner.py - INFO - Command Planner Update completed
2024-05-28 11:57:55,039 - control_thread.py - INFO - Updating command planner with distance: 14.22736634875234, angle: 28.450018640333905
2024-05-28 11:57:55,039 - CommandPlanner.py - INFO - Starting command planning
2024-05-28 11:57:55,039 - CommandPlanner.py - INFO - Switching to AlignWithBallCommand with angle: 28.450018640333905
2024-05-28 11:57:55,039 - CommandPlanner.py - INFO - Command updated
2024-05-28 11:57:55,039 - CommandPlanner.py - INFO - Executing command: AlignWithBallCommand
2024-05-28 11:57:55,066 - CommandPlanner.py - INFO - Command Planner Update completed
2024-05-28 11:57:55,273 - control_thread.py - INFO - Updating command planner with distance: 13.915380198777925, angle: 28.047548770091865
2024-05-28 11:57:55,273 - CommandPlanner.py - INFO - Executing command: AlignWithBallCommand
2024-05-28 11:57:55,382 - CommandPlanner.py - INFO - Command Planner Update completed
2024-05-28 11:57:55,549 - control_thread.py - INFO - Updating command planner with distance: 12.893401921884093, angle: 13.890274254684359
2024-05-28 11:57:55,549 - CommandPlanner.py - INFO - Executing command: AlignWithBallCommand
2024-05-28 11:57:55,569 - CommandPlanner.py - INFO - Command Planner Update completed
2024-05-28 11:57:55,787 - control_thread.py - INFO - Updating command planner with distance: 12.966468785879147, angle: 6.746582121577203
2024-05-28 11:57:55,788 - CommandPlanner.py - INFO - Executing command: AlignWithBallCommand
2024-05-28 11:57:55,883 - CommandPlanner.py - INFO - Command Planner Update completed
2024-05-28 11:57:56,105 - control_thread.py - INFO - Updating command planner with distance: 12.966559365673463, angle: 6.804716126705255
2024-05-28 11:57:56,105 - CommandPlanner.py - INFO - Executing command: AlignWithBallCommand
2024-05-28 11:57:56,212 - CommandPlanner.py - INFO - Command Planner Update completed
2024-05-28 11:57:56,376 - control_thread.py - INFO - Updating command planner with distance: 12.786142236899925, angle: 5.700061337039638
2024-05-28 11:57:56,376 - CommandPlanner.py - INFO - Executing command: AlignWithBallCommand
2024-05-28 11:57:56,472 - CommandPlanner.py - INFO - Command Planner Update completed
2024-05-28 11:57:56,640 - control_thread.py - INFO - Updating command planner with distance: 12.873564488665632, angle: 4.420735279651957
2024-05-28 11:57:56,640 - CommandPlanner.py - INFO - Executing command: AlignWithBallCommand
2024-05-28 11:57:56,843 - CommandPlanner.py - INFO - Command Planner Update completed
2024-05-28 11:57:57,081 - control_thread.py - INFO - Updating command planner with distance: 12.695072020286675, angle: 2.0941875110096833
2024-05-28 11:57:57,082 - CommandPlanner.py - INFO - Executing command: AlignWithBallCommand
2024-05-28 11:57:57,108 - CommandPlanner.py - INFO - Command Planner Update completed
2024-05-28 11:57:57,331 - control_thread.py - INFO - Updating command planner with distance: 12.564835528490509, angle: 1.3961416181358839
2024-05-28 11:57:57,331 - CommandPlanner.py - INFO - Executing command: AlignWithBallCommand
2024-05-28 11:57:57,366 - CommandPlanner.py - INFO - Command Planner Update completed
2024-05-28 11:57:57,547 - control_thread.py - INFO - Updating command planner with distance: 12.436860260806993, angle: 0.5235573894265945
2024-05-28 11:57:57,547 - CommandPlanner.py - INFO - Executing command: AlignWithBallCommand
2024-05-28 11:57:57,623 - CommandPlanner.py - INFO - Command AlignWithBallCommand is finished
2024-05-28 11:57:57,623 - CommandPlanner.py - INFO - Command Planner Update completed
2024-05-28 11:57:57,877 - control_thread.py - INFO - Updating command planner with distance: 12.651036449819507, angle: -0.465384476896806
2024-05-28 11:57:57,877 - CommandPlanner.py - INFO - Starting command planning
2024-05-28 11:57:57,877 - CommandPlanner.py - INFO - Command updated
2024-05-28 11:57:57,877 - CommandPlanner.py - INFO - Executing command: AlignWithBallCommand
2024-05-28 11:57:57,978 - CommandPlanner.py - INFO - Command AlignWithBallCommand is finished
2024-05-28 11:57:57,978 - CommandPlanner.py - INFO - Command Planner Update completed
2024-05-28 11:57:58,116 - control_thread.py - INFO - Updating command planner with distance: 12.651036449819507, angle: -0.465384476896806
2024-05-28 11:57:58,116 - CommandPlanner.py - INFO - Starting command planning
2024-05-28 11:57:58,116 - CommandPlanner.py - INFO - Command updated
2024-05-28 11:57:58,116 - CommandPlanner.py - INFO - Executing command: AlignWithBallCommand
2024-05-28 11:57:58,165 - CommandPlanner.py - INFO - Command AlignWithBallCommand is finished
2024-05-28 11:57:58,165 - CommandPlanner.py - INFO - Command Planner Update completed
2024-05-28 11:57:58,367 - control_thread.py - INFO - Updating command planner with distance: 12.651036449819507, angle: -0.465384476896806
2024-05-28 11:57:58,367 - CommandPlanner.py - INFO - Starting command planning
2024-05-28 11:57:58,367 - CommandPlanner.py - INFO - Command updated
2024-05-28 11:57:58,367 - CommandPlanner.py - INFO - Executing command: AlignWithBallCommand
2024-05-28 11:57:58,495 - CommandPlanner.py - INFO - Command AlignWithBallCommand is finished
2024-05-28 11:57:58,495 - CommandPlanner.py - INFO - Command Planner Update completed
2024-05-28 11:57:58,674 - control_thread.py - INFO - Updating command planner with distance: 12.651036449819507, angle: -0.465384476896806
2024-05-28 11:57:58,674 - CommandPlanner.py - INFO - Starting command planning
2024-05-28 11:57:58,674 - CommandPlanner.py - INFO - Command updated
2024-05-28 11:57:58,674 - CommandPlanner.py - INFO - Executing command: AlignWithBallCommand
2024-05-28 11:57:58,829 - CommandPlanner.py - INFO - Command AlignWithBallCommand is finished
2024-05-28 11:57:58,829 - CommandPlanner.py - INFO - Command Planner Update completed
2024-05-28 11:57:59,093 - control_thread.py - INFO - Updating command planner with distance: 12.651036449819507, angle: -0.465384476896806
2024-05-28 11:57:59,093 - CommandPlanner.py - INFO - Starting command planning
2024-05-28 11:57:59,093 - CommandPlanner.py - INFO - Command updated
2024-05-28 11:57:59,093 - CommandPlanner.py - INFO - Executing command: AlignWithBallCommand
2024-05-28 11:57:59,144 - CommandPlanner.py - INFO - Command AlignWithBallCommand is finished
2024-05-28 11:57:59,144 - CommandPlanner.py - INFO - Command Planner Update completed
2024-05-28 11:57:59,262 - control_thread.py - INFO - Updating command planner with distance: 12.651036449819507, angle: -0.465384476896806
2024-05-28 11:57:59,262 - CommandPlanner.py - INFO - Starting command planning
2024-05-28 11:57:59,263 - CommandPlanner.py - INFO - Command updated
2024-05-28 11:57:59,263 - CommandPlanner.py - INFO - Executing command: AlignWithBallCommand
2024-05-28 11:57:59,361 - CommandPlanner.py - INFO - Command AlignWithBallCommand is finished
2024-05-28 11:57:59,361 - CommandPlanner.py - INFO - Command Planner Update completed
2024-05-28 11:57:59,500 - control_thread.py - INFO - Updating command planner with distance: 12.651036449819507, angle: -0.465384476896806
2024-05-28 11:57:59,500 - CommandPlanner.py - INFO - Starting command planning
2024-05-28 11:57:59,500 - CommandPlanner.py - INFO - Command updated
2024-05-28 11:57:59,500 - CommandPlanner.py - INFO - Executing command: AlignWithBallCommand
2024-05-28 11:57:59,599 - CommandPlanner.py - INFO - Command AlignWithBallCommand is finished
2024-05-28 11:57:59,600 - CommandPlanner.py - INFO - Command Planner Update completed
2024-05-28 11:57:59,740 - control_thread.py - INFO - Updating command planner with distance: 12.694595330930555, angle: -0.40721151822364315
2024-05-28 11:57:59,740 - CommandPlanner.py - INFO - Starting command planning
2024-05-28 11:57:59,740 - CommandPlanner.py - INFO - Command updated
2024-05-28 11:57:59,740 - CommandPlanner.py - INFO - Executing command: AlignWithBallCommand
2024-05-28 11:57:59,879 - CommandPlanner.py - INFO - Command AlignWithBallCommand is finished
2024-05-28 11:57:59,879 - CommandPlanner.py - INFO - Command Planner Update completed
2024-05-28 11:58:00,071 - control_thread.py - INFO - Updating command planner with distance: 12.694595330930555, angle: -0.40721151822364315
2024-05-28 11:58:00,071 - CommandPlanner.py - INFO - Starting command planning
2024-05-28 11:58:00,071 - CommandPlanner.py - INFO - Command updated
2024-05-28 11:58:00,071 - CommandPlanner.py - INFO - Executing command: AlignWithBallCommand
2024-05-28 11:58:00,120 - CommandPlanner.py - INFO - Command AlignWithBallCommand is finished
2024-05-28 11:58:00,120 - CommandPlanner.py - INFO - Command Planner Update completed
2024-05-28 11:58:00,265 - control_thread.py - INFO - Updating command planner with distance: 12.607717269038965, angle: -0.465384476896806
2024-05-28 11:58:00,265 - CommandPlanner.py - INFO - Starting command planning
2024-05-28 11:58:00,265 - CommandPlanner.py - INFO - Command updated
2024-05-28 11:58:00,265 - CommandPlanner.py - INFO - Executing command: AlignWithBallCommand
2024-05-28 11:58:00,416 - CommandPlanner.py - INFO - Command AlignWithBallCommand is finished
2024-05-28 11:58:00,416 - CommandPlanner.py - INFO - Command Planner Update completed
2024-05-28 11:58:00,547 - control_thread.py - INFO - Updating command planner with distance: 12.651036449819507, angle: -0.465384476896806
2024-05-28 11:58:00,547 - CommandPlanner.py - INFO - Starting command planning
2024-05-28 11:58:00,547 - CommandPlanner.py - INFO - Command updated
2024-05-28 11:58:00,547 - CommandPlanner.py - INFO - Executing command: AlignWithBallCommand
2024-05-28 11:58:00,608 - CommandPlanner.py - INFO - Command AlignWithBallCommand is finished
2024-05-28 11:58:00,609 - CommandPlanner.py - INFO - Command Planner Update completed
2024-05-28 11:58:00,769 - control_thread.py - INFO - Updating command planner with distance: 12.694595330930555, angle: -0.40721151822364315
2024-05-28 11:58:00,769 - CommandPlanner.py - INFO - Starting command planning
2024-05-28 11:58:00,770 - CommandPlanner.py - INFO - Command updated
2024-05-28 11:58:00,770 - CommandPlanner.py - INFO - Executing command: AlignWithBallCommand
2024-05-28 11:58:00,823 - CommandPlanner.py - INFO - Command AlignWithBallCommand is finished
2024-05-28 11:58:00,823 - CommandPlanner.py - INFO - Command Planner Update completed
2024-05-28 11:58:01,045 - control_thread.py - INFO - Updating command planner with distance: 12.694601065052064, angle: -0.465384476896806
2024-05-28 11:58:01,045 - CommandPlanner.py - INFO - Starting command planning
2024-05-28 11:58:01,045 - CommandPlanner.py - INFO - Command updated
2024-05-28 11:58:01,045 - CommandPlanner.py - INFO - Executing command: AlignWithBallCommand
2024-05-28 11:58:01,105 - CommandPlanner.py - INFO - Command AlignWithBallCommand is finished
2024-05-28 11:58:01,105 - CommandPlanner.py - INFO - Command Planner Update completed
2024-05-28 11:58:01,288 - control_thread.py - INFO - Updating command planner with distance: 12.651036449819507, angle: -0.465384476896806
2024-05-28 11:58:01,288 - CommandPlanner.py - INFO - Starting command planning
2024-05-28 11:58:01,288 - CommandPlanner.py - INFO - Command updated
2024-05-28 11:58:01,288 - CommandPlanner.py - INFO - Executing command: AlignWithBallCommand
2024-05-28 11:58:01,342 - CommandPlanner.py - INFO - Command AlignWithBallCommand is finished
2024-05-28 11:58:01,342 - CommandPlanner.py - INFO - Command Planner Update completed
2024-05-28 11:58:01,553 - control_thread.py - INFO - Updating command planner with distance: 12.607717269038965, angle: -0.465384476896806
2024-05-28 11:58:01,553 - CommandPlanner.py - INFO - Starting command planning
2024-05-28 11:58:01,553 - CommandPlanner.py - INFO - Command updated
2024-05-28 11:58:01,553 - CommandPlanner.py - INFO - Executing command: AlignWithBallCommand
2024-05-28 11:58:01,600 - CommandPlanner.py - INFO - Command AlignWithBallCommand is finished
2024-05-28 11:58:01,600 - CommandPlanner.py - INFO - Command Planner Update completed
2024-05-28 11:58:01,760 - control_thread.py - INFO - Updating command planner with distance: 12.694595330930555, angle: -0.40721151822364315
2024-05-28 11:58:01,760 - CommandPlanner.py - INFO - Starting command planning
2024-05-28 11:58:01,760 - CommandPlanner.py - INFO - Command updated
2024-05-28 11:58:01,760 - CommandPlanner.py - INFO - Executing command: AlignWithBallCommand
2024-05-28 11:58:01,812 - CommandPlanner.py - INFO - Command AlignWithBallCommand is finished
2024-05-28 11:58:01,813 - CommandPlanner.py - INFO - Command Planner Update completed
2024-05-28 11:58:01,934 - control_thread.py - INFO - Updating command planner with distance: 12.564635768642328, angle: -0.40721151822364315
2024-05-28 11:58:01,934 - CommandPlanner.py - INFO - Starting command planning
2024-05-28 11:58:01,934 - CommandPlanner.py - INFO - Command updated
2024-05-28 11:58:01,934 - CommandPlanner.py - INFO - Executing command: AlignWithBallCommand
2024-05-28 11:58:02,031 - CommandPlanner.py - INFO - Command AlignWithBallCommand is finished
2024-05-28 11:58:02,031 - CommandPlanner.py - INFO - Command Planner Update completed
2024-05-28 11:58:02,172 - control_thread.py - INFO - Updating command planner with distance: 12.651036449819507, angle: -0.465384476896806
2024-05-28 11:58:02,172 - CommandPlanner.py - INFO - Starting command planning
2024-05-28 11:58:02,172 - CommandPlanner.py - INFO - Command updated
2024-05-28 11:58:02,172 - CommandPlanner.py - INFO - Executing command: AlignWithBallCommand
2024-05-28 11:58:02,216 - CommandPlanner.py - INFO - Command AlignWithBallCommand is finished
2024-05-28 11:58:02,217 - CommandPlanner.py - INFO - Command Planner Update completed
2024-05-28 11:58:02,355 - control_thread.py - INFO - Updating command planner with distance: 12.651036449819507, angle: -0.465384476896806
2024-05-28 11:58:02,355 - CommandPlanner.py - INFO - Starting command planning
2024-05-28 11:58:02,355 - CommandPlanner.py - INFO - Command updated
2024-05-28 11:58:02,355 - CommandPlanner.py - INFO - Executing command: AlignWithBallCommand
2024-05-28 11:58:02,502 - CommandPlanner.py - INFO - Command AlignWithBallCommand is finished
2024-05-28 11:58:02,502 - CommandPlanner.py - INFO - Command Planner Update completed
2024-05-28 11:58:02,675 - control_thread.py - INFO - Updating command planner with distance: 12.651036449819507, angle: -0.465384476896806
2024-05-28 11:58:02,675 - CommandPlanner.py - INFO - Starting command planning
2024-05-28 11:58:02,675 - CommandPlanner.py - INFO - Command updated
2024-05-28 11:58:02,675 - CommandPlanner.py - INFO - Executing command: AlignWithBallCommand
2024-05-28 11:58:02,719 - CommandPlanner.py - INFO - Command AlignWithBallCommand is finished
2024-05-28 11:58:02,720 - CommandPlanner.py - INFO - Command Planner Update completed
2024-05-28 11:58:02,905 - control_thread.py - INFO - Updating command planner with distance: 12.564620606497963, angle: -0.17451933745482198
2024-05-28 11:58:02,905 - CommandPlanner.py - INFO - Starting command planning
2024-05-28 11:58:02,905 - CommandPlanner.py - INFO - Command updated
2024-05-28 11:58:02,905 - CommandPlanner.py - INFO - Executing command: AlignWithBallCommand
2024-05-28 11:58:03,023 - CommandPlanner.py - INFO - Command AlignWithBallCommand is finished
2024-05-28 11:58:03,023 - CommandPlanner.py - INFO - Command Planner Update completed
2024-05-28 11:58:03,194 - control_thread.py - INFO - Updating command planner with distance: 12.651036449819507, angle: -0.465384476896806
2024-05-28 11:58:03,194 - CommandPlanner.py - INFO - Starting command planning
2024-05-28 11:58:03,194 - CommandPlanner.py - INFO - Command updated
2024-05-28 11:58:03,194 - CommandPlanner.py - INFO - Executing command: AlignWithBallCommand
2024-05-28 11:58:03,244 - CommandPlanner.py - INFO - Command AlignWithBallCommand is finished
2024-05-28 11:58:03,244 - CommandPlanner.py - INFO - Command Planner Update completed
2024-05-28 11:58:03,377 - control_thread.py - INFO - Updating command planner with distance: 12.651036449819507, angle: -0.465384476896806
2024-05-28 11:58:03,377 - CommandPlanner.py - INFO - Starting command planning
2024-05-28 11:58:03,377 - CommandPlanner.py - INFO - Command updated
2024-05-28 11:58:03,377 - CommandPlanner.py - INFO - Executing command: AlignWithBallCommand
2024-05-28 11:58:03,427 - CommandPlanner.py - INFO - Command AlignWithBallCommand is finished
2024-05-28 11:58:03,428 - CommandPlanner.py - INFO - Command Planner Update completed
2024-05-28 11:58:03,529 - main.py - INFO - Main thread exited
2024-05-28 11:58:03,625 - camera_thread.py - INFO - Camera thread exited
2024-05-28 11:58:03,625 - control_thread.py - INFO - Control thread exited
