2024-05-29 11:10:02,730 - logger.py - INFO - Logger initialized
2024-05-29 11:10:02,750 - ws_server.py - INFO - WebSocket server started
2024-05-29 11:10:02,758 - server.py - INFO - server listening on [::1]:8765
2024-05-29 11:10:02,758 - server.py - INFO - server listening on 127.0.0.1:8765
2024-05-29 11:10:09,748 - server.py - INFO - connection open
2024-05-29 11:10:09,749 - ws_server.py - INFO - New WebSocket connection established
2024-05-29 11:10:17,003 - ws_server.py - INFO - Received message: {"linear":{"kp":1.2,"ki":0,"kd":0.1},"angle":{"kp":1,"ki":0,"kd":0.1}}
2024-05-29 11:10:17,003 - ws_server.py - INFO - Updated PID parameters: {'linear': {'kp': 1.2, 'ki': 0, 'kd': 0.1}, 'angle': {'kp': 1, 'ki': 0, 'kd': 0.1}}
2024-05-29 11:10:17,004 - ws_server.py - INFO - Sent updated data back to client
2024-05-29 11:10:17,052 - ws_server.py - INFO - Received message: {"linear":{"kp":1.3,"ki":0,"kd":0.1},"angle":{"kp":1,"ki":0,"kd":0.1}}
2024-05-29 11:10:17,052 - ws_server.py - INFO - Updated PID parameters: {'linear': {'kp': 1.3, 'ki': 0, 'kd': 0.1}, 'angle': {'kp': 1, 'ki': 0, 'kd': 0.1}}
2024-05-29 11:10:17,052 - ws_server.py - INFO - Sent updated data back to client
2024-05-29 11:10:17,100 - ws_server.py - INFO - Received message: {"linear":{"kp":1.5,"ki":0,"kd":0.1},"angle":{"kp":1,"ki":0,"kd":0.1}}
2024-05-29 11:10:17,100 - ws_server.py - INFO - Updated PID parameters: {'linear': {'kp': 1.5, 'ki': 0, 'kd': 0.1}, 'angle': {'kp': 1, 'ki': 0, 'kd': 0.1}}
2024-05-29 11:10:17,101 - ws_server.py - INFO - Sent updated data back to client
2024-05-29 11:10:17,117 - ws_server.py - INFO - Received message: {"linear":{"kp":1.8,"ki":0,"kd":0.1},"angle":{"kp":1,"ki":0,"kd":0.1}}
2024-05-29 11:10:17,117 - ws_server.py - INFO - Updated PID parameters: {'linear': {'kp': 1.8, 'ki': 0, 'kd': 0.1}, 'angle': {'kp': 1, 'ki': 0, 'kd': 0.1}}
2024-05-29 11:10:17,118 - ws_server.py - INFO - Sent updated data back to client
2024-05-29 11:10:17,135 - ws_server.py - INFO - Received message: {"linear":{"kp":1.9,"ki":0,"kd":0.1},"angle":{"kp":1,"ki":0,"kd":0.1}}
2024-05-29 11:10:17,135 - ws_server.py - INFO - Updated PID parameters: {'linear': {'kp': 1.9, 'ki': 0, 'kd': 0.1}, 'angle': {'kp': 1, 'ki': 0, 'kd': 0.1}}
2024-05-29 11:10:17,136 - ws_server.py - INFO - Sent updated data back to client
2024-05-29 11:10:17,151 - ws_server.py - INFO - Received message: {"linear":{"kp":2,"ki":0,"kd":0.1},"angle":{"kp":1,"ki":0,"kd":0.1}}
2024-05-29 11:10:17,151 - ws_server.py - INFO - Updated PID parameters: {'linear': {'kp': 2, 'ki': 0, 'kd': 0.1}, 'angle': {'kp': 1, 'ki': 0, 'kd': 0.1}}
2024-05-29 11:10:17,152 - ws_server.py - INFO - Sent updated data back to client
2024-05-29 11:10:32,353 - ws_server.py - INFO - Received message: {"linear":{"kp":2,"ki":0,"kd":0.1},"angle":{"kp":1.1,"ki":0,"kd":0.1}}
2024-05-29 11:10:32,354 - ws_server.py - INFO - Updated PID parameters: {'linear': {'kp': 2, 'ki': 0, 'kd': 0.1}, 'angle': {'kp': 1.1, 'ki': 0, 'kd': 0.1}}
2024-05-29 11:10:32,356 - ws_server.py - INFO - Sent updated data back to client
2024-05-29 11:10:32,385 - ws_server.py - INFO - Received message: {"linear":{"kp":2,"ki":0,"kd":0.1},"angle":{"kp":1.2,"ki":0,"kd":0.1}}
2024-05-29 11:10:32,385 - ws_server.py - INFO - Updated PID parameters: {'linear': {'kp': 2, 'ki': 0, 'kd': 0.1}, 'angle': {'kp': 1.2, 'ki': 0, 'kd': 0.1}}
2024-05-29 11:10:32,386 - ws_server.py - INFO - Sent updated data back to client
2024-05-29 11:10:32,423 - ws_server.py - INFO - Received message: {"linear":{"kp":2,"ki":0,"kd":0.1},"angle":{"kp":1.3,"ki":0,"kd":0.1}}
2024-05-29 11:10:32,424 - ws_server.py - INFO - Updated PID parameters: {'linear': {'kp': 2, 'ki': 0, 'kd': 0.1}, 'angle': {'kp': 1.3, 'ki': 0, 'kd': 0.1}}
2024-05-29 11:10:32,424 - ws_server.py - INFO - Sent updated data back to client
2024-05-29 11:10:32,433 - ws_server.py - INFO - Received message: {"linear":{"kp":2,"ki":0,"kd":0.1},"angle":{"kp":1.4,"ki":0,"kd":0.1}}
2024-05-29 11:10:32,433 - ws_server.py - INFO - Updated PID parameters: {'linear': {'kp': 2, 'ki': 0, 'kd': 0.1}, 'angle': {'kp': 1.4, 'ki': 0, 'kd': 0.1}}
2024-05-29 11:10:32,434 - ws_server.py - INFO - Sent updated data back to client
2024-05-29 11:10:32,451 - ws_server.py - INFO - Received message: {"linear":{"kp":2,"ki":0,"kd":0.1},"angle":{"kp":1.5,"ki":0,"kd":0.1}}
2024-05-29 11:10:32,451 - ws_server.py - INFO - Updated PID parameters: {'linear': {'kp': 2, 'ki': 0, 'kd': 0.1}, 'angle': {'kp': 1.5, 'ki': 0, 'kd': 0.1}}
2024-05-29 11:10:32,451 - ws_server.py - INFO - Sent updated data back to client
2024-05-29 11:10:32,466 - ws_server.py - INFO - Received message: {"linear":{"kp":2,"ki":0,"kd":0.1},"angle":{"kp":1.7,"ki":0,"kd":0.1}}
2024-05-29 11:10:32,467 - ws_server.py - INFO - Updated PID parameters: {'linear': {'kp': 2, 'ki': 0, 'kd': 0.1}, 'angle': {'kp': 1.7, 'ki': 0, 'kd': 0.1}}
2024-05-29 11:10:32,467 - ws_server.py - INFO - Sent updated data back to client
2024-05-29 11:10:32,485 - ws_server.py - INFO - Received message: {"linear":{"kp":2,"ki":0,"kd":0.1},"angle":{"kp":1.8,"ki":0,"kd":0.1}}
2024-05-29 11:10:32,485 - ws_server.py - INFO - Updated PID parameters: {'linear': {'kp': 2, 'ki': 0, 'kd': 0.1}, 'angle': {'kp': 1.8, 'ki': 0, 'kd': 0.1}}
2024-05-29 11:10:32,486 - ws_server.py - INFO - Sent updated data back to client
2024-05-29 11:10:32,501 - ws_server.py - INFO - Received message: {"linear":{"kp":2,"ki":0,"kd":0.1},"angle":{"kp":2,"ki":0,"kd":0.1}}
2024-05-29 11:10:32,501 - ws_server.py - INFO - Updated PID parameters: {'linear': {'kp': 2, 'ki': 0, 'kd': 0.1}, 'angle': {'kp': 2, 'ki': 0, 'kd': 0.1}}
2024-05-29 11:10:32,501 - ws_server.py - INFO - Sent updated data back to client
2024-05-29 11:10:32,517 - ws_server.py - INFO - Received message: {"linear":{"kp":2,"ki":0,"kd":0.1},"angle":{"kp":2.1,"ki":0,"kd":0.1}}
2024-05-29 11:10:32,518 - ws_server.py - INFO - Updated PID parameters: {'linear': {'kp': 2, 'ki': 0, 'kd': 0.1}, 'angle': {'kp': 2.1, 'ki': 0, 'kd': 0.1}}
2024-05-29 11:10:32,518 - ws_server.py - INFO - Sent updated data back to client
2024-05-29 11:10:32,569 - ws_server.py - INFO - Received message: {"linear":{"kp":2,"ki":0,"kd":0.1},"angle":{"kp":2.2,"ki":0,"kd":0.1}}
2024-05-29 11:10:32,569 - ws_server.py - INFO - Updated PID parameters: {'linear': {'kp': 2, 'ki': 0, 'kd': 0.1}, 'angle': {'kp': 2.2, 'ki': 0, 'kd': 0.1}}
2024-05-29 11:10:32,569 - ws_server.py - INFO - Sent updated data back to client
2024-05-29 11:10:32,602 - ws_server.py - INFO - Received message: {"linear":{"kp":2,"ki":0,"kd":0.1},"angle":{"kp":2.3,"ki":0,"kd":0.1}}
2024-05-29 11:10:32,602 - ws_server.py - INFO - Updated PID parameters: {'linear': {'kp': 2, 'ki': 0, 'kd': 0.1}, 'angle': {'kp': 2.3, 'ki': 0, 'kd': 0.1}}
2024-05-29 11:10:32,603 - ws_server.py - INFO - Sent updated data back to client
2024-05-29 11:10:32,618 - ws_server.py - INFO - Received message: {"linear":{"kp":2,"ki":0,"kd":0.1},"angle":{"kp":2.5,"ki":0,"kd":0.1}}
2024-05-29 11:10:32,619 - ws_server.py - INFO - Updated PID parameters: {'linear': {'kp': 2, 'ki': 0, 'kd': 0.1}, 'angle': {'kp': 2.5, 'ki': 0, 'kd': 0.1}}
2024-05-29 11:10:32,620 - ws_server.py - INFO - Sent updated data back to client
2024-05-29 11:10:32,635 - ws_server.py - INFO - Received message: {"linear":{"kp":2,"ki":0,"kd":0.1},"angle":{"kp":2.6,"ki":0,"kd":0.1}}
2024-05-29 11:10:32,635 - ws_server.py - INFO - Updated PID parameters: {'linear': {'kp': 2, 'ki': 0, 'kd': 0.1}, 'angle': {'kp': 2.6, 'ki': 0, 'kd': 0.1}}
2024-05-29 11:10:32,636 - ws_server.py - INFO - Sent updated data back to client
2024-05-29 11:10:32,651 - ws_server.py - INFO - Received message: {"linear":{"kp":2,"ki":0,"kd":0.1},"angle":{"kp":2.7,"ki":0,"kd":0.1}}
2024-05-29 11:10:32,652 - ws_server.py - INFO - Updated PID parameters: {'linear': {'kp': 2, 'ki': 0, 'kd': 0.1}, 'angle': {'kp': 2.7, 'ki': 0, 'kd': 0.1}}
2024-05-29 11:10:32,653 - ws_server.py - INFO - Sent updated data back to client
2024-05-29 11:10:32,667 - ws_server.py - INFO - Received message: {"linear":{"kp":2,"ki":0,"kd":0.1},"angle":{"kp":2.8,"ki":0,"kd":0.1}}
2024-05-29 11:10:32,667 - ws_server.py - INFO - Updated PID parameters: {'linear': {'kp': 2, 'ki': 0, 'kd': 0.1}, 'angle': {'kp': 2.8, 'ki': 0, 'kd': 0.1}}
2024-05-29 11:10:32,668 - ws_server.py - INFO - Sent updated data back to client
2024-05-29 11:10:32,719 - ws_server.py - INFO - Received message: {"linear":{"kp":2,"ki":0,"kd":0.1},"angle":{"kp":2.9,"ki":0,"kd":0.1}}
2024-05-29 11:10:32,719 - ws_server.py - INFO - Updated PID parameters: {'linear': {'kp': 2, 'ki': 0, 'kd': 0.1}, 'angle': {'kp': 2.9, 'ki': 0, 'kd': 0.1}}
2024-05-29 11:10:32,720 - ws_server.py - INFO - Sent updated data back to client
2024-05-29 11:10:32,735 - ws_server.py - INFO - Received message: {"linear":{"kp":2,"ki":0,"kd":0.1},"angle":{"kp":3,"ki":0,"kd":0.1}}
2024-05-29 11:10:32,735 - ws_server.py - INFO - Updated PID parameters: {'linear': {'kp': 2, 'ki': 0, 'kd': 0.1}, 'angle': {'kp': 3, 'ki': 0, 'kd': 0.1}}
2024-05-29 11:10:32,736 - ws_server.py - INFO - Sent updated data back to client
2024-05-29 11:10:32,767 - ws_server.py - INFO - Received message: {"linear":{"kp":2,"ki":0,"kd":0.1},"angle":{"kp":3.1,"ki":0,"kd":0.1}}
2024-05-29 11:10:32,767 - ws_server.py - INFO - Updated PID parameters: {'linear': {'kp': 2, 'ki': 0, 'kd': 0.1}, 'angle': {'kp': 3.1, 'ki': 0, 'kd': 0.1}}
2024-05-29 11:10:32,767 - ws_server.py - INFO - Sent updated data back to client
2024-05-29 11:10:32,819 - ws_server.py - INFO - Received message: {"linear":{"kp":2,"ki":0,"kd":0.1},"angle":{"kp":3.2,"ki":0,"kd":0.1}}
2024-05-29 11:10:32,819 - ws_server.py - INFO - Updated PID parameters: {'linear': {'kp': 2, 'ki': 0, 'kd': 0.1}, 'angle': {'kp': 3.2, 'ki': 0, 'kd': 0.1}}
2024-05-29 11:10:32,820 - ws_server.py - INFO - Sent updated data back to client
2024-05-29 11:10:32,835 - ws_server.py - INFO - Received message: {"linear":{"kp":2,"ki":0,"kd":0.1},"angle":{"kp":3.3,"ki":0,"kd":0.1}}
2024-05-29 11:10:32,835 - ws_server.py - INFO - Updated PID parameters: {'linear': {'kp': 2, 'ki': 0, 'kd': 0.1}, 'angle': {'kp': 3.3, 'ki': 0, 'kd': 0.1}}
2024-05-29 11:10:32,836 - ws_server.py - INFO - Sent updated data back to client
2024-05-29 11:10:33,036 - ws_server.py - INFO - Received message: {"linear":{"kp":2,"ki":0,"kd":0.1},"angle":{"kp":3.4,"ki":0,"kd":0.1}}
2024-05-29 11:10:33,036 - ws_server.py - INFO - Updated PID parameters: {'linear': {'kp': 2, 'ki': 0, 'kd': 0.1}, 'angle': {'kp': 3.4, 'ki': 0, 'kd': 0.1}}
2024-05-29 11:10:33,036 - ws_server.py - INFO - Sent updated data back to client
2024-05-29 11:10:33,817 - ws_server.py - INFO - Received message: {"linear":{"kp":2,"ki":0,"kd":0.1},"angle":{"kp":3.4,"ki":0.1,"kd":0.1}}
2024-05-29 11:10:33,817 - ws_server.py - INFO - Updated PID parameters: {'linear': {'kp': 2, 'ki': 0, 'kd': 0.1}, 'angle': {'kp': 3.4, 'ki': 0.1, 'kd': 0.1}}
2024-05-29 11:10:33,817 - ws_server.py - INFO - Sent updated data back to client
2024-05-29 11:10:33,918 - ws_server.py - INFO - Received message: {"linear":{"kp":2,"ki":0,"kd":0.1},"angle":{"kp":3.4,"ki":0.2,"kd":0.1}}
2024-05-29 11:10:33,919 - ws_server.py - INFO - Updated PID parameters: {'linear': {'kp': 2, 'ki': 0, 'kd': 0.1}, 'angle': {'kp': 3.4, 'ki': 0.2, 'kd': 0.1}}
2024-05-29 11:10:33,919 - ws_server.py - INFO - Sent updated data back to client
2024-05-29 11:10:33,934 - ws_server.py - INFO - Received message: {"linear":{"kp":2,"ki":0,"kd":0.1},"angle":{"kp":3.4,"ki":0.3,"kd":0.1}}
2024-05-29 11:10:33,935 - ws_server.py - INFO - Updated PID parameters: {'linear': {'kp': 2, 'ki': 0, 'kd': 0.1}, 'angle': {'kp': 3.4, 'ki': 0.3, 'kd': 0.1}}
2024-05-29 11:10:33,935 - ws_server.py - INFO - Sent updated data back to client
2024-05-29 11:10:33,960 - ws_server.py - INFO - Received message: {"linear":{"kp":2,"ki":0,"kd":0.1},"angle":{"kp":3.4,"ki":0.5,"kd":0.1}}
2024-05-29 11:10:33,961 - ws_server.py - INFO - Updated PID parameters: {'linear': {'kp': 2, 'ki': 0, 'kd': 0.1}, 'angle': {'kp': 3.4, 'ki': 0.5, 'kd': 0.1}}
2024-05-29 11:10:33,961 - ws_server.py - INFO - Sent updated data back to client
2024-05-29 11:10:33,968 - ws_server.py - INFO - Received message: {"linear":{"kp":2,"ki":0,"kd":0.1},"angle":{"kp":3.4,"ki":0.9,"kd":0.1}}
2024-05-29 11:10:33,969 - ws_server.py - INFO - Updated PID parameters: {'linear': {'kp': 2, 'ki': 0, 'kd': 0.1}, 'angle': {'kp': 3.4, 'ki': 0.9, 'kd': 0.1}}
2024-05-29 11:10:33,969 - ws_server.py - INFO - Sent updated data back to client
2024-05-29 11:10:33,984 - ws_server.py - INFO - Received message: {"linear":{"kp":2,"ki":0,"kd":0.1},"angle":{"kp":3.4,"ki":1.2,"kd":0.1}}
2024-05-29 11:10:33,984 - ws_server.py - INFO - Updated PID parameters: {'linear': {'kp': 2, 'ki': 0, 'kd': 0.1}, 'angle': {'kp': 3.4, 'ki': 1.2, 'kd': 0.1}}
2024-05-29 11:10:33,984 - ws_server.py - INFO - Sent updated data back to client
2024-05-29 11:10:34,000 - ws_server.py - INFO - Received message: {"linear":{"kp":2,"ki":0,"kd":0.1},"angle":{"kp":3.4,"ki":1.3,"kd":0.1}}
2024-05-29 11:10:34,001 - ws_server.py - INFO - Updated PID parameters: {'linear': {'kp': 2, 'ki': 0, 'kd': 0.1}, 'angle': {'kp': 3.4, 'ki': 1.3, 'kd': 0.1}}
2024-05-29 11:10:34,001 - ws_server.py - INFO - Sent updated data back to client
2024-05-29 11:10:34,018 - ws_server.py - INFO - Received message: {"linear":{"kp":2,"ki":0,"kd":0.1},"angle":{"kp":3.4,"ki":1.4,"kd":0.1}}
2024-05-29 11:10:34,018 - ws_server.py - INFO - Updated PID parameters: {'linear': {'kp': 2, 'ki': 0, 'kd': 0.1}, 'angle': {'kp': 3.4, 'ki': 1.4, 'kd': 0.1}}
2024-05-29 11:10:34,019 - ws_server.py - INFO - Sent updated data back to client
2024-05-29 11:10:34,034 - ws_server.py - INFO - Received message: {"linear":{"kp":2,"ki":0,"kd":0.1},"angle":{"kp":3.4,"ki":1.5,"kd":0.1}}
2024-05-29 11:10:34,034 - ws_server.py - INFO - Updated PID parameters: {'linear': {'kp': 2, 'ki': 0, 'kd': 0.1}, 'angle': {'kp': 3.4, 'ki': 1.5, 'kd': 0.1}}
2024-05-29 11:10:34,035 - ws_server.py - INFO - Sent updated data back to client
2024-05-29 11:10:34,069 - ws_server.py - INFO - Received message: {"linear":{"kp":2,"ki":0,"kd":0.1},"angle":{"kp":3.4,"ki":1.6,"kd":0.1}}
2024-05-29 11:10:34,069 - ws_server.py - INFO - Updated PID parameters: {'linear': {'kp': 2, 'ki': 0, 'kd': 0.1}, 'angle': {'kp': 3.4, 'ki': 1.6, 'kd': 0.1}}
2024-05-29 11:10:34,070 - ws_server.py - INFO - Sent updated data back to client
2024-05-29 11:10:34,085 - ws_server.py - INFO - Received message: {"linear":{"kp":2,"ki":0,"kd":0.1},"angle":{"kp":3.4,"ki":1.7,"kd":0.1}}
2024-05-29 11:10:34,085 - ws_server.py - INFO - Updated PID parameters: {'linear': {'kp': 2, 'ki': 0, 'kd': 0.1}, 'angle': {'kp': 3.4, 'ki': 1.7, 'kd': 0.1}}
2024-05-29 11:10:34,085 - ws_server.py - INFO - Sent updated data back to client
2024-05-29 11:10:34,102 - ws_server.py - INFO - Received message: {"linear":{"kp":2,"ki":0,"kd":0.1},"angle":{"kp":3.4,"ki":1.8,"kd":0.1}}
2024-05-29 11:10:34,102 - ws_server.py - INFO - Updated PID parameters: {'linear': {'kp': 2, 'ki': 0, 'kd': 0.1}, 'angle': {'kp': 3.4, 'ki': 1.8, 'kd': 0.1}}
2024-05-29 11:10:34,103 - ws_server.py - INFO - Sent updated data back to client
2024-05-29 11:10:34,118 - ws_server.py - INFO - Received message: {"linear":{"kp":2,"ki":0,"kd":0.1},"angle":{"kp":3.4,"ki":1.9,"kd":0.1}}
2024-05-29 11:10:34,118 - ws_server.py - INFO - Updated PID parameters: {'linear': {'kp': 2, 'ki': 0, 'kd': 0.1}, 'angle': {'kp': 3.4, 'ki': 1.9, 'kd': 0.1}}
2024-05-29 11:10:34,118 - ws_server.py - INFO - Sent updated data back to client
2024-05-29 11:10:34,135 - ws_server.py - INFO - Received message: {"linear":{"kp":2,"ki":0,"kd":0.1},"angle":{"kp":3.4,"ki":2,"kd":0.1}}
2024-05-29 11:10:34,135 - ws_server.py - INFO - Updated PID parameters: {'linear': {'kp': 2, 'ki': 0, 'kd': 0.1}, 'angle': {'kp': 3.4, 'ki': 2, 'kd': 0.1}}
2024-05-29 11:10:34,135 - ws_server.py - INFO - Sent updated data back to client
2024-05-29 11:10:34,151 - ws_server.py - INFO - Received message: {"linear":{"kp":2,"ki":0,"kd":0.1},"angle":{"kp":3.4,"ki":2.3,"kd":0.1}}
2024-05-29 11:10:34,152 - ws_server.py - INFO - Updated PID parameters: {'linear': {'kp': 2, 'ki': 0, 'kd': 0.1}, 'angle': {'kp': 3.4, 'ki': 2.3, 'kd': 0.1}}
2024-05-29 11:10:34,153 - ws_server.py - INFO - Sent updated data back to client
2024-05-29 11:10:34,177 - ws_server.py - INFO - Received message: {"linear":{"kp":2,"ki":0,"kd":0.1},"angle":{"kp":3.4,"ki":2.7,"kd":0.1}}
2024-05-29 11:10:34,177 - ws_server.py - INFO - Updated PID parameters: {'linear': {'kp': 2, 'ki': 0, 'kd': 0.1}, 'angle': {'kp': 3.4, 'ki': 2.7, 'kd': 0.1}}
2024-05-29 11:10:34,181 - ws_server.py - INFO - Sent updated data back to client
2024-05-29 11:10:34,185 - ws_server.py - INFO - Received message: {"linear":{"kp":2,"ki":0,"kd":0.1},"angle":{"kp":3.4,"ki":3.1,"kd":0.1}}
2024-05-29 11:10:34,185 - ws_server.py - INFO - Updated PID parameters: {'linear': {'kp': 2, 'ki': 0, 'kd': 0.1}, 'angle': {'kp': 3.4, 'ki': 3.1, 'kd': 0.1}}
2024-05-29 11:10:34,185 - ws_server.py - INFO - Sent updated data back to client
2024-05-29 11:11:02,124 - ws_server.py - INFO - Received message: {"command":"translate"}
2024-05-29 11:11:02,125 - ws_server.py - INFO - Received command: translate
2024-05-29 11:11:02,125 - ws_server.py - INFO - Sent updated data back to client
2024-05-29 11:11:02,619 - ws_server.py - INFO - Received message: {"command":"translate"}
2024-05-29 11:11:02,619 - ws_server.py - INFO - Received command: translate
2024-05-29 11:11:02,621 - ws_server.py - INFO - Sent updated data back to client
2024-05-29 11:11:02,785 - ws_server.py - INFO - Received message: {"command":"translate"}
2024-05-29 11:11:02,786 - ws_server.py - INFO - Received command: translate
2024-05-29 11:11:02,787 - ws_server.py - INFO - Sent updated data back to client
2024-05-29 11:11:02,953 - ws_server.py - INFO - Received message: {"command":"translate"}
2024-05-29 11:11:02,953 - ws_server.py - INFO - Received command: translate
2024-05-29 11:11:02,954 - ws_server.py - INFO - Sent updated data back to client
2024-05-29 11:11:03,418 - ws_server.py - INFO - Received message: {"command":"align"}
2024-05-29 11:11:03,418 - ws_server.py - INFO - Received command: align
2024-05-29 11:11:03,419 - ws_server.py - INFO - Sent updated data back to client
2024-05-29 11:11:03,585 - ws_server.py - INFO - Received message: {"command":"align"}
2024-05-29 11:11:03,585 - ws_server.py - INFO - Received command: align
2024-05-29 11:11:03,586 - ws_server.py - INFO - Sent updated data back to client
2024-05-29 11:11:03,751 - ws_server.py - INFO - Received message: {"command":"align"}
2024-05-29 11:11:03,752 - ws_server.py - INFO - Received command: align
2024-05-29 11:11:03,752 - ws_server.py - INFO - Sent updated data back to client
2024-05-29 11:11:04,135 - ws_server.py - INFO - Received message: {"command":"translate"}
2024-05-29 11:11:04,136 - ws_server.py - INFO - Received command: translate
2024-05-29 11:11:04,138 - ws_server.py - INFO - Sent updated data back to client
2024-05-29 11:11:04,352 - ws_server.py - INFO - Received message: {"command":"align"}
2024-05-29 11:11:04,352 - ws_server.py - INFO - Received command: align
2024-05-29 11:11:04,353 - ws_server.py - INFO - Sent updated data back to client
2024-05-29 11:11:04,635 - ws_server.py - INFO - Received message: {"command":"translate"}
2024-05-29 11:11:04,636 - ws_server.py - INFO - Received command: translate
2024-05-29 11:11:04,638 - ws_server.py - INFO - Sent updated data back to client
2024-05-29 11:11:04,819 - ws_server.py - INFO - Received message: {"command":"align"}
2024-05-29 11:11:04,819 - ws_server.py - INFO - Received command: align
2024-05-29 11:11:04,820 - ws_server.py - INFO - Sent updated data back to client
2024-05-29 11:11:21,694 - ws_server.py - INFO - Client disconnected
2024-05-29 11:11:21,695 - server.py - INFO - connection closed
2024-05-29 11:11:21,899 - server.py - INFO - connection open
2024-05-29 11:11:21,900 - ws_server.py - INFO - New WebSocket connection established
